[2024-07-03T22:05:01.586+0000] {local_task_job_runner.py:120} INFO - ::group::Pre task execution logs
[2024-07-03T22:05:02.645+0000] {taskinstance.py:2076} INFO - Dependencies all met for dep_context=non-requeueable deps ti=<TaskInstance: exchange_rate_dag.run_script scheduled__2024-02-23T00:00:00+00:00 [queued]>
[2024-07-03T22:05:02.664+0000] {taskinstance.py:2076} INFO - Dependencies all met for dep_context=requeueable deps ti=<TaskInstance: exchange_rate_dag.run_script scheduled__2024-02-23T00:00:00+00:00 [queued]>
[2024-07-03T22:05:02.753+0000] {taskinstance.py:2306} INFO - Starting attempt 1 of 2
[2024-07-03T22:05:03.188+0000] {taskinstance.py:2330} INFO - Executing <Task(PythonOperator): run_script> on 2024-02-23 00:00:00+00:00
[2024-07-03T22:05:03.241+0000] {standard_task_runner.py:90} INFO - Running: ['***', 'tasks', 'run', 'exchange_rate_dag', 'run_script', 'scheduled__2024-02-23T00:00:00+00:00', '--job-id', '99', '--raw', '--subdir', 'DAGS_FOLDER/my_dag.py', '--cfg-path', '/tmp/tmp25wpeqaw']
[2024-07-03T22:05:03.245+0000] {standard_task_runner.py:91} INFO - Job 99: Subtask run_script
[2024-07-03T22:05:03.320+0000] {warnings.py:112} WARNING - /home/***/.local/lib/python3.12/site-packages/***/task/task_runner/standard_task_runner.py:61: DeprecationWarning: This process (pid=130) is multi-threaded, use of fork() may lead to deadlocks in the child.
  pid = os.fork()

[2024-07-03T22:05:03.323+0000] {standard_task_runner.py:63} INFO - Started process 149 to run task
[2024-07-03T22:05:04.525+0000] {task_command.py:426} INFO - Running <TaskInstance: exchange_rate_dag.run_script scheduled__2024-02-23T00:00:00+00:00 [running]> on host bab0a72648e8
[2024-07-03T22:05:19.788+0000] {taskinstance.py:2648} INFO - Exporting env vars: AIRFLOW_CTX_DAG_OWNER='juan_ml' AIRFLOW_CTX_DAG_ID='exchange_rate_dag' AIRFLOW_CTX_TASK_ID='run_script' AIRFLOW_CTX_EXECUTION_DATE='2024-02-23T00:00:00+00:00' AIRFLOW_CTX_TRY_NUMBER='1' AIRFLOW_CTX_DAG_RUN_ID='scheduled__2024-02-23T00:00:00+00:00'
[2024-07-03T22:05:19.798+0000] {taskinstance.py:430} INFO - ::endgroup::
[2024-07-03T22:05:19.802+0000] {logging_mixin.py:188} INFO - All credentials are set properly.
[2024-07-03T22:05:19.806+0000] {logging_mixin.py:188} INFO - Error al crear la tabla en Redshift: invalid literal for int() with base 10: 'None'
[2024-07-03T22:05:21.018+0000] {logging_mixin.py:188} INFO - Error al realizar la solicitud a la API: 401 Client Error: Unauthorized for url: https://api.apilayer.com/exchangerates_data/latest?symbols=EUR,USD,CNY&base=ARS
[2024-07-03T22:05:21.029+0000] {python.py:237} INFO - Done. Returned value was: None
[2024-07-03T22:05:21.040+0000] {taskinstance.py:441} INFO - ::group::Post task execution logs
[2024-07-03T22:05:21.089+0000] {taskinstance.py:1206} INFO - Marking task as SUCCESS. dag_id=exchange_rate_dag, task_id=run_script, run_id=scheduled__2024-02-23T00:00:00+00:00, execution_date=20240223T000000, start_date=20240703T220502, end_date=20240703T220521
[2024-07-03T22:05:21.426+0000] {local_task_job_runner.py:240} INFO - Task exited with return code 0
[2024-07-03T22:05:21.509+0000] {taskinstance.py:3503} INFO - 0 downstream tasks scheduled from follow-on schedule check
[2024-07-03T22:05:21.519+0000] {local_task_job_runner.py:222} INFO - ::endgroup::
[2024-07-03T22:49:42.337+0000] {local_task_job_runner.py:120} INFO - ::group::Pre task execution logs
[2024-07-03T22:49:42.417+0000] {taskinstance.py:2076} INFO - Dependencies all met for dep_context=non-requeueable deps ti=<TaskInstance: exchange_rate_dag.run_script scheduled__2024-02-23T00:00:00+00:00 [queued]>
[2024-07-03T22:49:42.440+0000] {taskinstance.py:2076} INFO - Dependencies all met for dep_context=requeueable deps ti=<TaskInstance: exchange_rate_dag.run_script scheduled__2024-02-23T00:00:00+00:00 [queued]>
[2024-07-03T22:49:42.441+0000] {taskinstance.py:2306} INFO - Starting attempt 1 of 2
[2024-07-03T22:49:42.478+0000] {taskinstance.py:2330} INFO - Executing <Task(PythonOperator): run_script> on 2024-02-23 00:00:00+00:00
[2024-07-03T22:49:42.497+0000] {warnings.py:112} WARNING - /home/***/.local/lib/python3.12/site-packages/***/task/task_runner/standard_task_runner.py:61: DeprecationWarning: This process (pid=149) is multi-threaded, use of fork() may lead to deadlocks in the child.
  pid = os.fork()

[2024-07-03T22:49:42.503+0000] {standard_task_runner.py:63} INFO - Started process 153 to run task
[2024-07-03T22:49:42.504+0000] {standard_task_runner.py:90} INFO - Running: ['***', 'tasks', 'run', 'exchange_rate_dag', 'run_script', 'scheduled__2024-02-23T00:00:00+00:00', '--job-id', '24', '--raw', '--subdir', 'DAGS_FOLDER/my_dag.py', '--cfg-path', '/tmp/tmpm_a64gif']
[2024-07-03T22:49:42.508+0000] {standard_task_runner.py:91} INFO - Job 24: Subtask run_script
[2024-07-03T22:49:42.671+0000] {task_command.py:426} INFO - Running <TaskInstance: exchange_rate_dag.run_script scheduled__2024-02-23T00:00:00+00:00 [running]> on host 0b7358cba041
[2024-07-03T22:49:42.940+0000] {taskinstance.py:2648} INFO - Exporting env vars: AIRFLOW_CTX_DAG_OWNER='juan_ml' AIRFLOW_CTX_DAG_ID='exchange_rate_dag' AIRFLOW_CTX_TASK_ID='run_script' AIRFLOW_CTX_EXECUTION_DATE='2024-02-23T00:00:00+00:00' AIRFLOW_CTX_TRY_NUMBER='1' AIRFLOW_CTX_DAG_RUN_ID='scheduled__2024-02-23T00:00:00+00:00'
[2024-07-03T22:49:42.944+0000] {taskinstance.py:430} INFO - ::endgroup::
[2024-07-03T22:49:42.947+0000] {logging_mixin.py:188} INFO - All credentials are set properly.
[2024-07-03T22:49:42.949+0000] {logging_mixin.py:188} INFO - Error al crear la tabla en Redshift: invalid literal for int() with base 10: 'None'
[2024-07-03T22:50:25.981+0000] {logging_mixin.py:188} INFO - Error al realizar la solicitud a la API: HTTPSConnectionPool(host='api.apilayer.com', port=443): Max retries exceeded with url: /exchangerates_data/latest?symbols=EUR,USD,CNY&base=ARS (Caused by NewConnectionError('<urllib3.connection.HTTPSConnection object at 0x7f7c8e3942c0>: Failed to establish a new connection: [Errno 101] Network is unreachable'))
[2024-07-03T22:50:25.983+0000] {python.py:237} INFO - Done. Returned value was: None
[2024-07-03T22:50:25.992+0000] {taskinstance.py:441} INFO - ::group::Post task execution logs
[2024-07-03T22:50:26.058+0000] {taskinstance.py:1206} INFO - Marking task as SUCCESS. dag_id=exchange_rate_dag, task_id=run_script, run_id=scheduled__2024-02-23T00:00:00+00:00, execution_date=20240223T000000, start_date=20240703T224942, end_date=20240703T225026
[2024-07-03T22:50:26.613+0000] {local_task_job_runner.py:240} INFO - Task exited with return code 0
[2024-07-03T22:50:26.701+0000] {taskinstance.py:3503} INFO - 0 downstream tasks scheduled from follow-on schedule check
[2024-07-03T22:50:26.726+0000] {local_task_job_runner.py:222} INFO - ::endgroup::
