[2024-07-03T23:31:18.337+0000] {local_task_job_runner.py:120} INFO - ::group::Pre task execution logs
[2024-07-03T23:31:18.598+0000] {taskinstance.py:2076} INFO - Dependencies all met for dep_context=non-requeueable deps ti=<TaskInstance: exchange_rate_dag.run_script scheduled__2024-06-01T00:00:00+00:00 [queued]>
[2024-07-03T23:31:18.638+0000] {taskinstance.py:2076} INFO - Dependencies all met for dep_context=requeueable deps ti=<TaskInstance: exchange_rate_dag.run_script scheduled__2024-06-01T00:00:00+00:00 [queued]>
[2024-07-03T23:31:18.760+0000] {taskinstance.py:2306} INFO - Starting attempt 2 of 2
[2024-07-03T23:31:18.845+0000] {taskinstance.py:2330} INFO - Executing <Task(PythonOperator): run_script> on 2024-06-01 00:00:00+00:00
[2024-07-03T23:31:18.890+0000] {warnings.py:112} WARNING - /home/***/.local/lib/python3.12/site-packages/***/task/task_runner/standard_task_runner.py:61: DeprecationWarning: This process (pid=873) is multi-threaded, use of fork() may lead to deadlocks in the child.
  pid = os.fork()

[2024-07-03T23:31:18.891+0000] {standard_task_runner.py:90} INFO - Running: ['***', 'tasks', 'run', 'exchange_rate_dag', 'run_script', 'scheduled__2024-06-01T00:00:00+00:00', '--job-id', '118', '--raw', '--subdir', 'DAGS_FOLDER/my_dag.py', '--cfg-path', '/tmp/tmps7zhgf8u']
[2024-07-03T23:31:18.896+0000] {standard_task_runner.py:63} INFO - Started process 881 to run task
[2024-07-03T23:31:18.898+0000] {standard_task_runner.py:91} INFO - Job 118: Subtask run_script
[2024-07-03T23:31:19.163+0000] {task_command.py:426} INFO - Running <TaskInstance: exchange_rate_dag.run_script scheduled__2024-06-01T00:00:00+00:00 [running]> on host 0b7358cba041
[2024-07-03T23:31:19.884+0000] {taskinstance.py:2648} INFO - Exporting env vars: AIRFLOW_CTX_DAG_OWNER='juan_ml' AIRFLOW_CTX_DAG_ID='exchange_rate_dag' AIRFLOW_CTX_TASK_ID='run_script' AIRFLOW_CTX_EXECUTION_DATE='2024-06-01T00:00:00+00:00' AIRFLOW_CTX_TRY_NUMBER='2' AIRFLOW_CTX_DAG_RUN_ID='scheduled__2024-06-01T00:00:00+00:00'
[2024-07-03T23:31:19.898+0000] {taskinstance.py:430} INFO - ::endgroup::
[2024-07-03T23:31:19.906+0000] {logging_mixin.py:188} INFO - All credentials are set properly.
[2024-07-03T23:31:19.909+0000] {logging_mixin.py:188} INFO - Error al crear la tabla en Redshift: invalid literal for int() with base 10: 'None'
[2024-07-03T23:31:21.629+0000] {logging_mixin.py:188} INFO - Error al realizar la solicitud a la API: 401 Client Error: Unauthorized for url: https://api.apilayer.com/exchangerates_data/latest?symbols=EUR,USD,CNY&base=ARS
[2024-07-03T23:31:21.638+0000] {python.py:237} INFO - Done. Returned value was: None
[2024-07-03T23:31:21.643+0000] {taskinstance.py:441} INFO - ::group::Post task execution logs
[2024-07-03T23:31:21.700+0000] {taskinstance.py:1206} INFO - Marking task as SUCCESS. dag_id=exchange_rate_dag, task_id=run_script, run_id=scheduled__2024-06-01T00:00:00+00:00, execution_date=20240601T000000, start_date=20240703T233118, end_date=20240703T233121
[2024-07-03T23:31:21.846+0000] {local_task_job_runner.py:240} INFO - Task exited with return code 0
[2024-07-03T23:31:21.945+0000] {taskinstance.py:3503} INFO - 0 downstream tasks scheduled from follow-on schedule check
[2024-07-03T23:31:21.971+0000] {local_task_job_runner.py:222} INFO - ::endgroup::
