[2024-07-03T22:47:55.315+0000] {local_task_job_runner.py:120} INFO - ::group::Pre task execution logs
[2024-07-03T22:47:55.477+0000] {taskinstance.py:2076} INFO - Dependencies all met for dep_context=non-requeueable deps ti=<TaskInstance: exchange_rate_dag.run_script scheduled__2024-02-07T00:00:00+00:00 [queued]>
[2024-07-03T22:47:55.530+0000] {taskinstance.py:2076} INFO - Dependencies all met for dep_context=requeueable deps ti=<TaskInstance: exchange_rate_dag.run_script scheduled__2024-02-07T00:00:00+00:00 [queued]>
[2024-07-03T22:47:55.540+0000] {taskinstance.py:2306} INFO - Starting attempt 1 of 2
[2024-07-03T22:47:55.610+0000] {taskinstance.py:2330} INFO - Executing <Task(PythonOperator): run_script> on 2024-02-07 00:00:00+00:00
[2024-07-03T22:47:55.686+0000] {warnings.py:112} WARNING - /home/***/.local/lib/python3.12/site-packages/***/task/task_runner/standard_task_runner.py:61: DeprecationWarning: This process (pid=81) is multi-threaded, use of fork() may lead to deadlocks in the child.
  pid = os.fork()

[2024-07-03T22:47:55.712+0000] {standard_task_runner.py:63} INFO - Started process 104 to run task
[2024-07-03T22:47:55.722+0000] {standard_task_runner.py:90} INFO - Running: ['***', 'tasks', 'run', 'exchange_rate_dag', 'run_script', 'scheduled__2024-02-07T00:00:00+00:00', '--job-id', '9', '--raw', '--subdir', 'DAGS_FOLDER/my_dag.py', '--cfg-path', '/tmp/tmp728lvi_1']
[2024-07-03T22:47:55.731+0000] {standard_task_runner.py:91} INFO - Job 9: Subtask run_script
[2024-07-03T22:47:56.137+0000] {task_command.py:426} INFO - Running <TaskInstance: exchange_rate_dag.run_script scheduled__2024-02-07T00:00:00+00:00 [running]> on host 0b7358cba041
[2024-07-03T22:47:56.546+0000] {taskinstance.py:2648} INFO - Exporting env vars: AIRFLOW_CTX_DAG_OWNER='juan_ml' AIRFLOW_CTX_DAG_ID='exchange_rate_dag' AIRFLOW_CTX_TASK_ID='run_script' AIRFLOW_CTX_EXECUTION_DATE='2024-02-07T00:00:00+00:00' AIRFLOW_CTX_TRY_NUMBER='1' AIRFLOW_CTX_DAG_RUN_ID='scheduled__2024-02-07T00:00:00+00:00'
[2024-07-03T22:47:56.551+0000] {taskinstance.py:430} INFO - ::endgroup::
[2024-07-03T22:47:56.554+0000] {logging_mixin.py:188} INFO - All credentials are set properly.
[2024-07-03T22:47:56.556+0000] {logging_mixin.py:188} INFO - Error al crear la tabla en Redshift: invalid literal for int() with base 10: 'None'
[2024-07-03T22:47:57.196+0000] {logging_mixin.py:188} INFO - Error al realizar la solicitud a la API: 401 Client Error: Unauthorized for url: https://api.apilayer.com/exchangerates_data/latest?symbols=EUR,USD,CNY&base=ARS
[2024-07-03T22:47:57.204+0000] {python.py:237} INFO - Done. Returned value was: None
[2024-07-03T22:47:57.207+0000] {taskinstance.py:441} INFO - ::group::Post task execution logs
[2024-07-03T22:47:57.233+0000] {taskinstance.py:1206} INFO - Marking task as SUCCESS. dag_id=exchange_rate_dag, task_id=run_script, run_id=scheduled__2024-02-07T00:00:00+00:00, execution_date=20240207T000000, start_date=20240703T224755, end_date=20240703T224757
[2024-07-03T22:47:57.371+0000] {local_task_job_runner.py:240} INFO - Task exited with return code 0
[2024-07-03T22:47:57.417+0000] {taskinstance.py:3503} INFO - 0 downstream tasks scheduled from follow-on schedule check
[2024-07-03T22:47:57.432+0000] {local_task_job_runner.py:222} INFO - ::endgroup::
[2024-07-04T01:35:25.436+0000] {local_task_job_runner.py:120} INFO - ::group::Pre task execution logs
[2024-07-04T01:35:25.545+0000] {taskinstance.py:2076} INFO - Dependencies all met for dep_context=non-requeueable deps ti=<TaskInstance: exchange_rate_dag.run_script scheduled__2024-02-07T00:00:00+00:00 [queued]>
[2024-07-04T01:35:25.589+0000] {taskinstance.py:2076} INFO - Dependencies all met for dep_context=requeueable deps ti=<TaskInstance: exchange_rate_dag.run_script scheduled__2024-02-07T00:00:00+00:00 [queued]>
[2024-07-04T01:35:25.591+0000] {taskinstance.py:2306} INFO - Starting attempt 1 of 2
[2024-07-04T01:35:26.127+0000] {taskinstance.py:2330} INFO - Executing <Task(PythonOperator): run_script> on 2024-02-07 00:00:00+00:00
[2024-07-04T01:35:26.207+0000] {warnings.py:112} WARNING - /home/***/.local/lib/python3.12/site-packages/***/task/task_runner/standard_task_runner.py:61: DeprecationWarning: This process (pid=291) is multi-threaded, use of fork() may lead to deadlocks in the child.
  pid = os.fork()

[2024-07-04T01:35:26.212+0000] {standard_task_runner.py:63} INFO - Started process 293 to run task
[2024-07-04T01:35:26.213+0000] {standard_task_runner.py:90} INFO - Running: ['***', 'tasks', 'run', 'exchange_rate_dag', 'run_script', 'scheduled__2024-02-07T00:00:00+00:00', '--job-id', '8', '--raw', '--subdir', 'DAGS_FOLDER/my_dag.py', '--cfg-path', '/tmp/tmp0qmf6193']
[2024-07-04T01:35:26.218+0000] {standard_task_runner.py:91} INFO - Job 8: Subtask run_script
[2024-07-04T01:35:26.392+0000] {task_command.py:426} INFO - Running <TaskInstance: exchange_rate_dag.run_script scheduled__2024-02-07T00:00:00+00:00 [running]> on host e26a552f405a
[2024-07-04T01:35:29.159+0000] {taskinstance.py:2648} INFO - Exporting env vars: AIRFLOW_CTX_DAG_OWNER='juan_ml' AIRFLOW_CTX_DAG_ID='exchange_rate_dag' AIRFLOW_CTX_TASK_ID='run_script' AIRFLOW_CTX_EXECUTION_DATE='2024-02-07T00:00:00+00:00' AIRFLOW_CTX_TRY_NUMBER='1' AIRFLOW_CTX_DAG_RUN_ID='scheduled__2024-02-07T00:00:00+00:00'
[2024-07-04T01:35:29.161+0000] {taskinstance.py:430} INFO - ::endgroup::
[2024-07-04T01:35:29.163+0000] {logging_mixin.py:188} INFO - All credentials are set properly.
[2024-07-04T01:35:29.164+0000] {logging_mixin.py:188} INFO - Error al crear la tabla en Redshift: invalid literal for int() with base 10: 'None'
[2024-07-04T01:35:31.708+0000] {logging_mixin.py:188} INFO - Error al realizar la solicitud a la API: 401 Client Error: Unauthorized for url: https://api.apilayer.com/exchangerates_data/latest?symbols=EUR,USD,CNY&base=ARS
[2024-07-04T01:35:31.712+0000] {python.py:237} INFO - Done. Returned value was: None
[2024-07-04T01:35:31.714+0000] {taskinstance.py:441} INFO - ::group::Post task execution logs
[2024-07-04T01:35:31.728+0000] {taskinstance.py:1206} INFO - Marking task as SUCCESS. dag_id=exchange_rate_dag, task_id=run_script, run_id=scheduled__2024-02-07T00:00:00+00:00, execution_date=20240207T000000, start_date=20240704T013525, end_date=20240704T013531
[2024-07-04T01:35:31.984+0000] {local_task_job_runner.py:240} INFO - Task exited with return code 0
[2024-07-04T01:35:32.009+0000] {taskinstance.py:3503} INFO - 0 downstream tasks scheduled from follow-on schedule check
[2024-07-04T01:35:32.149+0000] {local_task_job_runner.py:222} INFO - ::endgroup::
