[2024-07-03T22:04:38.943+0000] {local_task_job_runner.py:120} INFO - ::group::Pre task execution logs
[2024-07-03T22:04:39.033+0000] {taskinstance.py:2076} INFO - Dependencies all met for dep_context=non-requeueable deps ti=<TaskInstance: exchange_rate_dag.run_script scheduled__2024-02-21T00:00:00+00:00 [queued]>
[2024-07-03T22:04:39.062+0000] {taskinstance.py:2076} INFO - Dependencies all met for dep_context=requeueable deps ti=<TaskInstance: exchange_rate_dag.run_script scheduled__2024-02-21T00:00:00+00:00 [queued]>
[2024-07-03T22:04:39.064+0000] {taskinstance.py:2306} INFO - Starting attempt 1 of 2
[2024-07-03T22:04:39.143+0000] {taskinstance.py:2330} INFO - Executing <Task(PythonOperator): run_script> on 2024-02-21 00:00:00+00:00
[2024-07-03T22:04:39.209+0000] {warnings.py:112} WARNING - /home/***/.local/lib/python3.12/site-packages/***/task/task_runner/standard_task_runner.py:61: DeprecationWarning: This process (pid=118) is multi-threaded, use of fork() may lead to deadlocks in the child.
  pid = os.fork()

[2024-07-03T22:04:39.218+0000] {standard_task_runner.py:90} INFO - Running: ['***', 'tasks', 'run', 'exchange_rate_dag', 'run_script', 'scheduled__2024-02-21T00:00:00+00:00', '--job-id', '96', '--raw', '--subdir', 'DAGS_FOLDER/my_dag.py', '--cfg-path', '/tmp/tmpqlgi_kyo']
[2024-07-03T22:04:39.235+0000] {standard_task_runner.py:63} INFO - Started process 128 to run task
[2024-07-03T22:04:39.240+0000] {standard_task_runner.py:91} INFO - Job 96: Subtask run_script
[2024-07-03T22:04:39.668+0000] {task_command.py:426} INFO - Running <TaskInstance: exchange_rate_dag.run_script scheduled__2024-02-21T00:00:00+00:00 [running]> on host bab0a72648e8
[2024-07-03T22:04:40.356+0000] {taskinstance.py:2648} INFO - Exporting env vars: AIRFLOW_CTX_DAG_OWNER='juan_ml' AIRFLOW_CTX_DAG_ID='exchange_rate_dag' AIRFLOW_CTX_TASK_ID='run_script' AIRFLOW_CTX_EXECUTION_DATE='2024-02-21T00:00:00+00:00' AIRFLOW_CTX_TRY_NUMBER='1' AIRFLOW_CTX_DAG_RUN_ID='scheduled__2024-02-21T00:00:00+00:00'
[2024-07-03T22:04:40.373+0000] {taskinstance.py:430} INFO - ::endgroup::
[2024-07-03T22:04:40.380+0000] {logging_mixin.py:188} INFO - All credentials are set properly.
[2024-07-03T22:04:40.383+0000] {logging_mixin.py:188} INFO - Error al crear la tabla en Redshift: invalid literal for int() with base 10: 'None'
[2024-07-03T22:04:41.695+0000] {logging_mixin.py:188} INFO - Error al realizar la solicitud a la API: 401 Client Error: Unauthorized for url: https://api.apilayer.com/exchangerates_data/latest?symbols=EUR,USD,CNY&base=ARS
[2024-07-03T22:04:41.700+0000] {python.py:237} INFO - Done. Returned value was: None
[2024-07-03T22:04:41.703+0000] {taskinstance.py:441} INFO - ::group::Post task execution logs
[2024-07-03T22:04:41.786+0000] {taskinstance.py:1206} INFO - Marking task as SUCCESS. dag_id=exchange_rate_dag, task_id=run_script, run_id=scheduled__2024-02-21T00:00:00+00:00, execution_date=20240221T000000, start_date=20240703T220439, end_date=20240703T220441
[2024-07-03T22:04:41.904+0000] {local_task_job_runner.py:240} INFO - Task exited with return code 0
[2024-07-03T22:04:42.007+0000] {taskinstance.py:3503} INFO - 0 downstream tasks scheduled from follow-on schedule check
[2024-07-03T22:04:42.025+0000] {local_task_job_runner.py:222} INFO - ::endgroup::
