[2024-07-03T22:06:08.314+0000] {local_task_job_runner.py:120} INFO - ::group::Pre task execution logs
[2024-07-03T22:06:08.395+0000] {taskinstance.py:2076} INFO - Dependencies all met for dep_context=non-requeueable deps ti=<TaskInstance: exchange_rate_dag.run_script scheduled__2024-03-05T00:00:00+00:00 [queued]>
[2024-07-03T22:06:08.439+0000] {taskinstance.py:2076} INFO - Dependencies all met for dep_context=requeueable deps ti=<TaskInstance: exchange_rate_dag.run_script scheduled__2024-03-05T00:00:00+00:00 [queued]>
[2024-07-03T22:06:08.443+0000] {taskinstance.py:2306} INFO - Starting attempt 1 of 2
[2024-07-03T22:06:08.540+0000] {taskinstance.py:2330} INFO - Executing <Task(PythonOperator): run_script> on 2024-03-05 00:00:00+00:00
[2024-07-03T22:06:08.587+0000] {warnings.py:112} WARNING - /home/***/.local/lib/python3.12/site-packages/***/task/task_runner/standard_task_runner.py:61: DeprecationWarning: This process (pid=171) is multi-threaded, use of fork() may lead to deadlocks in the child.
  pid = os.fork()

[2024-07-03T22:06:08.591+0000] {standard_task_runner.py:63} INFO - Started process 178 to run task
[2024-07-03T22:06:08.593+0000] {standard_task_runner.py:90} INFO - Running: ['***', 'tasks', 'run', 'exchange_rate_dag', 'run_script', 'scheduled__2024-03-05T00:00:00+00:00', '--job-id', '110', '--raw', '--subdir', 'DAGS_FOLDER/my_dag.py', '--cfg-path', '/tmp/tmp2gjhpf1b']
[2024-07-03T22:06:08.610+0000] {standard_task_runner.py:91} INFO - Job 110: Subtask run_script
[2024-07-03T22:06:08.961+0000] {task_command.py:426} INFO - Running <TaskInstance: exchange_rate_dag.run_script scheduled__2024-03-05T00:00:00+00:00 [running]> on host bab0a72648e8
[2024-07-03T22:06:09.467+0000] {taskinstance.py:2648} INFO - Exporting env vars: AIRFLOW_CTX_DAG_OWNER='juan_ml' AIRFLOW_CTX_DAG_ID='exchange_rate_dag' AIRFLOW_CTX_TASK_ID='run_script' AIRFLOW_CTX_EXECUTION_DATE='2024-03-05T00:00:00+00:00' AIRFLOW_CTX_TRY_NUMBER='1' AIRFLOW_CTX_DAG_RUN_ID='scheduled__2024-03-05T00:00:00+00:00'
[2024-07-03T22:06:09.478+0000] {taskinstance.py:430} INFO - ::endgroup::
[2024-07-03T22:06:09.483+0000] {logging_mixin.py:188} INFO - All credentials are set properly.
[2024-07-03T22:06:09.485+0000] {logging_mixin.py:188} INFO - Error al crear la tabla en Redshift: invalid literal for int() with base 10: 'None'
[2024-07-03T22:06:10.645+0000] {logging_mixin.py:188} INFO - Error al realizar la solicitud a la API: 401 Client Error: Unauthorized for url: https://api.apilayer.com/exchangerates_data/latest?symbols=EUR,USD,CNY&base=ARS
[2024-07-03T22:06:10.650+0000] {python.py:237} INFO - Done. Returned value was: None
[2024-07-03T22:06:10.656+0000] {taskinstance.py:441} INFO - ::group::Post task execution logs
[2024-07-03T22:06:10.739+0000] {taskinstance.py:1206} INFO - Marking task as SUCCESS. dag_id=exchange_rate_dag, task_id=run_script, run_id=scheduled__2024-03-05T00:00:00+00:00, execution_date=20240305T000000, start_date=20240703T220608, end_date=20240703T220610
[2024-07-03T22:06:11.186+0000] {local_task_job_runner.py:240} INFO - Task exited with return code 0
[2024-07-03T22:06:11.229+0000] {taskinstance.py:3503} INFO - 0 downstream tasks scheduled from follow-on schedule check
[2024-07-03T22:06:11.276+0000] {local_task_job_runner.py:222} INFO - ::endgroup::
[2024-07-03T23:03:26.129+0000] {local_task_job_runner.py:120} INFO - ::group::Pre task execution logs
[2024-07-03T23:03:26.245+0000] {taskinstance.py:2076} INFO - Dependencies all met for dep_context=non-requeueable deps ti=<TaskInstance: exchange_rate_dag.run_script scheduled__2024-03-05T00:00:00+00:00 [queued]>
[2024-07-03T23:03:26.278+0000] {taskinstance.py:2076} INFO - Dependencies all met for dep_context=requeueable deps ti=<TaskInstance: exchange_rate_dag.run_script scheduled__2024-03-05T00:00:00+00:00 [queued]>
[2024-07-03T23:03:26.282+0000] {taskinstance.py:2306} INFO - Starting attempt 1 of 2
[2024-07-03T23:03:26.371+0000] {taskinstance.py:2330} INFO - Executing <Task(PythonOperator): run_script> on 2024-03-05 00:00:00+00:00
[2024-07-03T23:03:26.409+0000] {warnings.py:112} WARNING - /home/***/.local/lib/python3.12/site-packages/***/task/task_runner/standard_task_runner.py:61: DeprecationWarning: This process (pid=277) is multi-threaded, use of fork() may lead to deadlocks in the child.
  pid = os.fork()

[2024-07-03T23:03:26.415+0000] {standard_task_runner.py:63} INFO - Started process 290 to run task
[2024-07-03T23:03:26.415+0000] {standard_task_runner.py:90} INFO - Running: ['***', 'tasks', 'run', 'exchange_rate_dag', 'run_script', 'scheduled__2024-03-05T00:00:00+00:00', '--job-id', '39', '--raw', '--subdir', 'DAGS_FOLDER/my_dag.py', '--cfg-path', '/tmp/tmpvms25v62']
[2024-07-03T23:03:26.421+0000] {standard_task_runner.py:91} INFO - Job 39: Subtask run_script
[2024-07-03T23:03:26.683+0000] {task_command.py:426} INFO - Running <TaskInstance: exchange_rate_dag.run_script scheduled__2024-03-05T00:00:00+00:00 [running]> on host 0b7358cba041
[2024-07-03T23:03:27.331+0000] {taskinstance.py:2648} INFO - Exporting env vars: AIRFLOW_CTX_DAG_OWNER='juan_ml' AIRFLOW_CTX_DAG_ID='exchange_rate_dag' AIRFLOW_CTX_TASK_ID='run_script' AIRFLOW_CTX_EXECUTION_DATE='2024-03-05T00:00:00+00:00' AIRFLOW_CTX_TRY_NUMBER='1' AIRFLOW_CTX_DAG_RUN_ID='scheduled__2024-03-05T00:00:00+00:00'
[2024-07-03T23:03:27.336+0000] {taskinstance.py:430} INFO - ::endgroup::
[2024-07-03T23:03:27.339+0000] {logging_mixin.py:188} INFO - All credentials are set properly.
[2024-07-03T23:03:27.345+0000] {logging_mixin.py:188} INFO - Error al crear la tabla en Redshift: invalid literal for int() with base 10: 'None'
[2024-07-03T23:03:28.724+0000] {logging_mixin.py:188} INFO - Error al realizar la solicitud a la API: 401 Client Error: Unauthorized for url: https://api.apilayer.com/exchangerates_data/latest?symbols=EUR,USD,CNY&base=ARS
[2024-07-03T23:03:28.731+0000] {python.py:237} INFO - Done. Returned value was: None
[2024-07-03T23:03:28.745+0000] {taskinstance.py:441} INFO - ::group::Post task execution logs
[2024-07-03T23:03:28.775+0000] {taskinstance.py:1206} INFO - Marking task as SUCCESS. dag_id=exchange_rate_dag, task_id=run_script, run_id=scheduled__2024-03-05T00:00:00+00:00, execution_date=20240305T000000, start_date=20240703T230326, end_date=20240703T230328
[2024-07-03T23:03:28.954+0000] {local_task_job_runner.py:240} INFO - Task exited with return code 0
[2024-07-03T23:03:29.030+0000] {taskinstance.py:3503} INFO - 0 downstream tasks scheduled from follow-on schedule check
[2024-07-03T23:03:29.036+0000] {local_task_job_runner.py:222} INFO - ::endgroup::
