[2024-07-03T23:19:11.941+0000] {local_task_job_runner.py:120} INFO - ::group::Pre task execution logs
[2024-07-03T23:19:12.096+0000] {taskinstance.py:2076} INFO - Dependencies all met for dep_context=non-requeueable deps ti=<TaskInstance: exchange_rate_dag.run_script scheduled__2024-05-09T00:00:00+00:00 [queued]>
[2024-07-03T23:19:12.169+0000] {taskinstance.py:2076} INFO - Dependencies all met for dep_context=requeueable deps ti=<TaskInstance: exchange_rate_dag.run_script scheduled__2024-05-09T00:00:00+00:00 [queued]>
[2024-07-03T23:19:12.176+0000] {taskinstance.py:2306} INFO - Starting attempt 1 of 2
[2024-07-03T23:19:12.275+0000] {taskinstance.py:2330} INFO - Executing <Task(PythonOperator): run_script> on 2024-05-09 00:00:00+00:00
[2024-07-03T23:19:12.325+0000] {warnings.py:112} WARNING - /home/***/.local/lib/python3.12/site-packages/***/task/task_runner/standard_task_runner.py:61: DeprecationWarning: This process (pid=610) is multi-threaded, use of fork() may lead to deadlocks in the child.
  pid = os.fork()

[2024-07-03T23:19:12.334+0000] {standard_task_runner.py:63} INFO - Started process 625 to run task
[2024-07-03T23:19:12.336+0000] {standard_task_runner.py:90} INFO - Running: ['***', 'tasks', 'run', 'exchange_rate_dag', 'run_script', 'scheduled__2024-05-09T00:00:00+00:00', '--job-id', '80', '--raw', '--subdir', 'DAGS_FOLDER/my_dag.py', '--cfg-path', '/tmp/tmpggsweoc7']
[2024-07-03T23:19:12.341+0000] {standard_task_runner.py:91} INFO - Job 80: Subtask run_script
[2024-07-03T23:19:12.771+0000] {task_command.py:426} INFO - Running <TaskInstance: exchange_rate_dag.run_script scheduled__2024-05-09T00:00:00+00:00 [running]> on host 0b7358cba041
[2024-07-03T23:19:13.447+0000] {taskinstance.py:2648} INFO - Exporting env vars: AIRFLOW_CTX_DAG_OWNER='juan_ml' AIRFLOW_CTX_DAG_ID='exchange_rate_dag' AIRFLOW_CTX_TASK_ID='run_script' AIRFLOW_CTX_EXECUTION_DATE='2024-05-09T00:00:00+00:00' AIRFLOW_CTX_TRY_NUMBER='1' AIRFLOW_CTX_DAG_RUN_ID='scheduled__2024-05-09T00:00:00+00:00'
[2024-07-03T23:19:13.469+0000] {taskinstance.py:430} INFO - ::endgroup::
[2024-07-03T23:19:13.472+0000] {logging_mixin.py:188} INFO - All credentials are set properly.
[2024-07-03T23:19:13.477+0000] {logging_mixin.py:188} INFO - Error al crear la tabla en Redshift: invalid literal for int() with base 10: 'None'
[2024-07-03T23:19:14.275+0000] {logging_mixin.py:188} INFO - Error al realizar la solicitud a la API: 401 Client Error: Unauthorized for url: https://api.apilayer.com/exchangerates_data/latest?symbols=EUR,USD,CNY&base=ARS
[2024-07-03T23:19:14.293+0000] {python.py:237} INFO - Done. Returned value was: None
[2024-07-03T23:19:14.306+0000] {taskinstance.py:441} INFO - ::group::Post task execution logs
[2024-07-03T23:19:14.354+0000] {taskinstance.py:1206} INFO - Marking task as SUCCESS. dag_id=exchange_rate_dag, task_id=run_script, run_id=scheduled__2024-05-09T00:00:00+00:00, execution_date=20240509T000000, start_date=20240703T231912, end_date=20240703T231914
[2024-07-03T23:19:14.472+0000] {local_task_job_runner.py:240} INFO - Task exited with return code 0
[2024-07-03T23:19:14.551+0000] {taskinstance.py:3503} INFO - 0 downstream tasks scheduled from follow-on schedule check
[2024-07-03T23:19:14.563+0000] {local_task_job_runner.py:222} INFO - ::endgroup::
