[2024-07-03T22:06:08.315+0000] {local_task_job_runner.py:120} INFO - ::group::Pre task execution logs
[2024-07-03T22:06:08.395+0000] {taskinstance.py:2076} INFO - Dependencies all met for dep_context=non-requeueable deps ti=<TaskInstance: exchange_rate_dag.run_script scheduled__2024-03-06T00:00:00+00:00 [queued]>
[2024-07-03T22:06:08.436+0000] {taskinstance.py:2076} INFO - Dependencies all met for dep_context=requeueable deps ti=<TaskInstance: exchange_rate_dag.run_script scheduled__2024-03-06T00:00:00+00:00 [queued]>
[2024-07-03T22:06:08.445+0000] {taskinstance.py:2306} INFO - Starting attempt 1 of 2
[2024-07-03T22:06:08.576+0000] {taskinstance.py:2330} INFO - Executing <Task(PythonOperator): run_script> on 2024-03-06 00:00:00+00:00
[2024-07-03T22:06:08.621+0000] {warnings.py:112} WARNING - /home/***/.local/lib/python3.12/site-packages/***/task/task_runner/standard_task_runner.py:61: DeprecationWarning: This process (pid=173) is multi-threaded, use of fork() may lead to deadlocks in the child.
  pid = os.fork()

[2024-07-03T22:06:08.636+0000] {standard_task_runner.py:63} INFO - Started process 180 to run task
[2024-07-03T22:06:08.642+0000] {standard_task_runner.py:90} INFO - Running: ['***', 'tasks', 'run', 'exchange_rate_dag', 'run_script', 'scheduled__2024-03-06T00:00:00+00:00', '--job-id', '109', '--raw', '--subdir', 'DAGS_FOLDER/my_dag.py', '--cfg-path', '/tmp/tmpd0q6vdmb']
[2024-07-03T22:06:08.649+0000] {standard_task_runner.py:91} INFO - Job 109: Subtask run_script
[2024-07-03T22:06:09.000+0000] {task_command.py:426} INFO - Running <TaskInstance: exchange_rate_dag.run_script scheduled__2024-03-06T00:00:00+00:00 [running]> on host bab0a72648e8
[2024-07-03T22:06:09.463+0000] {taskinstance.py:2648} INFO - Exporting env vars: AIRFLOW_CTX_DAG_OWNER='juan_ml' AIRFLOW_CTX_DAG_ID='exchange_rate_dag' AIRFLOW_CTX_TASK_ID='run_script' AIRFLOW_CTX_EXECUTION_DATE='2024-03-06T00:00:00+00:00' AIRFLOW_CTX_TRY_NUMBER='1' AIRFLOW_CTX_DAG_RUN_ID='scheduled__2024-03-06T00:00:00+00:00'
[2024-07-03T22:06:09.483+0000] {taskinstance.py:430} INFO - ::endgroup::
[2024-07-03T22:06:09.488+0000] {logging_mixin.py:188} INFO - All credentials are set properly.
[2024-07-03T22:06:09.491+0000] {logging_mixin.py:188} INFO - Error al crear la tabla en Redshift: invalid literal for int() with base 10: 'None'
[2024-07-03T22:06:10.603+0000] {logging_mixin.py:188} INFO - Error al realizar la solicitud a la API: 401 Client Error: Unauthorized for url: https://api.apilayer.com/exchangerates_data/latest?symbols=EUR,USD,CNY&base=ARS
[2024-07-03T22:06:10.608+0000] {python.py:237} INFO - Done. Returned value was: None
[2024-07-03T22:06:10.611+0000] {taskinstance.py:441} INFO - ::group::Post task execution logs
[2024-07-03T22:06:10.650+0000] {taskinstance.py:1206} INFO - Marking task as SUCCESS. dag_id=exchange_rate_dag, task_id=run_script, run_id=scheduled__2024-03-06T00:00:00+00:00, execution_date=20240306T000000, start_date=20240703T220608, end_date=20240703T220610
[2024-07-03T22:06:11.175+0000] {local_task_job_runner.py:240} INFO - Task exited with return code 0
[2024-07-03T22:06:11.223+0000] {taskinstance.py:3503} INFO - 0 downstream tasks scheduled from follow-on schedule check
[2024-07-03T22:06:11.275+0000] {local_task_job_runner.py:222} INFO - ::endgroup::
[2024-07-03T23:03:26.234+0000] {local_task_job_runner.py:120} INFO - ::group::Pre task execution logs
[2024-07-03T23:03:26.360+0000] {taskinstance.py:2076} INFO - Dependencies all met for dep_context=non-requeueable deps ti=<TaskInstance: exchange_rate_dag.run_script scheduled__2024-03-06T00:00:00+00:00 [queued]>
[2024-07-03T23:03:26.397+0000] {taskinstance.py:2076} INFO - Dependencies all met for dep_context=requeueable deps ti=<TaskInstance: exchange_rate_dag.run_script scheduled__2024-03-06T00:00:00+00:00 [queued]>
[2024-07-03T23:03:26.398+0000] {taskinstance.py:2306} INFO - Starting attempt 1 of 2
[2024-07-03T23:03:26.462+0000] {taskinstance.py:2330} INFO - Executing <Task(PythonOperator): run_script> on 2024-03-06 00:00:00+00:00
[2024-07-03T23:03:26.515+0000] {warnings.py:112} WARNING - /home/***/.local/lib/python3.12/site-packages/***/task/task_runner/standard_task_runner.py:61: DeprecationWarning: This process (pid=288) is multi-threaded, use of fork() may lead to deadlocks in the child.
  pid = os.fork()

[2024-07-03T23:03:26.531+0000] {standard_task_runner.py:63} INFO - Started process 292 to run task
[2024-07-03T23:03:26.554+0000] {standard_task_runner.py:90} INFO - Running: ['***', 'tasks', 'run', 'exchange_rate_dag', 'run_script', 'scheduled__2024-03-06T00:00:00+00:00', '--job-id', '41', '--raw', '--subdir', 'DAGS_FOLDER/my_dag.py', '--cfg-path', '/tmp/tmp5fq361ry']
[2024-07-03T23:03:26.565+0000] {standard_task_runner.py:91} INFO - Job 41: Subtask run_script
[2024-07-03T23:03:26.970+0000] {task_command.py:426} INFO - Running <TaskInstance: exchange_rate_dag.run_script scheduled__2024-03-06T00:00:00+00:00 [running]> on host 0b7358cba041
[2024-07-03T23:03:27.712+0000] {taskinstance.py:2648} INFO - Exporting env vars: AIRFLOW_CTX_DAG_OWNER='juan_ml' AIRFLOW_CTX_DAG_ID='exchange_rate_dag' AIRFLOW_CTX_TASK_ID='run_script' AIRFLOW_CTX_EXECUTION_DATE='2024-03-06T00:00:00+00:00' AIRFLOW_CTX_TRY_NUMBER='1' AIRFLOW_CTX_DAG_RUN_ID='scheduled__2024-03-06T00:00:00+00:00'
[2024-07-03T23:03:27.739+0000] {taskinstance.py:430} INFO - ::endgroup::
[2024-07-03T23:03:27.744+0000] {logging_mixin.py:188} INFO - All credentials are set properly.
[2024-07-03T23:03:27.746+0000] {logging_mixin.py:188} INFO - Error al crear la tabla en Redshift: invalid literal for int() with base 10: 'None'
[2024-07-03T23:03:28.801+0000] {logging_mixin.py:188} INFO - Error al realizar la solicitud a la API: 401 Client Error: Unauthorized for url: https://api.apilayer.com/exchangerates_data/latest?symbols=EUR,USD,CNY&base=ARS
[2024-07-03T23:03:28.820+0000] {python.py:237} INFO - Done. Returned value was: None
[2024-07-03T23:03:28.826+0000] {taskinstance.py:441} INFO - ::group::Post task execution logs
[2024-07-03T23:03:28.882+0000] {taskinstance.py:1206} INFO - Marking task as SUCCESS. dag_id=exchange_rate_dag, task_id=run_script, run_id=scheduled__2024-03-06T00:00:00+00:00, execution_date=20240306T000000, start_date=20240703T230326, end_date=20240703T230328
[2024-07-03T23:03:28.999+0000] {local_task_job_runner.py:240} INFO - Task exited with return code 0
[2024-07-03T23:03:29.069+0000] {taskinstance.py:3503} INFO - 0 downstream tasks scheduled from follow-on schedule check
[2024-07-03T23:03:29.075+0000] {local_task_job_runner.py:222} INFO - ::endgroup::
[2024-07-04T01:39:30.871+0000] {local_task_job_runner.py:120} INFO - ::group::Pre task execution logs
[2024-07-04T01:39:30.913+0000] {taskinstance.py:2076} INFO - Dependencies all met for dep_context=non-requeueable deps ti=<TaskInstance: exchange_rate_dag.run_script scheduled__2024-03-06T00:00:00+00:00 [queued]>
[2024-07-04T01:39:30.931+0000] {taskinstance.py:2076} INFO - Dependencies all met for dep_context=requeueable deps ti=<TaskInstance: exchange_rate_dag.run_script scheduled__2024-03-06T00:00:00+00:00 [queued]>
[2024-07-04T01:39:30.932+0000] {taskinstance.py:2306} INFO - Starting attempt 1 of 2
[2024-07-04T01:39:30.956+0000] {taskinstance.py:2330} INFO - Executing <Task(PythonOperator): run_script> on 2024-03-06 00:00:00+00:00
[2024-07-04T01:39:30.970+0000] {warnings.py:112} WARNING - /home/***/.local/lib/python3.12/site-packages/***/task/task_runner/standard_task_runner.py:61: DeprecationWarning: This process (pid=416) is multi-threaded, use of fork() may lead to deadlocks in the child.
  pid = os.fork()

[2024-07-04T01:39:30.973+0000] {standard_task_runner.py:63} INFO - Started process 418 to run task
[2024-07-04T01:39:30.974+0000] {standard_task_runner.py:90} INFO - Running: ['***', 'tasks', 'run', 'exchange_rate_dag', 'run_script', 'scheduled__2024-03-06T00:00:00+00:00', '--job-id', '36', '--raw', '--subdir', 'DAGS_FOLDER/my_dag.py', '--cfg-path', '/tmp/tmpws5igvyu']
[2024-07-04T01:39:30.976+0000] {standard_task_runner.py:91} INFO - Job 36: Subtask run_script
[2024-07-04T01:39:31.054+0000] {task_command.py:426} INFO - Running <TaskInstance: exchange_rate_dag.run_script scheduled__2024-03-06T00:00:00+00:00 [running]> on host e26a552f405a
[2024-07-04T01:39:31.191+0000] {taskinstance.py:2648} INFO - Exporting env vars: AIRFLOW_CTX_DAG_OWNER='juan_ml' AIRFLOW_CTX_DAG_ID='exchange_rate_dag' AIRFLOW_CTX_TASK_ID='run_script' AIRFLOW_CTX_EXECUTION_DATE='2024-03-06T00:00:00+00:00' AIRFLOW_CTX_TRY_NUMBER='1' AIRFLOW_CTX_DAG_RUN_ID='scheduled__2024-03-06T00:00:00+00:00'
[2024-07-04T01:39:31.194+0000] {taskinstance.py:430} INFO - ::endgroup::
[2024-07-04T01:39:31.195+0000] {logging_mixin.py:188} INFO - All credentials are set properly.
[2024-07-04T01:39:31.196+0000] {logging_mixin.py:188} INFO - Error al crear la tabla en Redshift: invalid literal for int() with base 10: 'None'
[2024-07-04T01:39:31.613+0000] {logging_mixin.py:188} INFO - Error al realizar la solicitud a la API: 401 Client Error: Unauthorized for url: https://api.apilayer.com/exchangerates_data/latest?symbols=EUR,USD,CNY&base=ARS
[2024-07-04T01:39:31.616+0000] {python.py:237} INFO - Done. Returned value was: None
[2024-07-04T01:39:31.618+0000] {taskinstance.py:441} INFO - ::group::Post task execution logs
[2024-07-04T01:39:31.634+0000] {taskinstance.py:1206} INFO - Marking task as SUCCESS. dag_id=exchange_rate_dag, task_id=run_script, run_id=scheduled__2024-03-06T00:00:00+00:00, execution_date=20240306T000000, start_date=20240704T013930, end_date=20240704T013931
[2024-07-04T01:39:31.672+0000] {local_task_job_runner.py:240} INFO - Task exited with return code 0
[2024-07-04T01:39:31.695+0000] {taskinstance.py:3503} INFO - 0 downstream tasks scheduled from follow-on schedule check
[2024-07-04T01:39:31.699+0000] {local_task_job_runner.py:222} INFO - ::endgroup::
