[2024-07-05T01:30:43.681+0000] {processor.py:161} INFO - Started process (PID=122) to work on /home/airflow/.local/lib/python3.12/site-packages/airflow/example_dags/example_setup_teardown.py
[2024-07-05T01:30:43.708+0000] {processor.py:830} INFO - Processing file /home/airflow/.local/lib/python3.12/site-packages/airflow/example_dags/example_setup_teardown.py for tasks to queue
[2024-07-05T01:30:43.713+0000] {logging_mixin.py:188} INFO - [2024-07-05T01:30:43.712+0000] {dagbag.py:545} INFO - Filling up the DagBag from /home/airflow/.local/lib/python3.12/site-packages/airflow/example_dags/example_setup_teardown.py
[2024-07-05T01:30:43.799+0000] {processor.py:840} INFO - DAG(s) 'example_setup_teardown' retrieved from /home/airflow/.local/lib/python3.12/site-packages/airflow/example_dags/example_setup_teardown.py
[2024-07-05T01:30:45.611+0000] {logging_mixin.py:188} INFO - [2024-07-05T01:30:45.599+0000] {dag.py:3096} INFO - Sync 1 DAGs
[2024-07-05T01:30:46.019+0000] {logging_mixin.py:188} INFO - [2024-07-05T01:30:46.004+0000] {dag.py:3954} INFO - Setting next_dagrun for example_setup_teardown to 2024-07-04 00:00:00+00:00, run_after=2024-07-05 00:00:00+00:00
[2024-07-05T01:30:46.489+0000] {processor.py:183} INFO - Processing /home/airflow/.local/lib/python3.12/site-packages/airflow/example_dags/example_setup_teardown.py took 2.818 seconds
[2024-07-05T01:32:28.043+0000] {processor.py:161} INFO - Started process (PID=206) to work on /home/airflow/.local/lib/python3.12/site-packages/airflow/example_dags/example_setup_teardown.py
[2024-07-05T01:32:28.054+0000] {processor.py:830} INFO - Processing file /home/airflow/.local/lib/python3.12/site-packages/airflow/example_dags/example_setup_teardown.py for tasks to queue
[2024-07-05T01:32:28.065+0000] {logging_mixin.py:188} INFO - [2024-07-05T01:32:28.061+0000] {dagbag.py:545} INFO - Filling up the DagBag from /home/airflow/.local/lib/python3.12/site-packages/airflow/example_dags/example_setup_teardown.py
[2024-07-05T01:32:28.107+0000] {processor.py:840} INFO - DAG(s) 'example_setup_teardown' retrieved from /home/airflow/.local/lib/python3.12/site-packages/airflow/example_dags/example_setup_teardown.py
[2024-07-05T01:32:28.198+0000] {logging_mixin.py:188} INFO - [2024-07-05T01:32:28.197+0000] {dag.py:3096} INFO - Sync 1 DAGs
[2024-07-05T01:32:28.345+0000] {logging_mixin.py:188} INFO - [2024-07-05T01:32:28.344+0000] {dag.py:3954} INFO - Setting next_dagrun for example_setup_teardown to 2024-07-04 00:00:00+00:00, run_after=2024-07-05 00:00:00+00:00
[2024-07-05T01:32:28.506+0000] {processor.py:183} INFO - Processing /home/airflow/.local/lib/python3.12/site-packages/airflow/example_dags/example_setup_teardown.py took 0.486 seconds
[2024-07-05T01:33:22.722+0000] {processor.py:161} INFO - Started process (PID=270) to work on /home/airflow/.local/lib/python3.12/site-packages/airflow/example_dags/example_setup_teardown.py
[2024-07-05T01:33:22.727+0000] {processor.py:830} INFO - Processing file /home/airflow/.local/lib/python3.12/site-packages/airflow/example_dags/example_setup_teardown.py for tasks to queue
[2024-07-05T01:33:22.749+0000] {logging_mixin.py:188} INFO - [2024-07-05T01:33:22.746+0000] {dagbag.py:545} INFO - Filling up the DagBag from /home/airflow/.local/lib/python3.12/site-packages/airflow/example_dags/example_setup_teardown.py
[2024-07-05T01:33:22.902+0000] {processor.py:840} INFO - DAG(s) 'example_setup_teardown' retrieved from /home/airflow/.local/lib/python3.12/site-packages/airflow/example_dags/example_setup_teardown.py
[2024-07-05T01:33:23.016+0000] {logging_mixin.py:188} INFO - [2024-07-05T01:33:23.015+0000] {dag.py:3096} INFO - Sync 1 DAGs
[2024-07-05T01:33:23.164+0000] {logging_mixin.py:188} INFO - [2024-07-05T01:33:23.163+0000] {dag.py:3954} INFO - Setting next_dagrun for example_setup_teardown to 2024-07-04 00:00:00+00:00, run_after=2024-07-05 00:00:00+00:00
[2024-07-05T01:33:23.240+0000] {processor.py:183} INFO - Processing /home/airflow/.local/lib/python3.12/site-packages/airflow/example_dags/example_setup_teardown.py took 0.557 seconds
[2024-07-05T01:36:36.056+0000] {processor.py:161} INFO - Started process (PID=79) to work on /home/airflow/.local/lib/python3.12/site-packages/airflow/example_dags/example_setup_teardown.py
[2024-07-05T01:36:36.482+0000] {processor.py:830} INFO - Processing file /home/airflow/.local/lib/python3.12/site-packages/airflow/example_dags/example_setup_teardown.py for tasks to queue
[2024-07-05T01:36:36.488+0000] {logging_mixin.py:188} INFO - [2024-07-05T01:36:36.487+0000] {dagbag.py:545} INFO - Filling up the DagBag from /home/airflow/.local/lib/python3.12/site-packages/airflow/example_dags/example_setup_teardown.py
[2024-07-05T01:36:36.523+0000] {processor.py:840} INFO - DAG(s) 'example_setup_teardown' retrieved from /home/airflow/.local/lib/python3.12/site-packages/airflow/example_dags/example_setup_teardown.py
[2024-07-05T01:36:36.683+0000] {logging_mixin.py:188} INFO - [2024-07-05T01:36:36.671+0000] {dag.py:3096} INFO - Sync 1 DAGs
[2024-07-05T01:36:36.855+0000] {logging_mixin.py:188} INFO - [2024-07-05T01:36:36.854+0000] {dag.py:3954} INFO - Setting next_dagrun for example_setup_teardown to 2024-07-04 00:00:00+00:00, run_after=2024-07-05 00:00:00+00:00
[2024-07-05T01:36:37.000+0000] {processor.py:183} INFO - Processing /home/airflow/.local/lib/python3.12/site-packages/airflow/example_dags/example_setup_teardown.py took 0.967 seconds
[2024-07-05T01:37:28.318+0000] {processor.py:161} INFO - Started process (PID=157) to work on /home/airflow/.local/lib/python3.12/site-packages/airflow/example_dags/example_setup_teardown.py
[2024-07-05T01:37:28.321+0000] {processor.py:830} INFO - Processing file /home/airflow/.local/lib/python3.12/site-packages/airflow/example_dags/example_setup_teardown.py for tasks to queue
[2024-07-05T01:37:28.327+0000] {logging_mixin.py:188} INFO - [2024-07-05T01:37:28.326+0000] {dagbag.py:545} INFO - Filling up the DagBag from /home/airflow/.local/lib/python3.12/site-packages/airflow/example_dags/example_setup_teardown.py
[2024-07-05T01:37:28.363+0000] {processor.py:840} INFO - DAG(s) 'example_setup_teardown' retrieved from /home/airflow/.local/lib/python3.12/site-packages/airflow/example_dags/example_setup_teardown.py
[2024-07-05T01:37:28.467+0000] {logging_mixin.py:188} INFO - [2024-07-05T01:37:28.466+0000] {dag.py:3096} INFO - Sync 1 DAGs
[2024-07-05T01:37:28.599+0000] {logging_mixin.py:188} INFO - [2024-07-05T01:37:28.598+0000] {dag.py:3954} INFO - Setting next_dagrun for example_setup_teardown to 2024-07-04 00:00:00+00:00, run_after=2024-07-05 00:00:00+00:00
[2024-07-05T01:37:28.674+0000] {processor.py:183} INFO - Processing /home/airflow/.local/lib/python3.12/site-packages/airflow/example_dags/example_setup_teardown.py took 0.374 seconds
[2024-07-05T01:38:46.495+0000] {processor.py:161} INFO - Started process (PID=238) to work on /home/airflow/.local/lib/python3.12/site-packages/airflow/example_dags/example_setup_teardown.py
[2024-07-05T01:38:46.508+0000] {processor.py:830} INFO - Processing file /home/airflow/.local/lib/python3.12/site-packages/airflow/example_dags/example_setup_teardown.py for tasks to queue
[2024-07-05T01:38:46.515+0000] {logging_mixin.py:188} INFO - [2024-07-05T01:38:46.514+0000] {dagbag.py:545} INFO - Filling up the DagBag from /home/airflow/.local/lib/python3.12/site-packages/airflow/example_dags/example_setup_teardown.py
[2024-07-05T01:38:46.568+0000] {processor.py:840} INFO - DAG(s) 'example_setup_teardown' retrieved from /home/airflow/.local/lib/python3.12/site-packages/airflow/example_dags/example_setup_teardown.py
[2024-07-05T01:38:46.710+0000] {logging_mixin.py:188} INFO - [2024-07-05T01:38:46.709+0000] {dag.py:3096} INFO - Sync 1 DAGs
[2024-07-05T01:38:46.850+0000] {logging_mixin.py:188} INFO - [2024-07-05T01:38:46.849+0000] {dag.py:3954} INFO - Setting next_dagrun for example_setup_teardown to 2024-07-04 00:00:00+00:00, run_after=2024-07-05 00:00:00+00:00
[2024-07-05T01:38:46.982+0000] {processor.py:183} INFO - Processing /home/airflow/.local/lib/python3.12/site-packages/airflow/example_dags/example_setup_teardown.py took 0.540 seconds
