[2024-07-05T01:30:08.665+0000] {processor.py:161} INFO - Started process (PID=106) to work on /home/airflow/.local/lib/python3.12/site-packages/airflow/example_dags/example_external_task_marker_dag.py
[2024-07-05T01:30:08.679+0000] {processor.py:830} INFO - Processing file /home/airflow/.local/lib/python3.12/site-packages/airflow/example_dags/example_external_task_marker_dag.py for tasks to queue
[2024-07-05T01:30:08.761+0000] {logging_mixin.py:188} INFO - [2024-07-05T01:30:08.742+0000] {dagbag.py:545} INFO - Filling up the DagBag from /home/airflow/.local/lib/python3.12/site-packages/airflow/example_dags/example_external_task_marker_dag.py
[2024-07-05T01:30:09.054+0000] {processor.py:840} INFO - DAG(s) 'example_external_task_marker_parent', 'example_external_task_marker_child' retrieved from /home/airflow/.local/lib/python3.12/site-packages/airflow/example_dags/example_external_task_marker_dag.py
[2024-07-05T01:30:09.271+0000] {logging_mixin.py:188} INFO - [2024-07-05T01:30:09.270+0000] {dag.py:3096} INFO - Sync 2 DAGs
[2024-07-05T01:30:09.612+0000] {logging_mixin.py:188} INFO - [2024-07-05T01:30:09.612+0000] {dag.py:3954} INFO - Setting next_dagrun for example_external_task_marker_child to None, run_after=None
[2024-07-05T01:30:09.660+0000] {logging_mixin.py:188} INFO - [2024-07-05T01:30:09.659+0000] {dag.py:3954} INFO - Setting next_dagrun for example_external_task_marker_parent to None, run_after=None
[2024-07-05T01:30:09.917+0000] {processor.py:183} INFO - Processing /home/airflow/.local/lib/python3.12/site-packages/airflow/example_dags/example_external_task_marker_dag.py took 1.385 seconds
[2024-07-05T01:32:01.944+0000] {processor.py:161} INFO - Started process (PID=180) to work on /home/airflow/.local/lib/python3.12/site-packages/airflow/example_dags/example_external_task_marker_dag.py
[2024-07-05T01:32:02.101+0000] {processor.py:830} INFO - Processing file /home/airflow/.local/lib/python3.12/site-packages/airflow/example_dags/example_external_task_marker_dag.py for tasks to queue
[2024-07-05T01:32:02.106+0000] {logging_mixin.py:188} INFO - [2024-07-05T01:32:02.105+0000] {dagbag.py:545} INFO - Filling up the DagBag from /home/airflow/.local/lib/python3.12/site-packages/airflow/example_dags/example_external_task_marker_dag.py
[2024-07-05T01:32:02.313+0000] {processor.py:840} INFO - DAG(s) 'example_external_task_marker_child', 'example_external_task_marker_parent' retrieved from /home/airflow/.local/lib/python3.12/site-packages/airflow/example_dags/example_external_task_marker_dag.py
[2024-07-05T01:32:03.112+0000] {logging_mixin.py:188} INFO - [2024-07-05T01:32:03.111+0000] {dag.py:3096} INFO - Sync 2 DAGs
[2024-07-05T01:32:03.239+0000] {logging_mixin.py:188} INFO - [2024-07-05T01:32:03.238+0000] {dag.py:3954} INFO - Setting next_dagrun for example_external_task_marker_child to None, run_after=None
[2024-07-05T01:32:03.324+0000] {logging_mixin.py:188} INFO - [2024-07-05T01:32:03.324+0000] {dag.py:3954} INFO - Setting next_dagrun for example_external_task_marker_parent to None, run_after=None
[2024-07-05T01:32:03.566+0000] {processor.py:183} INFO - Processing /home/airflow/.local/lib/python3.12/site-packages/airflow/example_dags/example_external_task_marker_dag.py took 1.644 seconds
[2024-07-05T01:33:18.988+0000] {processor.py:161} INFO - Started process (PID=261) to work on /home/airflow/.local/lib/python3.12/site-packages/airflow/example_dags/example_external_task_marker_dag.py
[2024-07-05T01:33:19.001+0000] {processor.py:830} INFO - Processing file /home/airflow/.local/lib/python3.12/site-packages/airflow/example_dags/example_external_task_marker_dag.py for tasks to queue
[2024-07-05T01:33:19.011+0000] {logging_mixin.py:188} INFO - [2024-07-05T01:33:19.009+0000] {dagbag.py:545} INFO - Filling up the DagBag from /home/airflow/.local/lib/python3.12/site-packages/airflow/example_dags/example_external_task_marker_dag.py
[2024-07-05T01:33:19.054+0000] {processor.py:840} INFO - DAG(s) 'example_external_task_marker_parent', 'example_external_task_marker_child' retrieved from /home/airflow/.local/lib/python3.12/site-packages/airflow/example_dags/example_external_task_marker_dag.py
[2024-07-05T01:33:19.149+0000] {logging_mixin.py:188} INFO - [2024-07-05T01:33:19.148+0000] {dag.py:3096} INFO - Sync 2 DAGs
[2024-07-05T01:33:19.213+0000] {logging_mixin.py:188} INFO - [2024-07-05T01:33:19.212+0000] {dag.py:3954} INFO - Setting next_dagrun for example_external_task_marker_child to None, run_after=None
[2024-07-05T01:33:19.236+0000] {logging_mixin.py:188} INFO - [2024-07-05T01:33:19.235+0000] {dag.py:3954} INFO - Setting next_dagrun for example_external_task_marker_parent to None, run_after=None
[2024-07-05T01:33:19.407+0000] {processor.py:183} INFO - Processing /home/airflow/.local/lib/python3.12/site-packages/airflow/example_dags/example_external_task_marker_dag.py took 0.440 seconds
[2024-07-05T01:36:32.657+0000] {processor.py:161} INFO - Started process (PID=70) to work on /home/airflow/.local/lib/python3.12/site-packages/airflow/example_dags/example_external_task_marker_dag.py
[2024-07-05T01:36:32.703+0000] {processor.py:830} INFO - Processing file /home/airflow/.local/lib/python3.12/site-packages/airflow/example_dags/example_external_task_marker_dag.py for tasks to queue
[2024-07-05T01:36:32.706+0000] {logging_mixin.py:188} INFO - [2024-07-05T01:36:32.705+0000] {dagbag.py:545} INFO - Filling up the DagBag from /home/airflow/.local/lib/python3.12/site-packages/airflow/example_dags/example_external_task_marker_dag.py
[2024-07-05T01:36:32.718+0000] {processor.py:840} INFO - DAG(s) 'example_external_task_marker_parent', 'example_external_task_marker_child' retrieved from /home/airflow/.local/lib/python3.12/site-packages/airflow/example_dags/example_external_task_marker_dag.py
[2024-07-05T01:36:32.770+0000] {logging_mixin.py:188} INFO - [2024-07-05T01:36:32.769+0000] {dag.py:3096} INFO - Sync 2 DAGs
[2024-07-05T01:36:32.806+0000] {logging_mixin.py:188} INFO - [2024-07-05T01:36:32.805+0000] {dag.py:3954} INFO - Setting next_dagrun for example_external_task_marker_child to None, run_after=None
[2024-07-05T01:36:32.815+0000] {logging_mixin.py:188} INFO - [2024-07-05T01:36:32.814+0000] {dag.py:3954} INFO - Setting next_dagrun for example_external_task_marker_parent to None, run_after=None
[2024-07-05T01:36:32.941+0000] {processor.py:183} INFO - Processing /home/airflow/.local/lib/python3.12/site-packages/airflow/example_dags/example_external_task_marker_dag.py took 0.291 seconds
[2024-07-05T01:37:23.330+0000] {processor.py:161} INFO - Started process (PID=144) to work on /home/airflow/.local/lib/python3.12/site-packages/airflow/example_dags/example_external_task_marker_dag.py
[2024-07-05T01:37:23.335+0000] {processor.py:830} INFO - Processing file /home/airflow/.local/lib/python3.12/site-packages/airflow/example_dags/example_external_task_marker_dag.py for tasks to queue
[2024-07-05T01:37:23.352+0000] {logging_mixin.py:188} INFO - [2024-07-05T01:37:23.351+0000] {dagbag.py:545} INFO - Filling up the DagBag from /home/airflow/.local/lib/python3.12/site-packages/airflow/example_dags/example_external_task_marker_dag.py
[2024-07-05T01:37:23.437+0000] {processor.py:840} INFO - DAG(s) 'example_external_task_marker_parent', 'example_external_task_marker_child' retrieved from /home/airflow/.local/lib/python3.12/site-packages/airflow/example_dags/example_external_task_marker_dag.py
[2024-07-05T01:37:23.616+0000] {logging_mixin.py:188} INFO - [2024-07-05T01:37:23.612+0000] {dag.py:3096} INFO - Sync 2 DAGs
[2024-07-05T01:37:23.721+0000] {logging_mixin.py:188} INFO - [2024-07-05T01:37:23.720+0000] {dag.py:3954} INFO - Setting next_dagrun for example_external_task_marker_child to None, run_after=None
[2024-07-05T01:37:23.743+0000] {logging_mixin.py:188} INFO - [2024-07-05T01:37:23.742+0000] {dag.py:3954} INFO - Setting next_dagrun for example_external_task_marker_parent to None, run_after=None
[2024-07-05T01:37:23.867+0000] {processor.py:183} INFO - Processing /home/airflow/.local/lib/python3.12/site-packages/airflow/example_dags/example_external_task_marker_dag.py took 0.584 seconds
[2024-07-05T01:38:41.133+0000] {processor.py:161} INFO - Started process (PID=229) to work on /home/airflow/.local/lib/python3.12/site-packages/airflow/example_dags/example_external_task_marker_dag.py
[2024-07-05T01:38:41.151+0000] {processor.py:830} INFO - Processing file /home/airflow/.local/lib/python3.12/site-packages/airflow/example_dags/example_external_task_marker_dag.py for tasks to queue
[2024-07-05T01:38:41.159+0000] {logging_mixin.py:188} INFO - [2024-07-05T01:38:41.158+0000] {dagbag.py:545} INFO - Filling up the DagBag from /home/airflow/.local/lib/python3.12/site-packages/airflow/example_dags/example_external_task_marker_dag.py
[2024-07-05T01:38:41.203+0000] {processor.py:840} INFO - DAG(s) 'example_external_task_marker_parent', 'example_external_task_marker_child' retrieved from /home/airflow/.local/lib/python3.12/site-packages/airflow/example_dags/example_external_task_marker_dag.py
[2024-07-05T01:38:41.557+0000] {logging_mixin.py:188} INFO - [2024-07-05T01:38:41.556+0000] {dag.py:3096} INFO - Sync 2 DAGs
[2024-07-05T01:38:41.806+0000] {logging_mixin.py:188} INFO - [2024-07-05T01:38:41.806+0000] {dag.py:3954} INFO - Setting next_dagrun for example_external_task_marker_child to None, run_after=None
[2024-07-05T01:38:41.848+0000] {logging_mixin.py:188} INFO - [2024-07-05T01:38:41.847+0000] {dag.py:3954} INFO - Setting next_dagrun for example_external_task_marker_parent to None, run_after=None
[2024-07-05T01:38:42.026+0000] {processor.py:183} INFO - Processing /home/airflow/.local/lib/python3.12/site-packages/airflow/example_dags/example_external_task_marker_dag.py took 0.929 seconds
