[2024-07-05T01:30:11.941+0000] {processor.py:161} INFO - Started process (PID=109) to work on /home/airflow/.local/lib/python3.12/site-packages/airflow/example_dags/example_dag_decorator.py
[2024-07-05T01:30:11.950+0000] {processor.py:830} INFO - Processing file /home/airflow/.local/lib/python3.12/site-packages/airflow/example_dags/example_dag_decorator.py for tasks to queue
[2024-07-05T01:30:12.000+0000] {logging_mixin.py:188} INFO - [2024-07-05T01:30:11.998+0000] {dagbag.py:545} INFO - Filling up the DagBag from /home/airflow/.local/lib/python3.12/site-packages/airflow/example_dags/example_dag_decorator.py
[2024-07-05T01:30:16.754+0000] {processor.py:840} INFO - DAG(s) 'example_dag_decorator' retrieved from /home/airflow/.local/lib/python3.12/site-packages/airflow/example_dags/example_dag_decorator.py
[2024-07-05T01:30:18.465+0000] {logging_mixin.py:188} INFO - [2024-07-05T01:30:18.464+0000] {dag.py:3096} INFO - Sync 1 DAGs
[2024-07-05T01:30:18.858+0000] {logging_mixin.py:188} INFO - [2024-07-05T01:30:18.858+0000] {dag.py:3954} INFO - Setting next_dagrun for example_dag_decorator to None, run_after=None
[2024-07-05T01:30:20.749+0000] {processor.py:183} INFO - Processing /home/airflow/.local/lib/python3.12/site-packages/airflow/example_dags/example_dag_decorator.py took 8.986 seconds
[2024-07-05T01:32:04.090+0000] {processor.py:161} INFO - Started process (PID=183) to work on /home/airflow/.local/lib/python3.12/site-packages/airflow/example_dags/example_dag_decorator.py
[2024-07-05T01:32:04.096+0000] {processor.py:830} INFO - Processing file /home/airflow/.local/lib/python3.12/site-packages/airflow/example_dags/example_dag_decorator.py for tasks to queue
[2024-07-05T01:32:04.117+0000] {logging_mixin.py:188} INFO - [2024-07-05T01:32:04.114+0000] {dagbag.py:545} INFO - Filling up the DagBag from /home/airflow/.local/lib/python3.12/site-packages/airflow/example_dags/example_dag_decorator.py
[2024-07-05T01:32:09.621+0000] {processor.py:840} INFO - DAG(s) 'example_dag_decorator' retrieved from /home/airflow/.local/lib/python3.12/site-packages/airflow/example_dags/example_dag_decorator.py
[2024-07-05T01:32:12.697+0000] {logging_mixin.py:188} INFO - [2024-07-05T01:32:12.695+0000] {dag.py:3096} INFO - Sync 1 DAGs
[2024-07-05T01:32:12.833+0000] {logging_mixin.py:188} INFO - [2024-07-05T01:32:12.832+0000] {dag.py:3954} INFO - Setting next_dagrun for example_dag_decorator to None, run_after=None
[2024-07-05T01:32:13.090+0000] {processor.py:183} INFO - Processing /home/airflow/.local/lib/python3.12/site-packages/airflow/example_dags/example_dag_decorator.py took 9.044 seconds
[2024-07-05T01:33:19.745+0000] {processor.py:161} INFO - Started process (PID=264) to work on /home/airflow/.local/lib/python3.12/site-packages/airflow/example_dags/example_dag_decorator.py
[2024-07-05T01:33:19.751+0000] {processor.py:830} INFO - Processing file /home/airflow/.local/lib/python3.12/site-packages/airflow/example_dags/example_dag_decorator.py for tasks to queue
[2024-07-05T01:33:19.769+0000] {logging_mixin.py:188} INFO - [2024-07-05T01:33:19.767+0000] {dagbag.py:545} INFO - Filling up the DagBag from /home/airflow/.local/lib/python3.12/site-packages/airflow/example_dags/example_dag_decorator.py
[2024-07-05T01:33:20.617+0000] {processor.py:840} INFO - DAG(s) 'example_dag_decorator' retrieved from /home/airflow/.local/lib/python3.12/site-packages/airflow/example_dags/example_dag_decorator.py
[2024-07-05T01:33:21.527+0000] {logging_mixin.py:188} INFO - [2024-07-05T01:33:21.526+0000] {dag.py:3096} INFO - Sync 1 DAGs
[2024-07-05T01:33:21.562+0000] {logging_mixin.py:188} INFO - [2024-07-05T01:33:21.561+0000] {dag.py:3954} INFO - Setting next_dagrun for example_dag_decorator to None, run_after=None
[2024-07-05T01:33:21.798+0000] {processor.py:183} INFO - Processing /home/airflow/.local/lib/python3.12/site-packages/airflow/example_dags/example_dag_decorator.py took 2.083 seconds
[2024-07-05T01:36:33.267+0000] {processor.py:161} INFO - Started process (PID=73) to work on /home/airflow/.local/lib/python3.12/site-packages/airflow/example_dags/example_dag_decorator.py
[2024-07-05T01:36:33.270+0000] {processor.py:830} INFO - Processing file /home/airflow/.local/lib/python3.12/site-packages/airflow/example_dags/example_dag_decorator.py for tasks to queue
[2024-07-05T01:36:33.274+0000] {logging_mixin.py:188} INFO - [2024-07-05T01:36:33.274+0000] {dagbag.py:545} INFO - Filling up the DagBag from /home/airflow/.local/lib/python3.12/site-packages/airflow/example_dags/example_dag_decorator.py
[2024-07-05T01:36:33.932+0000] {processor.py:840} INFO - DAG(s) 'example_dag_decorator' retrieved from /home/airflow/.local/lib/python3.12/site-packages/airflow/example_dags/example_dag_decorator.py
[2024-07-05T01:36:34.622+0000] {logging_mixin.py:188} INFO - [2024-07-05T01:36:34.621+0000] {dag.py:3096} INFO - Sync 1 DAGs
[2024-07-05T01:36:34.645+0000] {logging_mixin.py:188} INFO - [2024-07-05T01:36:34.645+0000] {dag.py:3954} INFO - Setting next_dagrun for example_dag_decorator to None, run_after=None
[2024-07-05T01:36:34.831+0000] {processor.py:183} INFO - Processing /home/airflow/.local/lib/python3.12/site-packages/airflow/example_dags/example_dag_decorator.py took 1.576 seconds
[2024-07-05T01:37:24.233+0000] {processor.py:161} INFO - Started process (PID=151) to work on /home/airflow/.local/lib/python3.12/site-packages/airflow/example_dags/example_dag_decorator.py
[2024-07-05T01:37:24.242+0000] {processor.py:830} INFO - Processing file /home/airflow/.local/lib/python3.12/site-packages/airflow/example_dags/example_dag_decorator.py for tasks to queue
[2024-07-05T01:37:24.248+0000] {logging_mixin.py:188} INFO - [2024-07-05T01:37:24.246+0000] {dagbag.py:545} INFO - Filling up the DagBag from /home/airflow/.local/lib/python3.12/site-packages/airflow/example_dags/example_dag_decorator.py
[2024-07-05T01:37:25.435+0000] {processor.py:840} INFO - DAG(s) 'example_dag_decorator' retrieved from /home/airflow/.local/lib/python3.12/site-packages/airflow/example_dags/example_dag_decorator.py
[2024-07-05T01:37:26.551+0000] {logging_mixin.py:188} INFO - [2024-07-05T01:37:26.550+0000] {dag.py:3096} INFO - Sync 1 DAGs
[2024-07-05T01:37:26.636+0000] {logging_mixin.py:188} INFO - [2024-07-05T01:37:26.635+0000] {dag.py:3954} INFO - Setting next_dagrun for example_dag_decorator to None, run_after=None
[2024-07-05T01:37:26.779+0000] {processor.py:183} INFO - Processing /home/airflow/.local/lib/python3.12/site-packages/airflow/example_dags/example_dag_decorator.py took 2.571 seconds
[2024-07-05T01:38:42.544+0000] {processor.py:161} INFO - Started process (PID=232) to work on /home/airflow/.local/lib/python3.12/site-packages/airflow/example_dags/example_dag_decorator.py
[2024-07-05T01:38:42.677+0000] {processor.py:830} INFO - Processing file /home/airflow/.local/lib/python3.12/site-packages/airflow/example_dags/example_dag_decorator.py for tasks to queue
[2024-07-05T01:38:42.714+0000] {logging_mixin.py:188} INFO - [2024-07-05T01:38:42.690+0000] {dagbag.py:545} INFO - Filling up the DagBag from /home/airflow/.local/lib/python3.12/site-packages/airflow/example_dags/example_dag_decorator.py
[2024-07-05T01:38:43.911+0000] {processor.py:840} INFO - DAG(s) 'example_dag_decorator' retrieved from /home/airflow/.local/lib/python3.12/site-packages/airflow/example_dags/example_dag_decorator.py
[2024-07-05T01:38:44.666+0000] {logging_mixin.py:188} INFO - [2024-07-05T01:38:44.663+0000] {dag.py:3096} INFO - Sync 1 DAGs
[2024-07-05T01:38:44.924+0000] {logging_mixin.py:188} INFO - [2024-07-05T01:38:44.923+0000] {dag.py:3954} INFO - Setting next_dagrun for example_dag_decorator to None, run_after=None
[2024-07-05T01:38:45.178+0000] {processor.py:183} INFO - Processing /home/airflow/.local/lib/python3.12/site-packages/airflow/example_dags/example_dag_decorator.py took 2.714 seconds
