[2024-07-05T01:30:08.213+0000] {processor.py:161} INFO - Started process (PID=105) to work on /home/airflow/.local/lib/python3.12/site-packages/airflow/example_dags/example_task_group.py
[2024-07-05T01:30:08.235+0000] {processor.py:830} INFO - Processing file /home/airflow/.local/lib/python3.12/site-packages/airflow/example_dags/example_task_group.py for tasks to queue
[2024-07-05T01:30:08.243+0000] {logging_mixin.py:188} INFO - [2024-07-05T01:30:08.242+0000] {dagbag.py:545} INFO - Filling up the DagBag from /home/airflow/.local/lib/python3.12/site-packages/airflow/example_dags/example_task_group.py
[2024-07-05T01:30:08.417+0000] {processor.py:840} INFO - DAG(s) 'example_task_group' retrieved from /home/airflow/.local/lib/python3.12/site-packages/airflow/example_dags/example_task_group.py
[2024-07-05T01:30:08.539+0000] {logging_mixin.py:188} INFO - [2024-07-05T01:30:08.538+0000] {dag.py:3096} INFO - Sync 1 DAGs
[2024-07-05T01:30:09.171+0000] {logging_mixin.py:188} INFO - [2024-07-05T01:30:09.171+0000] {dag.py:3954} INFO - Setting next_dagrun for example_task_group to 2024-07-04 00:00:00+00:00, run_after=2024-07-05 00:00:00+00:00
[2024-07-05T01:30:09.902+0000] {processor.py:183} INFO - Processing /home/airflow/.local/lib/python3.12/site-packages/airflow/example_dags/example_task_group.py took 1.753 seconds
[2024-07-05T01:31:59.876+0000] {processor.py:161} INFO - Started process (PID=179) to work on /home/airflow/.local/lib/python3.12/site-packages/airflow/example_dags/example_task_group.py
[2024-07-05T01:31:59.907+0000] {processor.py:830} INFO - Processing file /home/airflow/.local/lib/python3.12/site-packages/airflow/example_dags/example_task_group.py for tasks to queue
[2024-07-05T01:31:59.922+0000] {logging_mixin.py:188} INFO - [2024-07-05T01:31:59.921+0000] {dagbag.py:545} INFO - Filling up the DagBag from /home/airflow/.local/lib/python3.12/site-packages/airflow/example_dags/example_task_group.py
[2024-07-05T01:31:59.985+0000] {processor.py:840} INFO - DAG(s) 'example_task_group' retrieved from /home/airflow/.local/lib/python3.12/site-packages/airflow/example_dags/example_task_group.py
[2024-07-05T01:32:00.612+0000] {logging_mixin.py:188} INFO - [2024-07-05T01:32:00.611+0000] {dag.py:3096} INFO - Sync 1 DAGs
[2024-07-05T01:32:00.737+0000] {logging_mixin.py:188} INFO - [2024-07-05T01:32:00.736+0000] {dag.py:3954} INFO - Setting next_dagrun for example_task_group to 2024-07-04 00:00:00+00:00, run_after=2024-07-05 00:00:00+00:00
[2024-07-05T01:32:01.513+0000] {processor.py:183} INFO - Processing /home/airflow/.local/lib/python3.12/site-packages/airflow/example_dags/example_task_group.py took 1.659 seconds
[2024-07-05T01:33:13.277+0000] {processor.py:161} INFO - Started process (PID=245) to work on /home/airflow/.local/lib/python3.12/site-packages/airflow/example_dags/example_task_group.py
[2024-07-05T01:33:13.281+0000] {processor.py:830} INFO - Processing file /home/airflow/.local/lib/python3.12/site-packages/airflow/example_dags/example_task_group.py for tasks to queue
[2024-07-05T01:33:13.288+0000] {logging_mixin.py:188} INFO - [2024-07-05T01:33:13.287+0000] {dagbag.py:545} INFO - Filling up the DagBag from /home/airflow/.local/lib/python3.12/site-packages/airflow/example_dags/example_task_group.py
[2024-07-05T01:33:13.315+0000] {processor.py:840} INFO - DAG(s) 'example_task_group' retrieved from /home/airflow/.local/lib/python3.12/site-packages/airflow/example_dags/example_task_group.py
[2024-07-05T01:33:13.417+0000] {logging_mixin.py:188} INFO - [2024-07-05T01:33:13.416+0000] {dag.py:3096} INFO - Sync 1 DAGs
[2024-07-05T01:33:13.593+0000] {logging_mixin.py:188} INFO - [2024-07-05T01:33:13.591+0000] {dag.py:3954} INFO - Setting next_dagrun for example_task_group to 2024-07-04 00:00:00+00:00, run_after=2024-07-05 00:00:00+00:00
[2024-07-05T01:33:13.732+0000] {processor.py:183} INFO - Processing /home/airflow/.local/lib/python3.12/site-packages/airflow/example_dags/example_task_group.py took 0.476 seconds
[2024-07-05T01:36:32.372+0000] {processor.py:161} INFO - Started process (PID=69) to work on /home/airflow/.local/lib/python3.12/site-packages/airflow/example_dags/example_task_group.py
[2024-07-05T01:36:32.381+0000] {processor.py:830} INFO - Processing file /home/airflow/.local/lib/python3.12/site-packages/airflow/example_dags/example_task_group.py for tasks to queue
[2024-07-05T01:36:32.387+0000] {logging_mixin.py:188} INFO - [2024-07-05T01:36:32.386+0000] {dagbag.py:545} INFO - Filling up the DagBag from /home/airflow/.local/lib/python3.12/site-packages/airflow/example_dags/example_task_group.py
[2024-07-05T01:36:32.412+0000] {processor.py:840} INFO - DAG(s) 'example_task_group' retrieved from /home/airflow/.local/lib/python3.12/site-packages/airflow/example_dags/example_task_group.py
[2024-07-05T01:36:32.482+0000] {logging_mixin.py:188} INFO - [2024-07-05T01:36:32.481+0000] {dag.py:3096} INFO - Sync 1 DAGs
[2024-07-05T01:36:32.544+0000] {logging_mixin.py:188} INFO - [2024-07-05T01:36:32.543+0000] {dag.py:3954} INFO - Setting next_dagrun for example_task_group to 2024-07-04 00:00:00+00:00, run_after=2024-07-05 00:00:00+00:00
[2024-07-05T01:36:32.625+0000] {processor.py:183} INFO - Processing /home/airflow/.local/lib/python3.12/site-packages/airflow/example_dags/example_task_group.py took 0.263 seconds
[2024-07-05T01:37:22.664+0000] {processor.py:161} INFO - Started process (PID=143) to work on /home/airflow/.local/lib/python3.12/site-packages/airflow/example_dags/example_task_group.py
[2024-07-05T01:37:22.670+0000] {processor.py:830} INFO - Processing file /home/airflow/.local/lib/python3.12/site-packages/airflow/example_dags/example_task_group.py for tasks to queue
[2024-07-05T01:37:22.698+0000] {logging_mixin.py:188} INFO - [2024-07-05T01:37:22.696+0000] {dagbag.py:545} INFO - Filling up the DagBag from /home/airflow/.local/lib/python3.12/site-packages/airflow/example_dags/example_task_group.py
[2024-07-05T01:37:22.788+0000] {processor.py:840} INFO - DAG(s) 'example_task_group' retrieved from /home/airflow/.local/lib/python3.12/site-packages/airflow/example_dags/example_task_group.py
[2024-07-05T01:37:22.932+0000] {logging_mixin.py:188} INFO - [2024-07-05T01:37:22.931+0000] {dag.py:3096} INFO - Sync 1 DAGs
[2024-07-05T01:37:23.072+0000] {logging_mixin.py:188} INFO - [2024-07-05T01:37:23.070+0000] {dag.py:3954} INFO - Setting next_dagrun for example_task_group to 2024-07-04 00:00:00+00:00, run_after=2024-07-05 00:00:00+00:00
[2024-07-05T01:37:23.216+0000] {processor.py:183} INFO - Processing /home/airflow/.local/lib/python3.12/site-packages/airflow/example_dags/example_task_group.py took 0.593 seconds
[2024-07-05T01:38:40.179+0000] {processor.py:161} INFO - Started process (PID=228) to work on /home/airflow/.local/lib/python3.12/site-packages/airflow/example_dags/example_task_group.py
[2024-07-05T01:38:40.182+0000] {processor.py:830} INFO - Processing file /home/airflow/.local/lib/python3.12/site-packages/airflow/example_dags/example_task_group.py for tasks to queue
[2024-07-05T01:38:40.198+0000] {logging_mixin.py:188} INFO - [2024-07-05T01:38:40.197+0000] {dagbag.py:545} INFO - Filling up the DagBag from /home/airflow/.local/lib/python3.12/site-packages/airflow/example_dags/example_task_group.py
[2024-07-05T01:38:40.448+0000] {processor.py:840} INFO - DAG(s) 'example_task_group' retrieved from /home/airflow/.local/lib/python3.12/site-packages/airflow/example_dags/example_task_group.py
[2024-07-05T01:38:40.756+0000] {logging_mixin.py:188} INFO - [2024-07-05T01:38:40.754+0000] {dag.py:3096} INFO - Sync 1 DAGs
[2024-07-05T01:38:40.992+0000] {logging_mixin.py:188} INFO - [2024-07-05T01:38:40.990+0000] {dag.py:3954} INFO - Setting next_dagrun for example_task_group to 2024-07-04 00:00:00+00:00, run_after=2024-07-05 00:00:00+00:00
[2024-07-05T01:38:41.163+0000] {processor.py:183} INFO - Processing /home/airflow/.local/lib/python3.12/site-packages/airflow/example_dags/example_task_group.py took 1.038 seconds
