[2024-07-05T01:29:45.037+0000] {processor.py:161} INFO - Started process (PID=66) to work on /home/airflow/.local/lib/python3.12/site-packages/airflow/example_dags/example_task_group_decorator.py
[2024-07-05T01:29:45.048+0000] {processor.py:830} INFO - Processing file /home/airflow/.local/lib/python3.12/site-packages/airflow/example_dags/example_task_group_decorator.py for tasks to queue
[2024-07-05T01:29:45.056+0000] {logging_mixin.py:188} INFO - [2024-07-05T01:29:45.054+0000] {dagbag.py:545} INFO - Filling up the DagBag from /home/airflow/.local/lib/python3.12/site-packages/airflow/example_dags/example_task_group_decorator.py
[2024-07-05T01:29:45.235+0000] {processor.py:840} INFO - DAG(s) 'example_task_group_decorator' retrieved from /home/airflow/.local/lib/python3.12/site-packages/airflow/example_dags/example_task_group_decorator.py
[2024-07-05T01:29:45.771+0000] {logging_mixin.py:188} INFO - [2024-07-05T01:29:45.770+0000] {dag.py:3096} INFO - Sync 1 DAGs
[2024-07-05T01:29:46.366+0000] {logging_mixin.py:188} INFO - [2024-07-05T01:29:46.365+0000] {dag.py:3954} INFO - Setting next_dagrun for example_task_group_decorator to 2024-07-04 00:00:00+00:00, run_after=2024-07-05 00:00:00+00:00
[2024-07-05T01:29:46.673+0000] {processor.py:183} INFO - Processing /home/airflow/.local/lib/python3.12/site-packages/airflow/example_dags/example_task_group_decorator.py took 1.704 seconds
[2024-07-05T01:31:25.205+0000] {processor.py:161} INFO - Started process (PID=148) to work on /home/airflow/.local/lib/python3.12/site-packages/airflow/example_dags/example_task_group_decorator.py
[2024-07-05T01:31:25.219+0000] {processor.py:830} INFO - Processing file /home/airflow/.local/lib/python3.12/site-packages/airflow/example_dags/example_task_group_decorator.py for tasks to queue
[2024-07-05T01:31:25.228+0000] {logging_mixin.py:188} INFO - [2024-07-05T01:31:25.226+0000] {dagbag.py:545} INFO - Filling up the DagBag from /home/airflow/.local/lib/python3.12/site-packages/airflow/example_dags/example_task_group_decorator.py
[2024-07-05T01:31:25.355+0000] {processor.py:840} INFO - DAG(s) 'example_task_group_decorator' retrieved from /home/airflow/.local/lib/python3.12/site-packages/airflow/example_dags/example_task_group_decorator.py
[2024-07-05T01:31:26.087+0000] {logging_mixin.py:188} INFO - [2024-07-05T01:31:26.086+0000] {dag.py:3096} INFO - Sync 1 DAGs
[2024-07-05T01:31:26.357+0000] {logging_mixin.py:188} INFO - [2024-07-05T01:31:26.356+0000] {dag.py:3954} INFO - Setting next_dagrun for example_task_group_decorator to 2024-07-04 00:00:00+00:00, run_after=2024-07-05 00:00:00+00:00
[2024-07-05T01:31:26.734+0000] {processor.py:183} INFO - Processing /home/airflow/.local/lib/python3.12/site-packages/airflow/example_dags/example_task_group_decorator.py took 1.584 seconds
[2024-07-05T01:32:18.088+0000] {processor.py:161} INFO - Started process (PID=190) to work on /home/airflow/.local/lib/python3.12/site-packages/airflow/example_dags/example_task_group_decorator.py
[2024-07-05T01:32:18.099+0000] {processor.py:830} INFO - Processing file /home/airflow/.local/lib/python3.12/site-packages/airflow/example_dags/example_task_group_decorator.py for tasks to queue
[2024-07-05T01:32:18.110+0000] {logging_mixin.py:188} INFO - [2024-07-05T01:32:18.106+0000] {dagbag.py:545} INFO - Filling up the DagBag from /home/airflow/.local/lib/python3.12/site-packages/airflow/example_dags/example_task_group_decorator.py
[2024-07-05T01:32:18.305+0000] {processor.py:840} INFO - DAG(s) 'example_task_group_decorator' retrieved from /home/airflow/.local/lib/python3.12/site-packages/airflow/example_dags/example_task_group_decorator.py
[2024-07-05T01:32:18.689+0000] {logging_mixin.py:188} INFO - [2024-07-05T01:32:18.688+0000] {dag.py:3096} INFO - Sync 1 DAGs
[2024-07-05T01:32:19.118+0000] {logging_mixin.py:188} INFO - [2024-07-05T01:32:19.116+0000] {dag.py:3954} INFO - Setting next_dagrun for example_task_group_decorator to 2024-07-04 00:00:00+00:00, run_after=2024-07-05 00:00:00+00:00
[2024-07-05T01:32:19.234+0000] {processor.py:183} INFO - Processing /home/airflow/.local/lib/python3.12/site-packages/airflow/example_dags/example_task_group_decorator.py took 1.180 seconds
[2024-07-05T01:33:16.106+0000] {processor.py:161} INFO - Started process (PID=251) to work on /home/airflow/.local/lib/python3.12/site-packages/airflow/example_dags/example_task_group_decorator.py
[2024-07-05T01:33:16.109+0000] {processor.py:830} INFO - Processing file /home/airflow/.local/lib/python3.12/site-packages/airflow/example_dags/example_task_group_decorator.py for tasks to queue
[2024-07-05T01:33:16.115+0000] {logging_mixin.py:188} INFO - [2024-07-05T01:33:16.114+0000] {dagbag.py:545} INFO - Filling up the DagBag from /home/airflow/.local/lib/python3.12/site-packages/airflow/example_dags/example_task_group_decorator.py
[2024-07-05T01:33:16.181+0000] {processor.py:840} INFO - DAG(s) 'example_task_group_decorator' retrieved from /home/airflow/.local/lib/python3.12/site-packages/airflow/example_dags/example_task_group_decorator.py
[2024-07-05T01:33:16.248+0000] {logging_mixin.py:188} INFO - [2024-07-05T01:33:16.247+0000] {dag.py:3096} INFO - Sync 1 DAGs
[2024-07-05T01:33:16.345+0000] {logging_mixin.py:188} INFO - [2024-07-05T01:33:16.344+0000] {dag.py:3954} INFO - Setting next_dagrun for example_task_group_decorator to 2024-07-04 00:00:00+00:00, run_after=2024-07-05 00:00:00+00:00
[2024-07-05T01:33:16.429+0000] {processor.py:183} INFO - Processing /home/airflow/.local/lib/python3.12/site-packages/airflow/example_dags/example_task_group_decorator.py took 0.346 seconds
[2024-07-05T01:35:11.910+0000] {processor.py:161} INFO - Started process (PID=305) to work on /home/airflow/.local/lib/python3.12/site-packages/airflow/example_dags/example_task_group_decorator.py
[2024-07-05T01:35:11.984+0000] {processor.py:830} INFO - Processing file /home/airflow/.local/lib/python3.12/site-packages/airflow/example_dags/example_task_group_decorator.py for tasks to queue
[2024-07-05T01:35:12.029+0000] {logging_mixin.py:188} INFO - [2024-07-05T01:35:12.022+0000] {dagbag.py:545} INFO - Filling up the DagBag from /home/airflow/.local/lib/python3.12/site-packages/airflow/example_dags/example_task_group_decorator.py
[2024-07-05T01:35:12.283+0000] {processor.py:840} INFO - DAG(s) 'example_task_group_decorator' retrieved from /home/airflow/.local/lib/python3.12/site-packages/airflow/example_dags/example_task_group_decorator.py
[2024-07-05T01:35:15.033+0000] {logging_mixin.py:188} INFO - [2024-07-05T01:35:15.032+0000] {dag.py:3096} INFO - Sync 1 DAGs
[2024-07-05T01:35:15.604+0000] {logging_mixin.py:188} INFO - [2024-07-05T01:35:15.603+0000] {dag.py:3954} INFO - Setting next_dagrun for example_task_group_decorator to 2024-07-04 00:00:00+00:00, run_after=2024-07-05 00:00:00+00:00
[2024-07-05T01:35:16.103+0000] {processor.py:183} INFO - Processing /home/airflow/.local/lib/python3.12/site-packages/airflow/example_dags/example_task_group_decorator.py took 4.331 seconds
[2024-07-05T01:36:22.637+0000] {processor.py:161} INFO - Started process (PID=45) to work on /home/airflow/.local/lib/python3.12/site-packages/airflow/example_dags/example_task_group_decorator.py
[2024-07-05T01:36:22.638+0000] {processor.py:830} INFO - Processing file /home/airflow/.local/lib/python3.12/site-packages/airflow/example_dags/example_task_group_decorator.py for tasks to queue
[2024-07-05T01:36:22.641+0000] {logging_mixin.py:188} INFO - [2024-07-05T01:36:22.640+0000] {dagbag.py:545} INFO - Filling up the DagBag from /home/airflow/.local/lib/python3.12/site-packages/airflow/example_dags/example_task_group_decorator.py
[2024-07-05T01:36:22.662+0000] {processor.py:840} INFO - DAG(s) 'example_task_group_decorator' retrieved from /home/airflow/.local/lib/python3.12/site-packages/airflow/example_dags/example_task_group_decorator.py
[2024-07-05T01:36:22.791+0000] {logging_mixin.py:188} INFO - [2024-07-05T01:36:22.791+0000] {dag.py:3096} INFO - Sync 1 DAGs
[2024-07-05T01:36:22.834+0000] {logging_mixin.py:188} INFO - [2024-07-05T01:36:22.833+0000] {dag.py:3954} INFO - Setting next_dagrun for example_task_group_decorator to 2024-07-04 00:00:00+00:00, run_after=2024-07-05 00:00:00+00:00
[2024-07-05T01:36:22.938+0000] {processor.py:183} INFO - Processing /home/airflow/.local/lib/python3.12/site-packages/airflow/example_dags/example_task_group_decorator.py took 0.308 seconds
[2024-07-05T01:36:58.960+0000] {processor.py:161} INFO - Started process (PID=103) to work on /home/airflow/.local/lib/python3.12/site-packages/airflow/example_dags/example_task_group_decorator.py
[2024-07-05T01:36:59.250+0000] {processor.py:830} INFO - Processing file /home/airflow/.local/lib/python3.12/site-packages/airflow/example_dags/example_task_group_decorator.py for tasks to queue
[2024-07-05T01:36:59.254+0000] {logging_mixin.py:188} INFO - [2024-07-05T01:36:59.253+0000] {dagbag.py:545} INFO - Filling up the DagBag from /home/airflow/.local/lib/python3.12/site-packages/airflow/example_dags/example_task_group_decorator.py
[2024-07-05T01:36:59.871+0000] {processor.py:840} INFO - DAG(s) 'example_task_group_decorator' retrieved from /home/airflow/.local/lib/python3.12/site-packages/airflow/example_dags/example_task_group_decorator.py
[2024-07-05T01:36:59.910+0000] {logging_mixin.py:188} INFO - [2024-07-05T01:36:59.910+0000] {dag.py:3096} INFO - Sync 1 DAGs
[2024-07-05T01:36:59.939+0000] {logging_mixin.py:188} INFO - [2024-07-05T01:36:59.939+0000] {dag.py:3954} INFO - Setting next_dagrun for example_task_group_decorator to 2024-07-04 00:00:00+00:00, run_after=2024-07-05 00:00:00+00:00
[2024-07-05T01:37:01.814+0000] {processor.py:183} INFO - Processing /home/airflow/.local/lib/python3.12/site-packages/airflow/example_dags/example_task_group_decorator.py took 2.860 seconds
[2024-07-05T01:37:34.998+0000] {processor.py:161} INFO - Started process (PID=173) to work on /home/airflow/.local/lib/python3.12/site-packages/airflow/example_dags/example_task_group_decorator.py
[2024-07-05T01:37:35.010+0000] {processor.py:830} INFO - Processing file /home/airflow/.local/lib/python3.12/site-packages/airflow/example_dags/example_task_group_decorator.py for tasks to queue
[2024-07-05T01:37:35.016+0000] {logging_mixin.py:188} INFO - [2024-07-05T01:37:35.015+0000] {dagbag.py:545} INFO - Filling up the DagBag from /home/airflow/.local/lib/python3.12/site-packages/airflow/example_dags/example_task_group_decorator.py
[2024-07-05T01:37:35.104+0000] {processor.py:840} INFO - DAG(s) 'example_task_group_decorator' retrieved from /home/airflow/.local/lib/python3.12/site-packages/airflow/example_dags/example_task_group_decorator.py
[2024-07-05T01:37:35.277+0000] {logging_mixin.py:188} INFO - [2024-07-05T01:37:35.277+0000] {dag.py:3096} INFO - Sync 1 DAGs
[2024-07-05T01:37:35.402+0000] {logging_mixin.py:188} INFO - [2024-07-05T01:37:35.401+0000] {dag.py:3954} INFO - Setting next_dagrun for example_task_group_decorator to 2024-07-04 00:00:00+00:00, run_after=2024-07-05 00:00:00+00:00
[2024-07-05T01:37:35.608+0000] {processor.py:183} INFO - Processing /home/airflow/.local/lib/python3.12/site-packages/airflow/example_dags/example_task_group_decorator.py took 0.648 seconds
[2024-07-05T01:38:30.563+0000] {processor.py:161} INFO - Started process (PID=199) to work on /home/airflow/.local/lib/python3.12/site-packages/airflow/example_dags/example_task_group_decorator.py
[2024-07-05T01:38:30.566+0000] {processor.py:830} INFO - Processing file /home/airflow/.local/lib/python3.12/site-packages/airflow/example_dags/example_task_group_decorator.py for tasks to queue
[2024-07-05T01:38:30.569+0000] {logging_mixin.py:188} INFO - [2024-07-05T01:38:30.568+0000] {dagbag.py:545} INFO - Filling up the DagBag from /home/airflow/.local/lib/python3.12/site-packages/airflow/example_dags/example_task_group_decorator.py
[2024-07-05T01:38:30.692+0000] {processor.py:840} INFO - DAG(s) 'example_task_group_decorator' retrieved from /home/airflow/.local/lib/python3.12/site-packages/airflow/example_dags/example_task_group_decorator.py
[2024-07-05T01:38:30.788+0000] {logging_mixin.py:188} INFO - [2024-07-05T01:38:30.787+0000] {dag.py:3096} INFO - Sync 1 DAGs
[2024-07-05T01:38:30.937+0000] {logging_mixin.py:188} INFO - [2024-07-05T01:38:30.936+0000] {dag.py:3954} INFO - Setting next_dagrun for example_task_group_decorator to 2024-07-04 00:00:00+00:00, run_after=2024-07-05 00:00:00+00:00
[2024-07-05T01:38:31.136+0000] {processor.py:183} INFO - Processing /home/airflow/.local/lib/python3.12/site-packages/airflow/example_dags/example_task_group_decorator.py took 0.606 seconds
[2024-07-05T01:39:03.969+0000] {processor.py:161} INFO - Started process (PID=266) to work on /home/airflow/.local/lib/python3.12/site-packages/airflow/example_dags/example_task_group_decorator.py
[2024-07-05T01:39:03.972+0000] {processor.py:830} INFO - Processing file /home/airflow/.local/lib/python3.12/site-packages/airflow/example_dags/example_task_group_decorator.py for tasks to queue
[2024-07-05T01:39:03.975+0000] {logging_mixin.py:188} INFO - [2024-07-05T01:39:03.974+0000] {dagbag.py:545} INFO - Filling up the DagBag from /home/airflow/.local/lib/python3.12/site-packages/airflow/example_dags/example_task_group_decorator.py
[2024-07-05T01:39:04.039+0000] {processor.py:840} INFO - DAG(s) 'example_task_group_decorator' retrieved from /home/airflow/.local/lib/python3.12/site-packages/airflow/example_dags/example_task_group_decorator.py
[2024-07-05T01:39:07.148+0000] {logging_mixin.py:188} INFO - [2024-07-05T01:39:07.147+0000] {dag.py:3096} INFO - Sync 1 DAGs
[2024-07-05T01:39:07.351+0000] {logging_mixin.py:188} INFO - [2024-07-05T01:39:07.336+0000] {dag.py:3954} INFO - Setting next_dagrun for example_task_group_decorator to 2024-07-04 00:00:00+00:00, run_after=2024-07-05 00:00:00+00:00
[2024-07-05T01:39:07.566+0000] {processor.py:183} INFO - Processing /home/airflow/.local/lib/python3.12/site-packages/airflow/example_dags/example_task_group_decorator.py took 3.614 seconds
