[2024-07-05T01:29:56.898+0000] {processor.py:161} INFO - Started process (PID=93) to work on /home/airflow/.local/lib/python3.12/site-packages/airflow/example_dags/example_branch_python_dop_operator_3.py
[2024-07-05T01:29:56.919+0000] {processor.py:830} INFO - Processing file /home/airflow/.local/lib/python3.12/site-packages/airflow/example_dags/example_branch_python_dop_operator_3.py for tasks to queue
[2024-07-05T01:29:56.934+0000] {logging_mixin.py:188} INFO - [2024-07-05T01:29:56.933+0000] {dagbag.py:545} INFO - Filling up the DagBag from /home/airflow/.local/lib/python3.12/site-packages/airflow/example_dags/example_branch_python_dop_operator_3.py
[2024-07-05T01:29:57.198+0000] {processor.py:840} INFO - DAG(s) 'example_branch_dop_operator_v3' retrieved from /home/airflow/.local/lib/python3.12/site-packages/airflow/example_dags/example_branch_python_dop_operator_3.py
[2024-07-05T01:29:57.324+0000] {logging_mixin.py:188} INFO - [2024-07-05T01:29:57.323+0000] {dag.py:3096} INFO - Sync 1 DAGs
[2024-07-05T01:29:57.687+0000] {logging_mixin.py:188} INFO - [2024-07-05T01:29:57.686+0000] {dag.py:3954} INFO - Setting next_dagrun for example_branch_dop_operator_v3 to 2024-07-05 01:28:00+00:00, run_after=2024-07-05 01:29:00+00:00
[2024-07-05T01:29:57.768+0000] {processor.py:183} INFO - Processing /home/airflow/.local/lib/python3.12/site-packages/airflow/example_dags/example_branch_python_dop_operator_3.py took 0.897 seconds
[2024-07-05T01:31:41.953+0000] {processor.py:161} INFO - Started process (PID=160) to work on /home/airflow/.local/lib/python3.12/site-packages/airflow/example_dags/example_branch_python_dop_operator_3.py
[2024-07-05T01:31:42.202+0000] {processor.py:830} INFO - Processing file /home/airflow/.local/lib/python3.12/site-packages/airflow/example_dags/example_branch_python_dop_operator_3.py for tasks to queue
[2024-07-05T01:31:42.211+0000] {logging_mixin.py:188} INFO - [2024-07-05T01:31:42.209+0000] {dagbag.py:545} INFO - Filling up the DagBag from /home/airflow/.local/lib/python3.12/site-packages/airflow/example_dags/example_branch_python_dop_operator_3.py
[2024-07-05T01:31:42.506+0000] {processor.py:840} INFO - DAG(s) 'example_branch_dop_operator_v3' retrieved from /home/airflow/.local/lib/python3.12/site-packages/airflow/example_dags/example_branch_python_dop_operator_3.py
[2024-07-05T01:31:42.721+0000] {logging_mixin.py:188} INFO - [2024-07-05T01:31:42.721+0000] {dag.py:3096} INFO - Sync 1 DAGs
[2024-07-05T01:31:42.955+0000] {logging_mixin.py:188} INFO - [2024-07-05T01:31:42.955+0000] {dag.py:3954} INFO - Setting next_dagrun for example_branch_dop_operator_v3 to 2024-07-05 01:30:00+00:00, run_after=2024-07-05 01:31:00+00:00
[2024-07-05T01:31:44.880+0000] {processor.py:183} INFO - Processing /home/airflow/.local/lib/python3.12/site-packages/airflow/example_dags/example_branch_python_dop_operator_3.py took 2.936 seconds
[2024-07-05T01:32:49.800+0000] {processor.py:161} INFO - Started process (PID=227) to work on /home/airflow/.local/lib/python3.12/site-packages/airflow/example_dags/example_branch_python_dop_operator_3.py
[2024-07-05T01:32:49.804+0000] {processor.py:830} INFO - Processing file /home/airflow/.local/lib/python3.12/site-packages/airflow/example_dags/example_branch_python_dop_operator_3.py for tasks to queue
[2024-07-05T01:32:49.811+0000] {logging_mixin.py:188} INFO - [2024-07-05T01:32:49.809+0000] {dagbag.py:545} INFO - Filling up the DagBag from /home/airflow/.local/lib/python3.12/site-packages/airflow/example_dags/example_branch_python_dop_operator_3.py
[2024-07-05T01:32:49.883+0000] {processor.py:840} INFO - DAG(s) 'example_branch_dop_operator_v3' retrieved from /home/airflow/.local/lib/python3.12/site-packages/airflow/example_dags/example_branch_python_dop_operator_3.py
[2024-07-05T01:33:07.311+0000] {logging_mixin.py:188} INFO - [2024-07-05T01:33:07.308+0000] {dag.py:3096} INFO - Sync 1 DAGs
[2024-07-05T01:33:07.576+0000] {logging_mixin.py:188} INFO - [2024-07-05T01:33:07.575+0000] {dag.py:3954} INFO - Setting next_dagrun for example_branch_dop_operator_v3 to 2024-07-05 01:32:00+00:00, run_after=2024-07-05 01:33:00+00:00
[2024-07-05T01:33:07.745+0000] {processor.py:183} INFO - Processing /home/airflow/.local/lib/python3.12/site-packages/airflow/example_dags/example_branch_python_dop_operator_3.py took 17.976 seconds
[2024-07-05T01:33:41.649+0000] {processor.py:161} INFO - Started process (PID=287) to work on /home/airflow/.local/lib/python3.12/site-packages/airflow/example_dags/example_branch_python_dop_operator_3.py
[2024-07-05T01:33:41.657+0000] {processor.py:830} INFO - Processing file /home/airflow/.local/lib/python3.12/site-packages/airflow/example_dags/example_branch_python_dop_operator_3.py for tasks to queue
[2024-07-05T01:33:41.664+0000] {logging_mixin.py:188} INFO - [2024-07-05T01:33:41.663+0000] {dagbag.py:545} INFO - Filling up the DagBag from /home/airflow/.local/lib/python3.12/site-packages/airflow/example_dags/example_branch_python_dop_operator_3.py
[2024-07-05T01:33:41.728+0000] {processor.py:840} INFO - DAG(s) 'example_branch_dop_operator_v3' retrieved from /home/airflow/.local/lib/python3.12/site-packages/airflow/example_dags/example_branch_python_dop_operator_3.py
[2024-07-05T01:33:46.982+0000] {logging_mixin.py:188} INFO - [2024-07-05T01:33:46.981+0000] {dag.py:3096} INFO - Sync 1 DAGs
[2024-07-05T01:33:47.189+0000] {logging_mixin.py:188} INFO - [2024-07-05T01:33:47.188+0000] {dag.py:3954} INFO - Setting next_dagrun for example_branch_dop_operator_v3 to 2024-07-05 01:32:00+00:00, run_after=2024-07-05 01:33:00+00:00
[2024-07-05T01:33:48.014+0000] {processor.py:183} INFO - Processing /home/airflow/.local/lib/python3.12/site-packages/airflow/example_dags/example_branch_python_dop_operator_3.py took 6.425 seconds
[2024-07-05T01:36:28.841+0000] {processor.py:161} INFO - Started process (PID=57) to work on /home/airflow/.local/lib/python3.12/site-packages/airflow/example_dags/example_branch_python_dop_operator_3.py
[2024-07-05T01:36:28.893+0000] {processor.py:830} INFO - Processing file /home/airflow/.local/lib/python3.12/site-packages/airflow/example_dags/example_branch_python_dop_operator_3.py for tasks to queue
[2024-07-05T01:36:28.898+0000] {logging_mixin.py:188} INFO - [2024-07-05T01:36:28.897+0000] {dagbag.py:545} INFO - Filling up the DagBag from /home/airflow/.local/lib/python3.12/site-packages/airflow/example_dags/example_branch_python_dop_operator_3.py
[2024-07-05T01:36:28.926+0000] {processor.py:840} INFO - DAG(s) 'example_branch_dop_operator_v3' retrieved from /home/airflow/.local/lib/python3.12/site-packages/airflow/example_dags/example_branch_python_dop_operator_3.py
[2024-07-05T01:36:29.003+0000] {logging_mixin.py:188} INFO - [2024-07-05T01:36:29.002+0000] {dag.py:3096} INFO - Sync 1 DAGs
[2024-07-05T01:36:29.051+0000] {logging_mixin.py:188} INFO - [2024-07-05T01:36:29.050+0000] {dag.py:3954} INFO - Setting next_dagrun for example_branch_dop_operator_v3 to 2024-07-05 01:35:00+00:00, run_after=2024-07-05 01:36:00+00:00
[2024-07-05T01:36:29.187+0000] {processor.py:183} INFO - Processing /home/airflow/.local/lib/python3.12/site-packages/airflow/example_dags/example_branch_python_dop_operator_3.py took 0.353 seconds
[2024-07-05T01:37:14.713+0000] {processor.py:161} INFO - Started process (PID=123) to work on /home/airflow/.local/lib/python3.12/site-packages/airflow/example_dags/example_branch_python_dop_operator_3.py
[2024-07-05T01:37:14.791+0000] {processor.py:830} INFO - Processing file /home/airflow/.local/lib/python3.12/site-packages/airflow/example_dags/example_branch_python_dop_operator_3.py for tasks to queue
[2024-07-05T01:37:14.796+0000] {logging_mixin.py:188} INFO - [2024-07-05T01:37:14.795+0000] {dagbag.py:545} INFO - Filling up the DagBag from /home/airflow/.local/lib/python3.12/site-packages/airflow/example_dags/example_branch_python_dop_operator_3.py
[2024-07-05T01:37:14.968+0000] {processor.py:840} INFO - DAG(s) 'example_branch_dop_operator_v3' retrieved from /home/airflow/.local/lib/python3.12/site-packages/airflow/example_dags/example_branch_python_dop_operator_3.py
[2024-07-05T01:37:15.010+0000] {logging_mixin.py:188} INFO - [2024-07-05T01:37:15.008+0000] {dag.py:3096} INFO - Sync 1 DAGs
[2024-07-05T01:37:15.132+0000] {logging_mixin.py:188} INFO - [2024-07-05T01:37:15.131+0000] {dag.py:3954} INFO - Setting next_dagrun for example_branch_dop_operator_v3 to 2024-07-05 01:36:00+00:00, run_after=2024-07-05 01:37:00+00:00
[2024-07-05T01:37:15.498+0000] {processor.py:183} INFO - Processing /home/airflow/.local/lib/python3.12/site-packages/airflow/example_dags/example_branch_python_dop_operator_3.py took 0.795 seconds
[2024-07-05T01:38:34.140+0000] {processor.py:161} INFO - Started process (PID=216) to work on /home/airflow/.local/lib/python3.12/site-packages/airflow/example_dags/example_branch_python_dop_operator_3.py
[2024-07-05T01:38:34.143+0000] {processor.py:830} INFO - Processing file /home/airflow/.local/lib/python3.12/site-packages/airflow/example_dags/example_branch_python_dop_operator_3.py for tasks to queue
[2024-07-05T01:38:34.146+0000] {logging_mixin.py:188} INFO - [2024-07-05T01:38:34.145+0000] {dagbag.py:545} INFO - Filling up the DagBag from /home/airflow/.local/lib/python3.12/site-packages/airflow/example_dags/example_branch_python_dop_operator_3.py
[2024-07-05T01:38:34.170+0000] {processor.py:840} INFO - DAG(s) 'example_branch_dop_operator_v3' retrieved from /home/airflow/.local/lib/python3.12/site-packages/airflow/example_dags/example_branch_python_dop_operator_3.py
[2024-07-05T01:38:34.237+0000] {logging_mixin.py:188} INFO - [2024-07-05T01:38:34.237+0000] {dag.py:3096} INFO - Sync 1 DAGs
[2024-07-05T01:38:34.350+0000] {logging_mixin.py:188} INFO - [2024-07-05T01:38:34.349+0000] {dag.py:3954} INFO - Setting next_dagrun for example_branch_dop_operator_v3 to 2024-07-05 01:37:00+00:00, run_after=2024-07-05 01:38:00+00:00
[2024-07-05T01:38:34.438+0000] {processor.py:183} INFO - Processing /home/airflow/.local/lib/python3.12/site-packages/airflow/example_dags/example_branch_python_dop_operator_3.py took 0.314 seconds
[2024-07-05T01:39:10.625+0000] {processor.py:161} INFO - Started process (PID=277) to work on /home/airflow/.local/lib/python3.12/site-packages/airflow/example_dags/example_branch_python_dop_operator_3.py
[2024-07-05T01:39:10.631+0000] {processor.py:830} INFO - Processing file /home/airflow/.local/lib/python3.12/site-packages/airflow/example_dags/example_branch_python_dop_operator_3.py for tasks to queue
[2024-07-05T01:39:10.635+0000] {logging_mixin.py:188} INFO - [2024-07-05T01:39:10.633+0000] {dagbag.py:545} INFO - Filling up the DagBag from /home/airflow/.local/lib/python3.12/site-packages/airflow/example_dags/example_branch_python_dop_operator_3.py
[2024-07-05T01:39:10.685+0000] {processor.py:840} INFO - DAG(s) 'example_branch_dop_operator_v3' retrieved from /home/airflow/.local/lib/python3.12/site-packages/airflow/example_dags/example_branch_python_dop_operator_3.py
[2024-07-05T01:39:10.805+0000] {logging_mixin.py:188} INFO - [2024-07-05T01:39:10.804+0000] {dag.py:3096} INFO - Sync 1 DAGs
[2024-07-05T01:39:10.960+0000] {logging_mixin.py:188} INFO - [2024-07-05T01:39:10.958+0000] {dag.py:3954} INFO - Setting next_dagrun for example_branch_dop_operator_v3 to 2024-07-05 01:38:00+00:00, run_after=2024-07-05 01:39:00+00:00
[2024-07-05T01:39:11.144+0000] {processor.py:183} INFO - Processing /home/airflow/.local/lib/python3.12/site-packages/airflow/example_dags/example_branch_python_dop_operator_3.py took 0.566 seconds
