[2024-07-05T01:29:59.084+0000] {processor.py:161} INFO - Started process (PID=97) to work on /home/airflow/.local/lib/python3.12/site-packages/airflow/example_dags/example_nested_branch_dag.py
[2024-07-05T01:29:59.097+0000] {processor.py:830} INFO - Processing file /home/airflow/.local/lib/python3.12/site-packages/airflow/example_dags/example_nested_branch_dag.py for tasks to queue
[2024-07-05T01:29:59.137+0000] {logging_mixin.py:188} INFO - [2024-07-05T01:29:59.127+0000] {dagbag.py:545} INFO - Filling up the DagBag from /home/airflow/.local/lib/python3.12/site-packages/airflow/example_dags/example_nested_branch_dag.py
[2024-07-05T01:29:59.474+0000] {processor.py:840} INFO - DAG(s) 'example_nested_branch_dag' retrieved from /home/airflow/.local/lib/python3.12/site-packages/airflow/example_dags/example_nested_branch_dag.py
[2024-07-05T01:29:59.563+0000] {logging_mixin.py:188} INFO - [2024-07-05T01:29:59.562+0000] {dag.py:3096} INFO - Sync 1 DAGs
[2024-07-05T01:29:59.805+0000] {logging_mixin.py:188} INFO - [2024-07-05T01:29:59.804+0000] {dag.py:3954} INFO - Setting next_dagrun for example_nested_branch_dag to 2024-07-04 00:00:00+00:00, run_after=2024-07-05 00:00:00+00:00
[2024-07-05T01:30:00.010+0000] {processor.py:183} INFO - Processing /home/airflow/.local/lib/python3.12/site-packages/airflow/example_dags/example_nested_branch_dag.py took 1.109 seconds
[2024-07-05T01:31:48.052+0000] {processor.py:161} INFO - Started process (PID=164) to work on /home/airflow/.local/lib/python3.12/site-packages/airflow/example_dags/example_nested_branch_dag.py
[2024-07-05T01:31:48.134+0000] {processor.py:830} INFO - Processing file /home/airflow/.local/lib/python3.12/site-packages/airflow/example_dags/example_nested_branch_dag.py for tasks to queue
[2024-07-05T01:31:48.138+0000] {logging_mixin.py:188} INFO - [2024-07-05T01:31:48.137+0000] {dagbag.py:545} INFO - Filling up the DagBag from /home/airflow/.local/lib/python3.12/site-packages/airflow/example_dags/example_nested_branch_dag.py
[2024-07-05T01:31:48.273+0000] {processor.py:840} INFO - DAG(s) 'example_nested_branch_dag' retrieved from /home/airflow/.local/lib/python3.12/site-packages/airflow/example_dags/example_nested_branch_dag.py
[2024-07-05T01:31:48.792+0000] {logging_mixin.py:188} INFO - [2024-07-05T01:31:48.792+0000] {dag.py:3096} INFO - Sync 1 DAGs
[2024-07-05T01:31:48.937+0000] {logging_mixin.py:188} INFO - [2024-07-05T01:31:48.937+0000] {dag.py:3954} INFO - Setting next_dagrun for example_nested_branch_dag to 2024-07-04 00:00:00+00:00, run_after=2024-07-05 00:00:00+00:00
[2024-07-05T01:31:49.321+0000] {processor.py:183} INFO - Processing /home/airflow/.local/lib/python3.12/site-packages/airflow/example_dags/example_nested_branch_dag.py took 1.278 seconds
[2024-07-05T01:33:08.780+0000] {processor.py:161} INFO - Started process (PID=237) to work on /home/airflow/.local/lib/python3.12/site-packages/airflow/example_dags/example_nested_branch_dag.py
[2024-07-05T01:33:08.805+0000] {processor.py:830} INFO - Processing file /home/airflow/.local/lib/python3.12/site-packages/airflow/example_dags/example_nested_branch_dag.py for tasks to queue
[2024-07-05T01:33:08.826+0000] {logging_mixin.py:188} INFO - [2024-07-05T01:33:08.825+0000] {dagbag.py:545} INFO - Filling up the DagBag from /home/airflow/.local/lib/python3.12/site-packages/airflow/example_dags/example_nested_branch_dag.py
[2024-07-05T01:33:09.132+0000] {processor.py:840} INFO - DAG(s) 'example_nested_branch_dag' retrieved from /home/airflow/.local/lib/python3.12/site-packages/airflow/example_dags/example_nested_branch_dag.py
[2024-07-05T01:33:09.510+0000] {logging_mixin.py:188} INFO - [2024-07-05T01:33:09.509+0000] {dag.py:3096} INFO - Sync 1 DAGs
[2024-07-05T01:33:09.751+0000] {logging_mixin.py:188} INFO - [2024-07-05T01:33:09.747+0000] {dag.py:3954} INFO - Setting next_dagrun for example_nested_branch_dag to 2024-07-04 00:00:00+00:00, run_after=2024-07-05 00:00:00+00:00
[2024-07-05T01:33:09.869+0000] {processor.py:183} INFO - Processing /home/airflow/.local/lib/python3.12/site-packages/airflow/example_dags/example_nested_branch_dag.py took 1.122 seconds
[2024-07-05T01:33:55.228+0000] {processor.py:161} INFO - Started process (PID=291) to work on /home/airflow/.local/lib/python3.12/site-packages/airflow/example_dags/example_nested_branch_dag.py
[2024-07-05T01:33:55.235+0000] {processor.py:830} INFO - Processing file /home/airflow/.local/lib/python3.12/site-packages/airflow/example_dags/example_nested_branch_dag.py for tasks to queue
[2024-07-05T01:33:55.267+0000] {logging_mixin.py:188} INFO - [2024-07-05T01:33:55.259+0000] {dagbag.py:545} INFO - Filling up the DagBag from /home/airflow/.local/lib/python3.12/site-packages/airflow/example_dags/example_nested_branch_dag.py
[2024-07-05T01:33:55.352+0000] {processor.py:840} INFO - DAG(s) 'example_nested_branch_dag' retrieved from /home/airflow/.local/lib/python3.12/site-packages/airflow/example_dags/example_nested_branch_dag.py
[2024-07-05T01:33:55.556+0000] {logging_mixin.py:188} INFO - [2024-07-05T01:33:55.555+0000] {dag.py:3096} INFO - Sync 1 DAGs
[2024-07-05T01:33:55.806+0000] {logging_mixin.py:188} INFO - [2024-07-05T01:33:55.794+0000] {dag.py:3954} INFO - Setting next_dagrun for example_nested_branch_dag to 2024-07-04 00:00:00+00:00, run_after=2024-07-05 00:00:00+00:00
[2024-07-05T01:33:55.984+0000] {processor.py:183} INFO - Processing /home/airflow/.local/lib/python3.12/site-packages/airflow/example_dags/example_nested_branch_dag.py took 0.805 seconds
[2024-07-05T01:36:30.198+0000] {processor.py:161} INFO - Started process (PID=61) to work on /home/airflow/.local/lib/python3.12/site-packages/airflow/example_dags/example_nested_branch_dag.py
[2024-07-05T01:36:30.253+0000] {processor.py:830} INFO - Processing file /home/airflow/.local/lib/python3.12/site-packages/airflow/example_dags/example_nested_branch_dag.py for tasks to queue
[2024-07-05T01:36:30.256+0000] {logging_mixin.py:188} INFO - [2024-07-05T01:36:30.255+0000] {dagbag.py:545} INFO - Filling up the DagBag from /home/airflow/.local/lib/python3.12/site-packages/airflow/example_dags/example_nested_branch_dag.py
[2024-07-05T01:36:30.270+0000] {processor.py:840} INFO - DAG(s) 'example_nested_branch_dag' retrieved from /home/airflow/.local/lib/python3.12/site-packages/airflow/example_dags/example_nested_branch_dag.py
[2024-07-05T01:36:30.306+0000] {logging_mixin.py:188} INFO - [2024-07-05T01:36:30.305+0000] {dag.py:3096} INFO - Sync 1 DAGs
[2024-07-05T01:36:30.335+0000] {logging_mixin.py:188} INFO - [2024-07-05T01:36:30.335+0000] {dag.py:3954} INFO - Setting next_dagrun for example_nested_branch_dag to 2024-07-04 00:00:00+00:00, run_after=2024-07-05 00:00:00+00:00
[2024-07-05T01:36:30.663+0000] {processor.py:183} INFO - Processing /home/airflow/.local/lib/python3.12/site-packages/airflow/example_dags/example_nested_branch_dag.py took 0.471 seconds
[2024-07-05T01:37:16.819+0000] {processor.py:161} INFO - Started process (PID=127) to work on /home/airflow/.local/lib/python3.12/site-packages/airflow/example_dags/example_nested_branch_dag.py
[2024-07-05T01:37:16.929+0000] {processor.py:830} INFO - Processing file /home/airflow/.local/lib/python3.12/site-packages/airflow/example_dags/example_nested_branch_dag.py for tasks to queue
[2024-07-05T01:37:16.936+0000] {logging_mixin.py:188} INFO - [2024-07-05T01:37:16.935+0000] {dagbag.py:545} INFO - Filling up the DagBag from /home/airflow/.local/lib/python3.12/site-packages/airflow/example_dags/example_nested_branch_dag.py
[2024-07-05T01:37:17.106+0000] {processor.py:840} INFO - DAG(s) 'example_nested_branch_dag' retrieved from /home/airflow/.local/lib/python3.12/site-packages/airflow/example_dags/example_nested_branch_dag.py
[2024-07-05T01:37:17.139+0000] {logging_mixin.py:188} INFO - [2024-07-05T01:37:17.138+0000] {dag.py:3096} INFO - Sync 1 DAGs
[2024-07-05T01:37:17.166+0000] {logging_mixin.py:188} INFO - [2024-07-05T01:37:17.166+0000] {dag.py:3954} INFO - Setting next_dagrun for example_nested_branch_dag to 2024-07-04 00:00:00+00:00, run_after=2024-07-05 00:00:00+00:00
[2024-07-05T01:37:17.344+0000] {processor.py:183} INFO - Processing /home/airflow/.local/lib/python3.12/site-packages/airflow/example_dags/example_nested_branch_dag.py took 0.535 seconds
[2024-07-05T01:38:35.135+0000] {processor.py:161} INFO - Started process (PID=220) to work on /home/airflow/.local/lib/python3.12/site-packages/airflow/example_dags/example_nested_branch_dag.py
[2024-07-05T01:38:35.141+0000] {processor.py:830} INFO - Processing file /home/airflow/.local/lib/python3.12/site-packages/airflow/example_dags/example_nested_branch_dag.py for tasks to queue
[2024-07-05T01:38:35.147+0000] {logging_mixin.py:188} INFO - [2024-07-05T01:38:35.146+0000] {dagbag.py:545} INFO - Filling up the DagBag from /home/airflow/.local/lib/python3.12/site-packages/airflow/example_dags/example_nested_branch_dag.py
[2024-07-05T01:38:35.231+0000] {processor.py:840} INFO - DAG(s) 'example_nested_branch_dag' retrieved from /home/airflow/.local/lib/python3.12/site-packages/airflow/example_dags/example_nested_branch_dag.py
[2024-07-05T01:38:35.354+0000] {logging_mixin.py:188} INFO - [2024-07-05T01:38:35.353+0000] {dag.py:3096} INFO - Sync 1 DAGs
[2024-07-05T01:38:35.502+0000] {logging_mixin.py:188} INFO - [2024-07-05T01:38:35.501+0000] {dag.py:3954} INFO - Setting next_dagrun for example_nested_branch_dag to 2024-07-04 00:00:00+00:00, run_after=2024-07-05 00:00:00+00:00
[2024-07-05T01:38:35.628+0000] {processor.py:183} INFO - Processing /home/airflow/.local/lib/python3.12/site-packages/airflow/example_dags/example_nested_branch_dag.py took 0.525 seconds
[2024-07-05T01:39:39.712+0000] {processor.py:161} INFO - Started process (PID=281) to work on /home/airflow/.local/lib/python3.12/site-packages/airflow/example_dags/example_nested_branch_dag.py
[2024-07-05T01:39:39.718+0000] {processor.py:830} INFO - Processing file /home/airflow/.local/lib/python3.12/site-packages/airflow/example_dags/example_nested_branch_dag.py for tasks to queue
[2024-07-05T01:39:39.722+0000] {logging_mixin.py:188} INFO - [2024-07-05T01:39:39.720+0000] {dagbag.py:545} INFO - Filling up the DagBag from /home/airflow/.local/lib/python3.12/site-packages/airflow/example_dags/example_nested_branch_dag.py
[2024-07-05T01:39:39.786+0000] {processor.py:840} INFO - DAG(s) 'example_nested_branch_dag' retrieved from /home/airflow/.local/lib/python3.12/site-packages/airflow/example_dags/example_nested_branch_dag.py
[2024-07-05T01:39:39.932+0000] {logging_mixin.py:188} INFO - [2024-07-05T01:39:39.930+0000] {dag.py:3096} INFO - Sync 1 DAGs
[2024-07-05T01:39:40.144+0000] {logging_mixin.py:188} INFO - [2024-07-05T01:39:40.143+0000] {dag.py:3954} INFO - Setting next_dagrun for example_nested_branch_dag to 2024-07-04 00:00:00+00:00, run_after=2024-07-05 00:00:00+00:00
[2024-07-05T01:39:40.293+0000] {processor.py:183} INFO - Processing /home/airflow/.local/lib/python3.12/site-packages/airflow/example_dags/example_nested_branch_dag.py took 0.620 seconds
