[2024-07-05T01:29:52.073+0000] {processor.py:161} INFO - Started process (PID=79) to work on /home/airflow/.local/lib/python3.12/site-packages/airflow/example_dags/example_latest_only_with_trigger.py
[2024-07-05T01:29:52.086+0000] {processor.py:830} INFO - Processing file /home/airflow/.local/lib/python3.12/site-packages/airflow/example_dags/example_latest_only_with_trigger.py for tasks to queue
[2024-07-05T01:29:52.115+0000] {logging_mixin.py:188} INFO - [2024-07-05T01:29:52.114+0000] {dagbag.py:545} INFO - Filling up the DagBag from /home/airflow/.local/lib/python3.12/site-packages/airflow/example_dags/example_latest_only_with_trigger.py
[2024-07-05T01:29:52.215+0000] {processor.py:840} INFO - DAG(s) 'latest_only_with_trigger' retrieved from /home/airflow/.local/lib/python3.12/site-packages/airflow/example_dags/example_latest_only_with_trigger.py
[2024-07-05T01:29:52.330+0000] {logging_mixin.py:188} INFO - [2024-07-05T01:29:52.329+0000] {dag.py:3096} INFO - Sync 1 DAGs
[2024-07-05T01:29:52.623+0000] {logging_mixin.py:188} INFO - [2024-07-05T01:29:52.619+0000] {dag.py:3954} INFO - Setting next_dagrun for latest_only_with_trigger to 2024-07-04 20:00:00+00:00, run_after=2024-07-05 00:00:00+00:00
[2024-07-05T01:29:52.955+0000] {processor.py:183} INFO - Processing /home/airflow/.local/lib/python3.12/site-packages/airflow/example_dags/example_latest_only_with_trigger.py took 0.930 seconds
[2024-07-05T01:31:32.431+0000] {processor.py:161} INFO - Started process (PID=152) to work on /home/airflow/.local/lib/python3.12/site-packages/airflow/example_dags/example_latest_only_with_trigger.py
[2024-07-05T01:31:32.721+0000] {processor.py:830} INFO - Processing file /home/airflow/.local/lib/python3.12/site-packages/airflow/example_dags/example_latest_only_with_trigger.py for tasks to queue
[2024-07-05T01:31:32.732+0000] {logging_mixin.py:188} INFO - [2024-07-05T01:31:32.731+0000] {dagbag.py:545} INFO - Filling up the DagBag from /home/airflow/.local/lib/python3.12/site-packages/airflow/example_dags/example_latest_only_with_trigger.py
[2024-07-05T01:31:33.067+0000] {processor.py:840} INFO - DAG(s) 'latest_only_with_trigger' retrieved from /home/airflow/.local/lib/python3.12/site-packages/airflow/example_dags/example_latest_only_with_trigger.py
[2024-07-05T01:31:33.403+0000] {logging_mixin.py:188} INFO - [2024-07-05T01:31:33.403+0000] {dag.py:3096} INFO - Sync 1 DAGs
[2024-07-05T01:31:33.639+0000] {logging_mixin.py:188} INFO - [2024-07-05T01:31:33.639+0000] {dag.py:3954} INFO - Setting next_dagrun for latest_only_with_trigger to 2024-07-04 20:00:00+00:00, run_after=2024-07-05 00:00:00+00:00
[2024-07-05T01:31:34.615+0000] {processor.py:183} INFO - Processing /home/airflow/.local/lib/python3.12/site-packages/airflow/example_dags/example_latest_only_with_trigger.py took 4.628 seconds
[2024-07-05T01:32:23.381+0000] {processor.py:161} INFO - Started process (PID=200) to work on /home/airflow/.local/lib/python3.12/site-packages/airflow/example_dags/example_latest_only_with_trigger.py
[2024-07-05T01:32:23.385+0000] {processor.py:830} INFO - Processing file /home/airflow/.local/lib/python3.12/site-packages/airflow/example_dags/example_latest_only_with_trigger.py for tasks to queue
[2024-07-05T01:32:23.405+0000] {logging_mixin.py:188} INFO - [2024-07-05T01:32:23.404+0000] {dagbag.py:545} INFO - Filling up the DagBag from /home/airflow/.local/lib/python3.12/site-packages/airflow/example_dags/example_latest_only_with_trigger.py
[2024-07-05T01:32:23.460+0000] {processor.py:840} INFO - DAG(s) 'latest_only_with_trigger' retrieved from /home/airflow/.local/lib/python3.12/site-packages/airflow/example_dags/example_latest_only_with_trigger.py
[2024-07-05T01:32:23.678+0000] {logging_mixin.py:188} INFO - [2024-07-05T01:32:23.677+0000] {dag.py:3096} INFO - Sync 1 DAGs
[2024-07-05T01:32:23.766+0000] {logging_mixin.py:188} INFO - [2024-07-05T01:32:23.764+0000] {dag.py:3954} INFO - Setting next_dagrun for latest_only_with_trigger to 2024-07-04 20:00:00+00:00, run_after=2024-07-05 00:00:00+00:00
[2024-07-05T01:32:23.849+0000] {processor.py:183} INFO - Processing /home/airflow/.local/lib/python3.12/site-packages/airflow/example_dags/example_latest_only_with_trigger.py took 0.501 seconds
[2024-07-05T01:33:17.793+0000] {processor.py:161} INFO - Started process (PID=255) to work on /home/airflow/.local/lib/python3.12/site-packages/airflow/example_dags/example_latest_only_with_trigger.py
[2024-07-05T01:33:17.796+0000] {processor.py:830} INFO - Processing file /home/airflow/.local/lib/python3.12/site-packages/airflow/example_dags/example_latest_only_with_trigger.py for tasks to queue
[2024-07-05T01:33:17.801+0000] {logging_mixin.py:188} INFO - [2024-07-05T01:33:17.800+0000] {dagbag.py:545} INFO - Filling up the DagBag from /home/airflow/.local/lib/python3.12/site-packages/airflow/example_dags/example_latest_only_with_trigger.py
[2024-07-05T01:33:17.816+0000] {processor.py:840} INFO - DAG(s) 'latest_only_with_trigger' retrieved from /home/airflow/.local/lib/python3.12/site-packages/airflow/example_dags/example_latest_only_with_trigger.py
[2024-07-05T01:33:17.882+0000] {logging_mixin.py:188} INFO - [2024-07-05T01:33:17.881+0000] {dag.py:3096} INFO - Sync 1 DAGs
[2024-07-05T01:33:17.949+0000] {logging_mixin.py:188} INFO - [2024-07-05T01:33:17.949+0000] {dag.py:3954} INFO - Setting next_dagrun for latest_only_with_trigger to 2024-07-04 20:00:00+00:00, run_after=2024-07-05 00:00:00+00:00
[2024-07-05T01:33:18.013+0000] {processor.py:183} INFO - Processing /home/airflow/.local/lib/python3.12/site-packages/airflow/example_dags/example_latest_only_with_trigger.py took 0.235 seconds
[2024-07-05T01:36:24.429+0000] {processor.py:161} INFO - Started process (PID=49) to work on /home/airflow/.local/lib/python3.12/site-packages/airflow/example_dags/example_latest_only_with_trigger.py
[2024-07-05T01:36:24.488+0000] {processor.py:830} INFO - Processing file /home/airflow/.local/lib/python3.12/site-packages/airflow/example_dags/example_latest_only_with_trigger.py for tasks to queue
[2024-07-05T01:36:24.494+0000] {logging_mixin.py:188} INFO - [2024-07-05T01:36:24.493+0000] {dagbag.py:545} INFO - Filling up the DagBag from /home/airflow/.local/lib/python3.12/site-packages/airflow/example_dags/example_latest_only_with_trigger.py
[2024-07-05T01:36:24.514+0000] {processor.py:840} INFO - DAG(s) 'latest_only_with_trigger' retrieved from /home/airflow/.local/lib/python3.12/site-packages/airflow/example_dags/example_latest_only_with_trigger.py
[2024-07-05T01:36:24.573+0000] {logging_mixin.py:188} INFO - [2024-07-05T01:36:24.572+0000] {dag.py:3096} INFO - Sync 1 DAGs
[2024-07-05T01:36:24.643+0000] {logging_mixin.py:188} INFO - [2024-07-05T01:36:24.642+0000] {dag.py:3954} INFO - Setting next_dagrun for latest_only_with_trigger to 2024-07-04 20:00:00+00:00, run_after=2024-07-05 00:00:00+00:00
[2024-07-05T01:36:24.878+0000] {processor.py:183} INFO - Processing /home/airflow/.local/lib/python3.12/site-packages/airflow/example_dags/example_latest_only_with_trigger.py took 0.465 seconds
[2024-07-05T01:37:06.765+0000] {processor.py:161} INFO - Started process (PID=109) to work on /home/airflow/.local/lib/python3.12/site-packages/airflow/example_dags/example_latest_only_with_trigger.py
[2024-07-05T01:37:06.927+0000] {processor.py:830} INFO - Processing file /home/airflow/.local/lib/python3.12/site-packages/airflow/example_dags/example_latest_only_with_trigger.py for tasks to queue
[2024-07-05T01:37:07.031+0000] {logging_mixin.py:188} INFO - [2024-07-05T01:37:07.029+0000] {dagbag.py:545} INFO - Filling up the DagBag from /home/airflow/.local/lib/python3.12/site-packages/airflow/example_dags/example_latest_only_with_trigger.py
[2024-07-05T01:37:08.071+0000] {processor.py:840} INFO - DAG(s) 'latest_only_with_trigger' retrieved from /home/airflow/.local/lib/python3.12/site-packages/airflow/example_dags/example_latest_only_with_trigger.py
[2024-07-05T01:37:08.486+0000] {logging_mixin.py:188} INFO - [2024-07-05T01:37:08.485+0000] {dag.py:3096} INFO - Sync 1 DAGs
[2024-07-05T01:37:08.697+0000] {logging_mixin.py:188} INFO - [2024-07-05T01:37:08.696+0000] {dag.py:3954} INFO - Setting next_dagrun for latest_only_with_trigger to 2024-07-04 20:00:00+00:00, run_after=2024-07-05 00:00:00+00:00
[2024-07-05T01:37:09.248+0000] {processor.py:183} INFO - Processing /home/airflow/.local/lib/python3.12/site-packages/airflow/example_dags/example_latest_only_with_trigger.py took 2.491 seconds
[2024-07-05T01:38:12.424+0000] {processor.py:161} INFO - Started process (PID=180) to work on /home/airflow/.local/lib/python3.12/site-packages/airflow/example_dags/example_latest_only_with_trigger.py
[2024-07-05T01:38:12.431+0000] {processor.py:830} INFO - Processing file /home/airflow/.local/lib/python3.12/site-packages/airflow/example_dags/example_latest_only_with_trigger.py for tasks to queue
[2024-07-05T01:38:12.439+0000] {logging_mixin.py:188} INFO - [2024-07-05T01:38:12.437+0000] {dagbag.py:545} INFO - Filling up the DagBag from /home/airflow/.local/lib/python3.12/site-packages/airflow/example_dags/example_latest_only_with_trigger.py
[2024-07-05T01:38:12.509+0000] {processor.py:840} INFO - DAG(s) 'latest_only_with_trigger' retrieved from /home/airflow/.local/lib/python3.12/site-packages/airflow/example_dags/example_latest_only_with_trigger.py
[2024-07-05T01:38:22.171+0000] {logging_mixin.py:188} INFO - [2024-07-05T01:38:22.169+0000] {dag.py:3096} INFO - Sync 1 DAGs
[2024-07-05T01:38:22.254+0000] {logging_mixin.py:188} INFO - [2024-07-05T01:38:22.253+0000] {dag.py:3954} INFO - Setting next_dagrun for latest_only_with_trigger to 2024-07-04 20:00:00+00:00, run_after=2024-07-05 00:00:00+00:00
[2024-07-05T01:38:22.354+0000] {processor.py:183} INFO - Processing /home/airflow/.local/lib/python3.12/site-packages/airflow/example_dags/example_latest_only_with_trigger.py took 9.989 seconds
[2024-07-05T01:38:54.646+0000] {processor.py:161} INFO - Started process (PID=255) to work on /home/airflow/.local/lib/python3.12/site-packages/airflow/example_dags/example_latest_only_with_trigger.py
[2024-07-05T01:38:54.648+0000] {processor.py:830} INFO - Processing file /home/airflow/.local/lib/python3.12/site-packages/airflow/example_dags/example_latest_only_with_trigger.py for tasks to queue
[2024-07-05T01:38:54.654+0000] {logging_mixin.py:188} INFO - [2024-07-05T01:38:54.649+0000] {dagbag.py:545} INFO - Filling up the DagBag from /home/airflow/.local/lib/python3.12/site-packages/airflow/example_dags/example_latest_only_with_trigger.py
[2024-07-05T01:38:54.672+0000] {processor.py:840} INFO - DAG(s) 'latest_only_with_trigger' retrieved from /home/airflow/.local/lib/python3.12/site-packages/airflow/example_dags/example_latest_only_with_trigger.py
[2024-07-05T01:38:54.715+0000] {logging_mixin.py:188} INFO - [2024-07-05T01:38:54.715+0000] {dag.py:3096} INFO - Sync 1 DAGs
[2024-07-05T01:38:54.793+0000] {logging_mixin.py:188} INFO - [2024-07-05T01:38:54.791+0000] {dag.py:3954} INFO - Setting next_dagrun for latest_only_with_trigger to 2024-07-04 20:00:00+00:00, run_after=2024-07-05 00:00:00+00:00
[2024-07-05T01:38:54.862+0000] {processor.py:183} INFO - Processing /home/airflow/.local/lib/python3.12/site-packages/airflow/example_dags/example_latest_only_with_trigger.py took 0.229 seconds
