[2024-07-05T01:30:52.226+0000] {processor.py:161} INFO - Started process (PID=128) to work on /home/airflow/.local/lib/python3.12/site-packages/airflow/example_dags/example_params_trigger_ui.py
[2024-07-05T01:30:52.275+0000] {processor.py:830} INFO - Processing file /home/airflow/.local/lib/python3.12/site-packages/airflow/example_dags/example_params_trigger_ui.py for tasks to queue
[2024-07-05T01:30:52.351+0000] {logging_mixin.py:188} INFO - [2024-07-05T01:30:52.325+0000] {dagbag.py:545} INFO - Filling up the DagBag from /home/airflow/.local/lib/python3.12/site-packages/airflow/example_dags/example_params_trigger_ui.py
[2024-07-05T01:30:53.260+0000] {processor.py:840} INFO - DAG(s) 'example_params_trigger_ui' retrieved from /home/airflow/.local/lib/python3.12/site-packages/airflow/example_dags/example_params_trigger_ui.py
[2024-07-05T01:30:55.075+0000] {logging_mixin.py:188} INFO - [2024-07-05T01:30:55.074+0000] {dag.py:3096} INFO - Sync 1 DAGs
[2024-07-05T01:30:55.499+0000] {logging_mixin.py:188} INFO - [2024-07-05T01:30:55.498+0000] {dag.py:3954} INFO - Setting next_dagrun for example_params_trigger_ui to None, run_after=None
[2024-07-05T01:30:55.860+0000] {processor.py:183} INFO - Processing /home/airflow/.local/lib/python3.12/site-packages/airflow/example_dags/example_params_trigger_ui.py took 3.742 seconds
[2024-07-05T01:32:30.432+0000] {processor.py:161} INFO - Started process (PID=212) to work on /home/airflow/.local/lib/python3.12/site-packages/airflow/example_dags/example_params_trigger_ui.py
[2024-07-05T01:32:30.447+0000] {processor.py:830} INFO - Processing file /home/airflow/.local/lib/python3.12/site-packages/airflow/example_dags/example_params_trigger_ui.py for tasks to queue
[2024-07-05T01:32:30.465+0000] {logging_mixin.py:188} INFO - [2024-07-05T01:32:30.463+0000] {dagbag.py:545} INFO - Filling up the DagBag from /home/airflow/.local/lib/python3.12/site-packages/airflow/example_dags/example_params_trigger_ui.py
[2024-07-05T01:32:30.620+0000] {processor.py:840} INFO - DAG(s) 'example_params_trigger_ui' retrieved from /home/airflow/.local/lib/python3.12/site-packages/airflow/example_dags/example_params_trigger_ui.py
[2024-07-05T01:32:30.891+0000] {logging_mixin.py:188} INFO - [2024-07-05T01:32:30.884+0000] {dag.py:3096} INFO - Sync 1 DAGs
[2024-07-05T01:32:30.976+0000] {logging_mixin.py:188} INFO - [2024-07-05T01:32:30.976+0000] {dag.py:3954} INFO - Setting next_dagrun for example_params_trigger_ui to None, run_after=None
[2024-07-05T01:32:31.071+0000] {processor.py:183} INFO - Processing /home/airflow/.local/lib/python3.12/site-packages/airflow/example_dags/example_params_trigger_ui.py took 0.668 seconds
[2024-07-05T01:33:25.528+0000] {processor.py:161} INFO - Started process (PID=276) to work on /home/airflow/.local/lib/python3.12/site-packages/airflow/example_dags/example_params_trigger_ui.py
[2024-07-05T01:33:25.550+0000] {processor.py:830} INFO - Processing file /home/airflow/.local/lib/python3.12/site-packages/airflow/example_dags/example_params_trigger_ui.py for tasks to queue
[2024-07-05T01:33:25.572+0000] {logging_mixin.py:188} INFO - [2024-07-05T01:33:25.570+0000] {dagbag.py:545} INFO - Filling up the DagBag from /home/airflow/.local/lib/python3.12/site-packages/airflow/example_dags/example_params_trigger_ui.py
[2024-07-05T01:33:25.728+0000] {processor.py:840} INFO - DAG(s) 'example_params_trigger_ui' retrieved from /home/airflow/.local/lib/python3.12/site-packages/airflow/example_dags/example_params_trigger_ui.py
[2024-07-05T01:33:26.138+0000] {logging_mixin.py:188} INFO - [2024-07-05T01:33:26.135+0000] {dag.py:3096} INFO - Sync 1 DAGs
[2024-07-05T01:33:26.257+0000] {logging_mixin.py:188} INFO - [2024-07-05T01:33:26.256+0000] {dag.py:3954} INFO - Setting next_dagrun for example_params_trigger_ui to None, run_after=None
[2024-07-05T01:33:26.504+0000] {processor.py:183} INFO - Processing /home/airflow/.local/lib/python3.12/site-packages/airflow/example_dags/example_params_trigger_ui.py took 1.153 seconds
[2024-07-05T01:36:39.090+0000] {processor.py:161} INFO - Started process (PID=85) to work on /home/airflow/.local/lib/python3.12/site-packages/airflow/example_dags/example_params_trigger_ui.py
[2024-07-05T01:36:39.094+0000] {processor.py:830} INFO - Processing file /home/airflow/.local/lib/python3.12/site-packages/airflow/example_dags/example_params_trigger_ui.py for tasks to queue
[2024-07-05T01:36:39.110+0000] {logging_mixin.py:188} INFO - [2024-07-05T01:36:39.108+0000] {dagbag.py:545} INFO - Filling up the DagBag from /home/airflow/.local/lib/python3.12/site-packages/airflow/example_dags/example_params_trigger_ui.py
[2024-07-05T01:36:39.189+0000] {processor.py:840} INFO - DAG(s) 'example_params_trigger_ui' retrieved from /home/airflow/.local/lib/python3.12/site-packages/airflow/example_dags/example_params_trigger_ui.py
[2024-07-05T01:36:39.510+0000] {logging_mixin.py:188} INFO - [2024-07-05T01:36:39.508+0000] {dag.py:3096} INFO - Sync 1 DAGs
[2024-07-05T01:36:39.712+0000] {logging_mixin.py:188} INFO - [2024-07-05T01:36:39.711+0000] {dag.py:3954} INFO - Setting next_dagrun for example_params_trigger_ui to None, run_after=None
[2024-07-05T01:36:39.867+0000] {processor.py:183} INFO - Processing /home/airflow/.local/lib/python3.12/site-packages/airflow/example_dags/example_params_trigger_ui.py took 0.801 seconds
[2024-07-05T01:37:30.188+0000] {processor.py:161} INFO - Started process (PID=163) to work on /home/airflow/.local/lib/python3.12/site-packages/airflow/example_dags/example_params_trigger_ui.py
[2024-07-05T01:37:30.196+0000] {processor.py:830} INFO - Processing file /home/airflow/.local/lib/python3.12/site-packages/airflow/example_dags/example_params_trigger_ui.py for tasks to queue
[2024-07-05T01:37:30.204+0000] {logging_mixin.py:188} INFO - [2024-07-05T01:37:30.203+0000] {dagbag.py:545} INFO - Filling up the DagBag from /home/airflow/.local/lib/python3.12/site-packages/airflow/example_dags/example_params_trigger_ui.py
[2024-07-05T01:37:30.361+0000] {processor.py:840} INFO - DAG(s) 'example_params_trigger_ui' retrieved from /home/airflow/.local/lib/python3.12/site-packages/airflow/example_dags/example_params_trigger_ui.py
[2024-07-05T01:37:30.852+0000] {logging_mixin.py:188} INFO - [2024-07-05T01:37:30.851+0000] {dag.py:3096} INFO - Sync 1 DAGs
[2024-07-05T01:37:30.995+0000] {logging_mixin.py:188} INFO - [2024-07-05T01:37:30.994+0000] {dag.py:3954} INFO - Setting next_dagrun for example_params_trigger_ui to None, run_after=None
[2024-07-05T01:37:31.251+0000] {processor.py:183} INFO - Processing /home/airflow/.local/lib/python3.12/site-packages/airflow/example_dags/example_params_trigger_ui.py took 1.095 seconds
[2024-07-05T01:38:47.929+0000] {processor.py:161} INFO - Started process (PID=244) to work on /home/airflow/.local/lib/python3.12/site-packages/airflow/example_dags/example_params_trigger_ui.py
[2024-07-05T01:38:47.934+0000] {processor.py:830} INFO - Processing file /home/airflow/.local/lib/python3.12/site-packages/airflow/example_dags/example_params_trigger_ui.py for tasks to queue
[2024-07-05T01:38:47.943+0000] {logging_mixin.py:188} INFO - [2024-07-05T01:38:47.942+0000] {dagbag.py:545} INFO - Filling up the DagBag from /home/airflow/.local/lib/python3.12/site-packages/airflow/example_dags/example_params_trigger_ui.py
[2024-07-05T01:38:48.017+0000] {processor.py:840} INFO - DAG(s) 'example_params_trigger_ui' retrieved from /home/airflow/.local/lib/python3.12/site-packages/airflow/example_dags/example_params_trigger_ui.py
[2024-07-05T01:38:48.266+0000] {logging_mixin.py:188} INFO - [2024-07-05T01:38:48.264+0000] {dag.py:3096} INFO - Sync 1 DAGs
[2024-07-05T01:38:48.322+0000] {logging_mixin.py:188} INFO - [2024-07-05T01:38:48.321+0000] {dag.py:3954} INFO - Setting next_dagrun for example_params_trigger_ui to None, run_after=None
[2024-07-05T01:38:48.424+0000] {processor.py:183} INFO - Processing /home/airflow/.local/lib/python3.12/site-packages/airflow/example_dags/example_params_trigger_ui.py took 0.515 seconds
