[2024-07-05T01:30:34.285+0000] {processor.py:161} INFO - Started process (PID=114) to work on /home/airflow/.local/lib/python3.12/site-packages/airflow/example_dags/example_sla_dag.py
[2024-07-05T01:30:34.362+0000] {processor.py:830} INFO - Processing file /home/airflow/.local/lib/python3.12/site-packages/airflow/example_dags/example_sla_dag.py for tasks to queue
[2024-07-05T01:30:34.383+0000] {logging_mixin.py:188} INFO - [2024-07-05T01:30:34.382+0000] {dagbag.py:545} INFO - Filling up the DagBag from /home/airflow/.local/lib/python3.12/site-packages/airflow/example_dags/example_sla_dag.py
[2024-07-05T01:30:34.603+0000] {processor.py:840} INFO - DAG(s) 'example_sla_dag' retrieved from /home/airflow/.local/lib/python3.12/site-packages/airflow/example_dags/example_sla_dag.py
[2024-07-05T01:30:38.568+0000] {logging_mixin.py:188} INFO - [2024-07-05T01:30:38.568+0000] {dag.py:3096} INFO - Sync 1 DAGs
[2024-07-05T01:30:41.871+0000] {logging_mixin.py:188} INFO - [2024-07-05T01:30:41.870+0000] {dag.py:3954} INFO - Setting next_dagrun for example_sla_dag to 2024-07-05 01:28:00+00:00, run_after=2024-07-05 01:30:00+00:00
[2024-07-05T01:30:43.873+0000] {processor.py:183} INFO - Processing /home/airflow/.local/lib/python3.12/site-packages/airflow/example_dags/example_sla_dag.py took 9.643 seconds
[2024-07-05T01:32:27.456+0000] {processor.py:161} INFO - Started process (PID=205) to work on /home/airflow/.local/lib/python3.12/site-packages/airflow/example_dags/example_sla_dag.py
[2024-07-05T01:32:27.463+0000] {processor.py:830} INFO - Processing file /home/airflow/.local/lib/python3.12/site-packages/airflow/example_dags/example_sla_dag.py for tasks to queue
[2024-07-05T01:32:27.483+0000] {logging_mixin.py:188} INFO - [2024-07-05T01:32:27.471+0000] {dagbag.py:545} INFO - Filling up the DagBag from /home/airflow/.local/lib/python3.12/site-packages/airflow/example_dags/example_sla_dag.py
[2024-07-05T01:32:27.553+0000] {processor.py:840} INFO - DAG(s) 'example_sla_dag' retrieved from /home/airflow/.local/lib/python3.12/site-packages/airflow/example_dags/example_sla_dag.py
[2024-07-05T01:32:27.648+0000] {logging_mixin.py:188} INFO - [2024-07-05T01:32:27.647+0000] {dag.py:3096} INFO - Sync 1 DAGs
[2024-07-05T01:32:27.844+0000] {logging_mixin.py:188} INFO - [2024-07-05T01:32:27.843+0000] {dag.py:3954} INFO - Setting next_dagrun for example_sla_dag to 2024-07-05 01:30:00+00:00, run_after=2024-07-05 01:32:00+00:00
[2024-07-05T01:32:28.000+0000] {processor.py:183} INFO - Processing /home/airflow/.local/lib/python3.12/site-packages/airflow/example_dags/example_sla_dag.py took 0.584 seconds
[2024-07-05T01:33:22.217+0000] {processor.py:161} INFO - Started process (PID=269) to work on /home/airflow/.local/lib/python3.12/site-packages/airflow/example_dags/example_sla_dag.py
[2024-07-05T01:33:22.241+0000] {processor.py:830} INFO - Processing file /home/airflow/.local/lib/python3.12/site-packages/airflow/example_dags/example_sla_dag.py for tasks to queue
[2024-07-05T01:33:22.252+0000] {logging_mixin.py:188} INFO - [2024-07-05T01:33:22.251+0000] {dagbag.py:545} INFO - Filling up the DagBag from /home/airflow/.local/lib/python3.12/site-packages/airflow/example_dags/example_sla_dag.py
[2024-07-05T01:33:22.341+0000] {processor.py:840} INFO - DAG(s) 'example_sla_dag' retrieved from /home/airflow/.local/lib/python3.12/site-packages/airflow/example_dags/example_sla_dag.py
[2024-07-05T01:33:22.439+0000] {logging_mixin.py:188} INFO - [2024-07-05T01:33:22.438+0000] {dag.py:3096} INFO - Sync 1 DAGs
[2024-07-05T01:33:22.616+0000] {logging_mixin.py:188} INFO - [2024-07-05T01:33:22.615+0000] {dag.py:3954} INFO - Setting next_dagrun for example_sla_dag to 2024-07-05 01:30:00+00:00, run_after=2024-07-05 01:32:00+00:00
[2024-07-05T01:33:22.713+0000] {processor.py:183} INFO - Processing /home/airflow/.local/lib/python3.12/site-packages/airflow/example_dags/example_sla_dag.py took 0.517 seconds
[2024-07-05T01:36:35.759+0000] {processor.py:161} INFO - Started process (PID=78) to work on /home/airflow/.local/lib/python3.12/site-packages/airflow/example_dags/example_sla_dag.py
[2024-07-05T01:36:35.764+0000] {processor.py:830} INFO - Processing file /home/airflow/.local/lib/python3.12/site-packages/airflow/example_dags/example_sla_dag.py for tasks to queue
[2024-07-05T01:36:35.774+0000] {logging_mixin.py:188} INFO - [2024-07-05T01:36:35.773+0000] {dagbag.py:545} INFO - Filling up the DagBag from /home/airflow/.local/lib/python3.12/site-packages/airflow/example_dags/example_sla_dag.py
[2024-07-05T01:36:35.823+0000] {processor.py:840} INFO - DAG(s) 'example_sla_dag' retrieved from /home/airflow/.local/lib/python3.12/site-packages/airflow/example_dags/example_sla_dag.py
[2024-07-05T01:36:35.931+0000] {logging_mixin.py:188} INFO - [2024-07-05T01:36:35.930+0000] {dag.py:3096} INFO - Sync 1 DAGs
[2024-07-05T01:36:36.037+0000] {logging_mixin.py:188} INFO - [2024-07-05T01:36:36.036+0000] {dag.py:3954} INFO - Setting next_dagrun for example_sla_dag to 2024-07-05 01:34:00+00:00, run_after=2024-07-05 01:36:00+00:00
[2024-07-05T01:36:36.533+0000] {processor.py:183} INFO - Processing /home/airflow/.local/lib/python3.12/site-packages/airflow/example_dags/example_sla_dag.py took 0.802 seconds
[2024-07-05T01:37:28.227+0000] {processor.py:161} INFO - Started process (PID=156) to work on /home/airflow/.local/lib/python3.12/site-packages/airflow/example_dags/example_sla_dag.py
[2024-07-05T01:37:28.231+0000] {processor.py:830} INFO - Processing file /home/airflow/.local/lib/python3.12/site-packages/airflow/example_dags/example_sla_dag.py for tasks to queue
[2024-07-05T01:37:28.237+0000] {logging_mixin.py:188} INFO - [2024-07-05T01:37:28.235+0000] {dagbag.py:545} INFO - Filling up the DagBag from /home/airflow/.local/lib/python3.12/site-packages/airflow/example_dags/example_sla_dag.py
[2024-07-05T01:37:28.264+0000] {processor.py:840} INFO - DAG(s) 'example_sla_dag' retrieved from /home/airflow/.local/lib/python3.12/site-packages/airflow/example_dags/example_sla_dag.py
[2024-07-05T01:37:28.342+0000] {logging_mixin.py:188} INFO - [2024-07-05T01:37:28.341+0000] {dag.py:3096} INFO - Sync 1 DAGs
[2024-07-05T01:37:28.466+0000] {logging_mixin.py:188} INFO - [2024-07-05T01:37:28.465+0000] {dag.py:3954} INFO - Setting next_dagrun for example_sla_dag to 2024-07-05 01:34:00+00:00, run_after=2024-07-05 01:36:00+00:00
[2024-07-05T01:37:28.565+0000] {processor.py:183} INFO - Processing /home/airflow/.local/lib/python3.12/site-packages/airflow/example_dags/example_sla_dag.py took 0.362 seconds
[2024-07-05T01:38:46.103+0000] {processor.py:161} INFO - Started process (PID=237) to work on /home/airflow/.local/lib/python3.12/site-packages/airflow/example_dags/example_sla_dag.py
[2024-07-05T01:38:46.111+0000] {processor.py:830} INFO - Processing file /home/airflow/.local/lib/python3.12/site-packages/airflow/example_dags/example_sla_dag.py for tasks to queue
[2024-07-05T01:38:46.117+0000] {logging_mixin.py:188} INFO - [2024-07-05T01:38:46.114+0000] {dagbag.py:545} INFO - Filling up the DagBag from /home/airflow/.local/lib/python3.12/site-packages/airflow/example_dags/example_sla_dag.py
[2024-07-05T01:38:46.154+0000] {processor.py:840} INFO - DAG(s) 'example_sla_dag' retrieved from /home/airflow/.local/lib/python3.12/site-packages/airflow/example_dags/example_sla_dag.py
[2024-07-05T01:38:46.254+0000] {logging_mixin.py:188} INFO - [2024-07-05T01:38:46.253+0000] {dag.py:3096} INFO - Sync 1 DAGs
[2024-07-05T01:38:46.365+0000] {logging_mixin.py:188} INFO - [2024-07-05T01:38:46.364+0000] {dag.py:3954} INFO - Setting next_dagrun for example_sla_dag to 2024-07-05 01:36:00+00:00, run_after=2024-07-05 01:38:00+00:00
[2024-07-05T01:38:46.488+0000] {processor.py:183} INFO - Processing /home/airflow/.local/lib/python3.12/site-packages/airflow/example_dags/example_sla_dag.py took 0.411 seconds
