[2024-07-05T01:30:50.655+0000] {processor.py:161} INFO - Started process (PID=126) to work on /home/airflow/.local/lib/python3.12/site-packages/airflow/example_dags/example_sensor_decorator.py
[2024-07-05T01:30:50.666+0000] {processor.py:830} INFO - Processing file /home/airflow/.local/lib/python3.12/site-packages/airflow/example_dags/example_sensor_decorator.py for tasks to queue
[2024-07-05T01:30:50.687+0000] {logging_mixin.py:188} INFO - [2024-07-05T01:30:50.685+0000] {dagbag.py:545} INFO - Filling up the DagBag from /home/airflow/.local/lib/python3.12/site-packages/airflow/example_dags/example_sensor_decorator.py
[2024-07-05T01:30:50.783+0000] {processor.py:840} INFO - DAG(s) 'example_sensor_decorator' retrieved from /home/airflow/.local/lib/python3.12/site-packages/airflow/example_dags/example_sensor_decorator.py
[2024-07-05T01:30:51.635+0000] {logging_mixin.py:188} INFO - [2024-07-05T01:30:51.634+0000] {dag.py:3096} INFO - Sync 1 DAGs
[2024-07-05T01:30:51.729+0000] {logging_mixin.py:188} INFO - [2024-07-05T01:30:51.728+0000] {dag.py:3954} INFO - Setting next_dagrun for example_sensor_decorator to None, run_after=None
[2024-07-05T01:30:51.908+0000] {processor.py:183} INFO - Processing /home/airflow/.local/lib/python3.12/site-packages/airflow/example_dags/example_sensor_decorator.py took 1.415 seconds
[2024-07-05T01:32:29.448+0000] {processor.py:161} INFO - Started process (PID=210) to work on /home/airflow/.local/lib/python3.12/site-packages/airflow/example_dags/example_sensor_decorator.py
[2024-07-05T01:32:29.480+0000] {processor.py:830} INFO - Processing file /home/airflow/.local/lib/python3.12/site-packages/airflow/example_dags/example_sensor_decorator.py for tasks to queue
[2024-07-05T01:32:29.500+0000] {logging_mixin.py:188} INFO - [2024-07-05T01:32:29.496+0000] {dagbag.py:545} INFO - Filling up the DagBag from /home/airflow/.local/lib/python3.12/site-packages/airflow/example_dags/example_sensor_decorator.py
[2024-07-05T01:32:29.584+0000] {processor.py:840} INFO - DAG(s) 'example_sensor_decorator' retrieved from /home/airflow/.local/lib/python3.12/site-packages/airflow/example_dags/example_sensor_decorator.py
[2024-07-05T01:32:29.729+0000] {logging_mixin.py:188} INFO - [2024-07-05T01:32:29.728+0000] {dag.py:3096} INFO - Sync 1 DAGs
[2024-07-05T01:32:29.827+0000] {logging_mixin.py:188} INFO - [2024-07-05T01:32:29.826+0000] {dag.py:3954} INFO - Setting next_dagrun for example_sensor_decorator to None, run_after=None
[2024-07-05T01:32:29.946+0000] {processor.py:183} INFO - Processing /home/airflow/.local/lib/python3.12/site-packages/airflow/example_dags/example_sensor_decorator.py took 0.528 seconds
[2024-07-05T01:33:24.355+0000] {processor.py:161} INFO - Started process (PID=274) to work on /home/airflow/.local/lib/python3.12/site-packages/airflow/example_dags/example_sensor_decorator.py
[2024-07-05T01:33:24.360+0000] {processor.py:830} INFO - Processing file /home/airflow/.local/lib/python3.12/site-packages/airflow/example_dags/example_sensor_decorator.py for tasks to queue
[2024-07-05T01:33:24.368+0000] {logging_mixin.py:188} INFO - [2024-07-05T01:33:24.367+0000] {dagbag.py:545} INFO - Filling up the DagBag from /home/airflow/.local/lib/python3.12/site-packages/airflow/example_dags/example_sensor_decorator.py
[2024-07-05T01:33:24.424+0000] {processor.py:840} INFO - DAG(s) 'example_sensor_decorator' retrieved from /home/airflow/.local/lib/python3.12/site-packages/airflow/example_dags/example_sensor_decorator.py
[2024-07-05T01:33:24.584+0000] {logging_mixin.py:188} INFO - [2024-07-05T01:33:24.583+0000] {dag.py:3096} INFO - Sync 1 DAGs
[2024-07-05T01:33:24.676+0000] {logging_mixin.py:188} INFO - [2024-07-05T01:33:24.675+0000] {dag.py:3954} INFO - Setting next_dagrun for example_sensor_decorator to None, run_after=None
[2024-07-05T01:33:24.873+0000] {processor.py:183} INFO - Processing /home/airflow/.local/lib/python3.12/site-packages/airflow/example_dags/example_sensor_decorator.py took 0.552 seconds
[2024-07-05T01:36:38.572+0000] {processor.py:161} INFO - Started process (PID=83) to work on /home/airflow/.local/lib/python3.12/site-packages/airflow/example_dags/example_sensor_decorator.py
[2024-07-05T01:36:38.581+0000] {processor.py:830} INFO - Processing file /home/airflow/.local/lib/python3.12/site-packages/airflow/example_dags/example_sensor_decorator.py for tasks to queue
[2024-07-05T01:36:38.588+0000] {logging_mixin.py:188} INFO - [2024-07-05T01:36:38.587+0000] {dagbag.py:545} INFO - Filling up the DagBag from /home/airflow/.local/lib/python3.12/site-packages/airflow/example_dags/example_sensor_decorator.py
[2024-07-05T01:36:38.622+0000] {processor.py:840} INFO - DAG(s) 'example_sensor_decorator' retrieved from /home/airflow/.local/lib/python3.12/site-packages/airflow/example_dags/example_sensor_decorator.py
[2024-07-05T01:36:38.700+0000] {logging_mixin.py:188} INFO - [2024-07-05T01:36:38.699+0000] {dag.py:3096} INFO - Sync 1 DAGs
[2024-07-05T01:36:38.754+0000] {logging_mixin.py:188} INFO - [2024-07-05T01:36:38.753+0000] {dag.py:3954} INFO - Setting next_dagrun for example_sensor_decorator to None, run_after=None
[2024-07-05T01:36:38.874+0000] {processor.py:183} INFO - Processing /home/airflow/.local/lib/python3.12/site-packages/airflow/example_dags/example_sensor_decorator.py took 0.341 seconds
[2024-07-05T01:37:29.515+0000] {processor.py:161} INFO - Started process (PID=161) to work on /home/airflow/.local/lib/python3.12/site-packages/airflow/example_dags/example_sensor_decorator.py
[2024-07-05T01:37:29.532+0000] {processor.py:830} INFO - Processing file /home/airflow/.local/lib/python3.12/site-packages/airflow/example_dags/example_sensor_decorator.py for tasks to queue
[2024-07-05T01:37:29.542+0000] {logging_mixin.py:188} INFO - [2024-07-05T01:37:29.540+0000] {dagbag.py:545} INFO - Filling up the DagBag from /home/airflow/.local/lib/python3.12/site-packages/airflow/example_dags/example_sensor_decorator.py
[2024-07-05T01:37:29.575+0000] {processor.py:840} INFO - DAG(s) 'example_sensor_decorator' retrieved from /home/airflow/.local/lib/python3.12/site-packages/airflow/example_dags/example_sensor_decorator.py
[2024-07-05T01:37:29.669+0000] {logging_mixin.py:188} INFO - [2024-07-05T01:37:29.668+0000] {dag.py:3096} INFO - Sync 1 DAGs
[2024-07-05T01:37:29.714+0000] {logging_mixin.py:188} INFO - [2024-07-05T01:37:29.713+0000] {dag.py:3954} INFO - Setting next_dagrun for example_sensor_decorator to None, run_after=None
[2024-07-05T01:37:29.824+0000] {processor.py:183} INFO - Processing /home/airflow/.local/lib/python3.12/site-packages/airflow/example_dags/example_sensor_decorator.py took 0.371 seconds
[2024-07-05T01:38:47.592+0000] {processor.py:161} INFO - Started process (PID=242) to work on /home/airflow/.local/lib/python3.12/site-packages/airflow/example_dags/example_sensor_decorator.py
[2024-07-05T01:38:47.595+0000] {processor.py:830} INFO - Processing file /home/airflow/.local/lib/python3.12/site-packages/airflow/example_dags/example_sensor_decorator.py for tasks to queue
[2024-07-05T01:38:47.598+0000] {logging_mixin.py:188} INFO - [2024-07-05T01:38:47.596+0000] {dagbag.py:545} INFO - Filling up the DagBag from /home/airflow/.local/lib/python3.12/site-packages/airflow/example_dags/example_sensor_decorator.py
[2024-07-05T01:38:47.624+0000] {processor.py:840} INFO - DAG(s) 'example_sensor_decorator' retrieved from /home/airflow/.local/lib/python3.12/site-packages/airflow/example_dags/example_sensor_decorator.py
[2024-07-05T01:38:47.688+0000] {logging_mixin.py:188} INFO - [2024-07-05T01:38:47.687+0000] {dag.py:3096} INFO - Sync 1 DAGs
[2024-07-05T01:38:47.730+0000] {logging_mixin.py:188} INFO - [2024-07-05T01:38:47.729+0000] {dag.py:3954} INFO - Setting next_dagrun for example_sensor_decorator to None, run_after=None
[2024-07-05T01:38:47.802+0000] {processor.py:183} INFO - Processing /home/airflow/.local/lib/python3.12/site-packages/airflow/example_dags/example_sensor_decorator.py took 0.229 seconds
