[2024-07-05T01:29:53.237+0000] {processor.py:161} INFO - Started process (PID=87) to work on /home/airflow/.local/lib/python3.12/site-packages/airflow/example_dags/example_skip_dag.py
[2024-07-05T01:29:53.246+0000] {processor.py:830} INFO - Processing file /home/airflow/.local/lib/python3.12/site-packages/airflow/example_dags/example_skip_dag.py for tasks to queue
[2024-07-05T01:29:53.320+0000] {logging_mixin.py:188} INFO - [2024-07-05T01:29:53.306+0000] {dagbag.py:545} INFO - Filling up the DagBag from /home/airflow/.local/lib/python3.12/site-packages/airflow/example_dags/example_skip_dag.py
[2024-07-05T01:29:53.486+0000] {processor.py:840} INFO - DAG(s) 'example_skip_dag' retrieved from /home/airflow/.local/lib/python3.12/site-packages/airflow/example_dags/example_skip_dag.py
[2024-07-05T01:29:53.610+0000] {logging_mixin.py:188} INFO - [2024-07-05T01:29:53.608+0000] {dag.py:3096} INFO - Sync 1 DAGs
[2024-07-05T01:29:53.874+0000] {logging_mixin.py:188} INFO - [2024-07-05T01:29:53.874+0000] {dag.py:3954} INFO - Setting next_dagrun for example_skip_dag to 2024-07-04 00:00:00+00:00, run_after=2024-07-05 00:00:00+00:00
[2024-07-05T01:29:54.123+0000] {processor.py:183} INFO - Processing /home/airflow/.local/lib/python3.12/site-packages/airflow/example_dags/example_skip_dag.py took 0.982 seconds
[2024-07-05T01:31:34.924+0000] {processor.py:161} INFO - Started process (PID=154) to work on /home/airflow/.local/lib/python3.12/site-packages/airflow/example_dags/example_skip_dag.py
[2024-07-05T01:31:35.228+0000] {processor.py:830} INFO - Processing file /home/airflow/.local/lib/python3.12/site-packages/airflow/example_dags/example_skip_dag.py for tasks to queue
[2024-07-05T01:31:35.236+0000] {logging_mixin.py:188} INFO - [2024-07-05T01:31:35.235+0000] {dagbag.py:545} INFO - Filling up the DagBag from /home/airflow/.local/lib/python3.12/site-packages/airflow/example_dags/example_skip_dag.py
[2024-07-05T01:31:35.500+0000] {processor.py:840} INFO - DAG(s) 'example_skip_dag' retrieved from /home/airflow/.local/lib/python3.12/site-packages/airflow/example_dags/example_skip_dag.py
[2024-07-05T01:31:36.084+0000] {logging_mixin.py:188} INFO - [2024-07-05T01:31:36.084+0000] {dag.py:3096} INFO - Sync 1 DAGs
[2024-07-05T01:31:36.153+0000] {logging_mixin.py:188} INFO - [2024-07-05T01:31:36.152+0000] {dag.py:3954} INFO - Setting next_dagrun for example_skip_dag to 2024-07-04 00:00:00+00:00, run_after=2024-07-05 00:00:00+00:00
[2024-07-05T01:31:37.521+0000] {processor.py:183} INFO - Processing /home/airflow/.local/lib/python3.12/site-packages/airflow/example_dags/example_skip_dag.py took 2.608 seconds
[2024-07-05T01:32:33.176+0000] {processor.py:161} INFO - Started process (PID=221) to work on /home/airflow/.local/lib/python3.12/site-packages/airflow/example_dags/example_skip_dag.py
[2024-07-05T01:32:33.181+0000] {processor.py:830} INFO - Processing file /home/airflow/.local/lib/python3.12/site-packages/airflow/example_dags/example_skip_dag.py for tasks to queue
[2024-07-05T01:32:33.190+0000] {logging_mixin.py:188} INFO - [2024-07-05T01:32:33.188+0000] {dagbag.py:545} INFO - Filling up the DagBag from /home/airflow/.local/lib/python3.12/site-packages/airflow/example_dags/example_skip_dag.py
[2024-07-05T01:32:33.230+0000] {processor.py:840} INFO - DAG(s) 'example_skip_dag' retrieved from /home/airflow/.local/lib/python3.12/site-packages/airflow/example_dags/example_skip_dag.py
[2024-07-05T01:32:33.395+0000] {logging_mixin.py:188} INFO - [2024-07-05T01:32:33.393+0000] {dag.py:3096} INFO - Sync 1 DAGs
[2024-07-05T01:32:33.520+0000] {logging_mixin.py:188} INFO - [2024-07-05T01:32:33.520+0000] {dag.py:3954} INFO - Setting next_dagrun for example_skip_dag to 2024-07-04 00:00:00+00:00, run_after=2024-07-05 00:00:00+00:00
[2024-07-05T01:32:33.587+0000] {processor.py:183} INFO - Processing /home/airflow/.local/lib/python3.12/site-packages/airflow/example_dags/example_skip_dag.py took 0.434 seconds
[2024-07-05T01:33:18.357+0000] {processor.py:161} INFO - Started process (PID=257) to work on /home/airflow/.local/lib/python3.12/site-packages/airflow/example_dags/example_skip_dag.py
[2024-07-05T01:33:18.361+0000] {processor.py:830} INFO - Processing file /home/airflow/.local/lib/python3.12/site-packages/airflow/example_dags/example_skip_dag.py for tasks to queue
[2024-07-05T01:33:18.366+0000] {logging_mixin.py:188} INFO - [2024-07-05T01:33:18.365+0000] {dagbag.py:545} INFO - Filling up the DagBag from /home/airflow/.local/lib/python3.12/site-packages/airflow/example_dags/example_skip_dag.py
[2024-07-05T01:33:18.386+0000] {processor.py:840} INFO - DAG(s) 'example_skip_dag' retrieved from /home/airflow/.local/lib/python3.12/site-packages/airflow/example_dags/example_skip_dag.py
[2024-07-05T01:33:18.447+0000] {logging_mixin.py:188} INFO - [2024-07-05T01:33:18.446+0000] {dag.py:3096} INFO - Sync 1 DAGs
[2024-07-05T01:33:18.511+0000] {logging_mixin.py:188} INFO - [2024-07-05T01:33:18.510+0000] {dag.py:3954} INFO - Setting next_dagrun for example_skip_dag to 2024-07-04 00:00:00+00:00, run_after=2024-07-05 00:00:00+00:00
[2024-07-05T01:33:18.588+0000] {processor.py:183} INFO - Processing /home/airflow/.local/lib/python3.12/site-packages/airflow/example_dags/example_skip_dag.py took 0.245 seconds
[2024-07-05T01:36:25.560+0000] {processor.py:161} INFO - Started process (PID=51) to work on /home/airflow/.local/lib/python3.12/site-packages/airflow/example_dags/example_skip_dag.py
[2024-07-05T01:36:25.576+0000] {processor.py:830} INFO - Processing file /home/airflow/.local/lib/python3.12/site-packages/airflow/example_dags/example_skip_dag.py for tasks to queue
[2024-07-05T01:36:25.589+0000] {logging_mixin.py:188} INFO - [2024-07-05T01:36:25.580+0000] {dagbag.py:545} INFO - Filling up the DagBag from /home/airflow/.local/lib/python3.12/site-packages/airflow/example_dags/example_skip_dag.py
[2024-07-05T01:36:25.638+0000] {processor.py:840} INFO - DAG(s) 'example_skip_dag' retrieved from /home/airflow/.local/lib/python3.12/site-packages/airflow/example_dags/example_skip_dag.py
[2024-07-05T01:36:26.005+0000] {logging_mixin.py:188} INFO - [2024-07-05T01:36:26.005+0000] {dag.py:3096} INFO - Sync 1 DAGs
[2024-07-05T01:36:26.095+0000] {logging_mixin.py:188} INFO - [2024-07-05T01:36:26.095+0000] {dag.py:3954} INFO - Setting next_dagrun for example_skip_dag to 2024-07-04 00:00:00+00:00, run_after=2024-07-05 00:00:00+00:00
[2024-07-05T01:36:27.811+0000] {processor.py:183} INFO - Processing /home/airflow/.local/lib/python3.12/site-packages/airflow/example_dags/example_skip_dag.py took 2.267 seconds
[2024-07-05T01:37:10.342+0000] {processor.py:161} INFO - Started process (PID=111) to work on /home/airflow/.local/lib/python3.12/site-packages/airflow/example_dags/example_skip_dag.py
[2024-07-05T01:37:10.557+0000] {processor.py:830} INFO - Processing file /home/airflow/.local/lib/python3.12/site-packages/airflow/example_dags/example_skip_dag.py for tasks to queue
[2024-07-05T01:37:10.565+0000] {logging_mixin.py:188} INFO - [2024-07-05T01:37:10.564+0000] {dagbag.py:545} INFO - Filling up the DagBag from /home/airflow/.local/lib/python3.12/site-packages/airflow/example_dags/example_skip_dag.py
[2024-07-05T01:37:10.662+0000] {processor.py:840} INFO - DAG(s) 'example_skip_dag' retrieved from /home/airflow/.local/lib/python3.12/site-packages/airflow/example_dags/example_skip_dag.py
[2024-07-05T01:37:10.824+0000] {logging_mixin.py:188} INFO - [2024-07-05T01:37:10.824+0000] {dag.py:3096} INFO - Sync 1 DAGs
[2024-07-05T01:37:10.873+0000] {logging_mixin.py:188} INFO - [2024-07-05T01:37:10.873+0000] {dag.py:3954} INFO - Setting next_dagrun for example_skip_dag to 2024-07-04 00:00:00+00:00, run_after=2024-07-05 00:00:00+00:00
[2024-07-05T01:37:11.397+0000] {processor.py:183} INFO - Processing /home/airflow/.local/lib/python3.12/site-packages/airflow/example_dags/example_skip_dag.py took 1.064 seconds
[2024-07-05T01:38:32.314+0000] {processor.py:161} INFO - Started process (PID=210) to work on /home/airflow/.local/lib/python3.12/site-packages/airflow/example_dags/example_skip_dag.py
[2024-07-05T01:38:32.319+0000] {processor.py:830} INFO - Processing file /home/airflow/.local/lib/python3.12/site-packages/airflow/example_dags/example_skip_dag.py for tasks to queue
[2024-07-05T01:38:32.327+0000] {logging_mixin.py:188} INFO - [2024-07-05T01:38:32.325+0000] {dagbag.py:545} INFO - Filling up the DagBag from /home/airflow/.local/lib/python3.12/site-packages/airflow/example_dags/example_skip_dag.py
[2024-07-05T01:38:32.378+0000] {processor.py:840} INFO - DAG(s) 'example_skip_dag' retrieved from /home/airflow/.local/lib/python3.12/site-packages/airflow/example_dags/example_skip_dag.py
[2024-07-05T01:38:32.476+0000] {logging_mixin.py:188} INFO - [2024-07-05T01:38:32.474+0000] {dag.py:3096} INFO - Sync 1 DAGs
[2024-07-05T01:38:32.558+0000] {logging_mixin.py:188} INFO - [2024-07-05T01:38:32.557+0000] {dag.py:3954} INFO - Setting next_dagrun for example_skip_dag to 2024-07-04 00:00:00+00:00, run_after=2024-07-05 00:00:00+00:00
[2024-07-05T01:38:32.647+0000] {processor.py:183} INFO - Processing /home/airflow/.local/lib/python3.12/site-packages/airflow/example_dags/example_skip_dag.py took 0.357 seconds
[2024-07-05T01:39:09.100+0000] {processor.py:161} INFO - Started process (PID=271) to work on /home/airflow/.local/lib/python3.12/site-packages/airflow/example_dags/example_skip_dag.py
[2024-07-05T01:39:09.104+0000] {processor.py:830} INFO - Processing file /home/airflow/.local/lib/python3.12/site-packages/airflow/example_dags/example_skip_dag.py for tasks to queue
[2024-07-05T01:39:09.109+0000] {logging_mixin.py:188} INFO - [2024-07-05T01:39:09.108+0000] {dagbag.py:545} INFO - Filling up the DagBag from /home/airflow/.local/lib/python3.12/site-packages/airflow/example_dags/example_skip_dag.py
[2024-07-05T01:39:09.142+0000] {processor.py:840} INFO - DAG(s) 'example_skip_dag' retrieved from /home/airflow/.local/lib/python3.12/site-packages/airflow/example_dags/example_skip_dag.py
[2024-07-05T01:39:09.231+0000] {logging_mixin.py:188} INFO - [2024-07-05T01:39:09.230+0000] {dag.py:3096} INFO - Sync 1 DAGs
[2024-07-05T01:39:09.329+0000] {logging_mixin.py:188} INFO - [2024-07-05T01:39:09.327+0000] {dag.py:3954} INFO - Setting next_dagrun for example_skip_dag to 2024-07-04 00:00:00+00:00, run_after=2024-07-05 00:00:00+00:00
[2024-07-05T01:39:09.427+0000] {processor.py:183} INFO - Processing /home/airflow/.local/lib/python3.12/site-packages/airflow/example_dags/example_skip_dag.py took 0.353 seconds
