[2024-07-05T01:30:02.765+0000] {processor.py:161} INFO - Started process (PID=101) to work on /home/airflow/.local/lib/python3.12/site-packages/airflow/example_dags/example_datasets.py
[2024-07-05T01:30:02.783+0000] {processor.py:830} INFO - Processing file /home/airflow/.local/lib/python3.12/site-packages/airflow/example_dags/example_datasets.py for tasks to queue
[2024-07-05T01:30:02.823+0000] {logging_mixin.py:188} INFO - [2024-07-05T01:30:02.794+0000] {dagbag.py:545} INFO - Filling up the DagBag from /home/airflow/.local/lib/python3.12/site-packages/airflow/example_dags/example_datasets.py
[2024-07-05T01:30:03.087+0000] {processor.py:840} INFO - DAG(s) 'dataset_produces_2', 'consume_1_or_2_with_dataset_expressions', 'dataset_consumes_1_and_2', 'dataset_consumes_1', 'dataset_consumes_unknown_never_scheduled', 'dataset_consumes_1_never_scheduled', 'consume_1_or_both_2_and_3_with_dataset_expressions', 'consume_1_and_2_with_dataset_expressions', 'dataset_produces_1', 'conditional_dataset_and_time_based_timetable' retrieved from /home/airflow/.local/lib/python3.12/site-packages/airflow/example_dags/example_datasets.py
[2024-07-05T01:30:03.276+0000] {logging_mixin.py:188} INFO - [2024-07-05T01:30:03.273+0000] {dag.py:3096} INFO - Sync 10 DAGs
[2024-07-05T01:30:03.809+0000] {logging_mixin.py:188} INFO - [2024-07-05T01:30:03.808+0000] {dag.py:3954} INFO - Setting next_dagrun for conditional_dataset_and_time_based_timetable to 2024-07-03 01:00:00+00:00, run_after=2024-07-03 01:00:00+00:00
[2024-07-05T01:30:03.830+0000] {logging_mixin.py:188} INFO - [2024-07-05T01:30:03.829+0000] {dag.py:3954} INFO - Setting next_dagrun for consume_1_and_2_with_dataset_expressions to None, run_after=None
[2024-07-05T01:30:03.839+0000] {logging_mixin.py:188} INFO - [2024-07-05T01:30:03.838+0000] {dag.py:3954} INFO - Setting next_dagrun for consume_1_or_2_with_dataset_expressions to None, run_after=None
[2024-07-05T01:30:03.855+0000] {logging_mixin.py:188} INFO - [2024-07-05T01:30:03.854+0000] {dag.py:3954} INFO - Setting next_dagrun for consume_1_or_both_2_and_3_with_dataset_expressions to None, run_after=None
[2024-07-05T01:30:03.863+0000] {logging_mixin.py:188} INFO - [2024-07-05T01:30:03.862+0000] {dag.py:3954} INFO - Setting next_dagrun for dataset_consumes_1 to None, run_after=None
[2024-07-05T01:30:03.872+0000] {logging_mixin.py:188} INFO - [2024-07-05T01:30:03.871+0000] {dag.py:3954} INFO - Setting next_dagrun for dataset_consumes_1_and_2 to None, run_after=None
[2024-07-05T01:30:03.879+0000] {logging_mixin.py:188} INFO - [2024-07-05T01:30:03.878+0000] {dag.py:3954} INFO - Setting next_dagrun for dataset_consumes_1_never_scheduled to None, run_after=None
[2024-07-05T01:30:03.885+0000] {logging_mixin.py:188} INFO - [2024-07-05T01:30:03.884+0000] {dag.py:3954} INFO - Setting next_dagrun for dataset_consumes_unknown_never_scheduled to None, run_after=None
[2024-07-05T01:30:03.902+0000] {logging_mixin.py:188} INFO - [2024-07-05T01:30:03.901+0000] {dag.py:3954} INFO - Setting next_dagrun for dataset_produces_1 to 2024-07-04 00:00:00+00:00, run_after=2024-07-05 00:00:00+00:00
[2024-07-05T01:30:03.921+0000] {logging_mixin.py:188} INFO - [2024-07-05T01:30:03.920+0000] {dag.py:3954} INFO - Setting next_dagrun for dataset_produces_2 to None, run_after=None
[2024-07-05T01:30:04.443+0000] {processor.py:183} INFO - Processing /home/airflow/.local/lib/python3.12/site-packages/airflow/example_dags/example_datasets.py took 1.810 seconds
[2024-07-05T01:31:56.968+0000] {processor.py:161} INFO - Started process (PID=175) to work on /home/airflow/.local/lib/python3.12/site-packages/airflow/example_dags/example_datasets.py
[2024-07-05T01:31:57.189+0000] {processor.py:830} INFO - Processing file /home/airflow/.local/lib/python3.12/site-packages/airflow/example_dags/example_datasets.py for tasks to queue
[2024-07-05T01:31:57.362+0000] {logging_mixin.py:188} INFO - [2024-07-05T01:31:57.362+0000] {dagbag.py:545} INFO - Filling up the DagBag from /home/airflow/.local/lib/python3.12/site-packages/airflow/example_dags/example_datasets.py
[2024-07-05T01:31:58.540+0000] {processor.py:840} INFO - DAG(s) 'conditional_dataset_and_time_based_timetable', 'dataset_consumes_1_and_2', 'dataset_consumes_1', 'consume_1_or_2_with_dataset_expressions', 'dataset_produces_1', 'dataset_consumes_unknown_never_scheduled', 'dataset_produces_2', 'consume_1_or_both_2_and_3_with_dataset_expressions', 'dataset_consumes_1_never_scheduled', 'consume_1_and_2_with_dataset_expressions' retrieved from /home/airflow/.local/lib/python3.12/site-packages/airflow/example_dags/example_datasets.py
[2024-07-05T01:31:59.161+0000] {logging_mixin.py:188} INFO - [2024-07-05T01:31:59.161+0000] {dag.py:3096} INFO - Sync 10 DAGs
[2024-07-05T01:31:59.208+0000] {logging_mixin.py:188} INFO - [2024-07-05T01:31:59.208+0000] {dag.py:3954} INFO - Setting next_dagrun for conditional_dataset_and_time_based_timetable to 2024-07-03 01:00:00+00:00, run_after=2024-07-03 01:00:00+00:00
[2024-07-05T01:31:59.224+0000] {logging_mixin.py:188} INFO - [2024-07-05T01:31:59.224+0000] {dag.py:3954} INFO - Setting next_dagrun for consume_1_and_2_with_dataset_expressions to None, run_after=None
[2024-07-05T01:31:59.228+0000] {logging_mixin.py:188} INFO - [2024-07-05T01:31:59.228+0000] {dag.py:3954} INFO - Setting next_dagrun for consume_1_or_2_with_dataset_expressions to None, run_after=None
[2024-07-05T01:31:59.232+0000] {logging_mixin.py:188} INFO - [2024-07-05T01:31:59.232+0000] {dag.py:3954} INFO - Setting next_dagrun for consume_1_or_both_2_and_3_with_dataset_expressions to None, run_after=None
[2024-07-05T01:31:59.236+0000] {logging_mixin.py:188} INFO - [2024-07-05T01:31:59.236+0000] {dag.py:3954} INFO - Setting next_dagrun for dataset_consumes_1 to None, run_after=None
[2024-07-05T01:31:59.241+0000] {logging_mixin.py:188} INFO - [2024-07-05T01:31:59.241+0000] {dag.py:3954} INFO - Setting next_dagrun for dataset_consumes_1_and_2 to None, run_after=None
[2024-07-05T01:31:59.245+0000] {logging_mixin.py:188} INFO - [2024-07-05T01:31:59.245+0000] {dag.py:3954} INFO - Setting next_dagrun for dataset_consumes_1_never_scheduled to None, run_after=None
[2024-07-05T01:31:59.250+0000] {logging_mixin.py:188} INFO - [2024-07-05T01:31:59.249+0000] {dag.py:3954} INFO - Setting next_dagrun for dataset_consumes_unknown_never_scheduled to None, run_after=None
[2024-07-05T01:31:59.256+0000] {logging_mixin.py:188} INFO - [2024-07-05T01:31:59.255+0000] {dag.py:3954} INFO - Setting next_dagrun for dataset_produces_1 to 2024-07-04 00:00:00+00:00, run_after=2024-07-05 00:00:00+00:00
[2024-07-05T01:31:59.260+0000] {logging_mixin.py:188} INFO - [2024-07-05T01:31:59.260+0000] {dag.py:3954} INFO - Setting next_dagrun for dataset_produces_2 to None, run_after=None
[2024-07-05T01:31:59.736+0000] {processor.py:183} INFO - Processing /home/airflow/.local/lib/python3.12/site-packages/airflow/example_dags/example_datasets.py took 2.775 seconds
[2024-07-05T01:33:11.047+0000] {processor.py:161} INFO - Started process (PID=241) to work on /home/airflow/.local/lib/python3.12/site-packages/airflow/example_dags/example_datasets.py
[2024-07-05T01:33:11.053+0000] {processor.py:830} INFO - Processing file /home/airflow/.local/lib/python3.12/site-packages/airflow/example_dags/example_datasets.py for tasks to queue
[2024-07-05T01:33:11.061+0000] {logging_mixin.py:188} INFO - [2024-07-05T01:33:11.059+0000] {dagbag.py:545} INFO - Filling up the DagBag from /home/airflow/.local/lib/python3.12/site-packages/airflow/example_dags/example_datasets.py
[2024-07-05T01:33:11.186+0000] {processor.py:840} INFO - DAG(s) 'consume_1_and_2_with_dataset_expressions', 'dataset_consumes_1_and_2', 'consume_1_or_2_with_dataset_expressions', 'consume_1_or_both_2_and_3_with_dataset_expressions', 'dataset_produces_2', 'conditional_dataset_and_time_based_timetable', 'dataset_consumes_1', 'dataset_consumes_unknown_never_scheduled', 'dataset_consumes_1_never_scheduled', 'dataset_produces_1' retrieved from /home/airflow/.local/lib/python3.12/site-packages/airflow/example_dags/example_datasets.py
[2024-07-05T01:33:12.037+0000] {logging_mixin.py:188} INFO - [2024-07-05T01:33:12.035+0000] {dag.py:3096} INFO - Sync 10 DAGs
[2024-07-05T01:33:12.302+0000] {logging_mixin.py:188} INFO - [2024-07-05T01:33:12.300+0000] {dag.py:3954} INFO - Setting next_dagrun for conditional_dataset_and_time_based_timetable to 2024-07-03 01:00:00+00:00, run_after=2024-07-03 01:00:00+00:00
[2024-07-05T01:33:12.323+0000] {logging_mixin.py:188} INFO - [2024-07-05T01:33:12.322+0000] {dag.py:3954} INFO - Setting next_dagrun for consume_1_and_2_with_dataset_expressions to None, run_after=None
[2024-07-05T01:33:12.331+0000] {logging_mixin.py:188} INFO - [2024-07-05T01:33:12.329+0000] {dag.py:3954} INFO - Setting next_dagrun for consume_1_or_2_with_dataset_expressions to None, run_after=None
[2024-07-05T01:33:12.342+0000] {logging_mixin.py:188} INFO - [2024-07-05T01:33:12.341+0000] {dag.py:3954} INFO - Setting next_dagrun for consume_1_or_both_2_and_3_with_dataset_expressions to None, run_after=None
[2024-07-05T01:33:12.354+0000] {logging_mixin.py:188} INFO - [2024-07-05T01:33:12.353+0000] {dag.py:3954} INFO - Setting next_dagrun for dataset_consumes_1 to None, run_after=None
[2024-07-05T01:33:12.359+0000] {logging_mixin.py:188} INFO - [2024-07-05T01:33:12.359+0000] {dag.py:3954} INFO - Setting next_dagrun for dataset_consumes_1_and_2 to None, run_after=None
[2024-07-05T01:33:12.366+0000] {logging_mixin.py:188} INFO - [2024-07-05T01:33:12.365+0000] {dag.py:3954} INFO - Setting next_dagrun for dataset_consumes_1_never_scheduled to None, run_after=None
[2024-07-05T01:33:12.373+0000] {logging_mixin.py:188} INFO - [2024-07-05T01:33:12.373+0000] {dag.py:3954} INFO - Setting next_dagrun for dataset_consumes_unknown_never_scheduled to None, run_after=None
[2024-07-05T01:33:12.384+0000] {logging_mixin.py:188} INFO - [2024-07-05T01:33:12.382+0000] {dag.py:3954} INFO - Setting next_dagrun for dataset_produces_1 to 2024-07-04 00:00:00+00:00, run_after=2024-07-05 00:00:00+00:00
[2024-07-05T01:33:12.392+0000] {logging_mixin.py:188} INFO - [2024-07-05T01:33:12.391+0000] {dag.py:3954} INFO - Setting next_dagrun for dataset_produces_2 to None, run_after=None
[2024-07-05T01:33:12.597+0000] {processor.py:183} INFO - Processing /home/airflow/.local/lib/python3.12/site-packages/airflow/example_dags/example_datasets.py took 1.569 seconds
[2024-07-05T01:36:31.460+0000] {processor.py:161} INFO - Started process (PID=65) to work on /home/airflow/.local/lib/python3.12/site-packages/airflow/example_dags/example_datasets.py
[2024-07-05T01:36:31.466+0000] {processor.py:830} INFO - Processing file /home/airflow/.local/lib/python3.12/site-packages/airflow/example_dags/example_datasets.py for tasks to queue
[2024-07-05T01:36:31.471+0000] {logging_mixin.py:188} INFO - [2024-07-05T01:36:31.470+0000] {dagbag.py:545} INFO - Filling up the DagBag from /home/airflow/.local/lib/python3.12/site-packages/airflow/example_dags/example_datasets.py
[2024-07-05T01:36:31.528+0000] {processor.py:840} INFO - DAG(s) 'dataset_produces_1', 'dataset_produces_2', 'dataset_consumes_1_never_scheduled', 'dataset_consumes_1', 'dataset_consumes_unknown_never_scheduled', 'consume_1_and_2_with_dataset_expressions', 'dataset_consumes_1_and_2', 'consume_1_or_both_2_and_3_with_dataset_expressions', 'conditional_dataset_and_time_based_timetable', 'consume_1_or_2_with_dataset_expressions' retrieved from /home/airflow/.local/lib/python3.12/site-packages/airflow/example_dags/example_datasets.py
[2024-07-05T01:36:31.708+0000] {logging_mixin.py:188} INFO - [2024-07-05T01:36:31.707+0000] {dag.py:3096} INFO - Sync 10 DAGs
[2024-07-05T01:36:31.859+0000] {logging_mixin.py:188} INFO - [2024-07-05T01:36:31.859+0000] {dag.py:3954} INFO - Setting next_dagrun for conditional_dataset_and_time_based_timetable to 2024-07-03 01:00:00+00:00, run_after=2024-07-03 01:00:00+00:00
[2024-07-05T01:36:31.868+0000] {logging_mixin.py:188} INFO - [2024-07-05T01:36:31.867+0000] {dag.py:3954} INFO - Setting next_dagrun for consume_1_and_2_with_dataset_expressions to None, run_after=None
[2024-07-05T01:36:31.871+0000] {logging_mixin.py:188} INFO - [2024-07-05T01:36:31.870+0000] {dag.py:3954} INFO - Setting next_dagrun for consume_1_or_2_with_dataset_expressions to None, run_after=None
[2024-07-05T01:36:31.873+0000] {logging_mixin.py:188} INFO - [2024-07-05T01:36:31.873+0000] {dag.py:3954} INFO - Setting next_dagrun for consume_1_or_both_2_and_3_with_dataset_expressions to None, run_after=None
[2024-07-05T01:36:31.877+0000] {logging_mixin.py:188} INFO - [2024-07-05T01:36:31.876+0000] {dag.py:3954} INFO - Setting next_dagrun for dataset_consumes_1 to None, run_after=None
[2024-07-05T01:36:31.880+0000] {logging_mixin.py:188} INFO - [2024-07-05T01:36:31.879+0000] {dag.py:3954} INFO - Setting next_dagrun for dataset_consumes_1_and_2 to None, run_after=None
[2024-07-05T01:36:31.882+0000] {logging_mixin.py:188} INFO - [2024-07-05T01:36:31.882+0000] {dag.py:3954} INFO - Setting next_dagrun for dataset_consumes_1_never_scheduled to None, run_after=None
[2024-07-05T01:36:31.885+0000] {logging_mixin.py:188} INFO - [2024-07-05T01:36:31.884+0000] {dag.py:3954} INFO - Setting next_dagrun for dataset_consumes_unknown_never_scheduled to None, run_after=None
[2024-07-05T01:36:31.889+0000] {logging_mixin.py:188} INFO - [2024-07-05T01:36:31.889+0000] {dag.py:3954} INFO - Setting next_dagrun for dataset_produces_1 to 2024-07-04 00:00:00+00:00, run_after=2024-07-05 00:00:00+00:00
[2024-07-05T01:36:31.891+0000] {logging_mixin.py:188} INFO - [2024-07-05T01:36:31.891+0000] {dag.py:3954} INFO - Setting next_dagrun for dataset_produces_2 to None, run_after=None
[2024-07-05T01:36:32.047+0000] {processor.py:183} INFO - Processing /home/airflow/.local/lib/python3.12/site-packages/airflow/example_dags/example_datasets.py took 0.595 seconds
[2024-07-05T01:37:19.418+0000] {processor.py:161} INFO - Started process (PID=135) to work on /home/airflow/.local/lib/python3.12/site-packages/airflow/example_dags/example_datasets.py
[2024-07-05T01:37:19.537+0000] {processor.py:830} INFO - Processing file /home/airflow/.local/lib/python3.12/site-packages/airflow/example_dags/example_datasets.py for tasks to queue
[2024-07-05T01:37:19.542+0000] {logging_mixin.py:188} INFO - [2024-07-05T01:37:19.541+0000] {dagbag.py:545} INFO - Filling up the DagBag from /home/airflow/.local/lib/python3.12/site-packages/airflow/example_dags/example_datasets.py
[2024-07-05T01:37:21.247+0000] {processor.py:840} INFO - DAG(s) 'consume_1_or_both_2_and_3_with_dataset_expressions', 'consume_1_or_2_with_dataset_expressions', 'conditional_dataset_and_time_based_timetable', 'dataset_produces_2', 'dataset_produces_1', 'dataset_consumes_unknown_never_scheduled', 'dataset_consumes_1_and_2', 'consume_1_and_2_with_dataset_expressions', 'dataset_consumes_1', 'dataset_consumes_1_never_scheduled' retrieved from /home/airflow/.local/lib/python3.12/site-packages/airflow/example_dags/example_datasets.py
[2024-07-05T01:37:21.539+0000] {logging_mixin.py:188} INFO - [2024-07-05T01:37:21.539+0000] {dag.py:3096} INFO - Sync 10 DAGs
[2024-07-05T01:37:21.803+0000] {logging_mixin.py:188} INFO - [2024-07-05T01:37:21.802+0000] {dag.py:3954} INFO - Setting next_dagrun for conditional_dataset_and_time_based_timetable to 2024-07-03 01:00:00+00:00, run_after=2024-07-03 01:00:00+00:00
[2024-07-05T01:37:21.993+0000] {logging_mixin.py:188} INFO - [2024-07-05T01:37:21.993+0000] {dag.py:3954} INFO - Setting next_dagrun for consume_1_and_2_with_dataset_expressions to None, run_after=None
[2024-07-05T01:37:21.996+0000] {logging_mixin.py:188} INFO - [2024-07-05T01:37:21.996+0000] {dag.py:3954} INFO - Setting next_dagrun for consume_1_or_2_with_dataset_expressions to None, run_after=None
[2024-07-05T01:37:22.000+0000] {logging_mixin.py:188} INFO - [2024-07-05T01:37:21.999+0000] {dag.py:3954} INFO - Setting next_dagrun for consume_1_or_both_2_and_3_with_dataset_expressions to None, run_after=None
[2024-07-05T01:37:22.003+0000] {logging_mixin.py:188} INFO - [2024-07-05T01:37:22.003+0000] {dag.py:3954} INFO - Setting next_dagrun for dataset_consumes_1 to None, run_after=None
[2024-07-05T01:37:22.008+0000] {logging_mixin.py:188} INFO - [2024-07-05T01:37:22.007+0000] {dag.py:3954} INFO - Setting next_dagrun for dataset_consumes_1_and_2 to None, run_after=None
[2024-07-05T01:37:22.010+0000] {logging_mixin.py:188} INFO - [2024-07-05T01:37:22.010+0000] {dag.py:3954} INFO - Setting next_dagrun for dataset_consumes_1_never_scheduled to None, run_after=None
[2024-07-05T01:37:22.013+0000] {logging_mixin.py:188} INFO - [2024-07-05T01:37:22.013+0000] {dag.py:3954} INFO - Setting next_dagrun for dataset_consumes_unknown_never_scheduled to None, run_after=None
[2024-07-05T01:37:22.018+0000] {logging_mixin.py:188} INFO - [2024-07-05T01:37:22.017+0000] {dag.py:3954} INFO - Setting next_dagrun for dataset_produces_1 to 2024-07-04 00:00:00+00:00, run_after=2024-07-05 00:00:00+00:00
[2024-07-05T01:37:22.022+0000] {logging_mixin.py:188} INFO - [2024-07-05T01:37:22.021+0000] {dag.py:3954} INFO - Setting next_dagrun for dataset_produces_2 to None, run_after=None
[2024-07-05T01:37:22.413+0000] {processor.py:183} INFO - Processing /home/airflow/.local/lib/python3.12/site-packages/airflow/example_dags/example_datasets.py took 3.004 seconds
[2024-07-05T01:38:37.482+0000] {processor.py:161} INFO - Started process (PID=224) to work on /home/airflow/.local/lib/python3.12/site-packages/airflow/example_dags/example_datasets.py
[2024-07-05T01:38:37.487+0000] {processor.py:830} INFO - Processing file /home/airflow/.local/lib/python3.12/site-packages/airflow/example_dags/example_datasets.py for tasks to queue
[2024-07-05T01:38:37.491+0000] {logging_mixin.py:188} INFO - [2024-07-05T01:38:37.489+0000] {dagbag.py:545} INFO - Filling up the DagBag from /home/airflow/.local/lib/python3.12/site-packages/airflow/example_dags/example_datasets.py
[2024-07-05T01:38:37.888+0000] {processor.py:840} INFO - DAG(s) 'dataset_produces_2', 'dataset_produces_1', 'consume_1_or_both_2_and_3_with_dataset_expressions', 'consume_1_and_2_with_dataset_expressions', 'conditional_dataset_and_time_based_timetable', 'dataset_consumes_unknown_never_scheduled', 'dataset_consumes_1_and_2', 'dataset_consumes_1_never_scheduled', 'consume_1_or_2_with_dataset_expressions', 'dataset_consumes_1' retrieved from /home/airflow/.local/lib/python3.12/site-packages/airflow/example_dags/example_datasets.py
[2024-07-05T01:38:38.611+0000] {logging_mixin.py:188} INFO - [2024-07-05T01:38:38.610+0000] {dag.py:3096} INFO - Sync 10 DAGs
[2024-07-05T01:38:39.166+0000] {logging_mixin.py:188} INFO - [2024-07-05T01:38:39.165+0000] {dag.py:3954} INFO - Setting next_dagrun for conditional_dataset_and_time_based_timetable to 2024-07-03 01:00:00+00:00, run_after=2024-07-03 01:00:00+00:00
[2024-07-05T01:38:39.192+0000] {logging_mixin.py:188} INFO - [2024-07-05T01:38:39.189+0000] {dag.py:3954} INFO - Setting next_dagrun for consume_1_and_2_with_dataset_expressions to None, run_after=None
[2024-07-05T01:38:39.206+0000] {logging_mixin.py:188} INFO - [2024-07-05T01:38:39.205+0000] {dag.py:3954} INFO - Setting next_dagrun for consume_1_or_2_with_dataset_expressions to None, run_after=None
[2024-07-05T01:38:39.221+0000] {logging_mixin.py:188} INFO - [2024-07-05T01:38:39.220+0000] {dag.py:3954} INFO - Setting next_dagrun for consume_1_or_both_2_and_3_with_dataset_expressions to None, run_after=None
[2024-07-05T01:38:39.232+0000] {logging_mixin.py:188} INFO - [2024-07-05T01:38:39.229+0000] {dag.py:3954} INFO - Setting next_dagrun for dataset_consumes_1 to None, run_after=None
[2024-07-05T01:38:39.243+0000] {logging_mixin.py:188} INFO - [2024-07-05T01:38:39.243+0000] {dag.py:3954} INFO - Setting next_dagrun for dataset_consumes_1_and_2 to None, run_after=None
[2024-07-05T01:38:39.253+0000] {logging_mixin.py:188} INFO - [2024-07-05T01:38:39.251+0000] {dag.py:3954} INFO - Setting next_dagrun for dataset_consumes_1_never_scheduled to None, run_after=None
[2024-07-05T01:38:39.265+0000] {logging_mixin.py:188} INFO - [2024-07-05T01:38:39.264+0000] {dag.py:3954} INFO - Setting next_dagrun for dataset_consumes_unknown_never_scheduled to None, run_after=None
[2024-07-05T01:38:39.277+0000] {logging_mixin.py:188} INFO - [2024-07-05T01:38:39.276+0000] {dag.py:3954} INFO - Setting next_dagrun for dataset_produces_1 to 2024-07-04 00:00:00+00:00, run_after=2024-07-05 00:00:00+00:00
[2024-07-05T01:38:39.287+0000] {logging_mixin.py:188} INFO - [2024-07-05T01:38:39.285+0000] {dag.py:3954} INFO - Setting next_dagrun for dataset_produces_2 to None, run_after=None
[2024-07-05T01:38:39.670+0000] {processor.py:183} INFO - Processing /home/airflow/.local/lib/python3.12/site-packages/airflow/example_dags/example_datasets.py took 2.315 seconds
