[2024-07-05T01:29:56.742+0000] {processor.py:161} INFO - Started process (PID=92) to work on /home/airflow/.local/lib/python3.12/site-packages/airflow/example_dags/example_python_decorator.py
[2024-07-05T01:29:56.750+0000] {processor.py:830} INFO - Processing file /home/airflow/.local/lib/python3.12/site-packages/airflow/example_dags/example_python_decorator.py for tasks to queue
[2024-07-05T01:29:56.761+0000] {logging_mixin.py:188} INFO - [2024-07-05T01:29:56.760+0000] {dagbag.py:545} INFO - Filling up the DagBag from /home/airflow/.local/lib/python3.12/site-packages/airflow/example_dags/example_python_decorator.py
[2024-07-05T01:29:57.142+0000] {processor.py:840} INFO - DAG(s) 'example_python_decorator' retrieved from /home/airflow/.local/lib/python3.12/site-packages/airflow/example_dags/example_python_decorator.py
[2024-07-05T01:29:57.280+0000] {logging_mixin.py:188} INFO - [2024-07-05T01:29:57.279+0000] {dag.py:3096} INFO - Sync 1 DAGs
[2024-07-05T01:29:57.577+0000] {logging_mixin.py:188} INFO - [2024-07-05T01:29:57.576+0000] {dag.py:3954} INFO - Setting next_dagrun for example_python_decorator to None, run_after=None
[2024-07-05T01:29:57.657+0000] {processor.py:183} INFO - Processing /home/airflow/.local/lib/python3.12/site-packages/airflow/example_dags/example_python_decorator.py took 1.538 seconds
[2024-07-05T01:31:40.272+0000] {processor.py:161} INFO - Started process (PID=159) to work on /home/airflow/.local/lib/python3.12/site-packages/airflow/example_dags/example_python_decorator.py
[2024-07-05T01:31:40.344+0000] {processor.py:830} INFO - Processing file /home/airflow/.local/lib/python3.12/site-packages/airflow/example_dags/example_python_decorator.py for tasks to queue
[2024-07-05T01:31:40.348+0000] {logging_mixin.py:188} INFO - [2024-07-05T01:31:40.347+0000] {dagbag.py:545} INFO - Filling up the DagBag from /home/airflow/.local/lib/python3.12/site-packages/airflow/example_dags/example_python_decorator.py
[2024-07-05T01:31:45.764+0000] {processor.py:840} INFO - DAG(s) 'example_python_decorator' retrieved from /home/airflow/.local/lib/python3.12/site-packages/airflow/example_dags/example_python_decorator.py
[2024-07-05T01:31:45.925+0000] {logging_mixin.py:188} INFO - [2024-07-05T01:31:45.925+0000] {dag.py:3096} INFO - Sync 1 DAGs
[2024-07-05T01:31:45.987+0000] {logging_mixin.py:188} INFO - [2024-07-05T01:31:45.986+0000] {dag.py:3954} INFO - Setting next_dagrun for example_python_decorator to None, run_after=None
[2024-07-05T01:31:46.396+0000] {processor.py:183} INFO - Processing /home/airflow/.local/lib/python3.12/site-packages/airflow/example_dags/example_python_decorator.py took 6.136 seconds
[2024-07-05T01:32:46.709+0000] {processor.py:161} INFO - Started process (PID=226) to work on /home/airflow/.local/lib/python3.12/site-packages/airflow/example_dags/example_python_decorator.py
[2024-07-05T01:32:46.714+0000] {processor.py:830} INFO - Processing file /home/airflow/.local/lib/python3.12/site-packages/airflow/example_dags/example_python_decorator.py for tasks to queue
[2024-07-05T01:32:46.719+0000] {logging_mixin.py:188} INFO - [2024-07-05T01:32:46.718+0000] {dagbag.py:545} INFO - Filling up the DagBag from /home/airflow/.local/lib/python3.12/site-packages/airflow/example_dags/example_python_decorator.py
[2024-07-05T01:32:46.777+0000] {processor.py:840} INFO - DAG(s) 'example_python_decorator' retrieved from /home/airflow/.local/lib/python3.12/site-packages/airflow/example_dags/example_python_decorator.py
[2024-07-05T01:32:48.881+0000] {logging_mixin.py:188} INFO - [2024-07-05T01:32:48.880+0000] {dag.py:3096} INFO - Sync 1 DAGs
[2024-07-05T01:32:48.943+0000] {logging_mixin.py:188} INFO - [2024-07-05T01:32:48.942+0000] {dag.py:3954} INFO - Setting next_dagrun for example_python_decorator to None, run_after=None
[2024-07-05T01:32:49.036+0000] {processor.py:183} INFO - Processing /home/airflow/.local/lib/python3.12/site-packages/airflow/example_dags/example_python_decorator.py took 2.350 seconds
[2024-07-05T01:33:28.314+0000] {processor.py:161} INFO - Started process (PID=284) to work on /home/airflow/.local/lib/python3.12/site-packages/airflow/example_dags/example_python_decorator.py
[2024-07-05T01:33:28.318+0000] {processor.py:830} INFO - Processing file /home/airflow/.local/lib/python3.12/site-packages/airflow/example_dags/example_python_decorator.py for tasks to queue
[2024-07-05T01:33:28.329+0000] {logging_mixin.py:188} INFO - [2024-07-05T01:33:28.327+0000] {dagbag.py:545} INFO - Filling up the DagBag from /home/airflow/.local/lib/python3.12/site-packages/airflow/example_dags/example_python_decorator.py
[2024-07-05T01:33:28.471+0000] {processor.py:840} INFO - DAG(s) 'example_python_decorator' retrieved from /home/airflow/.local/lib/python3.12/site-packages/airflow/example_dags/example_python_decorator.py
[2024-07-05T01:33:28.587+0000] {logging_mixin.py:188} INFO - [2024-07-05T01:33:28.586+0000] {dag.py:3096} INFO - Sync 1 DAGs
[2024-07-05T01:33:28.640+0000] {logging_mixin.py:188} INFO - [2024-07-05T01:33:28.640+0000] {dag.py:3954} INFO - Setting next_dagrun for example_python_decorator to None, run_after=None
[2024-07-05T01:33:28.788+0000] {processor.py:183} INFO - Processing /home/airflow/.local/lib/python3.12/site-packages/airflow/example_dags/example_python_decorator.py took 0.510 seconds
[2024-07-05T01:36:28.722+0000] {processor.py:161} INFO - Started process (PID=56) to work on /home/airflow/.local/lib/python3.12/site-packages/airflow/example_dags/example_python_decorator.py
[2024-07-05T01:36:28.773+0000] {processor.py:830} INFO - Processing file /home/airflow/.local/lib/python3.12/site-packages/airflow/example_dags/example_python_decorator.py for tasks to queue
[2024-07-05T01:36:28.778+0000] {logging_mixin.py:188} INFO - [2024-07-05T01:36:28.777+0000] {dagbag.py:545} INFO - Filling up the DagBag from /home/airflow/.local/lib/python3.12/site-packages/airflow/example_dags/example_python_decorator.py
[2024-07-05T01:36:28.907+0000] {processor.py:840} INFO - DAG(s) 'example_python_decorator' retrieved from /home/airflow/.local/lib/python3.12/site-packages/airflow/example_dags/example_python_decorator.py
[2024-07-05T01:36:29.136+0000] {logging_mixin.py:188} INFO - [2024-07-05T01:36:29.135+0000] {dag.py:3096} INFO - Sync 1 DAGs
[2024-07-05T01:36:29.168+0000] {logging_mixin.py:188} INFO - [2024-07-05T01:36:29.167+0000] {dag.py:3954} INFO - Setting next_dagrun for example_python_decorator to None, run_after=None
[2024-07-05T01:36:29.260+0000] {processor.py:183} INFO - Processing /home/airflow/.local/lib/python3.12/site-packages/airflow/example_dags/example_python_decorator.py took 0.544 seconds
[2024-07-05T01:37:13.981+0000] {processor.py:161} INFO - Started process (PID=122) to work on /home/airflow/.local/lib/python3.12/site-packages/airflow/example_dags/example_python_decorator.py
[2024-07-05T01:37:14.024+0000] {processor.py:830} INFO - Processing file /home/airflow/.local/lib/python3.12/site-packages/airflow/example_dags/example_python_decorator.py for tasks to queue
[2024-07-05T01:37:14.027+0000] {logging_mixin.py:188} INFO - [2024-07-05T01:37:14.026+0000] {dagbag.py:545} INFO - Filling up the DagBag from /home/airflow/.local/lib/python3.12/site-packages/airflow/example_dags/example_python_decorator.py
[2024-07-05T01:37:14.278+0000] {processor.py:840} INFO - DAG(s) 'example_python_decorator' retrieved from /home/airflow/.local/lib/python3.12/site-packages/airflow/example_dags/example_python_decorator.py
[2024-07-05T01:37:14.309+0000] {logging_mixin.py:188} INFO - [2024-07-05T01:37:14.308+0000] {dag.py:3096} INFO - Sync 1 DAGs
[2024-07-05T01:37:14.328+0000] {logging_mixin.py:188} INFO - [2024-07-05T01:37:14.327+0000] {dag.py:3954} INFO - Setting next_dagrun for example_python_decorator to None, run_after=None
[2024-07-05T01:37:14.812+0000] {processor.py:183} INFO - Processing /home/airflow/.local/lib/python3.12/site-packages/airflow/example_dags/example_python_decorator.py took 0.838 seconds
[2024-07-05T01:38:33.801+0000] {processor.py:161} INFO - Started process (PID=215) to work on /home/airflow/.local/lib/python3.12/site-packages/airflow/example_dags/example_python_decorator.py
[2024-07-05T01:38:33.804+0000] {processor.py:830} INFO - Processing file /home/airflow/.local/lib/python3.12/site-packages/airflow/example_dags/example_python_decorator.py for tasks to queue
[2024-07-05T01:38:33.808+0000] {logging_mixin.py:188} INFO - [2024-07-05T01:38:33.807+0000] {dagbag.py:545} INFO - Filling up the DagBag from /home/airflow/.local/lib/python3.12/site-packages/airflow/example_dags/example_python_decorator.py
[2024-07-05T01:38:33.853+0000] {processor.py:840} INFO - DAG(s) 'example_python_decorator' retrieved from /home/airflow/.local/lib/python3.12/site-packages/airflow/example_dags/example_python_decorator.py
[2024-07-05T01:38:33.932+0000] {logging_mixin.py:188} INFO - [2024-07-05T01:38:33.931+0000] {dag.py:3096} INFO - Sync 1 DAGs
[2024-07-05T01:38:33.972+0000] {logging_mixin.py:188} INFO - [2024-07-05T01:38:33.972+0000] {dag.py:3954} INFO - Setting next_dagrun for example_python_decorator to None, run_after=None
[2024-07-05T01:38:34.035+0000] {processor.py:183} INFO - Processing /home/airflow/.local/lib/python3.12/site-packages/airflow/example_dags/example_python_decorator.py took 0.248 seconds
[2024-07-05T01:39:10.086+0000] {processor.py:161} INFO - Started process (PID=276) to work on /home/airflow/.local/lib/python3.12/site-packages/airflow/example_dags/example_python_decorator.py
[2024-07-05T01:39:10.090+0000] {processor.py:830} INFO - Processing file /home/airflow/.local/lib/python3.12/site-packages/airflow/example_dags/example_python_decorator.py for tasks to queue
[2024-07-05T01:39:10.096+0000] {logging_mixin.py:188} INFO - [2024-07-05T01:39:10.095+0000] {dagbag.py:545} INFO - Filling up the DagBag from /home/airflow/.local/lib/python3.12/site-packages/airflow/example_dags/example_python_decorator.py
[2024-07-05T01:39:10.161+0000] {processor.py:840} INFO - DAG(s) 'example_python_decorator' retrieved from /home/airflow/.local/lib/python3.12/site-packages/airflow/example_dags/example_python_decorator.py
[2024-07-05T01:39:10.366+0000] {logging_mixin.py:188} INFO - [2024-07-05T01:39:10.364+0000] {dag.py:3096} INFO - Sync 1 DAGs
[2024-07-05T01:39:10.426+0000] {logging_mixin.py:188} INFO - [2024-07-05T01:39:10.425+0000] {dag.py:3954} INFO - Setting next_dagrun for example_python_decorator to None, run_after=None
[2024-07-05T01:39:10.564+0000] {processor.py:183} INFO - Processing /home/airflow/.local/lib/python3.12/site-packages/airflow/example_dags/example_python_decorator.py took 0.495 seconds
