[2024-07-03T21:09:29.747+0000] {local_task_job_runner.py:120} INFO - ::group::Pre task execution logs
[2024-07-03T21:09:29.921+0000] {taskinstance.py:2076} INFO - Dependencies all met for dep_context=non-requeueable deps ti=<TaskInstance: exchange_rate_dag.run_script scheduled__2023-08-05T00:00:00+00:00 [queued]>
[2024-07-03T21:09:29.955+0000] {taskinstance.py:2076} INFO - Dependencies all met for dep_context=requeueable deps ti=<TaskInstance: exchange_rate_dag.run_script scheduled__2023-08-05T00:00:00+00:00 [queued]>
[2024-07-03T21:09:29.957+0000] {taskinstance.py:2306} INFO - Starting attempt 1 of 2
[2024-07-03T21:09:30.047+0000] {taskinstance.py:2330} INFO - Executing <Task(PythonOperator): run_script> on 2023-08-05 00:00:00+00:00
[2024-07-03T21:09:30.139+0000] {warnings.py:112} WARNING - /home/***/.local/lib/python3.12/site-packages/***/task/task_runner/standard_task_runner.py:61: DeprecationWarning: This process (pid=159) is multi-threaded, use of fork() may lead to deadlocks in the child.
  pid = os.fork()

[2024-07-03T21:09:30.153+0000] {standard_task_runner.py:63} INFO - Started process 174 to run task
[2024-07-03T21:09:30.160+0000] {standard_task_runner.py:90} INFO - Running: ['***', 'tasks', 'run', 'exchange_rate_dag', 'run_script', 'scheduled__2023-08-05T00:00:00+00:00', '--job-id', '30', '--raw', '--subdir', 'DAGS_FOLDER/my_dag.py', '--cfg-path', '/tmp/tmpi3zhslf7']
[2024-07-03T21:09:30.166+0000] {standard_task_runner.py:91} INFO - Job 30: Subtask run_script
[2024-07-03T21:09:30.611+0000] {task_command.py:426} INFO - Running <TaskInstance: exchange_rate_dag.run_script scheduled__2023-08-05T00:00:00+00:00 [running]> on host 539cd3e7956f
[2024-07-03T21:09:31.547+0000] {taskinstance.py:2648} INFO - Exporting env vars: AIRFLOW_CTX_DAG_OWNER='juan_ml' AIRFLOW_CTX_DAG_ID='exchange_rate_dag' AIRFLOW_CTX_TASK_ID='run_script' AIRFLOW_CTX_EXECUTION_DATE='2023-08-05T00:00:00+00:00' AIRFLOW_CTX_TRY_NUMBER='1' AIRFLOW_CTX_DAG_RUN_ID='scheduled__2023-08-05T00:00:00+00:00'
[2024-07-03T21:09:31.578+0000] {taskinstance.py:430} INFO - ::endgroup::
[2024-07-03T21:09:31.582+0000] {taskinstance.py:441} INFO - ::group::Post task execution logs
[2024-07-03T21:09:31.591+0000] {taskinstance.py:2905} ERROR - Task failed with exception
Traceback (most recent call last):
  File "/home/airflow/.local/lib/python3.12/site-packages/airflow/models/taskinstance.py", line 465, in _execute_task
    result = _execute_callable(context=context, **execute_callable_kwargs)
             ^^^^^^^^^^^^^^^^^^^^^^^^^^^^^^^^^^^^^^^^^^^^^^^^^^^^^^^^^^^^^
  File "/home/airflow/.local/lib/python3.12/site-packages/airflow/models/taskinstance.py", line 432, in _execute_callable
    return execute_callable(context=context, **execute_callable_kwargs)
           ^^^^^^^^^^^^^^^^^^^^^^^^^^^^^^^^^^^^^^^^^^^^^^^^^^^^^^^^^^^^
  File "/home/airflow/.local/lib/python3.12/site-packages/airflow/models/baseoperator.py", line 401, in wrapper
    return func(self, *args, **kwargs)
           ^^^^^^^^^^^^^^^^^^^^^^^^^^^
  File "/home/airflow/.local/lib/python3.12/site-packages/airflow/operators/python.py", line 235, in execute
    return_value = self.execute_callable()
                   ^^^^^^^^^^^^^^^^^^^^^^^
  File "/home/airflow/.local/lib/python3.12/site-packages/airflow/operators/python.py", line 252, in execute_callable
    return self.python_callable(*self.op_args, **self.op_kwargs)
           ^^^^^^^^^^^^^^^^^^^^^^^^^^^^^^^^^^^^^^^^^^^^^^^^^^^^^
  File "/opt/airflow/dags/my_dag.py", line 18, in main
    if not validate_credentials():
           ^^^^^^^^^^^^^^^^^^^^^^
  File "/opt/airflow/dags/modules/validate_credentials.py", line 8, in validate_credentials
    "REDSHIFT_HOST": os.getenv('REDSHIFT_HOST').replace('http://', ''),
                     ^^^^^^^^^^^^^^^^^^^^^^^^^^^^^^^^^^
AttributeError: 'NoneType' object has no attribute 'replace'
[2024-07-03T21:09:31.815+0000] {taskinstance.py:1206} INFO - Marking task as UP_FOR_RETRY. dag_id=exchange_rate_dag, task_id=run_script, run_id=scheduled__2023-08-05T00:00:00+00:00, execution_date=20230805T000000, start_date=20240703T210929, end_date=20240703T210931
[2024-07-03T21:09:32.028+0000] {standard_task_runner.py:110} ERROR - Failed to execute job 30 for task run_script ('NoneType' object has no attribute 'replace'; 174)
[2024-07-03T21:09:32.077+0000] {local_task_job_runner.py:240} INFO - Task exited with return code 1
[2024-07-03T21:09:32.259+0000] {taskinstance.py:3503} INFO - 0 downstream tasks scheduled from follow-on schedule check
[2024-07-03T21:09:32.271+0000] {local_task_job_runner.py:222} INFO - ::endgroup::
