[2024-07-03T23:31:18.376+0000] {local_task_job_runner.py:120} INFO - ::group::Pre task execution logs
[2024-07-03T23:31:18.593+0000] {taskinstance.py:2076} INFO - Dependencies all met for dep_context=non-requeueable deps ti=<TaskInstance: exchange_rate_dag.run_script scheduled__2024-05-29T00:00:00+00:00 [queued]>
[2024-07-03T23:31:18.628+0000] {taskinstance.py:2076} INFO - Dependencies all met for dep_context=requeueable deps ti=<TaskInstance: exchange_rate_dag.run_script scheduled__2024-05-29T00:00:00+00:00 [queued]>
[2024-07-03T23:31:18.777+0000] {taskinstance.py:2306} INFO - Starting attempt 2 of 2
[2024-07-03T23:31:18.886+0000] {taskinstance.py:2330} INFO - Executing <Task(PythonOperator): run_script> on 2024-05-29 00:00:00+00:00
[2024-07-03T23:31:18.971+0000] {warnings.py:112} WARNING - /home/***/.local/lib/python3.12/site-packages/***/task/task_runner/standard_task_runner.py:61: DeprecationWarning: This process (pid=872) is multi-threaded, use of fork() may lead to deadlocks in the child.
  pid = os.fork()

[2024-07-03T23:31:18.974+0000] {standard_task_runner.py:63} INFO - Started process 883 to run task
[2024-07-03T23:31:18.975+0000] {standard_task_runner.py:90} INFO - Running: ['***', 'tasks', 'run', 'exchange_rate_dag', 'run_script', 'scheduled__2024-05-29T00:00:00+00:00', '--job-id', '119', '--raw', '--subdir', 'DAGS_FOLDER/my_dag.py', '--cfg-path', '/tmp/tmpr29arrje']
[2024-07-03T23:31:18.978+0000] {standard_task_runner.py:91} INFO - Job 119: Subtask run_script
[2024-07-03T23:31:19.233+0000] {task_command.py:426} INFO - Running <TaskInstance: exchange_rate_dag.run_script scheduled__2024-05-29T00:00:00+00:00 [running]> on host 0b7358cba041
[2024-07-03T23:31:19.875+0000] {taskinstance.py:2648} INFO - Exporting env vars: AIRFLOW_CTX_DAG_OWNER='juan_ml' AIRFLOW_CTX_DAG_ID='exchange_rate_dag' AIRFLOW_CTX_TASK_ID='run_script' AIRFLOW_CTX_EXECUTION_DATE='2024-05-29T00:00:00+00:00' AIRFLOW_CTX_TRY_NUMBER='2' AIRFLOW_CTX_DAG_RUN_ID='scheduled__2024-05-29T00:00:00+00:00'
[2024-07-03T23:31:19.892+0000] {taskinstance.py:430} INFO - ::endgroup::
[2024-07-03T23:31:19.895+0000] {logging_mixin.py:188} INFO - All credentials are set properly.
[2024-07-03T23:31:19.897+0000] {logging_mixin.py:188} INFO - Error al crear la tabla en Redshift: invalid literal for int() with base 10: 'None'
[2024-07-03T23:31:21.670+0000] {logging_mixin.py:188} INFO - Error al realizar la solicitud a la API: 401 Client Error: Unauthorized for url: https://api.apilayer.com/exchangerates_data/latest?symbols=EUR,USD,CNY&base=ARS
[2024-07-03T23:31:21.678+0000] {python.py:237} INFO - Done. Returned value was: None
[2024-07-03T23:31:21.687+0000] {taskinstance.py:441} INFO - ::group::Post task execution logs
[2024-07-03T23:31:21.732+0000] {taskinstance.py:1206} INFO - Marking task as SUCCESS. dag_id=exchange_rate_dag, task_id=run_script, run_id=scheduled__2024-05-29T00:00:00+00:00, execution_date=20240529T000000, start_date=20240703T233118, end_date=20240703T233121
[2024-07-03T23:31:21.846+0000] {local_task_job_runner.py:240} INFO - Task exited with return code 0
[2024-07-03T23:31:21.925+0000] {taskinstance.py:3503} INFO - 0 downstream tasks scheduled from follow-on schedule check
[2024-07-03T23:31:21.937+0000] {local_task_job_runner.py:222} INFO - ::endgroup::
