[2024-07-04T00:00:31.317+0000] {processor.py:161} INFO - Started process (PID=5006) to work on /home/airflow/.local/lib/python3.12/site-packages/airflow/example_dags/example_local_kubernetes_executor.py
[2024-07-04T00:00:31.329+0000] {processor.py:830} INFO - Processing file /home/airflow/.local/lib/python3.12/site-packages/airflow/example_dags/example_local_kubernetes_executor.py for tasks to queue
[2024-07-04T00:00:31.344+0000] {logging_mixin.py:188} INFO - [2024-07-04T00:00:31.342+0000] {dagbag.py:545} INFO - Filling up the DagBag from /home/airflow/.local/lib/python3.12/site-packages/airflow/example_dags/example_local_kubernetes_executor.py
[2024-07-04T00:00:31.534+0000] {processor.py:840} INFO - DAG(s) 'example_local_kubernetes_executor' retrieved from /home/airflow/.local/lib/python3.12/site-packages/airflow/example_dags/example_local_kubernetes_executor.py
[2024-07-04T00:00:32.738+0000] {logging_mixin.py:188} INFO - [2024-07-04T00:00:32.738+0000] {dag.py:3096} INFO - Sync 1 DAGs
[2024-07-04T00:00:32.919+0000] {logging_mixin.py:188} INFO - [2024-07-04T00:00:32.916+0000] {dag.py:3954} INFO - Setting next_dagrun for example_local_kubernetes_executor to None, run_after=None
[2024-07-04T00:00:33.368+0000] {processor.py:183} INFO - Processing /home/airflow/.local/lib/python3.12/site-packages/airflow/example_dags/example_local_kubernetes_executor.py took 2.076 seconds
[2024-07-04T00:01:07.766+0000] {processor.py:161} INFO - Started process (PID=5063) to work on /home/airflow/.local/lib/python3.12/site-packages/airflow/example_dags/example_local_kubernetes_executor.py
[2024-07-04T00:01:07.786+0000] {processor.py:830} INFO - Processing file /home/airflow/.local/lib/python3.12/site-packages/airflow/example_dags/example_local_kubernetes_executor.py for tasks to queue
[2024-07-04T00:01:07.845+0000] {logging_mixin.py:188} INFO - [2024-07-04T00:01:07.811+0000] {dagbag.py:545} INFO - Filling up the DagBag from /home/airflow/.local/lib/python3.12/site-packages/airflow/example_dags/example_local_kubernetes_executor.py
[2024-07-04T00:01:08.110+0000] {processor.py:840} INFO - DAG(s) 'example_local_kubernetes_executor' retrieved from /home/airflow/.local/lib/python3.12/site-packages/airflow/example_dags/example_local_kubernetes_executor.py
[2024-07-04T00:14:40.992+0000] {processor.py:161} INFO - Started process (PID=87) to work on /home/airflow/.local/lib/python3.12/site-packages/airflow/example_dags/example_local_kubernetes_executor.py
[2024-07-04T00:14:40.995+0000] {processor.py:830} INFO - Processing file /home/airflow/.local/lib/python3.12/site-packages/airflow/example_dags/example_local_kubernetes_executor.py for tasks to queue
[2024-07-04T00:14:41.001+0000] {logging_mixin.py:188} INFO - [2024-07-04T00:14:41.000+0000] {dagbag.py:545} INFO - Filling up the DagBag from /home/airflow/.local/lib/python3.12/site-packages/airflow/example_dags/example_local_kubernetes_executor.py
[2024-07-04T00:14:41.038+0000] {processor.py:840} INFO - DAG(s) 'example_local_kubernetes_executor' retrieved from /home/airflow/.local/lib/python3.12/site-packages/airflow/example_dags/example_local_kubernetes_executor.py
[2024-07-04T00:14:42.425+0000] {logging_mixin.py:188} INFO - [2024-07-04T00:14:42.424+0000] {dag.py:3096} INFO - Sync 1 DAGs
[2024-07-04T00:14:42.493+0000] {logging_mixin.py:188} INFO - [2024-07-04T00:14:42.492+0000] {dag.py:3954} INFO - Setting next_dagrun for example_local_kubernetes_executor to None, run_after=None
[2024-07-04T00:14:42.703+0000] {processor.py:183} INFO - Processing /home/airflow/.local/lib/python3.12/site-packages/airflow/example_dags/example_local_kubernetes_executor.py took 1.939 seconds
[2024-07-04T00:15:19.093+0000] {processor.py:161} INFO - Started process (PID=147) to work on /home/airflow/.local/lib/python3.12/site-packages/airflow/example_dags/example_local_kubernetes_executor.py
[2024-07-04T00:15:19.102+0000] {processor.py:830} INFO - Processing file /home/airflow/.local/lib/python3.12/site-packages/airflow/example_dags/example_local_kubernetes_executor.py for tasks to queue
[2024-07-04T00:15:19.170+0000] {logging_mixin.py:188} INFO - [2024-07-04T00:15:19.152+0000] {dagbag.py:545} INFO - Filling up the DagBag from /home/airflow/.local/lib/python3.12/site-packages/airflow/example_dags/example_local_kubernetes_executor.py
[2024-07-04T00:15:19.422+0000] {processor.py:840} INFO - DAG(s) 'example_local_kubernetes_executor' retrieved from /home/airflow/.local/lib/python3.12/site-packages/airflow/example_dags/example_local_kubernetes_executor.py
[2024-07-04T00:15:20.092+0000] {logging_mixin.py:188} INFO - [2024-07-04T00:15:20.078+0000] {dag.py:3096} INFO - Sync 1 DAGs
[2024-07-04T00:15:20.233+0000] {logging_mixin.py:188} INFO - [2024-07-04T00:15:20.232+0000] {dag.py:3954} INFO - Setting next_dagrun for example_local_kubernetes_executor to None, run_after=None
[2024-07-04T00:15:20.483+0000] {processor.py:183} INFO - Processing /home/airflow/.local/lib/python3.12/site-packages/airflow/example_dags/example_local_kubernetes_executor.py took 1.455 seconds
[2024-07-04T00:15:53.438+0000] {processor.py:161} INFO - Started process (PID=207) to work on /home/airflow/.local/lib/python3.12/site-packages/airflow/example_dags/example_local_kubernetes_executor.py
[2024-07-04T00:15:53.441+0000] {processor.py:830} INFO - Processing file /home/airflow/.local/lib/python3.12/site-packages/airflow/example_dags/example_local_kubernetes_executor.py for tasks to queue
[2024-07-04T00:15:53.446+0000] {logging_mixin.py:188} INFO - [2024-07-04T00:15:53.445+0000] {dagbag.py:545} INFO - Filling up the DagBag from /home/airflow/.local/lib/python3.12/site-packages/airflow/example_dags/example_local_kubernetes_executor.py
[2024-07-04T00:15:53.478+0000] {processor.py:840} INFO - DAG(s) 'example_local_kubernetes_executor' retrieved from /home/airflow/.local/lib/python3.12/site-packages/airflow/example_dags/example_local_kubernetes_executor.py
[2024-07-04T00:15:53.562+0000] {logging_mixin.py:188} INFO - [2024-07-04T00:15:53.561+0000] {dag.py:3096} INFO - Sync 1 DAGs
[2024-07-04T00:15:53.611+0000] {logging_mixin.py:188} INFO - [2024-07-04T00:15:53.611+0000] {dag.py:3954} INFO - Setting next_dagrun for example_local_kubernetes_executor to None, run_after=None
[2024-07-04T00:15:53.774+0000] {processor.py:183} INFO - Processing /home/airflow/.local/lib/python3.12/site-packages/airflow/example_dags/example_local_kubernetes_executor.py took 0.351 seconds
[2024-07-04T00:16:57.809+0000] {processor.py:161} INFO - Started process (PID=273) to work on /home/airflow/.local/lib/python3.12/site-packages/airflow/example_dags/example_local_kubernetes_executor.py
[2024-07-04T00:16:57.812+0000] {processor.py:830} INFO - Processing file /home/airflow/.local/lib/python3.12/site-packages/airflow/example_dags/example_local_kubernetes_executor.py for tasks to queue
[2024-07-04T00:16:57.817+0000] {logging_mixin.py:188} INFO - [2024-07-04T00:16:57.816+0000] {dagbag.py:545} INFO - Filling up the DagBag from /home/airflow/.local/lib/python3.12/site-packages/airflow/example_dags/example_local_kubernetes_executor.py
[2024-07-04T00:16:57.840+0000] {processor.py:840} INFO - DAG(s) 'example_local_kubernetes_executor' retrieved from /home/airflow/.local/lib/python3.12/site-packages/airflow/example_dags/example_local_kubernetes_executor.py
[2024-07-04T00:16:57.990+0000] {logging_mixin.py:188} INFO - [2024-07-04T00:16:57.989+0000] {dag.py:3096} INFO - Sync 1 DAGs
[2024-07-04T00:16:58.092+0000] {logging_mixin.py:188} INFO - [2024-07-04T00:16:58.091+0000] {dag.py:3954} INFO - Setting next_dagrun for example_local_kubernetes_executor to None, run_after=None
[2024-07-04T00:16:58.170+0000] {processor.py:183} INFO - Processing /home/airflow/.local/lib/python3.12/site-packages/airflow/example_dags/example_local_kubernetes_executor.py took 0.380 seconds
[2024-07-04T00:17:29.377+0000] {processor.py:161} INFO - Started process (PID=331) to work on /home/airflow/.local/lib/python3.12/site-packages/airflow/example_dags/example_local_kubernetes_executor.py
[2024-07-04T00:17:29.381+0000] {processor.py:830} INFO - Processing file /home/airflow/.local/lib/python3.12/site-packages/airflow/example_dags/example_local_kubernetes_executor.py for tasks to queue
[2024-07-04T00:17:29.388+0000] {logging_mixin.py:188} INFO - [2024-07-04T00:17:29.386+0000] {dagbag.py:545} INFO - Filling up the DagBag from /home/airflow/.local/lib/python3.12/site-packages/airflow/example_dags/example_local_kubernetes_executor.py
[2024-07-04T00:17:29.422+0000] {processor.py:840} INFO - DAG(s) 'example_local_kubernetes_executor' retrieved from /home/airflow/.local/lib/python3.12/site-packages/airflow/example_dags/example_local_kubernetes_executor.py
[2024-07-04T00:17:29.574+0000] {logging_mixin.py:188} INFO - [2024-07-04T00:17:29.573+0000] {dag.py:3096} INFO - Sync 1 DAGs
[2024-07-04T00:17:29.628+0000] {logging_mixin.py:188} INFO - [2024-07-04T00:17:29.627+0000] {dag.py:3954} INFO - Setting next_dagrun for example_local_kubernetes_executor to None, run_after=None
[2024-07-04T00:17:29.726+0000] {processor.py:183} INFO - Processing /home/airflow/.local/lib/python3.12/site-packages/airflow/example_dags/example_local_kubernetes_executor.py took 0.367 seconds
[2024-07-04T00:18:03.541+0000] {processor.py:161} INFO - Started process (PID=390) to work on /home/airflow/.local/lib/python3.12/site-packages/airflow/example_dags/example_local_kubernetes_executor.py
[2024-07-04T00:18:03.544+0000] {processor.py:830} INFO - Processing file /home/airflow/.local/lib/python3.12/site-packages/airflow/example_dags/example_local_kubernetes_executor.py for tasks to queue
[2024-07-04T00:18:03.549+0000] {logging_mixin.py:188} INFO - [2024-07-04T00:18:03.548+0000] {dagbag.py:545} INFO - Filling up the DagBag from /home/airflow/.local/lib/python3.12/site-packages/airflow/example_dags/example_local_kubernetes_executor.py
[2024-07-04T00:18:03.567+0000] {processor.py:840} INFO - DAG(s) 'example_local_kubernetes_executor' retrieved from /home/airflow/.local/lib/python3.12/site-packages/airflow/example_dags/example_local_kubernetes_executor.py
[2024-07-04T00:18:03.678+0000] {logging_mixin.py:188} INFO - [2024-07-04T00:18:03.677+0000] {dag.py:3096} INFO - Sync 1 DAGs
[2024-07-04T00:18:03.715+0000] {logging_mixin.py:188} INFO - [2024-07-04T00:18:03.714+0000] {dag.py:3954} INFO - Setting next_dagrun for example_local_kubernetes_executor to None, run_after=None
[2024-07-04T00:18:03.773+0000] {processor.py:183} INFO - Processing /home/airflow/.local/lib/python3.12/site-packages/airflow/example_dags/example_local_kubernetes_executor.py took 0.245 seconds
[2024-07-04T00:18:41.924+0000] {processor.py:161} INFO - Started process (PID=446) to work on /home/airflow/.local/lib/python3.12/site-packages/airflow/example_dags/example_local_kubernetes_executor.py
[2024-07-04T00:18:42.003+0000] {processor.py:830} INFO - Processing file /home/airflow/.local/lib/python3.12/site-packages/airflow/example_dags/example_local_kubernetes_executor.py for tasks to queue
[2024-07-04T00:18:42.023+0000] {logging_mixin.py:188} INFO - [2024-07-04T00:18:42.021+0000] {dagbag.py:545} INFO - Filling up the DagBag from /home/airflow/.local/lib/python3.12/site-packages/airflow/example_dags/example_local_kubernetes_executor.py
[2024-07-04T00:18:42.069+0000] {processor.py:840} INFO - DAG(s) 'example_local_kubernetes_executor' retrieved from /home/airflow/.local/lib/python3.12/site-packages/airflow/example_dags/example_local_kubernetes_executor.py
[2024-07-04T00:18:42.283+0000] {logging_mixin.py:188} INFO - [2024-07-04T00:18:42.282+0000] {dag.py:3096} INFO - Sync 1 DAGs
[2024-07-04T00:18:42.392+0000] {logging_mixin.py:188} INFO - [2024-07-04T00:18:42.391+0000] {dag.py:3954} INFO - Setting next_dagrun for example_local_kubernetes_executor to None, run_after=None
[2024-07-04T00:18:42.789+0000] {processor.py:183} INFO - Processing /home/airflow/.local/lib/python3.12/site-packages/airflow/example_dags/example_local_kubernetes_executor.py took 0.881 seconds
[2024-07-04T00:54:18.960+0000] {processor.py:161} INFO - Started process (PID=81) to work on /home/airflow/.local/lib/python3.12/site-packages/airflow/example_dags/example_local_kubernetes_executor.py
[2024-07-04T00:54:18.967+0000] {processor.py:830} INFO - Processing file /home/airflow/.local/lib/python3.12/site-packages/airflow/example_dags/example_local_kubernetes_executor.py for tasks to queue
[2024-07-04T00:54:18.990+0000] {logging_mixin.py:188} INFO - [2024-07-04T00:54:18.985+0000] {dagbag.py:545} INFO - Filling up the DagBag from /home/airflow/.local/lib/python3.12/site-packages/airflow/example_dags/example_local_kubernetes_executor.py
[2024-07-04T00:54:19.300+0000] {processor.py:840} INFO - DAG(s) 'example_local_kubernetes_executor' retrieved from /home/airflow/.local/lib/python3.12/site-packages/airflow/example_dags/example_local_kubernetes_executor.py
[2024-07-04T00:54:19.933+0000] {logging_mixin.py:188} INFO - [2024-07-04T00:54:19.932+0000] {dag.py:3096} INFO - Sync 1 DAGs
[2024-07-04T00:54:19.970+0000] {logging_mixin.py:188} INFO - [2024-07-04T00:54:19.970+0000] {dag.py:3954} INFO - Setting next_dagrun for example_local_kubernetes_executor to None, run_after=None
[2024-07-04T00:54:20.046+0000] {processor.py:183} INFO - Processing /home/airflow/.local/lib/python3.12/site-packages/airflow/example_dags/example_local_kubernetes_executor.py took 1.133 seconds
[2024-07-04T00:55:03.347+0000] {processor.py:161} INFO - Started process (PID=141) to work on /home/airflow/.local/lib/python3.12/site-packages/airflow/example_dags/example_local_kubernetes_executor.py
[2024-07-04T00:55:03.349+0000] {processor.py:830} INFO - Processing file /home/airflow/.local/lib/python3.12/site-packages/airflow/example_dags/example_local_kubernetes_executor.py for tasks to queue
[2024-07-04T00:55:03.354+0000] {logging_mixin.py:188} INFO - [2024-07-04T00:55:03.353+0000] {dagbag.py:545} INFO - Filling up the DagBag from /home/airflow/.local/lib/python3.12/site-packages/airflow/example_dags/example_local_kubernetes_executor.py
[2024-07-04T00:55:03.375+0000] {processor.py:840} INFO - DAG(s) 'example_local_kubernetes_executor' retrieved from /home/airflow/.local/lib/python3.12/site-packages/airflow/example_dags/example_local_kubernetes_executor.py
[2024-07-04T00:55:03.488+0000] {logging_mixin.py:188} INFO - [2024-07-04T00:55:03.487+0000] {dag.py:3096} INFO - Sync 1 DAGs
[2024-07-04T00:55:03.531+0000] {logging_mixin.py:188} INFO - [2024-07-04T00:55:03.530+0000] {dag.py:3954} INFO - Setting next_dagrun for example_local_kubernetes_executor to None, run_after=None
[2024-07-04T00:55:03.622+0000] {processor.py:183} INFO - Processing /home/airflow/.local/lib/python3.12/site-packages/airflow/example_dags/example_local_kubernetes_executor.py took 0.286 seconds
[2024-07-04T00:55:34.044+0000] {processor.py:161} INFO - Started process (PID=201) to work on /home/airflow/.local/lib/python3.12/site-packages/airflow/example_dags/example_local_kubernetes_executor.py
[2024-07-04T00:55:34.047+0000] {processor.py:830} INFO - Processing file /home/airflow/.local/lib/python3.12/site-packages/airflow/example_dags/example_local_kubernetes_executor.py for tasks to queue
[2024-07-04T00:55:34.051+0000] {logging_mixin.py:188} INFO - [2024-07-04T00:55:34.051+0000] {dagbag.py:545} INFO - Filling up the DagBag from /home/airflow/.local/lib/python3.12/site-packages/airflow/example_dags/example_local_kubernetes_executor.py
[2024-07-04T00:55:34.090+0000] {processor.py:840} INFO - DAG(s) 'example_local_kubernetes_executor' retrieved from /home/airflow/.local/lib/python3.12/site-packages/airflow/example_dags/example_local_kubernetes_executor.py
[2024-07-04T00:55:34.273+0000] {logging_mixin.py:188} INFO - [2024-07-04T00:55:34.272+0000] {dag.py:3096} INFO - Sync 1 DAGs
[2024-07-04T00:55:34.522+0000] {logging_mixin.py:188} INFO - [2024-07-04T00:55:34.521+0000] {dag.py:3954} INFO - Setting next_dagrun for example_local_kubernetes_executor to None, run_after=None
[2024-07-04T00:55:34.838+0000] {processor.py:183} INFO - Processing /home/airflow/.local/lib/python3.12/site-packages/airflow/example_dags/example_local_kubernetes_executor.py took 0.808 seconds
[2024-07-04T00:56:05.793+0000] {processor.py:161} INFO - Started process (PID=261) to work on /home/airflow/.local/lib/python3.12/site-packages/airflow/example_dags/example_local_kubernetes_executor.py
[2024-07-04T00:56:05.795+0000] {processor.py:830} INFO - Processing file /home/airflow/.local/lib/python3.12/site-packages/airflow/example_dags/example_local_kubernetes_executor.py for tasks to queue
[2024-07-04T00:56:05.800+0000] {logging_mixin.py:188} INFO - [2024-07-04T00:56:05.799+0000] {dagbag.py:545} INFO - Filling up the DagBag from /home/airflow/.local/lib/python3.12/site-packages/airflow/example_dags/example_local_kubernetes_executor.py
[2024-07-04T00:56:05.816+0000] {processor.py:840} INFO - DAG(s) 'example_local_kubernetes_executor' retrieved from /home/airflow/.local/lib/python3.12/site-packages/airflow/example_dags/example_local_kubernetes_executor.py
[2024-07-04T00:56:05.895+0000] {logging_mixin.py:188} INFO - [2024-07-04T00:56:05.894+0000] {dag.py:3096} INFO - Sync 1 DAGs
[2024-07-04T00:56:05.923+0000] {logging_mixin.py:188} INFO - [2024-07-04T00:56:05.922+0000] {dag.py:3954} INFO - Setting next_dagrun for example_local_kubernetes_executor to None, run_after=None
[2024-07-04T00:56:05.967+0000] {processor.py:183} INFO - Processing /home/airflow/.local/lib/python3.12/site-packages/airflow/example_dags/example_local_kubernetes_executor.py took 0.188 seconds
[2024-07-04T00:56:43.564+0000] {processor.py:161} INFO - Started process (PID=319) to work on /home/airflow/.local/lib/python3.12/site-packages/airflow/example_dags/example_local_kubernetes_executor.py
[2024-07-04T00:56:43.567+0000] {processor.py:830} INFO - Processing file /home/airflow/.local/lib/python3.12/site-packages/airflow/example_dags/example_local_kubernetes_executor.py for tasks to queue
[2024-07-04T00:56:43.581+0000] {logging_mixin.py:188} INFO - [2024-07-04T00:56:43.579+0000] {dagbag.py:545} INFO - Filling up the DagBag from /home/airflow/.local/lib/python3.12/site-packages/airflow/example_dags/example_local_kubernetes_executor.py
[2024-07-04T00:56:43.614+0000] {processor.py:840} INFO - DAG(s) 'example_local_kubernetes_executor' retrieved from /home/airflow/.local/lib/python3.12/site-packages/airflow/example_dags/example_local_kubernetes_executor.py
[2024-07-04T00:56:43.707+0000] {logging_mixin.py:188} INFO - [2024-07-04T00:56:43.707+0000] {dag.py:3096} INFO - Sync 1 DAGs
[2024-07-04T00:56:43.742+0000] {logging_mixin.py:188} INFO - [2024-07-04T00:56:43.741+0000] {dag.py:3954} INFO - Setting next_dagrun for example_local_kubernetes_executor to None, run_after=None
[2024-07-04T00:56:43.786+0000] {processor.py:183} INFO - Processing /home/airflow/.local/lib/python3.12/site-packages/airflow/example_dags/example_local_kubernetes_executor.py took 0.238 seconds
[2024-07-04T00:57:22.950+0000] {processor.py:161} INFO - Started process (PID=379) to work on /home/airflow/.local/lib/python3.12/site-packages/airflow/example_dags/example_local_kubernetes_executor.py
[2024-07-04T00:57:23.197+0000] {processor.py:830} INFO - Processing file /home/airflow/.local/lib/python3.12/site-packages/airflow/example_dags/example_local_kubernetes_executor.py for tasks to queue
[2024-07-04T00:57:23.201+0000] {logging_mixin.py:188} INFO - [2024-07-04T00:57:23.200+0000] {dagbag.py:545} INFO - Filling up the DagBag from /home/airflow/.local/lib/python3.12/site-packages/airflow/example_dags/example_local_kubernetes_executor.py
[2024-07-04T00:57:23.212+0000] {processor.py:840} INFO - DAG(s) 'example_local_kubernetes_executor' retrieved from /home/airflow/.local/lib/python3.12/site-packages/airflow/example_dags/example_local_kubernetes_executor.py
[2024-07-04T00:57:23.273+0000] {logging_mixin.py:188} INFO - [2024-07-04T00:57:23.272+0000] {dag.py:3096} INFO - Sync 1 DAGs
[2024-07-04T00:57:23.299+0000] {logging_mixin.py:188} INFO - [2024-07-04T00:57:23.299+0000] {dag.py:3954} INFO - Setting next_dagrun for example_local_kubernetes_executor to None, run_after=None
[2024-07-04T00:57:24.748+0000] {processor.py:183} INFO - Processing /home/airflow/.local/lib/python3.12/site-packages/airflow/example_dags/example_local_kubernetes_executor.py took 1.809 seconds
[2024-07-04T00:58:09.100+0000] {processor.py:161} INFO - Started process (PID=447) to work on /home/airflow/.local/lib/python3.12/site-packages/airflow/example_dags/example_local_kubernetes_executor.py
[2024-07-04T00:58:09.106+0000] {processor.py:830} INFO - Processing file /home/airflow/.local/lib/python3.12/site-packages/airflow/example_dags/example_local_kubernetes_executor.py for tasks to queue
[2024-07-04T00:58:09.120+0000] {logging_mixin.py:188} INFO - [2024-07-04T00:58:09.116+0000] {dagbag.py:545} INFO - Filling up the DagBag from /home/airflow/.local/lib/python3.12/site-packages/airflow/example_dags/example_local_kubernetes_executor.py
[2024-07-04T00:58:09.159+0000] {processor.py:840} INFO - DAG(s) 'example_local_kubernetes_executor' retrieved from /home/airflow/.local/lib/python3.12/site-packages/airflow/example_dags/example_local_kubernetes_executor.py
[2024-07-04T00:58:09.259+0000] {logging_mixin.py:188} INFO - [2024-07-04T00:58:09.258+0000] {dag.py:3096} INFO - Sync 1 DAGs
[2024-07-04T00:58:09.292+0000] {logging_mixin.py:188} INFO - [2024-07-04T00:58:09.292+0000] {dag.py:3954} INFO - Setting next_dagrun for example_local_kubernetes_executor to None, run_after=None
[2024-07-04T00:58:09.340+0000] {processor.py:183} INFO - Processing /home/airflow/.local/lib/python3.12/site-packages/airflow/example_dags/example_local_kubernetes_executor.py took 0.270 seconds
[2024-07-04T00:59:07.373+0000] {processor.py:161} INFO - Started process (PID=516) to work on /home/airflow/.local/lib/python3.12/site-packages/airflow/example_dags/example_local_kubernetes_executor.py
[2024-07-04T00:59:07.391+0000] {processor.py:830} INFO - Processing file /home/airflow/.local/lib/python3.12/site-packages/airflow/example_dags/example_local_kubernetes_executor.py for tasks to queue
[2024-07-04T00:59:07.402+0000] {logging_mixin.py:188} INFO - [2024-07-04T00:59:07.400+0000] {dagbag.py:545} INFO - Filling up the DagBag from /home/airflow/.local/lib/python3.12/site-packages/airflow/example_dags/example_local_kubernetes_executor.py
[2024-07-04T00:59:07.456+0000] {processor.py:840} INFO - DAG(s) 'example_local_kubernetes_executor' retrieved from /home/airflow/.local/lib/python3.12/site-packages/airflow/example_dags/example_local_kubernetes_executor.py
[2024-07-04T00:59:07.710+0000] {logging_mixin.py:188} INFO - [2024-07-04T00:59:07.709+0000] {dag.py:3096} INFO - Sync 1 DAGs
[2024-07-04T00:59:07.830+0000] {logging_mixin.py:188} INFO - [2024-07-04T00:59:07.818+0000] {dag.py:3954} INFO - Setting next_dagrun for example_local_kubernetes_executor to None, run_after=None
[2024-07-04T00:59:08.016+0000] {processor.py:183} INFO - Processing /home/airflow/.local/lib/python3.12/site-packages/airflow/example_dags/example_local_kubernetes_executor.py took 0.681 seconds
[2024-07-04T00:59:43.491+0000] {processor.py:161} INFO - Started process (PID=576) to work on /home/airflow/.local/lib/python3.12/site-packages/airflow/example_dags/example_local_kubernetes_executor.py
[2024-07-04T00:59:43.500+0000] {processor.py:830} INFO - Processing file /home/airflow/.local/lib/python3.12/site-packages/airflow/example_dags/example_local_kubernetes_executor.py for tasks to queue
[2024-07-04T00:59:43.513+0000] {logging_mixin.py:188} INFO - [2024-07-04T00:59:43.506+0000] {dagbag.py:545} INFO - Filling up the DagBag from /home/airflow/.local/lib/python3.12/site-packages/airflow/example_dags/example_local_kubernetes_executor.py
[2024-07-04T00:59:43.601+0000] {processor.py:840} INFO - DAG(s) 'example_local_kubernetes_executor' retrieved from /home/airflow/.local/lib/python3.12/site-packages/airflow/example_dags/example_local_kubernetes_executor.py
[2024-07-04T00:59:43.815+0000] {logging_mixin.py:188} INFO - [2024-07-04T00:59:43.814+0000] {dag.py:3096} INFO - Sync 1 DAGs
[2024-07-04T00:59:43.919+0000] {logging_mixin.py:188} INFO - [2024-07-04T00:59:43.919+0000] {dag.py:3954} INFO - Setting next_dagrun for example_local_kubernetes_executor to None, run_after=None
[2024-07-04T00:59:44.016+0000] {processor.py:183} INFO - Processing /home/airflow/.local/lib/python3.12/site-packages/airflow/example_dags/example_local_kubernetes_executor.py took 0.565 seconds
[2024-07-04T01:03:58.965+0000] {processor.py:161} INFO - Started process (PID=718) to work on /home/airflow/.local/lib/python3.12/site-packages/airflow/example_dags/example_local_kubernetes_executor.py
[2024-07-04T01:03:58.972+0000] {processor.py:830} INFO - Processing file /home/airflow/.local/lib/python3.12/site-packages/airflow/example_dags/example_local_kubernetes_executor.py for tasks to queue
[2024-07-04T01:03:58.976+0000] {logging_mixin.py:188} INFO - [2024-07-04T01:03:58.975+0000] {dagbag.py:545} INFO - Filling up the DagBag from /home/airflow/.local/lib/python3.12/site-packages/airflow/example_dags/example_local_kubernetes_executor.py
[2024-07-04T01:03:59.044+0000] {processor.py:840} INFO - DAG(s) 'example_local_kubernetes_executor' retrieved from /home/airflow/.local/lib/python3.12/site-packages/airflow/example_dags/example_local_kubernetes_executor.py
[2024-07-04T01:03:59.834+0000] {logging_mixin.py:188} INFO - [2024-07-04T01:03:59.833+0000] {dag.py:3096} INFO - Sync 1 DAGs
[2024-07-04T01:03:59.887+0000] {logging_mixin.py:188} INFO - [2024-07-04T01:03:59.886+0000] {dag.py:3954} INFO - Setting next_dagrun for example_local_kubernetes_executor to None, run_after=None
[2024-07-04T01:03:59.956+0000] {processor.py:183} INFO - Processing /home/airflow/.local/lib/python3.12/site-packages/airflow/example_dags/example_local_kubernetes_executor.py took 1.021 seconds
