[2024-07-04T00:00:50.917+0000] {processor.py:161} INFO - Started process (PID=5042) to work on /home/airflow/.local/lib/python3.12/site-packages/airflow/example_dags/example_branch_operator.py
[2024-07-04T00:00:50.937+0000] {processor.py:830} INFO - Processing file /home/airflow/.local/lib/python3.12/site-packages/airflow/example_dags/example_branch_operator.py for tasks to queue
[2024-07-04T00:00:50.968+0000] {logging_mixin.py:188} INFO - [2024-07-04T00:00:50.955+0000] {dagbag.py:545} INFO - Filling up the DagBag from /home/airflow/.local/lib/python3.12/site-packages/airflow/example_dags/example_branch_operator.py
[2024-07-04T00:00:51.193+0000] {processor.py:840} INFO - DAG(s) 'example_branch_operator' retrieved from /home/airflow/.local/lib/python3.12/site-packages/airflow/example_dags/example_branch_operator.py
[2024-07-04T00:00:51.490+0000] {logging_mixin.py:188} INFO - [2024-07-04T00:00:51.488+0000] {dag.py:3096} INFO - Sync 1 DAGs
[2024-07-04T00:00:51.841+0000] {logging_mixin.py:188} INFO - [2024-07-04T00:00:51.839+0000] {dag.py:3954} INFO - Setting next_dagrun for example_branch_operator to 2024-07-03 00:00:00+00:00, run_after=2024-07-04 00:00:00+00:00
[2024-07-04T00:00:52.106+0000] {processor.py:183} INFO - Processing /home/airflow/.local/lib/python3.12/site-packages/airflow/example_dags/example_branch_operator.py took 1.237 seconds
[2024-07-04T00:04:18.381+0000] {processor.py:161} INFO - Started process (PID=5103) to work on /home/airflow/.local/lib/python3.12/site-packages/airflow/example_dags/example_branch_operator.py
[2024-07-04T00:04:18.385+0000] {processor.py:830} INFO - Processing file /home/airflow/.local/lib/python3.12/site-packages/airflow/example_dags/example_branch_operator.py for tasks to queue
[2024-07-04T00:04:18.389+0000] {logging_mixin.py:188} INFO - [2024-07-04T00:04:18.388+0000] {dagbag.py:545} INFO - Filling up the DagBag from /home/airflow/.local/lib/python3.12/site-packages/airflow/example_dags/example_branch_operator.py
[2024-07-04T00:04:18.464+0000] {processor.py:840} INFO - DAG(s) 'example_branch_operator' retrieved from /home/airflow/.local/lib/python3.12/site-packages/airflow/example_dags/example_branch_operator.py
[2024-07-04T00:04:18.607+0000] {logging_mixin.py:188} INFO - [2024-07-04T00:04:18.606+0000] {dag.py:3096} INFO - Sync 1 DAGs
[2024-07-04T00:04:18.799+0000] {logging_mixin.py:188} INFO - [2024-07-04T00:04:18.798+0000] {dag.py:3954} INFO - Setting next_dagrun for example_branch_operator to 2024-07-03 00:00:00+00:00, run_after=2024-07-04 00:00:00+00:00
[2024-07-04T00:04:18.933+0000] {processor.py:183} INFO - Processing /home/airflow/.local/lib/python3.12/site-packages/airflow/example_dags/example_branch_operator.py took 0.583 seconds
[2024-07-04T00:14:56.965+0000] {processor.py:161} INFO - Started process (PID=101) to work on /home/airflow/.local/lib/python3.12/site-packages/airflow/example_dags/example_branch_operator.py
[2024-07-04T00:14:56.971+0000] {processor.py:830} INFO - Processing file /home/airflow/.local/lib/python3.12/site-packages/airflow/example_dags/example_branch_operator.py for tasks to queue
[2024-07-04T00:14:56.980+0000] {logging_mixin.py:188} INFO - [2024-07-04T00:14:56.979+0000] {dagbag.py:545} INFO - Filling up the DagBag from /home/airflow/.local/lib/python3.12/site-packages/airflow/example_dags/example_branch_operator.py
[2024-07-04T00:14:57.527+0000] {processor.py:840} INFO - DAG(s) 'example_branch_operator' retrieved from /home/airflow/.local/lib/python3.12/site-packages/airflow/example_dags/example_branch_operator.py
[2024-07-04T00:14:59.198+0000] {logging_mixin.py:188} INFO - [2024-07-04T00:14:59.194+0000] {dag.py:3096} INFO - Sync 1 DAGs
[2024-07-04T00:14:59.586+0000] {logging_mixin.py:188} INFO - [2024-07-04T00:14:59.585+0000] {dag.py:3954} INFO - Setting next_dagrun for example_branch_operator to 2024-07-03 00:00:00+00:00, run_after=2024-07-04 00:00:00+00:00
[2024-07-04T00:14:59.709+0000] {processor.py:183} INFO - Processing /home/airflow/.local/lib/python3.12/site-packages/airflow/example_dags/example_branch_operator.py took 2.800 seconds
[2024-07-04T00:15:30.469+0000] {processor.py:161} INFO - Started process (PID=161) to work on /home/airflow/.local/lib/python3.12/site-packages/airflow/example_dags/example_branch_operator.py
[2024-07-04T00:15:30.506+0000] {processor.py:830} INFO - Processing file /home/airflow/.local/lib/python3.12/site-packages/airflow/example_dags/example_branch_operator.py for tasks to queue
[2024-07-04T00:15:30.635+0000] {logging_mixin.py:188} INFO - [2024-07-04T00:15:30.621+0000] {dagbag.py:545} INFO - Filling up the DagBag from /home/airflow/.local/lib/python3.12/site-packages/airflow/example_dags/example_branch_operator.py
[2024-07-04T00:15:30.838+0000] {processor.py:840} INFO - DAG(s) 'example_branch_operator' retrieved from /home/airflow/.local/lib/python3.12/site-packages/airflow/example_dags/example_branch_operator.py
[2024-07-04T00:15:32.151+0000] {logging_mixin.py:188} INFO - [2024-07-04T00:15:32.149+0000] {dag.py:3096} INFO - Sync 1 DAGs
[2024-07-04T00:15:32.501+0000] {logging_mixin.py:188} INFO - [2024-07-04T00:15:32.500+0000] {dag.py:3954} INFO - Setting next_dagrun for example_branch_operator to 2024-07-03 00:00:00+00:00, run_after=2024-07-04 00:00:00+00:00
[2024-07-04T00:15:32.664+0000] {processor.py:183} INFO - Processing /home/airflow/.local/lib/python3.12/site-packages/airflow/example_dags/example_branch_operator.py took 2.230 seconds
[2024-07-04T00:16:03.601+0000] {processor.py:161} INFO - Started process (PID=220) to work on /home/airflow/.local/lib/python3.12/site-packages/airflow/example_dags/example_branch_operator.py
[2024-07-04T00:16:03.607+0000] {processor.py:830} INFO - Processing file /home/airflow/.local/lib/python3.12/site-packages/airflow/example_dags/example_branch_operator.py for tasks to queue
[2024-07-04T00:16:03.622+0000] {logging_mixin.py:188} INFO - [2024-07-04T00:16:03.620+0000] {dagbag.py:545} INFO - Filling up the DagBag from /home/airflow/.local/lib/python3.12/site-packages/airflow/example_dags/example_branch_operator.py
[2024-07-04T00:16:03.732+0000] {processor.py:840} INFO - DAG(s) 'example_branch_operator' retrieved from /home/airflow/.local/lib/python3.12/site-packages/airflow/example_dags/example_branch_operator.py
[2024-07-04T00:16:03.868+0000] {logging_mixin.py:188} INFO - [2024-07-04T00:16:03.867+0000] {dag.py:3096} INFO - Sync 1 DAGs
[2024-07-04T00:16:03.971+0000] {logging_mixin.py:188} INFO - [2024-07-04T00:16:03.970+0000] {dag.py:3954} INFO - Setting next_dagrun for example_branch_operator to 2024-07-03 00:00:00+00:00, run_after=2024-07-04 00:00:00+00:00
[2024-07-04T00:16:04.120+0000] {processor.py:183} INFO - Processing /home/airflow/.local/lib/python3.12/site-packages/airflow/example_dags/example_branch_operator.py took 0.534 seconds
[2024-07-04T00:17:04.742+0000] {processor.py:161} INFO - Started process (PID=287) to work on /home/airflow/.local/lib/python3.12/site-packages/airflow/example_dags/example_branch_operator.py
[2024-07-04T00:17:04.760+0000] {processor.py:830} INFO - Processing file /home/airflow/.local/lib/python3.12/site-packages/airflow/example_dags/example_branch_operator.py for tasks to queue
[2024-07-04T00:17:04.919+0000] {logging_mixin.py:188} INFO - [2024-07-04T00:17:04.880+0000] {dagbag.py:545} INFO - Filling up the DagBag from /home/airflow/.local/lib/python3.12/site-packages/airflow/example_dags/example_branch_operator.py
[2024-07-04T00:17:05.963+0000] {processor.py:840} INFO - DAG(s) 'example_branch_operator' retrieved from /home/airflow/.local/lib/python3.12/site-packages/airflow/example_dags/example_branch_operator.py
[2024-07-04T00:17:06.421+0000] {logging_mixin.py:188} INFO - [2024-07-04T00:17:06.420+0000] {dag.py:3096} INFO - Sync 1 DAGs
[2024-07-04T00:17:08.720+0000] {logging_mixin.py:188} INFO - [2024-07-04T00:17:08.714+0000] {dag.py:3954} INFO - Setting next_dagrun for example_branch_operator to 2024-07-03 00:00:00+00:00, run_after=2024-07-04 00:00:00+00:00
[2024-07-04T00:17:08.873+0000] {processor.py:183} INFO - Processing /home/airflow/.local/lib/python3.12/site-packages/airflow/example_dags/example_branch_operator.py took 4.191 seconds
[2024-07-04T00:17:39.614+0000] {processor.py:161} INFO - Started process (PID=346) to work on /home/airflow/.local/lib/python3.12/site-packages/airflow/example_dags/example_branch_operator.py
[2024-07-04T00:17:39.621+0000] {processor.py:830} INFO - Processing file /home/airflow/.local/lib/python3.12/site-packages/airflow/example_dags/example_branch_operator.py for tasks to queue
[2024-07-04T00:17:39.626+0000] {logging_mixin.py:188} INFO - [2024-07-04T00:17:39.625+0000] {dagbag.py:545} INFO - Filling up the DagBag from /home/airflow/.local/lib/python3.12/site-packages/airflow/example_dags/example_branch_operator.py
[2024-07-04T00:17:39.681+0000] {processor.py:840} INFO - DAG(s) 'example_branch_operator' retrieved from /home/airflow/.local/lib/python3.12/site-packages/airflow/example_dags/example_branch_operator.py
[2024-07-04T00:17:39.760+0000] {logging_mixin.py:188} INFO - [2024-07-04T00:17:39.760+0000] {dag.py:3096} INFO - Sync 1 DAGs
[2024-07-04T00:17:39.812+0000] {logging_mixin.py:188} INFO - [2024-07-04T00:17:39.811+0000] {dag.py:3954} INFO - Setting next_dagrun for example_branch_operator to 2024-07-03 00:00:00+00:00, run_after=2024-07-04 00:00:00+00:00
[2024-07-04T00:17:40.953+0000] {processor.py:183} INFO - Processing /home/airflow/.local/lib/python3.12/site-packages/airflow/example_dags/example_branch_operator.py took 1.354 seconds
[2024-07-04T00:18:11.212+0000] {processor.py:161} INFO - Started process (PID=405) to work on /home/airflow/.local/lib/python3.12/site-packages/airflow/example_dags/example_branch_operator.py
[2024-07-04T00:18:11.214+0000] {processor.py:830} INFO - Processing file /home/airflow/.local/lib/python3.12/site-packages/airflow/example_dags/example_branch_operator.py for tasks to queue
[2024-07-04T00:18:11.219+0000] {logging_mixin.py:188} INFO - [2024-07-04T00:18:11.218+0000] {dagbag.py:545} INFO - Filling up the DagBag from /home/airflow/.local/lib/python3.12/site-packages/airflow/example_dags/example_branch_operator.py
[2024-07-04T00:18:11.263+0000] {processor.py:840} INFO - DAG(s) 'example_branch_operator' retrieved from /home/airflow/.local/lib/python3.12/site-packages/airflow/example_dags/example_branch_operator.py
[2024-07-04T00:18:11.537+0000] {logging_mixin.py:188} INFO - [2024-07-04T00:18:11.537+0000] {dag.py:3096} INFO - Sync 1 DAGs
[2024-07-04T00:18:11.582+0000] {logging_mixin.py:188} INFO - [2024-07-04T00:18:11.582+0000] {dag.py:3954} INFO - Setting next_dagrun for example_branch_operator to 2024-07-03 00:00:00+00:00, run_after=2024-07-04 00:00:00+00:00
[2024-07-04T00:18:12.811+0000] {processor.py:183} INFO - Processing /home/airflow/.local/lib/python3.12/site-packages/airflow/example_dags/example_branch_operator.py took 1.613 seconds
[2024-07-04T00:19:06.685+0000] {processor.py:161} INFO - Started process (PID=477) to work on /home/airflow/.local/lib/python3.12/site-packages/airflow/example_dags/example_branch_operator.py
[2024-07-04T00:19:06.753+0000] {processor.py:830} INFO - Processing file /home/airflow/.local/lib/python3.12/site-packages/airflow/example_dags/example_branch_operator.py for tasks to queue
[2024-07-04T00:19:06.769+0000] {logging_mixin.py:188} INFO - [2024-07-04T00:19:06.768+0000] {dagbag.py:545} INFO - Filling up the DagBag from /home/airflow/.local/lib/python3.12/site-packages/airflow/example_dags/example_branch_operator.py
[2024-07-04T00:19:06.884+0000] {processor.py:840} INFO - DAG(s) 'example_branch_operator' retrieved from /home/airflow/.local/lib/python3.12/site-packages/airflow/example_dags/example_branch_operator.py
[2024-07-04T00:19:06.995+0000] {logging_mixin.py:188} INFO - [2024-07-04T00:19:06.994+0000] {dag.py:3096} INFO - Sync 1 DAGs
[2024-07-04T00:19:07.064+0000] {logging_mixin.py:188} INFO - [2024-07-04T00:19:07.064+0000] {dag.py:3954} INFO - Setting next_dagrun for example_branch_operator to 2024-07-03 00:00:00+00:00, run_after=2024-07-04 00:00:00+00:00
[2024-07-04T00:19:07.182+0000] {processor.py:183} INFO - Processing /home/airflow/.local/lib/python3.12/site-packages/airflow/example_dags/example_branch_operator.py took 0.522 seconds
[2024-07-04T00:54:28.361+0000] {processor.py:161} INFO - Started process (PID=95) to work on /home/airflow/.local/lib/python3.12/site-packages/airflow/example_dags/example_branch_operator.py
[2024-07-04T00:54:28.365+0000] {processor.py:830} INFO - Processing file /home/airflow/.local/lib/python3.12/site-packages/airflow/example_dags/example_branch_operator.py for tasks to queue
[2024-07-04T00:54:28.371+0000] {logging_mixin.py:188} INFO - [2024-07-04T00:54:28.369+0000] {dagbag.py:545} INFO - Filling up the DagBag from /home/airflow/.local/lib/python3.12/site-packages/airflow/example_dags/example_branch_operator.py
[2024-07-04T00:54:28.508+0000] {processor.py:840} INFO - DAG(s) 'example_branch_operator' retrieved from /home/airflow/.local/lib/python3.12/site-packages/airflow/example_dags/example_branch_operator.py
[2024-07-04T00:54:29.266+0000] {logging_mixin.py:188} INFO - [2024-07-04T00:54:29.262+0000] {dag.py:3096} INFO - Sync 1 DAGs
[2024-07-04T00:54:29.539+0000] {logging_mixin.py:188} INFO - [2024-07-04T00:54:29.538+0000] {dag.py:3954} INFO - Setting next_dagrun for example_branch_operator to 2024-07-03 00:00:00+00:00, run_after=2024-07-04 00:00:00+00:00
[2024-07-04T00:54:29.684+0000] {processor.py:183} INFO - Processing /home/airflow/.local/lib/python3.12/site-packages/airflow/example_dags/example_branch_operator.py took 1.357 seconds
[2024-07-04T00:55:06.525+0000] {processor.py:161} INFO - Started process (PID=155) to work on /home/airflow/.local/lib/python3.12/site-packages/airflow/example_dags/example_branch_operator.py
[2024-07-04T00:55:06.527+0000] {processor.py:830} INFO - Processing file /home/airflow/.local/lib/python3.12/site-packages/airflow/example_dags/example_branch_operator.py for tasks to queue
[2024-07-04T00:55:06.531+0000] {logging_mixin.py:188} INFO - [2024-07-04T00:55:06.530+0000] {dagbag.py:545} INFO - Filling up the DagBag from /home/airflow/.local/lib/python3.12/site-packages/airflow/example_dags/example_branch_operator.py
[2024-07-04T00:55:06.566+0000] {processor.py:840} INFO - DAG(s) 'example_branch_operator' retrieved from /home/airflow/.local/lib/python3.12/site-packages/airflow/example_dags/example_branch_operator.py
[2024-07-04T00:55:06.632+0000] {logging_mixin.py:188} INFO - [2024-07-04T00:55:06.632+0000] {dag.py:3096} INFO - Sync 1 DAGs
[2024-07-04T00:55:06.687+0000] {logging_mixin.py:188} INFO - [2024-07-04T00:55:06.686+0000] {dag.py:3954} INFO - Setting next_dagrun for example_branch_operator to 2024-07-03 00:00:00+00:00, run_after=2024-07-04 00:00:00+00:00
[2024-07-04T00:55:07.170+0000] {processor.py:183} INFO - Processing /home/airflow/.local/lib/python3.12/site-packages/airflow/example_dags/example_branch_operator.py took 0.657 seconds
[2024-07-04T00:55:56.761+0000] {processor.py:161} INFO - Started process (PID=221) to work on /home/airflow/.local/lib/python3.12/site-packages/airflow/example_dags/example_branch_operator.py
[2024-07-04T00:55:56.765+0000] {processor.py:830} INFO - Processing file /home/airflow/.local/lib/python3.12/site-packages/airflow/example_dags/example_branch_operator.py for tasks to queue
[2024-07-04T00:55:56.771+0000] {logging_mixin.py:188} INFO - [2024-07-04T00:55:56.770+0000] {dagbag.py:545} INFO - Filling up the DagBag from /home/airflow/.local/lib/python3.12/site-packages/airflow/example_dags/example_branch_operator.py
[2024-07-04T00:55:56.856+0000] {processor.py:840} INFO - DAG(s) 'example_branch_operator' retrieved from /home/airflow/.local/lib/python3.12/site-packages/airflow/example_dags/example_branch_operator.py
[2024-07-04T00:55:56.987+0000] {logging_mixin.py:188} INFO - [2024-07-04T00:55:56.987+0000] {dag.py:3096} INFO - Sync 1 DAGs
[2024-07-04T00:55:57.207+0000] {logging_mixin.py:188} INFO - [2024-07-04T00:55:57.206+0000] {dag.py:3954} INFO - Setting next_dagrun for example_branch_operator to 2024-07-03 00:00:00+00:00, run_after=2024-07-04 00:00:00+00:00
[2024-07-04T00:55:57.386+0000] {processor.py:183} INFO - Processing /home/airflow/.local/lib/python3.12/site-packages/airflow/example_dags/example_branch_operator.py took 0.647 seconds
[2024-07-04T00:56:32.067+0000] {processor.py:161} INFO - Started process (PID=281) to work on /home/airflow/.local/lib/python3.12/site-packages/airflow/example_dags/example_branch_operator.py
[2024-07-04T00:56:32.072+0000] {processor.py:830} INFO - Processing file /home/airflow/.local/lib/python3.12/site-packages/airflow/example_dags/example_branch_operator.py for tasks to queue
[2024-07-04T00:56:32.093+0000] {logging_mixin.py:188} INFO - [2024-07-04T00:56:32.091+0000] {dagbag.py:545} INFO - Filling up the DagBag from /home/airflow/.local/lib/python3.12/site-packages/airflow/example_dags/example_branch_operator.py
[2024-07-04T00:56:32.529+0000] {processor.py:840} INFO - DAG(s) 'example_branch_operator' retrieved from /home/airflow/.local/lib/python3.12/site-packages/airflow/example_dags/example_branch_operator.py
[2024-07-04T00:56:32.709+0000] {logging_mixin.py:188} INFO - [2024-07-04T00:56:32.708+0000] {dag.py:3096} INFO - Sync 1 DAGs
[2024-07-04T00:56:32.815+0000] {logging_mixin.py:188} INFO - [2024-07-04T00:56:32.815+0000] {dag.py:3954} INFO - Setting next_dagrun for example_branch_operator to 2024-07-03 00:00:00+00:00, run_after=2024-07-04 00:00:00+00:00
[2024-07-04T00:56:32.920+0000] {processor.py:183} INFO - Processing /home/airflow/.local/lib/python3.12/site-packages/airflow/example_dags/example_branch_operator.py took 0.913 seconds
[2024-07-04T00:57:03.609+0000] {processor.py:161} INFO - Started process (PID=340) to work on /home/airflow/.local/lib/python3.12/site-packages/airflow/example_dags/example_branch_operator.py
[2024-07-04T00:57:03.611+0000] {processor.py:830} INFO - Processing file /home/airflow/.local/lib/python3.12/site-packages/airflow/example_dags/example_branch_operator.py for tasks to queue
[2024-07-04T00:57:03.616+0000] {logging_mixin.py:188} INFO - [2024-07-04T00:57:03.615+0000] {dagbag.py:545} INFO - Filling up the DagBag from /home/airflow/.local/lib/python3.12/site-packages/airflow/example_dags/example_branch_operator.py
[2024-07-04T00:57:03.669+0000] {processor.py:840} INFO - DAG(s) 'example_branch_operator' retrieved from /home/airflow/.local/lib/python3.12/site-packages/airflow/example_dags/example_branch_operator.py
[2024-07-04T00:57:03.736+0000] {logging_mixin.py:188} INFO - [2024-07-04T00:57:03.735+0000] {dag.py:3096} INFO - Sync 1 DAGs
[2024-07-04T00:57:04.259+0000] {logging_mixin.py:188} INFO - [2024-07-04T00:57:04.258+0000] {dag.py:3954} INFO - Setting next_dagrun for example_branch_operator to 2024-07-03 00:00:00+00:00, run_after=2024-07-04 00:00:00+00:00
[2024-07-04T00:57:04.753+0000] {processor.py:183} INFO - Processing /home/airflow/.local/lib/python3.12/site-packages/airflow/example_dags/example_branch_operator.py took 1.157 seconds
[2024-07-04T00:57:38.542+0000] {processor.py:161} INFO - Started process (PID=401) to work on /home/airflow/.local/lib/python3.12/site-packages/airflow/example_dags/example_branch_operator.py
[2024-07-04T00:57:38.706+0000] {processor.py:830} INFO - Processing file /home/airflow/.local/lib/python3.12/site-packages/airflow/example_dags/example_branch_operator.py for tasks to queue
[2024-07-04T00:57:38.723+0000] {logging_mixin.py:188} INFO - [2024-07-04T00:57:38.722+0000] {dagbag.py:545} INFO - Filling up the DagBag from /home/airflow/.local/lib/python3.12/site-packages/airflow/example_dags/example_branch_operator.py
[2024-07-04T00:57:38.887+0000] {processor.py:840} INFO - DAG(s) 'example_branch_operator' retrieved from /home/airflow/.local/lib/python3.12/site-packages/airflow/example_dags/example_branch_operator.py
[2024-07-04T00:57:39.076+0000] {logging_mixin.py:188} INFO - [2024-07-04T00:57:39.075+0000] {dag.py:3096} INFO - Sync 1 DAGs
[2024-07-04T00:57:39.277+0000] {logging_mixin.py:188} INFO - [2024-07-04T00:57:39.276+0000] {dag.py:3954} INFO - Setting next_dagrun for example_branch_operator to 2024-07-03 00:00:00+00:00, run_after=2024-07-04 00:00:00+00:00
[2024-07-04T00:57:39.843+0000] {processor.py:183} INFO - Processing /home/airflow/.local/lib/python3.12/site-packages/airflow/example_dags/example_branch_operator.py took 1.316 seconds
[2024-07-04T00:58:12.758+0000] {processor.py:161} INFO - Started process (PID=462) to work on /home/airflow/.local/lib/python3.12/site-packages/airflow/example_dags/example_branch_operator.py
[2024-07-04T00:58:12.770+0000] {processor.py:830} INFO - Processing file /home/airflow/.local/lib/python3.12/site-packages/airflow/example_dags/example_branch_operator.py for tasks to queue
[2024-07-04T00:58:12.781+0000] {logging_mixin.py:188} INFO - [2024-07-04T00:58:12.779+0000] {dagbag.py:545} INFO - Filling up the DagBag from /home/airflow/.local/lib/python3.12/site-packages/airflow/example_dags/example_branch_operator.py
[2024-07-04T00:58:12.814+0000] {processor.py:840} INFO - DAG(s) 'example_branch_operator' retrieved from /home/airflow/.local/lib/python3.12/site-packages/airflow/example_dags/example_branch_operator.py
[2024-07-04T00:58:12.879+0000] {logging_mixin.py:188} INFO - [2024-07-04T00:58:12.878+0000] {dag.py:3096} INFO - Sync 1 DAGs
[2024-07-04T00:58:13.014+0000] {logging_mixin.py:188} INFO - [2024-07-04T00:58:13.013+0000] {dag.py:3954} INFO - Setting next_dagrun for example_branch_operator to 2024-07-03 00:00:00+00:00, run_after=2024-07-04 00:00:00+00:00
[2024-07-04T00:58:13.209+0000] {processor.py:183} INFO - Processing /home/airflow/.local/lib/python3.12/site-packages/airflow/example_dags/example_branch_operator.py took 0.478 seconds
[2024-07-04T00:59:11.485+0000] {processor.py:161} INFO - Started process (PID=530) to work on /home/airflow/.local/lib/python3.12/site-packages/airflow/example_dags/example_branch_operator.py
[2024-07-04T00:59:11.488+0000] {processor.py:830} INFO - Processing file /home/airflow/.local/lib/python3.12/site-packages/airflow/example_dags/example_branch_operator.py for tasks to queue
[2024-07-04T00:59:11.494+0000] {logging_mixin.py:188} INFO - [2024-07-04T00:59:11.492+0000] {dagbag.py:545} INFO - Filling up the DagBag from /home/airflow/.local/lib/python3.12/site-packages/airflow/example_dags/example_branch_operator.py
[2024-07-04T00:59:11.561+0000] {processor.py:840} INFO - DAG(s) 'example_branch_operator' retrieved from /home/airflow/.local/lib/python3.12/site-packages/airflow/example_dags/example_branch_operator.py
[2024-07-04T00:59:11.654+0000] {logging_mixin.py:188} INFO - [2024-07-04T00:59:11.653+0000] {dag.py:3096} INFO - Sync 1 DAGs
[2024-07-04T00:59:11.726+0000] {logging_mixin.py:188} INFO - [2024-07-04T00:59:11.725+0000] {dag.py:3954} INFO - Setting next_dagrun for example_branch_operator to 2024-07-03 00:00:00+00:00, run_after=2024-07-04 00:00:00+00:00
[2024-07-04T00:59:11.780+0000] {processor.py:183} INFO - Processing /home/airflow/.local/lib/python3.12/site-packages/airflow/example_dags/example_branch_operator.py took 0.314 seconds
[2024-07-04T00:59:58.061+0000] {processor.py:161} INFO - Started process (PID=606) to work on /home/airflow/.local/lib/python3.12/site-packages/airflow/example_dags/example_branch_operator.py
[2024-07-04T00:59:58.068+0000] {processor.py:830} INFO - Processing file /home/airflow/.local/lib/python3.12/site-packages/airflow/example_dags/example_branch_operator.py for tasks to queue
[2024-07-04T00:59:58.076+0000] {logging_mixin.py:188} INFO - [2024-07-04T00:59:58.075+0000] {dagbag.py:545} INFO - Filling up the DagBag from /home/airflow/.local/lib/python3.12/site-packages/airflow/example_dags/example_branch_operator.py
[2024-07-04T00:59:58.214+0000] {processor.py:840} INFO - DAG(s) 'example_branch_operator' retrieved from /home/airflow/.local/lib/python3.12/site-packages/airflow/example_dags/example_branch_operator.py
[2024-07-04T00:59:58.996+0000] {logging_mixin.py:188} INFO - [2024-07-04T00:59:58.948+0000] {dag.py:3096} INFO - Sync 1 DAGs
[2024-07-04T00:59:59.495+0000] {logging_mixin.py:188} INFO - [2024-07-04T00:59:59.481+0000] {dag.py:3954} INFO - Setting next_dagrun for example_branch_operator to 2024-07-03 00:00:00+00:00, run_after=2024-07-04 00:00:00+00:00
[2024-07-04T00:59:59.855+0000] {processor.py:183} INFO - Processing /home/airflow/.local/lib/python3.12/site-packages/airflow/example_dags/example_branch_operator.py took 1.820 seconds
[2024-07-04T01:04:35.584+0000] {processor.py:161} INFO - Started process (PID=738) to work on /home/airflow/.local/lib/python3.12/site-packages/airflow/example_dags/example_branch_operator.py
[2024-07-04T01:04:35.650+0000] {processor.py:830} INFO - Processing file /home/airflow/.local/lib/python3.12/site-packages/airflow/example_dags/example_branch_operator.py for tasks to queue
[2024-07-04T01:04:35.653+0000] {logging_mixin.py:188} INFO - [2024-07-04T01:04:35.652+0000] {dagbag.py:545} INFO - Filling up the DagBag from /home/airflow/.local/lib/python3.12/site-packages/airflow/example_dags/example_branch_operator.py
[2024-07-04T01:04:36.227+0000] {processor.py:840} INFO - DAG(s) 'example_branch_operator' retrieved from /home/airflow/.local/lib/python3.12/site-packages/airflow/example_dags/example_branch_operator.py
[2024-07-04T01:04:38.713+0000] {logging_mixin.py:188} INFO - [2024-07-04T01:04:38.713+0000] {dag.py:3096} INFO - Sync 1 DAGs
[2024-07-04T01:04:38.751+0000] {logging_mixin.py:188} INFO - [2024-07-04T01:04:38.750+0000] {dag.py:3954} INFO - Setting next_dagrun for example_branch_operator to 2024-07-03 00:00:00+00:00, run_after=2024-07-04 00:00:00+00:00
[2024-07-04T01:04:39.362+0000] {processor.py:183} INFO - Processing /home/airflow/.local/lib/python3.12/site-packages/airflow/example_dags/example_branch_operator.py took 3.790 seconds
