[2024-07-04T00:01:01.173+0000] {processor.py:161} INFO - Started process (PID=5052) to work on /home/airflow/.local/lib/python3.12/site-packages/airflow/example_dags/example_params_trigger_ui.py
[2024-07-04T00:01:01.192+0000] {processor.py:830} INFO - Processing file /home/airflow/.local/lib/python3.12/site-packages/airflow/example_dags/example_params_trigger_ui.py for tasks to queue
[2024-07-04T00:01:01.209+0000] {logging_mixin.py:188} INFO - [2024-07-04T00:01:01.199+0000] {dagbag.py:545} INFO - Filling up the DagBag from /home/airflow/.local/lib/python3.12/site-packages/airflow/example_dags/example_params_trigger_ui.py
[2024-07-04T00:01:01.344+0000] {processor.py:840} INFO - DAG(s) 'example_params_trigger_ui' retrieved from /home/airflow/.local/lib/python3.12/site-packages/airflow/example_dags/example_params_trigger_ui.py
[2024-07-04T00:01:02.646+0000] {logging_mixin.py:188} INFO - [2024-07-04T00:01:02.639+0000] {dag.py:3096} INFO - Sync 1 DAGs
[2024-07-04T00:01:02.767+0000] {logging_mixin.py:188} INFO - [2024-07-04T00:01:02.763+0000] {dag.py:3954} INFO - Setting next_dagrun for example_params_trigger_ui to None, run_after=None
[2024-07-04T00:01:03.073+0000] {processor.py:183} INFO - Processing /home/airflow/.local/lib/python3.12/site-packages/airflow/example_dags/example_params_trigger_ui.py took 1.970 seconds
[2024-07-04T00:04:21.113+0000] {processor.py:161} INFO - Started process (PID=5114) to work on /home/airflow/.local/lib/python3.12/site-packages/airflow/example_dags/example_params_trigger_ui.py
[2024-07-04T00:04:21.116+0000] {processor.py:830} INFO - Processing file /home/airflow/.local/lib/python3.12/site-packages/airflow/example_dags/example_params_trigger_ui.py for tasks to queue
[2024-07-04T00:04:21.118+0000] {logging_mixin.py:188} INFO - [2024-07-04T00:04:21.117+0000] {dagbag.py:545} INFO - Filling up the DagBag from /home/airflow/.local/lib/python3.12/site-packages/airflow/example_dags/example_params_trigger_ui.py
[2024-07-04T00:04:21.164+0000] {processor.py:840} INFO - DAG(s) 'example_params_trigger_ui' retrieved from /home/airflow/.local/lib/python3.12/site-packages/airflow/example_dags/example_params_trigger_ui.py
[2024-07-04T00:04:21.291+0000] {logging_mixin.py:188} INFO - [2024-07-04T00:04:21.290+0000] {dag.py:3096} INFO - Sync 1 DAGs
[2024-07-04T00:04:21.329+0000] {logging_mixin.py:188} INFO - [2024-07-04T00:04:21.328+0000] {dag.py:3954} INFO - Setting next_dagrun for example_params_trigger_ui to None, run_after=None
[2024-07-04T00:04:21.398+0000] {processor.py:183} INFO - Processing /home/airflow/.local/lib/python3.12/site-packages/airflow/example_dags/example_params_trigger_ui.py took 0.299 seconds
[2024-07-04T00:15:04.484+0000] {processor.py:161} INFO - Started process (PID=112) to work on /home/airflow/.local/lib/python3.12/site-packages/airflow/example_dags/example_params_trigger_ui.py
[2024-07-04T00:15:04.493+0000] {processor.py:830} INFO - Processing file /home/airflow/.local/lib/python3.12/site-packages/airflow/example_dags/example_params_trigger_ui.py for tasks to queue
[2024-07-04T00:15:04.516+0000] {logging_mixin.py:188} INFO - [2024-07-04T00:15:04.515+0000] {dagbag.py:545} INFO - Filling up the DagBag from /home/airflow/.local/lib/python3.12/site-packages/airflow/example_dags/example_params_trigger_ui.py
[2024-07-04T00:15:04.590+0000] {processor.py:840} INFO - DAG(s) 'example_params_trigger_ui' retrieved from /home/airflow/.local/lib/python3.12/site-packages/airflow/example_dags/example_params_trigger_ui.py
[2024-07-04T00:15:05.322+0000] {logging_mixin.py:188} INFO - [2024-07-04T00:15:05.319+0000] {dag.py:3096} INFO - Sync 1 DAGs
[2024-07-04T00:15:05.411+0000] {logging_mixin.py:188} INFO - [2024-07-04T00:15:05.410+0000] {dag.py:3954} INFO - Setting next_dagrun for example_params_trigger_ui to None, run_after=None
[2024-07-04T00:15:05.564+0000] {processor.py:183} INFO - Processing /home/airflow/.local/lib/python3.12/site-packages/airflow/example_dags/example_params_trigger_ui.py took 1.112 seconds
[2024-07-04T00:15:38.929+0000] {processor.py:161} INFO - Started process (PID=178) to work on /home/airflow/.local/lib/python3.12/site-packages/airflow/example_dags/example_params_trigger_ui.py
[2024-07-04T00:15:38.933+0000] {processor.py:830} INFO - Processing file /home/airflow/.local/lib/python3.12/site-packages/airflow/example_dags/example_params_trigger_ui.py for tasks to queue
[2024-07-04T00:15:38.942+0000] {logging_mixin.py:188} INFO - [2024-07-04T00:15:38.941+0000] {dagbag.py:545} INFO - Filling up the DagBag from /home/airflow/.local/lib/python3.12/site-packages/airflow/example_dags/example_params_trigger_ui.py
[2024-07-04T00:15:39.011+0000] {processor.py:840} INFO - DAG(s) 'example_params_trigger_ui' retrieved from /home/airflow/.local/lib/python3.12/site-packages/airflow/example_dags/example_params_trigger_ui.py
[2024-07-04T00:15:39.213+0000] {logging_mixin.py:188} INFO - [2024-07-04T00:15:39.213+0000] {dag.py:3096} INFO - Sync 1 DAGs
[2024-07-04T00:15:39.273+0000] {logging_mixin.py:188} INFO - [2024-07-04T00:15:39.273+0000] {dag.py:3954} INFO - Setting next_dagrun for example_params_trigger_ui to None, run_after=None
[2024-07-04T00:15:39.340+0000] {processor.py:183} INFO - Processing /home/airflow/.local/lib/python3.12/site-packages/airflow/example_dags/example_params_trigger_ui.py took 0.442 seconds
[2024-07-04T00:16:16.904+0000] {processor.py:161} INFO - Started process (PID=238) to work on /home/airflow/.local/lib/python3.12/site-packages/airflow/example_dags/example_params_trigger_ui.py
[2024-07-04T00:16:16.907+0000] {processor.py:830} INFO - Processing file /home/airflow/.local/lib/python3.12/site-packages/airflow/example_dags/example_params_trigger_ui.py for tasks to queue
[2024-07-04T00:16:16.921+0000] {logging_mixin.py:188} INFO - [2024-07-04T00:16:16.920+0000] {dagbag.py:545} INFO - Filling up the DagBag from /home/airflow/.local/lib/python3.12/site-packages/airflow/example_dags/example_params_trigger_ui.py
[2024-07-04T00:16:17.099+0000] {processor.py:840} INFO - DAG(s) 'example_params_trigger_ui' retrieved from /home/airflow/.local/lib/python3.12/site-packages/airflow/example_dags/example_params_trigger_ui.py
[2024-07-04T00:16:19.007+0000] {logging_mixin.py:188} INFO - [2024-07-04T00:16:19.006+0000] {dag.py:3096} INFO - Sync 1 DAGs
[2024-07-04T00:16:19.053+0000] {logging_mixin.py:188} INFO - [2024-07-04T00:16:19.052+0000] {dag.py:3954} INFO - Setting next_dagrun for example_params_trigger_ui to None, run_after=None
[2024-07-04T00:16:19.259+0000] {processor.py:183} INFO - Processing /home/airflow/.local/lib/python3.12/site-packages/airflow/example_dags/example_params_trigger_ui.py took 2.391 seconds
[2024-07-04T00:17:13.686+0000] {processor.py:161} INFO - Started process (PID=311) to work on /home/airflow/.local/lib/python3.12/site-packages/airflow/example_dags/example_params_trigger_ui.py
[2024-07-04T00:17:13.689+0000] {processor.py:830} INFO - Processing file /home/airflow/.local/lib/python3.12/site-packages/airflow/example_dags/example_params_trigger_ui.py for tasks to queue
[2024-07-04T00:17:13.693+0000] {logging_mixin.py:188} INFO - [2024-07-04T00:17:13.692+0000] {dagbag.py:545} INFO - Filling up the DagBag from /home/airflow/.local/lib/python3.12/site-packages/airflow/example_dags/example_params_trigger_ui.py
[2024-07-04T00:17:13.740+0000] {processor.py:840} INFO - DAG(s) 'example_params_trigger_ui' retrieved from /home/airflow/.local/lib/python3.12/site-packages/airflow/example_dags/example_params_trigger_ui.py
[2024-07-04T00:17:13.949+0000] {logging_mixin.py:188} INFO - [2024-07-04T00:17:13.948+0000] {dag.py:3096} INFO - Sync 1 DAGs
[2024-07-04T00:17:14.017+0000] {logging_mixin.py:188} INFO - [2024-07-04T00:17:14.016+0000] {dag.py:3954} INFO - Setting next_dagrun for example_params_trigger_ui to None, run_after=None
[2024-07-04T00:17:14.065+0000] {processor.py:183} INFO - Processing /home/airflow/.local/lib/python3.12/site-packages/airflow/example_dags/example_params_trigger_ui.py took 0.393 seconds
[2024-07-04T00:18:01.478+0000] {processor.py:161} INFO - Started process (PID=376) to work on /home/airflow/.local/lib/python3.12/site-packages/airflow/example_dags/example_params_trigger_ui.py
[2024-07-04T00:18:01.496+0000] {processor.py:830} INFO - Processing file /home/airflow/.local/lib/python3.12/site-packages/airflow/example_dags/example_params_trigger_ui.py for tasks to queue
[2024-07-04T00:18:01.512+0000] {logging_mixin.py:188} INFO - [2024-07-04T00:18:01.511+0000] {dagbag.py:545} INFO - Filling up the DagBag from /home/airflow/.local/lib/python3.12/site-packages/airflow/example_dags/example_params_trigger_ui.py
[2024-07-04T00:18:01.596+0000] {processor.py:840} INFO - DAG(s) 'example_params_trigger_ui' retrieved from /home/airflow/.local/lib/python3.12/site-packages/airflow/example_dags/example_params_trigger_ui.py
[2024-07-04T00:18:01.885+0000] {logging_mixin.py:188} INFO - [2024-07-04T00:18:01.884+0000] {dag.py:3096} INFO - Sync 1 DAGs
[2024-07-04T00:18:01.936+0000] {logging_mixin.py:188} INFO - [2024-07-04T00:18:01.935+0000] {dag.py:3954} INFO - Setting next_dagrun for example_params_trigger_ui to None, run_after=None
[2024-07-04T00:18:02.006+0000] {processor.py:183} INFO - Processing /home/airflow/.local/lib/python3.12/site-packages/airflow/example_dags/example_params_trigger_ui.py took 0.567 seconds
[2024-07-04T00:18:38.554+0000] {processor.py:161} INFO - Started process (PID=435) to work on /home/airflow/.local/lib/python3.12/site-packages/airflow/example_dags/example_params_trigger_ui.py
[2024-07-04T00:18:38.558+0000] {processor.py:830} INFO - Processing file /home/airflow/.local/lib/python3.12/site-packages/airflow/example_dags/example_params_trigger_ui.py for tasks to queue
[2024-07-04T00:18:38.563+0000] {logging_mixin.py:188} INFO - [2024-07-04T00:18:38.562+0000] {dagbag.py:545} INFO - Filling up the DagBag from /home/airflow/.local/lib/python3.12/site-packages/airflow/example_dags/example_params_trigger_ui.py
[2024-07-04T00:18:38.599+0000] {processor.py:840} INFO - DAG(s) 'example_params_trigger_ui' retrieved from /home/airflow/.local/lib/python3.12/site-packages/airflow/example_dags/example_params_trigger_ui.py
[2024-07-04T00:18:38.737+0000] {logging_mixin.py:188} INFO - [2024-07-04T00:18:38.736+0000] {dag.py:3096} INFO - Sync 1 DAGs
[2024-07-04T00:18:38.800+0000] {logging_mixin.py:188} INFO - [2024-07-04T00:18:38.797+0000] {dag.py:3954} INFO - Setting next_dagrun for example_params_trigger_ui to None, run_after=None
[2024-07-04T00:18:38.993+0000] {processor.py:183} INFO - Processing /home/airflow/.local/lib/python3.12/site-packages/airflow/example_dags/example_params_trigger_ui.py took 0.455 seconds
[2024-07-04T00:54:34.913+0000] {processor.py:161} INFO - Started process (PID=106) to work on /home/airflow/.local/lib/python3.12/site-packages/airflow/example_dags/example_params_trigger_ui.py
[2024-07-04T00:54:34.917+0000] {processor.py:830} INFO - Processing file /home/airflow/.local/lib/python3.12/site-packages/airflow/example_dags/example_params_trigger_ui.py for tasks to queue
[2024-07-04T00:54:34.921+0000] {logging_mixin.py:188} INFO - [2024-07-04T00:54:34.920+0000] {dagbag.py:545} INFO - Filling up the DagBag from /home/airflow/.local/lib/python3.12/site-packages/airflow/example_dags/example_params_trigger_ui.py
[2024-07-04T00:54:34.959+0000] {processor.py:840} INFO - DAG(s) 'example_params_trigger_ui' retrieved from /home/airflow/.local/lib/python3.12/site-packages/airflow/example_dags/example_params_trigger_ui.py
[2024-07-04T00:54:35.461+0000] {logging_mixin.py:188} INFO - [2024-07-04T00:54:35.461+0000] {dag.py:3096} INFO - Sync 1 DAGs
[2024-07-04T00:54:35.485+0000] {logging_mixin.py:188} INFO - [2024-07-04T00:54:35.484+0000] {dag.py:3954} INFO - Setting next_dagrun for example_params_trigger_ui to None, run_after=None
[2024-07-04T00:54:35.576+0000] {processor.py:183} INFO - Processing /home/airflow/.local/lib/python3.12/site-packages/airflow/example_dags/example_params_trigger_ui.py took 0.679 seconds
[2024-07-04T00:55:10.874+0000] {processor.py:161} INFO - Started process (PID=166) to work on /home/airflow/.local/lib/python3.12/site-packages/airflow/example_dags/example_params_trigger_ui.py
[2024-07-04T00:55:10.882+0000] {processor.py:830} INFO - Processing file /home/airflow/.local/lib/python3.12/site-packages/airflow/example_dags/example_params_trigger_ui.py for tasks to queue
[2024-07-04T00:55:11.033+0000] {logging_mixin.py:188} INFO - [2024-07-04T00:55:11.032+0000] {dagbag.py:545} INFO - Filling up the DagBag from /home/airflow/.local/lib/python3.12/site-packages/airflow/example_dags/example_params_trigger_ui.py
[2024-07-04T00:55:11.055+0000] {processor.py:840} INFO - DAG(s) 'example_params_trigger_ui' retrieved from /home/airflow/.local/lib/python3.12/site-packages/airflow/example_dags/example_params_trigger_ui.py
[2024-07-04T00:55:11.164+0000] {logging_mixin.py:188} INFO - [2024-07-04T00:55:11.163+0000] {dag.py:3096} INFO - Sync 1 DAGs
[2024-07-04T00:55:11.195+0000] {logging_mixin.py:188} INFO - [2024-07-04T00:55:11.194+0000] {dag.py:3954} INFO - Setting next_dagrun for example_params_trigger_ui to None, run_after=None
[2024-07-04T00:55:11.668+0000] {processor.py:183} INFO - Processing /home/airflow/.local/lib/python3.12/site-packages/airflow/example_dags/example_params_trigger_ui.py took 0.806 seconds
[2024-07-04T00:56:00.217+0000] {processor.py:161} INFO - Started process (PID=232) to work on /home/airflow/.local/lib/python3.12/site-packages/airflow/example_dags/example_params_trigger_ui.py
[2024-07-04T00:56:00.219+0000] {processor.py:830} INFO - Processing file /home/airflow/.local/lib/python3.12/site-packages/airflow/example_dags/example_params_trigger_ui.py for tasks to queue
[2024-07-04T00:56:00.225+0000] {logging_mixin.py:188} INFO - [2024-07-04T00:56:00.224+0000] {dagbag.py:545} INFO - Filling up the DagBag from /home/airflow/.local/lib/python3.12/site-packages/airflow/example_dags/example_params_trigger_ui.py
[2024-07-04T00:56:00.263+0000] {processor.py:840} INFO - DAG(s) 'example_params_trigger_ui' retrieved from /home/airflow/.local/lib/python3.12/site-packages/airflow/example_dags/example_params_trigger_ui.py
[2024-07-04T00:56:00.388+0000] {logging_mixin.py:188} INFO - [2024-07-04T00:56:00.388+0000] {dag.py:3096} INFO - Sync 1 DAGs
[2024-07-04T00:56:00.449+0000] {logging_mixin.py:188} INFO - [2024-07-04T00:56:00.446+0000] {dag.py:3954} INFO - Setting next_dagrun for example_params_trigger_ui to None, run_after=None
[2024-07-04T00:56:00.522+0000] {processor.py:183} INFO - Processing /home/airflow/.local/lib/python3.12/site-packages/airflow/example_dags/example_params_trigger_ui.py took 0.319 seconds
[2024-07-04T00:56:39.109+0000] {processor.py:161} INFO - Started process (PID=294) to work on /home/airflow/.local/lib/python3.12/site-packages/airflow/example_dags/example_params_trigger_ui.py
[2024-07-04T00:56:39.113+0000] {processor.py:830} INFO - Processing file /home/airflow/.local/lib/python3.12/site-packages/airflow/example_dags/example_params_trigger_ui.py for tasks to queue
[2024-07-04T00:56:39.118+0000] {logging_mixin.py:188} INFO - [2024-07-04T00:56:39.117+0000] {dagbag.py:545} INFO - Filling up the DagBag from /home/airflow/.local/lib/python3.12/site-packages/airflow/example_dags/example_params_trigger_ui.py
[2024-07-04T00:56:39.193+0000] {processor.py:840} INFO - DAG(s) 'example_params_trigger_ui' retrieved from /home/airflow/.local/lib/python3.12/site-packages/airflow/example_dags/example_params_trigger_ui.py
[2024-07-04T00:56:39.417+0000] {logging_mixin.py:188} INFO - [2024-07-04T00:56:39.416+0000] {dag.py:3096} INFO - Sync 1 DAGs
[2024-07-04T00:56:39.497+0000] {logging_mixin.py:188} INFO - [2024-07-04T00:56:39.496+0000] {dag.py:3954} INFO - Setting next_dagrun for example_params_trigger_ui to None, run_after=None
[2024-07-04T00:56:39.570+0000] {processor.py:183} INFO - Processing /home/airflow/.local/lib/python3.12/site-packages/airflow/example_dags/example_params_trigger_ui.py took 0.477 seconds
[2024-07-04T00:57:11.505+0000] {processor.py:161} INFO - Started process (PID=355) to work on /home/airflow/.local/lib/python3.12/site-packages/airflow/example_dags/example_params_trigger_ui.py
[2024-07-04T00:57:11.508+0000] {processor.py:830} INFO - Processing file /home/airflow/.local/lib/python3.12/site-packages/airflow/example_dags/example_params_trigger_ui.py for tasks to queue
[2024-07-04T00:57:11.522+0000] {logging_mixin.py:188} INFO - [2024-07-04T00:57:11.520+0000] {dagbag.py:545} INFO - Filling up the DagBag from /home/airflow/.local/lib/python3.12/site-packages/airflow/example_dags/example_params_trigger_ui.py
[2024-07-04T00:57:11.591+0000] {processor.py:840} INFO - DAG(s) 'example_params_trigger_ui' retrieved from /home/airflow/.local/lib/python3.12/site-packages/airflow/example_dags/example_params_trigger_ui.py
[2024-07-04T00:57:11.880+0000] {logging_mixin.py:188} INFO - [2024-07-04T00:57:11.879+0000] {dag.py:3096} INFO - Sync 1 DAGs
[2024-07-04T00:57:12.016+0000] {logging_mixin.py:188} INFO - [2024-07-04T00:57:12.015+0000] {dag.py:3954} INFO - Setting next_dagrun for example_params_trigger_ui to None, run_after=None
[2024-07-04T00:57:12.085+0000] {processor.py:183} INFO - Processing /home/airflow/.local/lib/python3.12/site-packages/airflow/example_dags/example_params_trigger_ui.py took 0.629 seconds
[2024-07-04T00:57:45.480+0000] {processor.py:161} INFO - Started process (PID=416) to work on /home/airflow/.local/lib/python3.12/site-packages/airflow/example_dags/example_params_trigger_ui.py
[2024-07-04T00:57:45.483+0000] {processor.py:830} INFO - Processing file /home/airflow/.local/lib/python3.12/site-packages/airflow/example_dags/example_params_trigger_ui.py for tasks to queue
[2024-07-04T00:57:45.498+0000] {logging_mixin.py:188} INFO - [2024-07-04T00:57:45.491+0000] {dagbag.py:545} INFO - Filling up the DagBag from /home/airflow/.local/lib/python3.12/site-packages/airflow/example_dags/example_params_trigger_ui.py
[2024-07-04T00:57:45.589+0000] {processor.py:840} INFO - DAG(s) 'example_params_trigger_ui' retrieved from /home/airflow/.local/lib/python3.12/site-packages/airflow/example_dags/example_params_trigger_ui.py
[2024-07-04T00:57:46.079+0000] {logging_mixin.py:188} INFO - [2024-07-04T00:57:46.078+0000] {dag.py:3096} INFO - Sync 1 DAGs
[2024-07-04T00:57:46.154+0000] {logging_mixin.py:188} INFO - [2024-07-04T00:57:46.154+0000] {dag.py:3954} INFO - Setting next_dagrun for example_params_trigger_ui to None, run_after=None
[2024-07-04T00:57:46.370+0000] {processor.py:183} INFO - Processing /home/airflow/.local/lib/python3.12/site-packages/airflow/example_dags/example_params_trigger_ui.py took 0.916 seconds
[2024-07-04T00:58:18.601+0000] {processor.py:161} INFO - Started process (PID=477) to work on /home/airflow/.local/lib/python3.12/site-packages/airflow/example_dags/example_params_trigger_ui.py
[2024-07-04T00:58:18.603+0000] {processor.py:830} INFO - Processing file /home/airflow/.local/lib/python3.12/site-packages/airflow/example_dags/example_params_trigger_ui.py for tasks to queue
[2024-07-04T00:58:18.608+0000] {logging_mixin.py:188} INFO - [2024-07-04T00:58:18.606+0000] {dagbag.py:545} INFO - Filling up the DagBag from /home/airflow/.local/lib/python3.12/site-packages/airflow/example_dags/example_params_trigger_ui.py
[2024-07-04T00:58:18.637+0000] {processor.py:840} INFO - DAG(s) 'example_params_trigger_ui' retrieved from /home/airflow/.local/lib/python3.12/site-packages/airflow/example_dags/example_params_trigger_ui.py
[2024-07-04T00:58:18.722+0000] {logging_mixin.py:188} INFO - [2024-07-04T00:58:18.722+0000] {dag.py:3096} INFO - Sync 1 DAGs
[2024-07-04T00:58:18.768+0000] {logging_mixin.py:188} INFO - [2024-07-04T00:58:18.767+0000] {dag.py:3954} INFO - Setting next_dagrun for example_params_trigger_ui to None, run_after=None
[2024-07-04T00:58:19.818+0000] {processor.py:183} INFO - Processing /home/airflow/.local/lib/python3.12/site-packages/airflow/example_dags/example_params_trigger_ui.py took 1.236 seconds
[2024-07-04T00:59:17.092+0000] {processor.py:161} INFO - Started process (PID=544) to work on /home/airflow/.local/lib/python3.12/site-packages/airflow/example_dags/example_params_trigger_ui.py
[2024-07-04T00:59:17.099+0000] {processor.py:830} INFO - Processing file /home/airflow/.local/lib/python3.12/site-packages/airflow/example_dags/example_params_trigger_ui.py for tasks to queue
[2024-07-04T00:59:17.106+0000] {logging_mixin.py:188} INFO - [2024-07-04T00:59:17.105+0000] {dagbag.py:545} INFO - Filling up the DagBag from /home/airflow/.local/lib/python3.12/site-packages/airflow/example_dags/example_params_trigger_ui.py
[2024-07-04T00:59:17.159+0000] {processor.py:840} INFO - DAG(s) 'example_params_trigger_ui' retrieved from /home/airflow/.local/lib/python3.12/site-packages/airflow/example_dags/example_params_trigger_ui.py
[2024-07-04T00:59:17.479+0000] {logging_mixin.py:188} INFO - [2024-07-04T00:59:17.477+0000] {dag.py:3096} INFO - Sync 1 DAGs
[2024-07-04T00:59:17.583+0000] {logging_mixin.py:188} INFO - [2024-07-04T00:59:17.576+0000] {dag.py:3954} INFO - Setting next_dagrun for example_params_trigger_ui to None, run_after=None
[2024-07-04T00:59:17.819+0000] {processor.py:183} INFO - Processing /home/airflow/.local/lib/python3.12/site-packages/airflow/example_dags/example_params_trigger_ui.py took 0.745 seconds
[2024-07-04T01:02:30.681+0000] {processor.py:161} INFO - Started process (PID=688) to work on /home/airflow/.local/lib/python3.12/site-packages/airflow/example_dags/example_params_trigger_ui.py
[2024-07-04T01:02:30.684+0000] {processor.py:830} INFO - Processing file /home/airflow/.local/lib/python3.12/site-packages/airflow/example_dags/example_params_trigger_ui.py for tasks to queue
[2024-07-04T01:02:30.687+0000] {logging_mixin.py:188} INFO - [2024-07-04T01:02:30.686+0000] {dagbag.py:545} INFO - Filling up the DagBag from /home/airflow/.local/lib/python3.12/site-packages/airflow/example_dags/example_params_trigger_ui.py
[2024-07-04T01:02:30.755+0000] {processor.py:840} INFO - DAG(s) 'example_params_trigger_ui' retrieved from /home/airflow/.local/lib/python3.12/site-packages/airflow/example_dags/example_params_trigger_ui.py
[2024-07-04T01:02:30.987+0000] {logging_mixin.py:188} INFO - [2024-07-04T01:02:30.987+0000] {dag.py:3096} INFO - Sync 1 DAGs
[2024-07-04T01:02:31.048+0000] {logging_mixin.py:188} INFO - [2024-07-04T01:02:31.048+0000] {dag.py:3954} INFO - Setting next_dagrun for example_params_trigger_ui to None, run_after=None
[2024-07-04T01:02:31.230+0000] {processor.py:183} INFO - Processing /home/airflow/.local/lib/python3.12/site-packages/airflow/example_dags/example_params_trigger_ui.py took 0.583 seconds
