[2024-07-04T00:00:40.365+0000] {processor.py:161} INFO - Started process (PID=5023) to work on /home/airflow/.local/lib/python3.12/site-packages/airflow/example_dags/example_task_group_decorator.py
[2024-07-04T00:00:40.403+0000] {processor.py:830} INFO - Processing file /home/airflow/.local/lib/python3.12/site-packages/airflow/example_dags/example_task_group_decorator.py for tasks to queue
[2024-07-04T00:00:40.406+0000] {logging_mixin.py:188} INFO - [2024-07-04T00:00:40.405+0000] {dagbag.py:545} INFO - Filling up the DagBag from /home/airflow/.local/lib/python3.12/site-packages/airflow/example_dags/example_task_group_decorator.py
[2024-07-04T00:00:40.883+0000] {processor.py:840} INFO - DAG(s) 'example_task_group_decorator' retrieved from /home/airflow/.local/lib/python3.12/site-packages/airflow/example_dags/example_task_group_decorator.py
[2024-07-04T00:00:41.678+0000] {logging_mixin.py:188} INFO - [2024-07-04T00:00:41.677+0000] {dag.py:3096} INFO - Sync 1 DAGs
[2024-07-04T00:00:41.786+0000] {logging_mixin.py:188} INFO - [2024-07-04T00:00:41.786+0000] {dag.py:3954} INFO - Setting next_dagrun for example_task_group_decorator to 2024-07-03 00:00:00+00:00, run_after=2024-07-04 00:00:00+00:00
[2024-07-04T00:00:42.369+0000] {processor.py:183} INFO - Processing /home/airflow/.local/lib/python3.12/site-packages/airflow/example_dags/example_task_group_decorator.py took 2.030 seconds
[2024-07-04T00:04:12.225+0000] {processor.py:161} INFO - Started process (PID=5077) to work on /home/airflow/.local/lib/python3.12/site-packages/airflow/example_dags/example_task_group_decorator.py
[2024-07-04T00:04:12.228+0000] {processor.py:830} INFO - Processing file /home/airflow/.local/lib/python3.12/site-packages/airflow/example_dags/example_task_group_decorator.py for tasks to queue
[2024-07-04T00:04:12.231+0000] {logging_mixin.py:188} INFO - [2024-07-04T00:04:12.230+0000] {dagbag.py:545} INFO - Filling up the DagBag from /home/airflow/.local/lib/python3.12/site-packages/airflow/example_dags/example_task_group_decorator.py
[2024-07-04T00:04:12.290+0000] {processor.py:840} INFO - DAG(s) 'example_task_group_decorator' retrieved from /home/airflow/.local/lib/python3.12/site-packages/airflow/example_dags/example_task_group_decorator.py
[2024-07-04T00:04:12.383+0000] {logging_mixin.py:188} INFO - [2024-07-04T00:04:12.382+0000] {dag.py:3096} INFO - Sync 1 DAGs
[2024-07-04T00:04:12.484+0000] {logging_mixin.py:188} INFO - [2024-07-04T00:04:12.483+0000] {dag.py:3954} INFO - Setting next_dagrun for example_task_group_decorator to 2024-07-03 00:00:00+00:00, run_after=2024-07-04 00:00:00+00:00
[2024-07-04T00:04:12.555+0000] {processor.py:183} INFO - Processing /home/airflow/.local/lib/python3.12/site-packages/airflow/example_dags/example_task_group_decorator.py took 0.349 seconds
[2024-07-04T00:14:05.414+0000] {processor.py:161} INFO - Started process (PID=66) to work on /home/airflow/.local/lib/python3.12/site-packages/airflow/example_dags/example_task_group_decorator.py
[2024-07-04T00:14:05.422+0000] {processor.py:830} INFO - Processing file /home/airflow/.local/lib/python3.12/site-packages/airflow/example_dags/example_task_group_decorator.py for tasks to queue
[2024-07-04T00:14:05.437+0000] {logging_mixin.py:188} INFO - [2024-07-04T00:14:05.436+0000] {dagbag.py:545} INFO - Filling up the DagBag from /home/airflow/.local/lib/python3.12/site-packages/airflow/example_dags/example_task_group_decorator.py
[2024-07-04T00:14:05.561+0000] {processor.py:840} INFO - DAG(s) 'example_task_group_decorator' retrieved from /home/airflow/.local/lib/python3.12/site-packages/airflow/example_dags/example_task_group_decorator.py
[2024-07-04T00:14:07.377+0000] {logging_mixin.py:188} INFO - [2024-07-04T00:14:07.376+0000] {dag.py:3096} INFO - Sync 1 DAGs
[2024-07-04T00:14:07.768+0000] {logging_mixin.py:188} INFO - [2024-07-04T00:14:07.767+0000] {dag.py:3954} INFO - Setting next_dagrun for example_task_group_decorator to 2024-07-03 00:00:00+00:00, run_after=2024-07-04 00:00:00+00:00
[2024-07-04T00:14:08.047+0000] {processor.py:183} INFO - Processing /home/airflow/.local/lib/python3.12/site-packages/airflow/example_dags/example_task_group_decorator.py took 2.668 seconds
[2024-07-04T00:15:10.836+0000] {processor.py:161} INFO - Started process (PID=132) to work on /home/airflow/.local/lib/python3.12/site-packages/airflow/example_dags/example_task_group_decorator.py
[2024-07-04T00:15:10.839+0000] {processor.py:830} INFO - Processing file /home/airflow/.local/lib/python3.12/site-packages/airflow/example_dags/example_task_group_decorator.py for tasks to queue
[2024-07-04T00:15:10.845+0000] {logging_mixin.py:188} INFO - [2024-07-04T00:15:10.843+0000] {dagbag.py:545} INFO - Filling up the DagBag from /home/airflow/.local/lib/python3.12/site-packages/airflow/example_dags/example_task_group_decorator.py
[2024-07-04T00:15:10.935+0000] {processor.py:840} INFO - DAG(s) 'example_task_group_decorator' retrieved from /home/airflow/.local/lib/python3.12/site-packages/airflow/example_dags/example_task_group_decorator.py
[2024-07-04T00:15:11.021+0000] {logging_mixin.py:188} INFO - [2024-07-04T00:15:11.021+0000] {dag.py:3096} INFO - Sync 1 DAGs
[2024-07-04T00:15:11.104+0000] {logging_mixin.py:188} INFO - [2024-07-04T00:15:11.103+0000] {dag.py:3954} INFO - Setting next_dagrun for example_task_group_decorator to 2024-07-03 00:00:00+00:00, run_after=2024-07-04 00:00:00+00:00
[2024-07-04T00:15:11.222+0000] {processor.py:183} INFO - Processing /home/airflow/.local/lib/python3.12/site-packages/airflow/example_dags/example_task_group_decorator.py took 0.406 seconds
[2024-07-04T00:15:44.534+0000] {processor.py:161} INFO - Started process (PID=192) to work on /home/airflow/.local/lib/python3.12/site-packages/airflow/example_dags/example_task_group_decorator.py
[2024-07-04T00:15:44.577+0000] {processor.py:830} INFO - Processing file /home/airflow/.local/lib/python3.12/site-packages/airflow/example_dags/example_task_group_decorator.py for tasks to queue
[2024-07-04T00:15:44.587+0000] {logging_mixin.py:188} INFO - [2024-07-04T00:15:44.584+0000] {dagbag.py:545} INFO - Filling up the DagBag from /home/airflow/.local/lib/python3.12/site-packages/airflow/example_dags/example_task_group_decorator.py
[2024-07-04T00:15:44.661+0000] {processor.py:840} INFO - DAG(s) 'example_task_group_decorator' retrieved from /home/airflow/.local/lib/python3.12/site-packages/airflow/example_dags/example_task_group_decorator.py
[2024-07-04T00:15:44.783+0000] {logging_mixin.py:188} INFO - [2024-07-04T00:15:44.782+0000] {dag.py:3096} INFO - Sync 1 DAGs
[2024-07-04T00:15:44.865+0000] {logging_mixin.py:188} INFO - [2024-07-04T00:15:44.864+0000] {dag.py:3954} INFO - Setting next_dagrun for example_task_group_decorator to 2024-07-03 00:00:00+00:00, run_after=2024-07-04 00:00:00+00:00
[2024-07-04T00:15:45.094+0000] {processor.py:183} INFO - Processing /home/airflow/.local/lib/python3.12/site-packages/airflow/example_dags/example_task_group_decorator.py took 0.580 seconds
[2024-07-04T00:16:23.203+0000] {processor.py:161} INFO - Started process (PID=250) to work on /home/airflow/.local/lib/python3.12/site-packages/airflow/example_dags/example_task_group_decorator.py
[2024-07-04T00:16:23.207+0000] {processor.py:830} INFO - Processing file /home/airflow/.local/lib/python3.12/site-packages/airflow/example_dags/example_task_group_decorator.py for tasks to queue
[2024-07-04T00:16:23.227+0000] {logging_mixin.py:188} INFO - [2024-07-04T00:16:23.225+0000] {dagbag.py:545} INFO - Filling up the DagBag from /home/airflow/.local/lib/python3.12/site-packages/airflow/example_dags/example_task_group_decorator.py
[2024-07-04T00:16:26.224+0000] {processor.py:840} INFO - DAG(s) 'example_task_group_decorator' retrieved from /home/airflow/.local/lib/python3.12/site-packages/airflow/example_dags/example_task_group_decorator.py
[2024-07-04T00:16:33.531+0000] {logging_mixin.py:188} INFO - [2024-07-04T00:16:33.529+0000] {dag.py:3096} INFO - Sync 1 DAGs
[2024-07-04T00:16:34.994+0000] {logging_mixin.py:188} INFO - [2024-07-04T00:16:34.987+0000] {dag.py:3954} INFO - Setting next_dagrun for example_task_group_decorator to 2024-07-03 00:00:00+00:00, run_after=2024-07-04 00:00:00+00:00
[2024-07-04T00:16:35.398+0000] {processor.py:183} INFO - Processing /home/airflow/.local/lib/python3.12/site-packages/airflow/example_dags/example_task_group_decorator.py took 12.266 seconds
[2024-07-04T00:17:12.807+0000] {processor.py:161} INFO - Started process (PID=308) to work on /home/airflow/.local/lib/python3.12/site-packages/airflow/example_dags/example_task_group_decorator.py
[2024-07-04T00:17:12.809+0000] {processor.py:830} INFO - Processing file /home/airflow/.local/lib/python3.12/site-packages/airflow/example_dags/example_task_group_decorator.py for tasks to queue
[2024-07-04T00:17:12.815+0000] {logging_mixin.py:188} INFO - [2024-07-04T00:17:12.814+0000] {dagbag.py:545} INFO - Filling up the DagBag from /home/airflow/.local/lib/python3.12/site-packages/airflow/example_dags/example_task_group_decorator.py
[2024-07-04T00:17:12.868+0000] {processor.py:840} INFO - DAG(s) 'example_task_group_decorator' retrieved from /home/airflow/.local/lib/python3.12/site-packages/airflow/example_dags/example_task_group_decorator.py
[2024-07-04T00:17:12.999+0000] {logging_mixin.py:188} INFO - [2024-07-04T00:17:12.998+0000] {dag.py:3096} INFO - Sync 1 DAGs
[2024-07-04T00:17:13.093+0000] {logging_mixin.py:188} INFO - [2024-07-04T00:17:13.092+0000] {dag.py:3954} INFO - Setting next_dagrun for example_task_group_decorator to 2024-07-03 00:00:00+00:00, run_after=2024-07-04 00:00:00+00:00
[2024-07-04T00:17:13.191+0000] {processor.py:183} INFO - Processing /home/airflow/.local/lib/python3.12/site-packages/airflow/example_dags/example_task_group_decorator.py took 0.400 seconds
[2024-07-04T00:17:57.775+0000] {processor.py:161} INFO - Started process (PID=360) to work on /home/airflow/.local/lib/python3.12/site-packages/airflow/example_dags/example_task_group_decorator.py
[2024-07-04T00:17:57.778+0000] {processor.py:830} INFO - Processing file /home/airflow/.local/lib/python3.12/site-packages/airflow/example_dags/example_task_group_decorator.py for tasks to queue
[2024-07-04T00:17:57.783+0000] {logging_mixin.py:188} INFO - [2024-07-04T00:17:57.782+0000] {dagbag.py:545} INFO - Filling up the DagBag from /home/airflow/.local/lib/python3.12/site-packages/airflow/example_dags/example_task_group_decorator.py
[2024-07-04T00:17:57.823+0000] {processor.py:840} INFO - DAG(s) 'example_task_group_decorator' retrieved from /home/airflow/.local/lib/python3.12/site-packages/airflow/example_dags/example_task_group_decorator.py
[2024-07-04T00:17:57.889+0000] {logging_mixin.py:188} INFO - [2024-07-04T00:17:57.888+0000] {dag.py:3096} INFO - Sync 1 DAGs
[2024-07-04T00:17:57.950+0000] {logging_mixin.py:188} INFO - [2024-07-04T00:17:57.950+0000] {dag.py:3954} INFO - Setting next_dagrun for example_task_group_decorator to 2024-07-03 00:00:00+00:00, run_after=2024-07-04 00:00:00+00:00
[2024-07-04T00:17:58.002+0000] {processor.py:183} INFO - Processing /home/airflow/.local/lib/python3.12/site-packages/airflow/example_dags/example_task_group_decorator.py took 0.243 seconds
[2024-07-04T00:18:28.199+0000] {processor.py:161} INFO - Started process (PID=417) to work on /home/airflow/.local/lib/python3.12/site-packages/airflow/example_dags/example_task_group_decorator.py
[2024-07-04T00:18:28.202+0000] {processor.py:830} INFO - Processing file /home/airflow/.local/lib/python3.12/site-packages/airflow/example_dags/example_task_group_decorator.py for tasks to queue
[2024-07-04T00:18:28.208+0000] {logging_mixin.py:188} INFO - [2024-07-04T00:18:28.207+0000] {dagbag.py:545} INFO - Filling up the DagBag from /home/airflow/.local/lib/python3.12/site-packages/airflow/example_dags/example_task_group_decorator.py
[2024-07-04T00:18:28.281+0000] {processor.py:840} INFO - DAG(s) 'example_task_group_decorator' retrieved from /home/airflow/.local/lib/python3.12/site-packages/airflow/example_dags/example_task_group_decorator.py
[2024-07-04T00:18:28.486+0000] {logging_mixin.py:188} INFO - [2024-07-04T00:18:28.485+0000] {dag.py:3096} INFO - Sync 1 DAGs
[2024-07-04T00:18:28.592+0000] {logging_mixin.py:188} INFO - [2024-07-04T00:18:28.592+0000] {dag.py:3954} INFO - Setting next_dagrun for example_task_group_decorator to 2024-07-03 00:00:00+00:00, run_after=2024-07-04 00:00:00+00:00
[2024-07-04T00:18:28.682+0000] {processor.py:183} INFO - Processing /home/airflow/.local/lib/python3.12/site-packages/airflow/example_dags/example_task_group_decorator.py took 0.508 seconds
[2024-07-04T00:19:05.220+0000] {processor.py:161} INFO - Started process (PID=473) to work on /home/airflow/.local/lib/python3.12/site-packages/airflow/example_dags/example_task_group_decorator.py
[2024-07-04T00:19:05.296+0000] {processor.py:830} INFO - Processing file /home/airflow/.local/lib/python3.12/site-packages/airflow/example_dags/example_task_group_decorator.py for tasks to queue
[2024-07-04T00:19:05.315+0000] {logging_mixin.py:188} INFO - [2024-07-04T00:19:05.313+0000] {dagbag.py:545} INFO - Filling up the DagBag from /home/airflow/.local/lib/python3.12/site-packages/airflow/example_dags/example_task_group_decorator.py
[2024-07-04T00:19:05.418+0000] {processor.py:840} INFO - DAG(s) 'example_task_group_decorator' retrieved from /home/airflow/.local/lib/python3.12/site-packages/airflow/example_dags/example_task_group_decorator.py
[2024-07-04T00:19:05.484+0000] {logging_mixin.py:188} INFO - [2024-07-04T00:19:05.483+0000] {dag.py:3096} INFO - Sync 1 DAGs
[2024-07-04T00:19:05.575+0000] {logging_mixin.py:188} INFO - [2024-07-04T00:19:05.574+0000] {dag.py:3954} INFO - Setting next_dagrun for example_task_group_decorator to 2024-07-03 00:00:00+00:00, run_after=2024-07-04 00:00:00+00:00
[2024-07-04T00:19:05.742+0000] {processor.py:183} INFO - Processing /home/airflow/.local/lib/python3.12/site-packages/airflow/example_dags/example_task_group_decorator.py took 0.565 seconds
[2024-07-04T00:53:57.335+0000] {processor.py:161} INFO - Started process (PID=60) to work on /home/airflow/.local/lib/python3.12/site-packages/airflow/example_dags/example_task_group_decorator.py
[2024-07-04T00:53:57.392+0000] {processor.py:830} INFO - Processing file /home/airflow/.local/lib/python3.12/site-packages/airflow/example_dags/example_task_group_decorator.py for tasks to queue
[2024-07-04T00:53:57.543+0000] {logging_mixin.py:188} INFO - [2024-07-04T00:53:57.528+0000] {dagbag.py:545} INFO - Filling up the DagBag from /home/airflow/.local/lib/python3.12/site-packages/airflow/example_dags/example_task_group_decorator.py
[2024-07-04T00:53:58.017+0000] {processor.py:840} INFO - DAG(s) 'example_task_group_decorator' retrieved from /home/airflow/.local/lib/python3.12/site-packages/airflow/example_dags/example_task_group_decorator.py
[2024-07-04T00:54:00.725+0000] {logging_mixin.py:188} INFO - [2024-07-04T00:54:00.724+0000] {dag.py:3096} INFO - Sync 1 DAGs
[2024-07-04T00:54:01.086+0000] {logging_mixin.py:188} INFO - [2024-07-04T00:54:01.085+0000] {dag.py:3954} INFO - Setting next_dagrun for example_task_group_decorator to 2024-07-03 00:00:00+00:00, run_after=2024-07-04 00:00:00+00:00
[2024-07-04T00:54:01.278+0000] {processor.py:183} INFO - Processing /home/airflow/.local/lib/python3.12/site-packages/airflow/example_dags/example_task_group_decorator.py took 4.007 seconds
[2024-07-04T00:54:58.468+0000] {processor.py:161} INFO - Started process (PID=126) to work on /home/airflow/.local/lib/python3.12/site-packages/airflow/example_dags/example_task_group_decorator.py
[2024-07-04T00:54:58.471+0000] {processor.py:830} INFO - Processing file /home/airflow/.local/lib/python3.12/site-packages/airflow/example_dags/example_task_group_decorator.py for tasks to queue
[2024-07-04T00:54:58.475+0000] {logging_mixin.py:188} INFO - [2024-07-04T00:54:58.474+0000] {dagbag.py:545} INFO - Filling up the DagBag from /home/airflow/.local/lib/python3.12/site-packages/airflow/example_dags/example_task_group_decorator.py
[2024-07-04T00:54:58.520+0000] {processor.py:840} INFO - DAG(s) 'example_task_group_decorator' retrieved from /home/airflow/.local/lib/python3.12/site-packages/airflow/example_dags/example_task_group_decorator.py
[2024-07-04T00:54:58.646+0000] {logging_mixin.py:188} INFO - [2024-07-04T00:54:58.644+0000] {dag.py:3096} INFO - Sync 1 DAGs
[2024-07-04T00:54:58.757+0000] {logging_mixin.py:188} INFO - [2024-07-04T00:54:58.756+0000] {dag.py:3954} INFO - Setting next_dagrun for example_task_group_decorator to 2024-07-03 00:00:00+00:00, run_after=2024-07-04 00:00:00+00:00
[2024-07-04T00:54:58.843+0000] {processor.py:183} INFO - Processing /home/airflow/.local/lib/python3.12/site-packages/airflow/example_dags/example_task_group_decorator.py took 0.388 seconds
[2024-07-04T00:55:31.280+0000] {processor.py:161} INFO - Started process (PID=186) to work on /home/airflow/.local/lib/python3.12/site-packages/airflow/example_dags/example_task_group_decorator.py
[2024-07-04T00:55:31.281+0000] {processor.py:830} INFO - Processing file /home/airflow/.local/lib/python3.12/site-packages/airflow/example_dags/example_task_group_decorator.py for tasks to queue
[2024-07-04T00:55:31.284+0000] {logging_mixin.py:188} INFO - [2024-07-04T00:55:31.284+0000] {dagbag.py:545} INFO - Filling up the DagBag from /home/airflow/.local/lib/python3.12/site-packages/airflow/example_dags/example_task_group_decorator.py
[2024-07-04T00:55:31.309+0000] {processor.py:840} INFO - DAG(s) 'example_task_group_decorator' retrieved from /home/airflow/.local/lib/python3.12/site-packages/airflow/example_dags/example_task_group_decorator.py
[2024-07-04T00:55:31.350+0000] {logging_mixin.py:188} INFO - [2024-07-04T00:55:31.350+0000] {dag.py:3096} INFO - Sync 1 DAGs
[2024-07-04T00:55:31.391+0000] {logging_mixin.py:188} INFO - [2024-07-04T00:55:31.391+0000] {dag.py:3954} INFO - Setting next_dagrun for example_task_group_decorator to 2024-07-03 00:00:00+00:00, run_after=2024-07-04 00:00:00+00:00
[2024-07-04T00:55:31.426+0000] {processor.py:183} INFO - Processing /home/airflow/.local/lib/python3.12/site-packages/airflow/example_dags/example_task_group_decorator.py took 0.156 seconds
[2024-07-04T00:56:03.126+0000] {processor.py:161} INFO - Started process (PID=246) to work on /home/airflow/.local/lib/python3.12/site-packages/airflow/example_dags/example_task_group_decorator.py
[2024-07-04T00:56:03.128+0000] {processor.py:830} INFO - Processing file /home/airflow/.local/lib/python3.12/site-packages/airflow/example_dags/example_task_group_decorator.py for tasks to queue
[2024-07-04T00:56:03.133+0000] {logging_mixin.py:188} INFO - [2024-07-04T00:56:03.132+0000] {dagbag.py:545} INFO - Filling up the DagBag from /home/airflow/.local/lib/python3.12/site-packages/airflow/example_dags/example_task_group_decorator.py
[2024-07-04T00:56:03.174+0000] {processor.py:840} INFO - DAG(s) 'example_task_group_decorator' retrieved from /home/airflow/.local/lib/python3.12/site-packages/airflow/example_dags/example_task_group_decorator.py
[2024-07-04T00:56:03.245+0000] {logging_mixin.py:188} INFO - [2024-07-04T00:56:03.244+0000] {dag.py:3096} INFO - Sync 1 DAGs
[2024-07-04T00:56:03.320+0000] {logging_mixin.py:188} INFO - [2024-07-04T00:56:03.319+0000] {dag.py:3954} INFO - Setting next_dagrun for example_task_group_decorator to 2024-07-03 00:00:00+00:00, run_after=2024-07-04 00:00:00+00:00
[2024-07-04T00:56:03.371+0000] {processor.py:183} INFO - Processing /home/airflow/.local/lib/python3.12/site-packages/airflow/example_dags/example_task_group_decorator.py took 0.259 seconds
[2024-07-04T00:56:40.494+0000] {processor.py:161} INFO - Started process (PID=304) to work on /home/airflow/.local/lib/python3.12/site-packages/airflow/example_dags/example_task_group_decorator.py
[2024-07-04T00:56:40.497+0000] {processor.py:830} INFO - Processing file /home/airflow/.local/lib/python3.12/site-packages/airflow/example_dags/example_task_group_decorator.py for tasks to queue
[2024-07-04T00:56:40.503+0000] {logging_mixin.py:188} INFO - [2024-07-04T00:56:40.502+0000] {dagbag.py:545} INFO - Filling up the DagBag from /home/airflow/.local/lib/python3.12/site-packages/airflow/example_dags/example_task_group_decorator.py
[2024-07-04T00:56:40.566+0000] {processor.py:840} INFO - DAG(s) 'example_task_group_decorator' retrieved from /home/airflow/.local/lib/python3.12/site-packages/airflow/example_dags/example_task_group_decorator.py
[2024-07-04T00:56:40.641+0000] {logging_mixin.py:188} INFO - [2024-07-04T00:56:40.641+0000] {dag.py:3096} INFO - Sync 1 DAGs
[2024-07-04T00:56:40.704+0000] {logging_mixin.py:188} INFO - [2024-07-04T00:56:40.703+0000] {dag.py:3954} INFO - Setting next_dagrun for example_task_group_decorator to 2024-07-03 00:00:00+00:00, run_after=2024-07-04 00:00:00+00:00
[2024-07-04T00:56:40.759+0000] {processor.py:183} INFO - Processing /home/airflow/.local/lib/python3.12/site-packages/airflow/example_dags/example_task_group_decorator.py took 0.283 seconds
[2024-07-04T00:57:13.534+0000] {processor.py:161} INFO - Started process (PID=364) to work on /home/airflow/.local/lib/python3.12/site-packages/airflow/example_dags/example_task_group_decorator.py
[2024-07-04T00:57:13.536+0000] {processor.py:830} INFO - Processing file /home/airflow/.local/lib/python3.12/site-packages/airflow/example_dags/example_task_group_decorator.py for tasks to queue
[2024-07-04T00:57:13.541+0000] {logging_mixin.py:188} INFO - [2024-07-04T00:57:13.540+0000] {dagbag.py:545} INFO - Filling up the DagBag from /home/airflow/.local/lib/python3.12/site-packages/airflow/example_dags/example_task_group_decorator.py
[2024-07-04T00:57:13.578+0000] {processor.py:840} INFO - DAG(s) 'example_task_group_decorator' retrieved from /home/airflow/.local/lib/python3.12/site-packages/airflow/example_dags/example_task_group_decorator.py
[2024-07-04T00:57:13.641+0000] {logging_mixin.py:188} INFO - [2024-07-04T00:57:13.641+0000] {dag.py:3096} INFO - Sync 1 DAGs
[2024-07-04T00:57:13.703+0000] {logging_mixin.py:188} INFO - [2024-07-04T00:57:13.702+0000] {dag.py:3954} INFO - Setting next_dagrun for example_task_group_decorator to 2024-07-03 00:00:00+00:00, run_after=2024-07-04 00:00:00+00:00
[2024-07-04T00:57:13.785+0000] {processor.py:183} INFO - Processing /home/airflow/.local/lib/python3.12/site-packages/airflow/example_dags/example_task_group_decorator.py took 0.263 seconds
[2024-07-04T00:57:51.033+0000] {processor.py:161} INFO - Started process (PID=424) to work on /home/airflow/.local/lib/python3.12/site-packages/airflow/example_dags/example_task_group_decorator.py
[2024-07-04T00:57:51.168+0000] {processor.py:830} INFO - Processing file /home/airflow/.local/lib/python3.12/site-packages/airflow/example_dags/example_task_group_decorator.py for tasks to queue
[2024-07-04T00:57:51.176+0000] {logging_mixin.py:188} INFO - [2024-07-04T00:57:51.175+0000] {dagbag.py:545} INFO - Filling up the DagBag from /home/airflow/.local/lib/python3.12/site-packages/airflow/example_dags/example_task_group_decorator.py
[2024-07-04T00:57:51.216+0000] {processor.py:840} INFO - DAG(s) 'example_task_group_decorator' retrieved from /home/airflow/.local/lib/python3.12/site-packages/airflow/example_dags/example_task_group_decorator.py
[2024-07-04T00:57:51.286+0000] {logging_mixin.py:188} INFO - [2024-07-04T00:57:51.286+0000] {dag.py:3096} INFO - Sync 1 DAGs
[2024-07-04T00:57:51.509+0000] {logging_mixin.py:188} INFO - [2024-07-04T00:57:51.507+0000] {dag.py:3954} INFO - Setting next_dagrun for example_task_group_decorator to 2024-07-03 00:00:00+00:00, run_after=2024-07-04 00:00:00+00:00
[2024-07-04T00:57:53.879+0000] {processor.py:183} INFO - Processing /home/airflow/.local/lib/python3.12/site-packages/airflow/example_dags/example_task_group_decorator.py took 2.860 seconds
[2024-07-04T00:58:25.113+0000] {processor.py:161} INFO - Started process (PID=484) to work on /home/airflow/.local/lib/python3.12/site-packages/airflow/example_dags/example_task_group_decorator.py
[2024-07-04T00:58:25.115+0000] {processor.py:830} INFO - Processing file /home/airflow/.local/lib/python3.12/site-packages/airflow/example_dags/example_task_group_decorator.py for tasks to queue
[2024-07-04T00:58:25.118+0000] {logging_mixin.py:188} INFO - [2024-07-04T00:58:25.117+0000] {dagbag.py:545} INFO - Filling up the DagBag from /home/airflow/.local/lib/python3.12/site-packages/airflow/example_dags/example_task_group_decorator.py
[2024-07-04T00:58:25.140+0000] {processor.py:840} INFO - DAG(s) 'example_task_group_decorator' retrieved from /home/airflow/.local/lib/python3.12/site-packages/airflow/example_dags/example_task_group_decorator.py
[2024-07-04T00:58:25.182+0000] {logging_mixin.py:188} INFO - [2024-07-04T00:58:25.181+0000] {dag.py:3096} INFO - Sync 1 DAGs
[2024-07-04T00:58:25.221+0000] {logging_mixin.py:188} INFO - [2024-07-04T00:58:25.220+0000] {dag.py:3954} INFO - Setting next_dagrun for example_task_group_decorator to 2024-07-03 00:00:00+00:00, run_after=2024-07-04 00:00:00+00:00
[2024-07-04T00:58:27.186+0000] {processor.py:183} INFO - Processing /home/airflow/.local/lib/python3.12/site-packages/airflow/example_dags/example_task_group_decorator.py took 2.083 seconds
[2024-07-04T00:59:14.056+0000] {processor.py:161} INFO - Started process (PID=537) to work on /home/airflow/.local/lib/python3.12/site-packages/airflow/example_dags/example_task_group_decorator.py
[2024-07-04T00:59:14.062+0000] {processor.py:830} INFO - Processing file /home/airflow/.local/lib/python3.12/site-packages/airflow/example_dags/example_task_group_decorator.py for tasks to queue
[2024-07-04T00:59:14.070+0000] {logging_mixin.py:188} INFO - [2024-07-04T00:59:14.068+0000] {dagbag.py:545} INFO - Filling up the DagBag from /home/airflow/.local/lib/python3.12/site-packages/airflow/example_dags/example_task_group_decorator.py
[2024-07-04T00:59:14.166+0000] {processor.py:840} INFO - DAG(s) 'example_task_group_decorator' retrieved from /home/airflow/.local/lib/python3.12/site-packages/airflow/example_dags/example_task_group_decorator.py
[2024-07-04T00:59:14.255+0000] {logging_mixin.py:188} INFO - [2024-07-04T00:59:14.254+0000] {dag.py:3096} INFO - Sync 1 DAGs
[2024-07-04T00:59:14.328+0000] {logging_mixin.py:188} INFO - [2024-07-04T00:59:14.327+0000] {dag.py:3954} INFO - Setting next_dagrun for example_task_group_decorator to 2024-07-03 00:00:00+00:00, run_after=2024-07-04 00:00:00+00:00
[2024-07-04T00:59:14.405+0000] {processor.py:183} INFO - Processing /home/airflow/.local/lib/python3.12/site-packages/airflow/example_dags/example_task_group_decorator.py took 0.376 seconds
[2024-07-04T00:59:51.350+0000] {processor.py:161} INFO - Started process (PID=583) to work on /home/airflow/.local/lib/python3.12/site-packages/airflow/example_dags/example_task_group_decorator.py
[2024-07-04T00:59:51.356+0000] {processor.py:830} INFO - Processing file /home/airflow/.local/lib/python3.12/site-packages/airflow/example_dags/example_task_group_decorator.py for tasks to queue
[2024-07-04T00:59:51.517+0000] {logging_mixin.py:188} INFO - [2024-07-04T00:59:51.446+0000] {dagbag.py:545} INFO - Filling up the DagBag from /home/airflow/.local/lib/python3.12/site-packages/airflow/example_dags/example_task_group_decorator.py
[2024-07-04T00:59:51.828+0000] {processor.py:840} INFO - DAG(s) 'example_task_group_decorator' retrieved from /home/airflow/.local/lib/python3.12/site-packages/airflow/example_dags/example_task_group_decorator.py
[2024-07-04T00:59:52.369+0000] {logging_mixin.py:188} INFO - [2024-07-04T00:59:52.368+0000] {dag.py:3096} INFO - Sync 1 DAGs
[2024-07-04T00:59:52.634+0000] {logging_mixin.py:188} INFO - [2024-07-04T00:59:52.633+0000] {dag.py:3954} INFO - Setting next_dagrun for example_task_group_decorator to 2024-07-03 00:00:00+00:00, run_after=2024-07-04 00:00:00+00:00
[2024-07-04T00:59:52.741+0000] {processor.py:183} INFO - Processing /home/airflow/.local/lib/python3.12/site-packages/airflow/example_dags/example_task_group_decorator.py took 1.472 seconds
[2024-07-04T01:03:25.831+0000] {processor.py:161} INFO - Started process (PID=703) to work on /home/airflow/.local/lib/python3.12/site-packages/airflow/example_dags/example_task_group_decorator.py
[2024-07-04T01:03:25.836+0000] {processor.py:830} INFO - Processing file /home/airflow/.local/lib/python3.12/site-packages/airflow/example_dags/example_task_group_decorator.py for tasks to queue
[2024-07-04T01:03:25.840+0000] {logging_mixin.py:188} INFO - [2024-07-04T01:03:25.838+0000] {dagbag.py:545} INFO - Filling up the DagBag from /home/airflow/.local/lib/python3.12/site-packages/airflow/example_dags/example_task_group_decorator.py
[2024-07-04T01:03:25.971+0000] {processor.py:840} INFO - DAG(s) 'example_task_group_decorator' retrieved from /home/airflow/.local/lib/python3.12/site-packages/airflow/example_dags/example_task_group_decorator.py
[2024-07-04T01:03:26.108+0000] {logging_mixin.py:188} INFO - [2024-07-04T01:03:26.107+0000] {dag.py:3096} INFO - Sync 1 DAGs
[2024-07-04T01:03:26.366+0000] {logging_mixin.py:188} INFO - [2024-07-04T01:03:26.365+0000] {dag.py:3954} INFO - Setting next_dagrun for example_task_group_decorator to 2024-07-03 00:00:00+00:00, run_after=2024-07-04 00:00:00+00:00
[2024-07-04T01:03:26.462+0000] {processor.py:183} INFO - Processing /home/airflow/.local/lib/python3.12/site-packages/airflow/example_dags/example_task_group_decorator.py took 0.682 seconds
