[2024-07-04T00:00:51.130+0000] {processor.py:161} INFO - Started process (PID=5043) to work on /home/airflow/.local/lib/python3.12/site-packages/airflow/example_dags/example_xcomargs.py
[2024-07-04T00:00:51.144+0000] {processor.py:830} INFO - Processing file /home/airflow/.local/lib/python3.12/site-packages/airflow/example_dags/example_xcomargs.py for tasks to queue
[2024-07-04T00:00:51.162+0000] {logging_mixin.py:188} INFO - [2024-07-04T00:00:51.150+0000] {dagbag.py:545} INFO - Filling up the DagBag from /home/airflow/.local/lib/python3.12/site-packages/airflow/example_dags/example_xcomargs.py
[2024-07-04T00:00:51.236+0000] {processor.py:840} INFO - DAG(s) 'example_xcom_args_with_operators', 'example_xcom_args' retrieved from /home/airflow/.local/lib/python3.12/site-packages/airflow/example_dags/example_xcomargs.py
[2024-07-04T00:00:52.701+0000] {logging_mixin.py:188} INFO - [2024-07-04T00:00:52.700+0000] {dag.py:3096} INFO - Sync 2 DAGs
[2024-07-04T00:00:52.780+0000] {logging_mixin.py:188} INFO - [2024-07-04T00:00:52.780+0000] {dag.py:3954} INFO - Setting next_dagrun for example_xcom_args to None, run_after=None
[2024-07-04T00:00:52.847+0000] {logging_mixin.py:188} INFO - [2024-07-04T00:00:52.846+0000] {dag.py:3954} INFO - Setting next_dagrun for example_xcom_args_with_operators to None, run_after=None
[2024-07-04T00:00:53.050+0000] {processor.py:183} INFO - Processing /home/airflow/.local/lib/python3.12/site-packages/airflow/example_dags/example_xcomargs.py took 1.971 seconds
[2024-07-04T00:04:19.095+0000] {processor.py:161} INFO - Started process (PID=5105) to work on /home/airflow/.local/lib/python3.12/site-packages/airflow/example_dags/example_xcomargs.py
[2024-07-04T00:04:19.102+0000] {processor.py:830} INFO - Processing file /home/airflow/.local/lib/python3.12/site-packages/airflow/example_dags/example_xcomargs.py for tasks to queue
[2024-07-04T00:04:19.106+0000] {logging_mixin.py:188} INFO - [2024-07-04T00:04:19.105+0000] {dagbag.py:545} INFO - Filling up the DagBag from /home/airflow/.local/lib/python3.12/site-packages/airflow/example_dags/example_xcomargs.py
[2024-07-04T00:04:19.132+0000] {processor.py:840} INFO - DAG(s) 'example_xcom_args', 'example_xcom_args_with_operators' retrieved from /home/airflow/.local/lib/python3.12/site-packages/airflow/example_dags/example_xcomargs.py
[2024-07-04T00:04:19.240+0000] {logging_mixin.py:188} INFO - [2024-07-04T00:04:19.239+0000] {dag.py:3096} INFO - Sync 2 DAGs
[2024-07-04T00:04:19.311+0000] {logging_mixin.py:188} INFO - [2024-07-04T00:04:19.310+0000] {dag.py:3954} INFO - Setting next_dagrun for example_xcom_args to None, run_after=None
[2024-07-04T00:04:19.335+0000] {logging_mixin.py:188} INFO - [2024-07-04T00:04:19.334+0000] {dag.py:3954} INFO - Setting next_dagrun for example_xcom_args_with_operators to None, run_after=None
[2024-07-04T00:04:19.426+0000] {processor.py:183} INFO - Processing /home/airflow/.local/lib/python3.12/site-packages/airflow/example_dags/example_xcomargs.py took 0.356 seconds
[2024-07-04T00:14:59.886+0000] {processor.py:161} INFO - Started process (PID=103) to work on /home/airflow/.local/lib/python3.12/site-packages/airflow/example_dags/example_xcomargs.py
[2024-07-04T00:14:59.890+0000] {processor.py:830} INFO - Processing file /home/airflow/.local/lib/python3.12/site-packages/airflow/example_dags/example_xcomargs.py for tasks to queue
[2024-07-04T00:14:59.897+0000] {logging_mixin.py:188} INFO - [2024-07-04T00:14:59.896+0000] {dagbag.py:545} INFO - Filling up the DagBag from /home/airflow/.local/lib/python3.12/site-packages/airflow/example_dags/example_xcomargs.py
[2024-07-04T00:14:59.930+0000] {processor.py:840} INFO - DAG(s) 'example_xcom_args_with_operators', 'example_xcom_args' retrieved from /home/airflow/.local/lib/python3.12/site-packages/airflow/example_dags/example_xcomargs.py
[2024-07-04T00:15:00.492+0000] {logging_mixin.py:188} INFO - [2024-07-04T00:15:00.486+0000] {dag.py:3096} INFO - Sync 2 DAGs
[2024-07-04T00:15:00.617+0000] {logging_mixin.py:188} INFO - [2024-07-04T00:15:00.616+0000] {dag.py:3954} INFO - Setting next_dagrun for example_xcom_args to None, run_after=None
[2024-07-04T00:15:00.632+0000] {logging_mixin.py:188} INFO - [2024-07-04T00:15:00.631+0000] {dag.py:3954} INFO - Setting next_dagrun for example_xcom_args_with_operators to None, run_after=None
[2024-07-04T00:15:00.788+0000] {processor.py:183} INFO - Processing /home/airflow/.local/lib/python3.12/site-packages/airflow/example_dags/example_xcomargs.py took 0.920 seconds
[2024-07-04T00:15:35.408+0000] {processor.py:161} INFO - Started process (PID=163) to work on /home/airflow/.local/lib/python3.12/site-packages/airflow/example_dags/example_xcomargs.py
[2024-07-04T00:15:35.412+0000] {processor.py:830} INFO - Processing file /home/airflow/.local/lib/python3.12/site-packages/airflow/example_dags/example_xcomargs.py for tasks to queue
[2024-07-04T00:15:35.422+0000] {logging_mixin.py:188} INFO - [2024-07-04T00:15:35.420+0000] {dagbag.py:545} INFO - Filling up the DagBag from /home/airflow/.local/lib/python3.12/site-packages/airflow/example_dags/example_xcomargs.py
[2024-07-04T00:15:35.473+0000] {processor.py:840} INFO - DAG(s) 'example_xcom_args', 'example_xcom_args_with_operators' retrieved from /home/airflow/.local/lib/python3.12/site-packages/airflow/example_dags/example_xcomargs.py
[2024-07-04T00:15:35.589+0000] {logging_mixin.py:188} INFO - [2024-07-04T00:15:35.588+0000] {dag.py:3096} INFO - Sync 2 DAGs
[2024-07-04T00:15:35.701+0000] {logging_mixin.py:188} INFO - [2024-07-04T00:15:35.700+0000] {dag.py:3954} INFO - Setting next_dagrun for example_xcom_args to None, run_after=None
[2024-07-04T00:15:35.736+0000] {logging_mixin.py:188} INFO - [2024-07-04T00:15:35.735+0000] {dag.py:3954} INFO - Setting next_dagrun for example_xcom_args_with_operators to None, run_after=None
[2024-07-04T00:15:35.843+0000] {processor.py:183} INFO - Processing /home/airflow/.local/lib/python3.12/site-packages/airflow/example_dags/example_xcomargs.py took 0.455 seconds
[2024-07-04T00:16:11.399+0000] {processor.py:161} INFO - Started process (PID=229) to work on /home/airflow/.local/lib/python3.12/site-packages/airflow/example_dags/example_xcomargs.py
[2024-07-04T00:16:11.403+0000] {processor.py:830} INFO - Processing file /home/airflow/.local/lib/python3.12/site-packages/airflow/example_dags/example_xcomargs.py for tasks to queue
[2024-07-04T00:16:11.433+0000] {logging_mixin.py:188} INFO - [2024-07-04T00:16:11.430+0000] {dagbag.py:545} INFO - Filling up the DagBag from /home/airflow/.local/lib/python3.12/site-packages/airflow/example_dags/example_xcomargs.py
[2024-07-04T00:16:11.466+0000] {processor.py:840} INFO - DAG(s) 'example_xcom_args', 'example_xcom_args_with_operators' retrieved from /home/airflow/.local/lib/python3.12/site-packages/airflow/example_dags/example_xcomargs.py
[2024-07-04T00:16:11.663+0000] {logging_mixin.py:188} INFO - [2024-07-04T00:16:11.662+0000] {dag.py:3096} INFO - Sync 2 DAGs
[2024-07-04T00:16:11.857+0000] {logging_mixin.py:188} INFO - [2024-07-04T00:16:11.857+0000] {dag.py:3954} INFO - Setting next_dagrun for example_xcom_args to None, run_after=None
[2024-07-04T00:16:11.881+0000] {logging_mixin.py:188} INFO - [2024-07-04T00:16:11.879+0000] {dag.py:3954} INFO - Setting next_dagrun for example_xcom_args_with_operators to None, run_after=None
[2024-07-04T00:16:11.963+0000] {processor.py:183} INFO - Processing /home/airflow/.local/lib/python3.12/site-packages/airflow/example_dags/example_xcomargs.py took 0.668 seconds
[2024-07-04T00:17:08.958+0000] {processor.py:161} INFO - Started process (PID=289) to work on /home/airflow/.local/lib/python3.12/site-packages/airflow/example_dags/example_xcomargs.py
[2024-07-04T00:17:08.962+0000] {processor.py:830} INFO - Processing file /home/airflow/.local/lib/python3.12/site-packages/airflow/example_dags/example_xcomargs.py for tasks to queue
[2024-07-04T00:17:08.972+0000] {logging_mixin.py:188} INFO - [2024-07-04T00:17:08.971+0000] {dagbag.py:545} INFO - Filling up the DagBag from /home/airflow/.local/lib/python3.12/site-packages/airflow/example_dags/example_xcomargs.py
[2024-07-04T00:17:09.059+0000] {processor.py:840} INFO - DAG(s) 'example_xcom_args_with_operators', 'example_xcom_args' retrieved from /home/airflow/.local/lib/python3.12/site-packages/airflow/example_dags/example_xcomargs.py
[2024-07-04T00:17:09.218+0000] {logging_mixin.py:188} INFO - [2024-07-04T00:17:09.217+0000] {dag.py:3096} INFO - Sync 2 DAGs
[2024-07-04T00:17:09.262+0000] {logging_mixin.py:188} INFO - [2024-07-04T00:17:09.262+0000] {dag.py:3954} INFO - Setting next_dagrun for example_xcom_args to None, run_after=None
[2024-07-04T00:17:09.275+0000] {logging_mixin.py:188} INFO - [2024-07-04T00:17:09.274+0000] {dag.py:3954} INFO - Setting next_dagrun for example_xcom_args_with_operators to None, run_after=None
[2024-07-04T00:17:09.343+0000] {processor.py:183} INFO - Processing /home/airflow/.local/lib/python3.12/site-packages/airflow/example_dags/example_xcomargs.py took 0.401 seconds
[2024-07-04T00:17:47.818+0000] {processor.py:161} INFO - Started process (PID=354) to work on /home/airflow/.local/lib/python3.12/site-packages/airflow/example_dags/example_xcomargs.py
[2024-07-04T00:17:48.563+0000] {processor.py:830} INFO - Processing file /home/airflow/.local/lib/python3.12/site-packages/airflow/example_dags/example_xcomargs.py for tasks to queue
[2024-07-04T00:17:48.568+0000] {logging_mixin.py:188} INFO - [2024-07-04T00:17:48.567+0000] {dagbag.py:545} INFO - Filling up the DagBag from /home/airflow/.local/lib/python3.12/site-packages/airflow/example_dags/example_xcomargs.py
[2024-07-04T00:17:48.585+0000] {processor.py:840} INFO - DAG(s) 'example_xcom_args', 'example_xcom_args_with_operators' retrieved from /home/airflow/.local/lib/python3.12/site-packages/airflow/example_dags/example_xcomargs.py
[2024-07-04T00:17:48.633+0000] {logging_mixin.py:188} INFO - [2024-07-04T00:17:48.632+0000] {dag.py:3096} INFO - Sync 2 DAGs
[2024-07-04T00:17:48.659+0000] {logging_mixin.py:188} INFO - [2024-07-04T00:17:48.659+0000] {dag.py:3954} INFO - Setting next_dagrun for example_xcom_args to None, run_after=None
[2024-07-04T00:17:48.668+0000] {logging_mixin.py:188} INFO - [2024-07-04T00:17:48.668+0000] {dag.py:3954} INFO - Setting next_dagrun for example_xcom_args_with_operators to None, run_after=None
[2024-07-04T00:17:51.205+0000] {processor.py:183} INFO - Processing /home/airflow/.local/lib/python3.12/site-packages/airflow/example_dags/example_xcomargs.py took 3.396 seconds
[2024-07-04T00:18:21.597+0000] {processor.py:161} INFO - Started process (PID=413) to work on /home/airflow/.local/lib/python3.12/site-packages/airflow/example_dags/example_xcomargs.py
[2024-07-04T00:18:21.600+0000] {processor.py:830} INFO - Processing file /home/airflow/.local/lib/python3.12/site-packages/airflow/example_dags/example_xcomargs.py for tasks to queue
[2024-07-04T00:18:21.613+0000] {logging_mixin.py:188} INFO - [2024-07-04T00:18:21.607+0000] {dagbag.py:545} INFO - Filling up the DagBag from /home/airflow/.local/lib/python3.12/site-packages/airflow/example_dags/example_xcomargs.py
[2024-07-04T00:18:21.667+0000] {processor.py:840} INFO - DAG(s) 'example_xcom_args', 'example_xcom_args_with_operators' retrieved from /home/airflow/.local/lib/python3.12/site-packages/airflow/example_dags/example_xcomargs.py
[2024-07-04T00:18:21.772+0000] {logging_mixin.py:188} INFO - [2024-07-04T00:18:21.772+0000] {dag.py:3096} INFO - Sync 2 DAGs
[2024-07-04T00:18:21.802+0000] {logging_mixin.py:188} INFO - [2024-07-04T00:18:21.801+0000] {dag.py:3954} INFO - Setting next_dagrun for example_xcom_args to None, run_after=None
[2024-07-04T00:18:21.821+0000] {logging_mixin.py:188} INFO - [2024-07-04T00:18:21.820+0000] {dag.py:3954} INFO - Setting next_dagrun for example_xcom_args_with_operators to None, run_after=None
[2024-07-04T00:18:21.939+0000] {processor.py:183} INFO - Processing /home/airflow/.local/lib/python3.12/site-packages/airflow/example_dags/example_xcomargs.py took 0.361 seconds
[2024-07-04T00:19:07.812+0000] {processor.py:161} INFO - Started process (PID=479) to work on /home/airflow/.local/lib/python3.12/site-packages/airflow/example_dags/example_xcomargs.py
[2024-07-04T00:19:07.827+0000] {processor.py:830} INFO - Processing file /home/airflow/.local/lib/python3.12/site-packages/airflow/example_dags/example_xcomargs.py for tasks to queue
[2024-07-04T00:19:07.848+0000] {logging_mixin.py:188} INFO - [2024-07-04T00:19:07.841+0000] {dagbag.py:545} INFO - Filling up the DagBag from /home/airflow/.local/lib/python3.12/site-packages/airflow/example_dags/example_xcomargs.py
[2024-07-04T00:19:07.900+0000] {processor.py:840} INFO - DAG(s) 'example_xcom_args', 'example_xcom_args_with_operators' retrieved from /home/airflow/.local/lib/python3.12/site-packages/airflow/example_dags/example_xcomargs.py
[2024-07-04T00:19:07.980+0000] {logging_mixin.py:188} INFO - [2024-07-04T00:19:07.979+0000] {dag.py:3096} INFO - Sync 2 DAGs
[2024-07-04T00:19:08.062+0000] {logging_mixin.py:188} INFO - [2024-07-04T00:19:08.061+0000] {dag.py:3954} INFO - Setting next_dagrun for example_xcom_args to None, run_after=None
[2024-07-04T00:19:08.075+0000] {logging_mixin.py:188} INFO - [2024-07-04T00:19:08.074+0000] {dag.py:3954} INFO - Setting next_dagrun for example_xcom_args_with_operators to None, run_after=None
[2024-07-04T00:19:08.259+0000] {processor.py:183} INFO - Processing /home/airflow/.local/lib/python3.12/site-packages/airflow/example_dags/example_xcomargs.py took 0.493 seconds
[2024-07-04T00:54:31.210+0000] {processor.py:161} INFO - Started process (PID=97) to work on /home/airflow/.local/lib/python3.12/site-packages/airflow/example_dags/example_xcomargs.py
[2024-07-04T00:54:31.214+0000] {processor.py:830} INFO - Processing file /home/airflow/.local/lib/python3.12/site-packages/airflow/example_dags/example_xcomargs.py for tasks to queue
[2024-07-04T00:54:31.224+0000] {logging_mixin.py:188} INFO - [2024-07-04T00:54:31.222+0000] {dagbag.py:545} INFO - Filling up the DagBag from /home/airflow/.local/lib/python3.12/site-packages/airflow/example_dags/example_xcomargs.py
[2024-07-04T00:54:31.265+0000] {processor.py:840} INFO - DAG(s) 'example_xcom_args_with_operators', 'example_xcom_args' retrieved from /home/airflow/.local/lib/python3.12/site-packages/airflow/example_dags/example_xcomargs.py
[2024-07-04T00:54:31.798+0000] {logging_mixin.py:188} INFO - [2024-07-04T00:54:31.798+0000] {dag.py:3096} INFO - Sync 2 DAGs
[2024-07-04T00:54:31.954+0000] {logging_mixin.py:188} INFO - [2024-07-04T00:54:31.951+0000] {dag.py:3954} INFO - Setting next_dagrun for example_xcom_args to None, run_after=None
[2024-07-04T00:54:31.968+0000] {logging_mixin.py:188} INFO - [2024-07-04T00:54:31.967+0000] {dag.py:3954} INFO - Setting next_dagrun for example_xcom_args_with_operators to None, run_after=None
[2024-07-04T00:54:32.045+0000] {processor.py:183} INFO - Processing /home/airflow/.local/lib/python3.12/site-packages/airflow/example_dags/example_xcomargs.py took 0.854 seconds
[2024-07-04T00:55:07.619+0000] {processor.py:161} INFO - Started process (PID=157) to work on /home/airflow/.local/lib/python3.12/site-packages/airflow/example_dags/example_xcomargs.py
[2024-07-04T00:55:07.620+0000] {processor.py:830} INFO - Processing file /home/airflow/.local/lib/python3.12/site-packages/airflow/example_dags/example_xcomargs.py for tasks to queue
[2024-07-04T00:55:07.623+0000] {logging_mixin.py:188} INFO - [2024-07-04T00:55:07.623+0000] {dagbag.py:545} INFO - Filling up the DagBag from /home/airflow/.local/lib/python3.12/site-packages/airflow/example_dags/example_xcomargs.py
[2024-07-04T00:55:07.640+0000] {processor.py:840} INFO - DAG(s) 'example_xcom_args', 'example_xcom_args_with_operators' retrieved from /home/airflow/.local/lib/python3.12/site-packages/airflow/example_dags/example_xcomargs.py
[2024-07-04T00:55:08.172+0000] {logging_mixin.py:188} INFO - [2024-07-04T00:55:08.172+0000] {dag.py:3096} INFO - Sync 2 DAGs
[2024-07-04T00:55:08.292+0000] {logging_mixin.py:188} INFO - [2024-07-04T00:55:08.291+0000] {dag.py:3954} INFO - Setting next_dagrun for example_xcom_args to None, run_after=None
[2024-07-04T00:55:08.410+0000] {logging_mixin.py:188} INFO - [2024-07-04T00:55:08.410+0000] {dag.py:3954} INFO - Setting next_dagrun for example_xcom_args_with_operators to None, run_after=None
[2024-07-04T00:55:08.610+0000] {processor.py:183} INFO - Processing /home/airflow/.local/lib/python3.12/site-packages/airflow/example_dags/example_xcomargs.py took 1.001 seconds
[2024-07-04T00:55:57.643+0000] {processor.py:161} INFO - Started process (PID=223) to work on /home/airflow/.local/lib/python3.12/site-packages/airflow/example_dags/example_xcomargs.py
[2024-07-04T00:55:57.647+0000] {processor.py:830} INFO - Processing file /home/airflow/.local/lib/python3.12/site-packages/airflow/example_dags/example_xcomargs.py for tasks to queue
[2024-07-04T00:55:57.653+0000] {logging_mixin.py:188} INFO - [2024-07-04T00:55:57.652+0000] {dagbag.py:545} INFO - Filling up the DagBag from /home/airflow/.local/lib/python3.12/site-packages/airflow/example_dags/example_xcomargs.py
[2024-07-04T00:55:57.686+0000] {processor.py:840} INFO - DAG(s) 'example_xcom_args_with_operators', 'example_xcom_args' retrieved from /home/airflow/.local/lib/python3.12/site-packages/airflow/example_dags/example_xcomargs.py
[2024-07-04T00:55:57.765+0000] {logging_mixin.py:188} INFO - [2024-07-04T00:55:57.764+0000] {dag.py:3096} INFO - Sync 2 DAGs
[2024-07-04T00:55:57.867+0000] {logging_mixin.py:188} INFO - [2024-07-04T00:55:57.866+0000] {dag.py:3954} INFO - Setting next_dagrun for example_xcom_args to None, run_after=None
[2024-07-04T00:55:57.888+0000] {logging_mixin.py:188} INFO - [2024-07-04T00:55:57.887+0000] {dag.py:3954} INFO - Setting next_dagrun for example_xcom_args_with_operators to None, run_after=None
[2024-07-04T00:55:57.958+0000] {processor.py:183} INFO - Processing /home/airflow/.local/lib/python3.12/site-packages/airflow/example_dags/example_xcomargs.py took 0.346 seconds
[2024-07-04T00:56:35.460+0000] {processor.py:161} INFO - Started process (PID=285) to work on /home/airflow/.local/lib/python3.12/site-packages/airflow/example_dags/example_xcomargs.py
[2024-07-04T00:56:35.473+0000] {processor.py:830} INFO - Processing file /home/airflow/.local/lib/python3.12/site-packages/airflow/example_dags/example_xcomargs.py for tasks to queue
[2024-07-04T00:56:35.481+0000] {logging_mixin.py:188} INFO - [2024-07-04T00:56:35.479+0000] {dagbag.py:545} INFO - Filling up the DagBag from /home/airflow/.local/lib/python3.12/site-packages/airflow/example_dags/example_xcomargs.py
[2024-07-04T00:56:35.659+0000] {processor.py:840} INFO - DAG(s) 'example_xcom_args_with_operators', 'example_xcom_args' retrieved from /home/airflow/.local/lib/python3.12/site-packages/airflow/example_dags/example_xcomargs.py
[2024-07-04T00:56:35.917+0000] {logging_mixin.py:188} INFO - [2024-07-04T00:56:35.912+0000] {dag.py:3096} INFO - Sync 2 DAGs
[2024-07-04T00:56:36.024+0000] {logging_mixin.py:188} INFO - [2024-07-04T00:56:36.023+0000] {dag.py:3954} INFO - Setting next_dagrun for example_xcom_args to None, run_after=None
[2024-07-04T00:56:36.040+0000] {logging_mixin.py:188} INFO - [2024-07-04T00:56:36.037+0000] {dag.py:3954} INFO - Setting next_dagrun for example_xcom_args_with_operators to None, run_after=None
[2024-07-04T00:56:36.136+0000] {processor.py:183} INFO - Processing /home/airflow/.local/lib/python3.12/site-packages/airflow/example_dags/example_xcomargs.py took 0.734 seconds
[2024-07-04T00:57:08.205+0000] {processor.py:161} INFO - Started process (PID=345) to work on /home/airflow/.local/lib/python3.12/site-packages/airflow/example_dags/example_xcomargs.py
[2024-07-04T00:57:08.209+0000] {processor.py:830} INFO - Processing file /home/airflow/.local/lib/python3.12/site-packages/airflow/example_dags/example_xcomargs.py for tasks to queue
[2024-07-04T00:57:08.217+0000] {logging_mixin.py:188} INFO - [2024-07-04T00:57:08.214+0000] {dagbag.py:545} INFO - Filling up the DagBag from /home/airflow/.local/lib/python3.12/site-packages/airflow/example_dags/example_xcomargs.py
[2024-07-04T00:57:08.255+0000] {processor.py:840} INFO - DAG(s) 'example_xcom_args', 'example_xcom_args_with_operators' retrieved from /home/airflow/.local/lib/python3.12/site-packages/airflow/example_dags/example_xcomargs.py
[2024-07-04T00:57:08.362+0000] {logging_mixin.py:188} INFO - [2024-07-04T00:57:08.362+0000] {dag.py:3096} INFO - Sync 2 DAGs
[2024-07-04T00:57:08.426+0000] {logging_mixin.py:188} INFO - [2024-07-04T00:57:08.425+0000] {dag.py:3954} INFO - Setting next_dagrun for example_xcom_args to None, run_after=None
[2024-07-04T00:57:08.440+0000] {logging_mixin.py:188} INFO - [2024-07-04T00:57:08.440+0000] {dag.py:3954} INFO - Setting next_dagrun for example_xcom_args_with_operators to None, run_after=None
[2024-07-04T00:57:08.612+0000] {processor.py:183} INFO - Processing /home/airflow/.local/lib/python3.12/site-packages/airflow/example_dags/example_xcomargs.py took 0.440 seconds
[2024-07-04T00:57:42.057+0000] {processor.py:161} INFO - Started process (PID=406) to work on /home/airflow/.local/lib/python3.12/site-packages/airflow/example_dags/example_xcomargs.py
[2024-07-04T00:57:42.069+0000] {processor.py:830} INFO - Processing file /home/airflow/.local/lib/python3.12/site-packages/airflow/example_dags/example_xcomargs.py for tasks to queue
[2024-07-04T00:57:42.078+0000] {logging_mixin.py:188} INFO - [2024-07-04T00:57:42.077+0000] {dagbag.py:545} INFO - Filling up the DagBag from /home/airflow/.local/lib/python3.12/site-packages/airflow/example_dags/example_xcomargs.py
[2024-07-04T00:57:42.122+0000] {processor.py:840} INFO - DAG(s) 'example_xcom_args_with_operators', 'example_xcom_args' retrieved from /home/airflow/.local/lib/python3.12/site-packages/airflow/example_dags/example_xcomargs.py
[2024-07-04T00:57:42.262+0000] {logging_mixin.py:188} INFO - [2024-07-04T00:57:42.261+0000] {dag.py:3096} INFO - Sync 2 DAGs
[2024-07-04T00:57:42.366+0000] {logging_mixin.py:188} INFO - [2024-07-04T00:57:42.365+0000] {dag.py:3954} INFO - Setting next_dagrun for example_xcom_args to None, run_after=None
[2024-07-04T00:57:42.405+0000] {logging_mixin.py:188} INFO - [2024-07-04T00:57:42.405+0000] {dag.py:3954} INFO - Setting next_dagrun for example_xcom_args_with_operators to None, run_after=None
[2024-07-04T00:57:42.547+0000] {processor.py:183} INFO - Processing /home/airflow/.local/lib/python3.12/site-packages/airflow/example_dags/example_xcomargs.py took 0.518 seconds
[2024-07-04T00:58:14.684+0000] {processor.py:161} INFO - Started process (PID=467) to work on /home/airflow/.local/lib/python3.12/site-packages/airflow/example_dags/example_xcomargs.py
[2024-07-04T00:58:14.686+0000] {processor.py:830} INFO - Processing file /home/airflow/.local/lib/python3.12/site-packages/airflow/example_dags/example_xcomargs.py for tasks to queue
[2024-07-04T00:58:14.691+0000] {logging_mixin.py:188} INFO - [2024-07-04T00:58:14.690+0000] {dagbag.py:545} INFO - Filling up the DagBag from /home/airflow/.local/lib/python3.12/site-packages/airflow/example_dags/example_xcomargs.py
[2024-07-04T00:58:14.712+0000] {processor.py:840} INFO - DAG(s) 'example_xcom_args_with_operators', 'example_xcom_args' retrieved from /home/airflow/.local/lib/python3.12/site-packages/airflow/example_dags/example_xcomargs.py
[2024-07-04T00:58:14.760+0000] {logging_mixin.py:188} INFO - [2024-07-04T00:58:14.759+0000] {dag.py:3096} INFO - Sync 2 DAGs
[2024-07-04T00:58:14.794+0000] {logging_mixin.py:188} INFO - [2024-07-04T00:58:14.793+0000] {dag.py:3954} INFO - Setting next_dagrun for example_xcom_args to None, run_after=None
[2024-07-04T00:58:14.803+0000] {logging_mixin.py:188} INFO - [2024-07-04T00:58:14.802+0000] {dag.py:3954} INFO - Setting next_dagrun for example_xcom_args_with_operators to None, run_after=None
[2024-07-04T00:58:14.882+0000] {processor.py:183} INFO - Processing /home/airflow/.local/lib/python3.12/site-packages/airflow/example_dags/example_xcomargs.py took 0.223 seconds
[2024-07-04T00:59:12.266+0000] {processor.py:161} INFO - Started process (PID=532) to work on /home/airflow/.local/lib/python3.12/site-packages/airflow/example_dags/example_xcomargs.py
[2024-07-04T00:59:12.269+0000] {processor.py:830} INFO - Processing file /home/airflow/.local/lib/python3.12/site-packages/airflow/example_dags/example_xcomargs.py for tasks to queue
[2024-07-04T00:59:12.274+0000] {logging_mixin.py:188} INFO - [2024-07-04T00:59:12.273+0000] {dagbag.py:545} INFO - Filling up the DagBag from /home/airflow/.local/lib/python3.12/site-packages/airflow/example_dags/example_xcomargs.py
[2024-07-04T00:59:12.308+0000] {processor.py:840} INFO - DAG(s) 'example_xcom_args', 'example_xcom_args_with_operators' retrieved from /home/airflow/.local/lib/python3.12/site-packages/airflow/example_dags/example_xcomargs.py
[2024-07-04T00:59:12.449+0000] {logging_mixin.py:188} INFO - [2024-07-04T00:59:12.449+0000] {dag.py:3096} INFO - Sync 2 DAGs
[2024-07-04T00:59:12.495+0000] {logging_mixin.py:188} INFO - [2024-07-04T00:59:12.493+0000] {dag.py:3954} INFO - Setting next_dagrun for example_xcom_args to None, run_after=None
[2024-07-04T00:59:12.512+0000] {logging_mixin.py:188} INFO - [2024-07-04T00:59:12.511+0000] {dag.py:3954} INFO - Setting next_dagrun for example_xcom_args_with_operators to None, run_after=None
[2024-07-04T00:59:12.608+0000] {processor.py:183} INFO - Processing /home/airflow/.local/lib/python3.12/site-packages/airflow/example_dags/example_xcomargs.py took 0.357 seconds
[2024-07-04T01:00:59.319+0000] {processor.py:161} INFO - Started process (PID=620) to work on /home/airflow/.local/lib/python3.12/site-packages/airflow/example_dags/example_xcomargs.py
[2024-07-04T01:00:59.324+0000] {processor.py:830} INFO - Processing file /home/airflow/.local/lib/python3.12/site-packages/airflow/example_dags/example_xcomargs.py for tasks to queue
[2024-07-04T01:00:59.334+0000] {logging_mixin.py:188} INFO - [2024-07-04T01:00:59.332+0000] {dagbag.py:545} INFO - Filling up the DagBag from /home/airflow/.local/lib/python3.12/site-packages/airflow/example_dags/example_xcomargs.py
[2024-07-04T01:01:03.180+0000] {processor.py:840} INFO - DAG(s) 'example_xcom_args_with_operators', 'example_xcom_args' retrieved from /home/airflow/.local/lib/python3.12/site-packages/airflow/example_dags/example_xcomargs.py
[2024-07-04T01:04:55.851+0000] {processor.py:161} INFO - Started process (PID=740) to work on /home/airflow/.local/lib/python3.12/site-packages/airflow/example_dags/example_xcomargs.py
[2024-07-04T01:04:55.858+0000] {processor.py:830} INFO - Processing file /home/airflow/.local/lib/python3.12/site-packages/airflow/example_dags/example_xcomargs.py for tasks to queue
[2024-07-04T01:04:55.862+0000] {logging_mixin.py:188} INFO - [2024-07-04T01:04:55.861+0000] {dagbag.py:545} INFO - Filling up the DagBag from /home/airflow/.local/lib/python3.12/site-packages/airflow/example_dags/example_xcomargs.py
[2024-07-04T01:04:55.970+0000] {processor.py:840} INFO - DAG(s) 'example_xcom_args_with_operators', 'example_xcom_args' retrieved from /home/airflow/.local/lib/python3.12/site-packages/airflow/example_dags/example_xcomargs.py
[2024-07-04T01:04:56.704+0000] {logging_mixin.py:188} INFO - [2024-07-04T01:04:56.700+0000] {dag.py:3096} INFO - Sync 2 DAGs
[2024-07-04T01:04:56.805+0000] {logging_mixin.py:188} INFO - [2024-07-04T01:04:56.805+0000] {dag.py:3954} INFO - Setting next_dagrun for example_xcom_args to None, run_after=None
[2024-07-04T01:04:56.825+0000] {logging_mixin.py:188} INFO - [2024-07-04T01:04:56.824+0000] {dag.py:3954} INFO - Setting next_dagrun for example_xcom_args_with_operators to None, run_after=None
[2024-07-04T01:04:57.061+0000] {processor.py:183} INFO - Processing /home/airflow/.local/lib/python3.12/site-packages/airflow/example_dags/example_xcomargs.py took 1.239 seconds
