[2024-07-04T00:00:47.869+0000] {processor.py:161} INFO - Started process (PID=5037) to work on /home/airflow/.local/lib/python3.12/site-packages/airflow/example_dags/example_bash_decorator.py
[2024-07-04T00:00:47.872+0000] {processor.py:830} INFO - Processing file /home/airflow/.local/lib/python3.12/site-packages/airflow/example_dags/example_bash_decorator.py for tasks to queue
[2024-07-04T00:00:47.874+0000] {logging_mixin.py:188} INFO - [2024-07-04T00:00:47.873+0000] {dagbag.py:545} INFO - Filling up the DagBag from /home/airflow/.local/lib/python3.12/site-packages/airflow/example_dags/example_bash_decorator.py
[2024-07-04T00:00:48.012+0000] {processor.py:840} INFO - DAG(s) 'example_bash_decorator' retrieved from /home/airflow/.local/lib/python3.12/site-packages/airflow/example_dags/example_bash_decorator.py
[2024-07-04T00:00:48.427+0000] {logging_mixin.py:188} INFO - [2024-07-04T00:00:48.425+0000] {dag.py:3096} INFO - Sync 1 DAGs
[2024-07-04T00:00:48.568+0000] {logging_mixin.py:188} INFO - [2024-07-04T00:00:48.566+0000] {dag.py:3954} INFO - Setting next_dagrun for example_bash_decorator to None, run_after=None
[2024-07-04T00:00:48.751+0000] {processor.py:183} INFO - Processing /home/airflow/.local/lib/python3.12/site-packages/airflow/example_dags/example_bash_decorator.py took 0.899 seconds
[2024-07-04T00:04:17.124+0000] {processor.py:161} INFO - Started process (PID=5098) to work on /home/airflow/.local/lib/python3.12/site-packages/airflow/example_dags/example_bash_decorator.py
[2024-07-04T00:04:17.131+0000] {processor.py:830} INFO - Processing file /home/airflow/.local/lib/python3.12/site-packages/airflow/example_dags/example_bash_decorator.py for tasks to queue
[2024-07-04T00:04:17.137+0000] {logging_mixin.py:188} INFO - [2024-07-04T00:04:17.136+0000] {dagbag.py:545} INFO - Filling up the DagBag from /home/airflow/.local/lib/python3.12/site-packages/airflow/example_dags/example_bash_decorator.py
[2024-07-04T00:04:17.187+0000] {processor.py:840} INFO - DAG(s) 'example_bash_decorator' retrieved from /home/airflow/.local/lib/python3.12/site-packages/airflow/example_dags/example_bash_decorator.py
[2024-07-04T00:04:17.320+0000] {logging_mixin.py:188} INFO - [2024-07-04T00:04:17.319+0000] {dag.py:3096} INFO - Sync 1 DAGs
[2024-07-04T00:04:17.372+0000] {logging_mixin.py:188} INFO - [2024-07-04T00:04:17.372+0000] {dag.py:3954} INFO - Setting next_dagrun for example_bash_decorator to None, run_after=None
[2024-07-04T00:04:17.480+0000] {processor.py:183} INFO - Processing /home/airflow/.local/lib/python3.12/site-packages/airflow/example_dags/example_bash_decorator.py took 0.387 seconds
[2024-07-04T00:14:51.630+0000] {processor.py:161} INFO - Started process (PID=95) to work on /home/airflow/.local/lib/python3.12/site-packages/airflow/example_dags/example_bash_decorator.py
[2024-07-04T00:14:51.634+0000] {processor.py:830} INFO - Processing file /home/airflow/.local/lib/python3.12/site-packages/airflow/example_dags/example_bash_decorator.py for tasks to queue
[2024-07-04T00:14:51.645+0000] {logging_mixin.py:188} INFO - [2024-07-04T00:14:51.644+0000] {dagbag.py:545} INFO - Filling up the DagBag from /home/airflow/.local/lib/python3.12/site-packages/airflow/example_dags/example_bash_decorator.py
[2024-07-04T00:14:51.740+0000] {processor.py:840} INFO - DAG(s) 'example_bash_decorator' retrieved from /home/airflow/.local/lib/python3.12/site-packages/airflow/example_dags/example_bash_decorator.py
[2024-07-04T00:14:53.142+0000] {logging_mixin.py:188} INFO - [2024-07-04T00:14:53.140+0000] {dag.py:3096} INFO - Sync 1 DAGs
[2024-07-04T00:14:53.182+0000] {logging_mixin.py:188} INFO - [2024-07-04T00:14:53.181+0000] {dag.py:3954} INFO - Setting next_dagrun for example_bash_decorator to None, run_after=None
[2024-07-04T00:14:53.265+0000] {processor.py:183} INFO - Processing /home/airflow/.local/lib/python3.12/site-packages/airflow/example_dags/example_bash_decorator.py took 1.654 seconds
[2024-07-04T00:15:23.984+0000] {processor.py:161} INFO - Started process (PID=155) to work on /home/airflow/.local/lib/python3.12/site-packages/airflow/example_dags/example_bash_decorator.py
[2024-07-04T00:15:23.994+0000] {processor.py:830} INFO - Processing file /home/airflow/.local/lib/python3.12/site-packages/airflow/example_dags/example_bash_decorator.py for tasks to queue
[2024-07-04T00:15:24.000+0000] {logging_mixin.py:188} INFO - [2024-07-04T00:15:23.999+0000] {dagbag.py:545} INFO - Filling up the DagBag from /home/airflow/.local/lib/python3.12/site-packages/airflow/example_dags/example_bash_decorator.py
[2024-07-04T00:15:24.138+0000] {processor.py:840} INFO - DAG(s) 'example_bash_decorator' retrieved from /home/airflow/.local/lib/python3.12/site-packages/airflow/example_dags/example_bash_decorator.py
[2024-07-04T00:15:24.470+0000] {logging_mixin.py:188} INFO - [2024-07-04T00:15:24.469+0000] {dag.py:3096} INFO - Sync 1 DAGs
[2024-07-04T00:15:24.691+0000] {logging_mixin.py:188} INFO - [2024-07-04T00:15:24.690+0000] {dag.py:3954} INFO - Setting next_dagrun for example_bash_decorator to None, run_after=None
[2024-07-04T00:15:25.096+0000] {processor.py:183} INFO - Processing /home/airflow/.local/lib/python3.12/site-packages/airflow/example_dags/example_bash_decorator.py took 1.139 seconds
[2024-07-04T00:15:56.336+0000] {processor.py:161} INFO - Started process (PID=215) to work on /home/airflow/.local/lib/python3.12/site-packages/airflow/example_dags/example_bash_decorator.py
[2024-07-04T00:15:56.340+0000] {processor.py:830} INFO - Processing file /home/airflow/.local/lib/python3.12/site-packages/airflow/example_dags/example_bash_decorator.py for tasks to queue
[2024-07-04T00:15:56.351+0000] {logging_mixin.py:188} INFO - [2024-07-04T00:15:56.349+0000] {dagbag.py:545} INFO - Filling up the DagBag from /home/airflow/.local/lib/python3.12/site-packages/airflow/example_dags/example_bash_decorator.py
[2024-07-04T00:15:56.395+0000] {processor.py:840} INFO - DAG(s) 'example_bash_decorator' retrieved from /home/airflow/.local/lib/python3.12/site-packages/airflow/example_dags/example_bash_decorator.py
[2024-07-04T00:15:56.482+0000] {logging_mixin.py:188} INFO - [2024-07-04T00:15:56.482+0000] {dag.py:3096} INFO - Sync 1 DAGs
[2024-07-04T00:15:56.523+0000] {logging_mixin.py:188} INFO - [2024-07-04T00:15:56.523+0000] {dag.py:3954} INFO - Setting next_dagrun for example_bash_decorator to None, run_after=None
[2024-07-04T00:15:56.619+0000] {processor.py:183} INFO - Processing /home/airflow/.local/lib/python3.12/site-packages/airflow/example_dags/example_bash_decorator.py took 0.307 seconds
[2024-07-04T00:17:00.104+0000] {processor.py:161} INFO - Started process (PID=281) to work on /home/airflow/.local/lib/python3.12/site-packages/airflow/example_dags/example_bash_decorator.py
[2024-07-04T00:17:00.109+0000] {processor.py:830} INFO - Processing file /home/airflow/.local/lib/python3.12/site-packages/airflow/example_dags/example_bash_decorator.py for tasks to queue
[2024-07-04T00:17:00.114+0000] {logging_mixin.py:188} INFO - [2024-07-04T00:17:00.113+0000] {dagbag.py:545} INFO - Filling up the DagBag from /home/airflow/.local/lib/python3.12/site-packages/airflow/example_dags/example_bash_decorator.py
[2024-07-04T00:17:00.244+0000] {processor.py:840} INFO - DAG(s) 'example_bash_decorator' retrieved from /home/airflow/.local/lib/python3.12/site-packages/airflow/example_dags/example_bash_decorator.py
[2024-07-04T00:17:00.357+0000] {logging_mixin.py:188} INFO - [2024-07-04T00:17:00.356+0000] {dag.py:3096} INFO - Sync 1 DAGs
[2024-07-04T00:17:00.418+0000] {logging_mixin.py:188} INFO - [2024-07-04T00:17:00.418+0000] {dag.py:3954} INFO - Setting next_dagrun for example_bash_decorator to None, run_after=None
[2024-07-04T00:17:00.506+0000] {processor.py:183} INFO - Processing /home/airflow/.local/lib/python3.12/site-packages/airflow/example_dags/example_bash_decorator.py took 0.519 seconds
[2024-07-04T00:17:36.664+0000] {processor.py:161} INFO - Started process (PID=340) to work on /home/airflow/.local/lib/python3.12/site-packages/airflow/example_dags/example_bash_decorator.py
[2024-07-04T00:17:36.667+0000] {processor.py:830} INFO - Processing file /home/airflow/.local/lib/python3.12/site-packages/airflow/example_dags/example_bash_decorator.py for tasks to queue
[2024-07-04T00:17:36.673+0000] {logging_mixin.py:188} INFO - [2024-07-04T00:17:36.672+0000] {dagbag.py:545} INFO - Filling up the DagBag from /home/airflow/.local/lib/python3.12/site-packages/airflow/example_dags/example_bash_decorator.py
[2024-07-04T00:17:36.736+0000] {processor.py:840} INFO - DAG(s) 'example_bash_decorator' retrieved from /home/airflow/.local/lib/python3.12/site-packages/airflow/example_dags/example_bash_decorator.py
[2024-07-04T00:17:36.871+0000] {logging_mixin.py:188} INFO - [2024-07-04T00:17:36.870+0000] {dag.py:3096} INFO - Sync 1 DAGs
[2024-07-04T00:17:36.909+0000] {logging_mixin.py:188} INFO - [2024-07-04T00:17:36.908+0000] {dag.py:3954} INFO - Setting next_dagrun for example_bash_decorator to None, run_after=None
[2024-07-04T00:17:36.965+0000] {processor.py:183} INFO - Processing /home/airflow/.local/lib/python3.12/site-packages/airflow/example_dags/example_bash_decorator.py took 0.316 seconds
[2024-07-04T00:18:07.840+0000] {processor.py:161} INFO - Started process (PID=400) to work on /home/airflow/.local/lib/python3.12/site-packages/airflow/example_dags/example_bash_decorator.py
[2024-07-04T00:18:07.842+0000] {processor.py:830} INFO - Processing file /home/airflow/.local/lib/python3.12/site-packages/airflow/example_dags/example_bash_decorator.py for tasks to queue
[2024-07-04T00:18:07.845+0000] {logging_mixin.py:188} INFO - [2024-07-04T00:18:07.844+0000] {dagbag.py:545} INFO - Filling up the DagBag from /home/airflow/.local/lib/python3.12/site-packages/airflow/example_dags/example_bash_decorator.py
[2024-07-04T00:18:07.866+0000] {processor.py:840} INFO - DAG(s) 'example_bash_decorator' retrieved from /home/airflow/.local/lib/python3.12/site-packages/airflow/example_dags/example_bash_decorator.py
[2024-07-04T00:18:07.926+0000] {logging_mixin.py:188} INFO - [2024-07-04T00:18:07.925+0000] {dag.py:3096} INFO - Sync 1 DAGs
[2024-07-04T00:18:07.963+0000] {logging_mixin.py:188} INFO - [2024-07-04T00:18:07.963+0000] {dag.py:3954} INFO - Setting next_dagrun for example_bash_decorator to None, run_after=None
[2024-07-04T00:18:08.053+0000] {processor.py:183} INFO - Processing /home/airflow/.local/lib/python3.12/site-packages/airflow/example_dags/example_bash_decorator.py took 0.224 seconds
[2024-07-04T00:18:52.981+0000] {processor.py:161} INFO - Started process (PID=460) to work on /home/airflow/.local/lib/python3.12/site-packages/airflow/example_dags/example_bash_decorator.py
[2024-07-04T00:18:53.047+0000] {processor.py:830} INFO - Processing file /home/airflow/.local/lib/python3.12/site-packages/airflow/example_dags/example_bash_decorator.py for tasks to queue
[2024-07-04T00:18:53.057+0000] {logging_mixin.py:188} INFO - [2024-07-04T00:18:53.055+0000] {dagbag.py:545} INFO - Filling up the DagBag from /home/airflow/.local/lib/python3.12/site-packages/airflow/example_dags/example_bash_decorator.py
[2024-07-04T00:18:53.151+0000] {processor.py:840} INFO - DAG(s) 'example_bash_decorator' retrieved from /home/airflow/.local/lib/python3.12/site-packages/airflow/example_dags/example_bash_decorator.py
[2024-07-04T00:18:53.453+0000] {logging_mixin.py:188} INFO - [2024-07-04T00:18:53.452+0000] {dag.py:3096} INFO - Sync 1 DAGs
[2024-07-04T00:18:53.594+0000] {logging_mixin.py:188} INFO - [2024-07-04T00:18:53.593+0000] {dag.py:3954} INFO - Setting next_dagrun for example_bash_decorator to None, run_after=None
[2024-07-04T00:18:54.767+0000] {processor.py:183} INFO - Processing /home/airflow/.local/lib/python3.12/site-packages/airflow/example_dags/example_bash_decorator.py took 1.854 seconds
[2024-07-04T00:54:24.581+0000] {processor.py:161} INFO - Started process (PID=89) to work on /home/airflow/.local/lib/python3.12/site-packages/airflow/example_dags/example_bash_decorator.py
[2024-07-04T00:54:24.583+0000] {processor.py:830} INFO - Processing file /home/airflow/.local/lib/python3.12/site-packages/airflow/example_dags/example_bash_decorator.py for tasks to queue
[2024-07-04T00:54:24.589+0000] {logging_mixin.py:188} INFO - [2024-07-04T00:54:24.588+0000] {dagbag.py:545} INFO - Filling up the DagBag from /home/airflow/.local/lib/python3.12/site-packages/airflow/example_dags/example_bash_decorator.py
[2024-07-04T00:54:24.641+0000] {processor.py:840} INFO - DAG(s) 'example_bash_decorator' retrieved from /home/airflow/.local/lib/python3.12/site-packages/airflow/example_dags/example_bash_decorator.py
[2024-07-04T00:54:25.439+0000] {logging_mixin.py:188} INFO - [2024-07-04T00:54:25.438+0000] {dag.py:3096} INFO - Sync 1 DAGs
[2024-07-04T00:54:25.508+0000] {logging_mixin.py:188} INFO - [2024-07-04T00:54:25.508+0000] {dag.py:3954} INFO - Setting next_dagrun for example_bash_decorator to None, run_after=None
[2024-07-04T00:54:25.618+0000] {processor.py:183} INFO - Processing /home/airflow/.local/lib/python3.12/site-packages/airflow/example_dags/example_bash_decorator.py took 1.053 seconds
[2024-07-04T00:55:05.217+0000] {processor.py:161} INFO - Started process (PID=149) to work on /home/airflow/.local/lib/python3.12/site-packages/airflow/example_dags/example_bash_decorator.py
[2024-07-04T00:55:05.220+0000] {processor.py:830} INFO - Processing file /home/airflow/.local/lib/python3.12/site-packages/airflow/example_dags/example_bash_decorator.py for tasks to queue
[2024-07-04T00:55:05.224+0000] {logging_mixin.py:188} INFO - [2024-07-04T00:55:05.223+0000] {dagbag.py:545} INFO - Filling up the DagBag from /home/airflow/.local/lib/python3.12/site-packages/airflow/example_dags/example_bash_decorator.py
[2024-07-04T00:55:05.248+0000] {processor.py:840} INFO - DAG(s) 'example_bash_decorator' retrieved from /home/airflow/.local/lib/python3.12/site-packages/airflow/example_dags/example_bash_decorator.py
[2024-07-04T00:55:05.289+0000] {logging_mixin.py:188} INFO - [2024-07-04T00:55:05.288+0000] {dag.py:3096} INFO - Sync 1 DAGs
[2024-07-04T00:55:05.314+0000] {logging_mixin.py:188} INFO - [2024-07-04T00:55:05.313+0000] {dag.py:3954} INFO - Setting next_dagrun for example_bash_decorator to None, run_after=None
[2024-07-04T00:55:05.757+0000] {processor.py:183} INFO - Processing /home/airflow/.local/lib/python3.12/site-packages/airflow/example_dags/example_bash_decorator.py took 0.551 seconds
[2024-07-04T00:55:36.468+0000] {processor.py:161} INFO - Started process (PID=209) to work on /home/airflow/.local/lib/python3.12/site-packages/airflow/example_dags/example_bash_decorator.py
[2024-07-04T00:55:36.471+0000] {processor.py:830} INFO - Processing file /home/airflow/.local/lib/python3.12/site-packages/airflow/example_dags/example_bash_decorator.py for tasks to queue
[2024-07-04T00:55:36.476+0000] {logging_mixin.py:188} INFO - [2024-07-04T00:55:36.475+0000] {dagbag.py:545} INFO - Filling up the DagBag from /home/airflow/.local/lib/python3.12/site-packages/airflow/example_dags/example_bash_decorator.py
[2024-07-04T00:55:36.510+0000] {processor.py:840} INFO - DAG(s) 'example_bash_decorator' retrieved from /home/airflow/.local/lib/python3.12/site-packages/airflow/example_dags/example_bash_decorator.py
[2024-07-04T00:55:36.573+0000] {logging_mixin.py:188} INFO - [2024-07-04T00:55:36.573+0000] {dag.py:3096} INFO - Sync 1 DAGs
[2024-07-04T00:55:36.612+0000] {logging_mixin.py:188} INFO - [2024-07-04T00:55:36.611+0000] {dag.py:3954} INFO - Setting next_dagrun for example_bash_decorator to None, run_after=None
[2024-07-04T00:55:37.013+0000] {processor.py:183} INFO - Processing /home/airflow/.local/lib/python3.12/site-packages/airflow/example_dags/example_bash_decorator.py took 0.561 seconds
[2024-07-04T00:56:08.080+0000] {processor.py:161} INFO - Started process (PID=269) to work on /home/airflow/.local/lib/python3.12/site-packages/airflow/example_dags/example_bash_decorator.py
[2024-07-04T00:56:08.082+0000] {processor.py:830} INFO - Processing file /home/airflow/.local/lib/python3.12/site-packages/airflow/example_dags/example_bash_decorator.py for tasks to queue
[2024-07-04T00:56:08.086+0000] {logging_mixin.py:188} INFO - [2024-07-04T00:56:08.085+0000] {dagbag.py:545} INFO - Filling up the DagBag from /home/airflow/.local/lib/python3.12/site-packages/airflow/example_dags/example_bash_decorator.py
[2024-07-04T00:56:08.115+0000] {processor.py:840} INFO - DAG(s) 'example_bash_decorator' retrieved from /home/airflow/.local/lib/python3.12/site-packages/airflow/example_dags/example_bash_decorator.py
[2024-07-04T00:56:08.161+0000] {logging_mixin.py:188} INFO - [2024-07-04T00:56:08.160+0000] {dag.py:3096} INFO - Sync 1 DAGs
[2024-07-04T00:56:08.185+0000] {logging_mixin.py:188} INFO - [2024-07-04T00:56:08.184+0000] {dag.py:3954} INFO - Setting next_dagrun for example_bash_decorator to None, run_after=None
[2024-07-04T00:56:08.228+0000] {processor.py:183} INFO - Processing /home/airflow/.local/lib/python3.12/site-packages/airflow/example_dags/example_bash_decorator.py took 0.161 seconds
[2024-07-04T00:56:44.630+0000] {processor.py:161} INFO - Started process (PID=327) to work on /home/airflow/.local/lib/python3.12/site-packages/airflow/example_dags/example_bash_decorator.py
[2024-07-04T00:56:44.632+0000] {processor.py:830} INFO - Processing file /home/airflow/.local/lib/python3.12/site-packages/airflow/example_dags/example_bash_decorator.py for tasks to queue
[2024-07-04T00:56:44.636+0000] {logging_mixin.py:188} INFO - [2024-07-04T00:56:44.635+0000] {dagbag.py:545} INFO - Filling up the DagBag from /home/airflow/.local/lib/python3.12/site-packages/airflow/example_dags/example_bash_decorator.py
[2024-07-04T00:56:44.658+0000] {processor.py:840} INFO - DAG(s) 'example_bash_decorator' retrieved from /home/airflow/.local/lib/python3.12/site-packages/airflow/example_dags/example_bash_decorator.py
[2024-07-04T00:56:44.699+0000] {logging_mixin.py:188} INFO - [2024-07-04T00:56:44.699+0000] {dag.py:3096} INFO - Sync 1 DAGs
[2024-07-04T00:56:44.725+0000] {logging_mixin.py:188} INFO - [2024-07-04T00:56:44.724+0000] {dag.py:3954} INFO - Setting next_dagrun for example_bash_decorator to None, run_after=None
[2024-07-04T00:56:44.763+0000] {processor.py:183} INFO - Processing /home/airflow/.local/lib/python3.12/site-packages/airflow/example_dags/example_bash_decorator.py took 0.145 seconds
[2024-07-04T00:57:34.655+0000] {processor.py:161} INFO - Started process (PID=394) to work on /home/airflow/.local/lib/python3.12/site-packages/airflow/example_dags/example_bash_decorator.py
[2024-07-04T00:57:34.659+0000] {processor.py:830} INFO - Processing file /home/airflow/.local/lib/python3.12/site-packages/airflow/example_dags/example_bash_decorator.py for tasks to queue
[2024-07-04T00:57:34.668+0000] {logging_mixin.py:188} INFO - [2024-07-04T00:57:34.667+0000] {dagbag.py:545} INFO - Filling up the DagBag from /home/airflow/.local/lib/python3.12/site-packages/airflow/example_dags/example_bash_decorator.py
[2024-07-04T00:57:34.763+0000] {processor.py:840} INFO - DAG(s) 'example_bash_decorator' retrieved from /home/airflow/.local/lib/python3.12/site-packages/airflow/example_dags/example_bash_decorator.py
[2024-07-04T00:57:34.846+0000] {logging_mixin.py:188} INFO - [2024-07-04T00:57:34.845+0000] {dag.py:3096} INFO - Sync 1 DAGs
[2024-07-04T00:57:34.928+0000] {logging_mixin.py:188} INFO - [2024-07-04T00:57:34.918+0000] {dag.py:3954} INFO - Setting next_dagrun for example_bash_decorator to None, run_after=None
[2024-07-04T00:57:35.111+0000] {processor.py:183} INFO - Processing /home/airflow/.local/lib/python3.12/site-packages/airflow/example_dags/example_bash_decorator.py took 0.480 seconds
[2024-07-04T00:58:10.829+0000] {processor.py:161} INFO - Started process (PID=455) to work on /home/airflow/.local/lib/python3.12/site-packages/airflow/example_dags/example_bash_decorator.py
[2024-07-04T00:58:10.834+0000] {processor.py:830} INFO - Processing file /home/airflow/.local/lib/python3.12/site-packages/airflow/example_dags/example_bash_decorator.py for tasks to queue
[2024-07-04T00:58:10.840+0000] {logging_mixin.py:188} INFO - [2024-07-04T00:58:10.839+0000] {dagbag.py:545} INFO - Filling up the DagBag from /home/airflow/.local/lib/python3.12/site-packages/airflow/example_dags/example_bash_decorator.py
[2024-07-04T00:58:10.904+0000] {processor.py:840} INFO - DAG(s) 'example_bash_decorator' retrieved from /home/airflow/.local/lib/python3.12/site-packages/airflow/example_dags/example_bash_decorator.py
[2024-07-04T00:58:11.030+0000] {logging_mixin.py:188} INFO - [2024-07-04T00:58:11.029+0000] {dag.py:3096} INFO - Sync 1 DAGs
[2024-07-04T00:58:11.100+0000] {logging_mixin.py:188} INFO - [2024-07-04T00:58:11.099+0000] {dag.py:3954} INFO - Setting next_dagrun for example_bash_decorator to None, run_after=None
[2024-07-04T00:58:11.199+0000] {processor.py:183} INFO - Processing /home/airflow/.local/lib/python3.12/site-packages/airflow/example_dags/example_bash_decorator.py took 0.388 seconds
[2024-07-04T00:59:09.958+0000] {processor.py:161} INFO - Started process (PID=524) to work on /home/airflow/.local/lib/python3.12/site-packages/airflow/example_dags/example_bash_decorator.py
[2024-07-04T00:59:09.966+0000] {processor.py:830} INFO - Processing file /home/airflow/.local/lib/python3.12/site-packages/airflow/example_dags/example_bash_decorator.py for tasks to queue
[2024-07-04T00:59:09.973+0000] {logging_mixin.py:188} INFO - [2024-07-04T00:59:09.972+0000] {dagbag.py:545} INFO - Filling up the DagBag from /home/airflow/.local/lib/python3.12/site-packages/airflow/example_dags/example_bash_decorator.py
[2024-07-04T00:59:10.067+0000] {processor.py:840} INFO - DAG(s) 'example_bash_decorator' retrieved from /home/airflow/.local/lib/python3.12/site-packages/airflow/example_dags/example_bash_decorator.py
[2024-07-04T00:59:10.224+0000] {logging_mixin.py:188} INFO - [2024-07-04T00:59:10.224+0000] {dag.py:3096} INFO - Sync 1 DAGs
[2024-07-04T00:59:10.369+0000] {logging_mixin.py:188} INFO - [2024-07-04T00:59:10.368+0000] {dag.py:3954} INFO - Setting next_dagrun for example_bash_decorator to None, run_after=None
[2024-07-04T00:59:10.509+0000] {processor.py:183} INFO - Processing /home/airflow/.local/lib/python3.12/site-packages/airflow/example_dags/example_bash_decorator.py took 0.581 seconds
[2024-07-04T00:59:52.832+0000] {processor.py:161} INFO - Started process (PID=589) to work on /home/airflow/.local/lib/python3.12/site-packages/airflow/example_dags/example_bash_decorator.py
[2024-07-04T00:59:52.835+0000] {processor.py:830} INFO - Processing file /home/airflow/.local/lib/python3.12/site-packages/airflow/example_dags/example_bash_decorator.py for tasks to queue
[2024-07-04T00:59:52.852+0000] {logging_mixin.py:188} INFO - [2024-07-04T00:59:52.851+0000] {dagbag.py:545} INFO - Filling up the DagBag from /home/airflow/.local/lib/python3.12/site-packages/airflow/example_dags/example_bash_decorator.py
[2024-07-04T00:59:53.095+0000] {processor.py:840} INFO - DAG(s) 'example_bash_decorator' retrieved from /home/airflow/.local/lib/python3.12/site-packages/airflow/example_dags/example_bash_decorator.py
[2024-07-04T00:59:53.592+0000] {logging_mixin.py:188} INFO - [2024-07-04T00:59:53.590+0000] {dag.py:3096} INFO - Sync 1 DAGs
[2024-07-04T00:59:53.985+0000] {logging_mixin.py:188} INFO - [2024-07-04T00:59:53.983+0000] {dag.py:3954} INFO - Setting next_dagrun for example_bash_decorator to None, run_after=None
[2024-07-04T00:59:54.199+0000] {processor.py:183} INFO - Processing /home/airflow/.local/lib/python3.12/site-packages/airflow/example_dags/example_bash_decorator.py took 1.391 seconds
[2024-07-04T01:04:24.503+0000] {processor.py:161} INFO - Started process (PID=732) to work on /home/airflow/.local/lib/python3.12/site-packages/airflow/example_dags/example_bash_decorator.py
[2024-07-04T01:04:24.604+0000] {processor.py:830} INFO - Processing file /home/airflow/.local/lib/python3.12/site-packages/airflow/example_dags/example_bash_decorator.py for tasks to queue
[2024-07-04T01:04:24.606+0000] {logging_mixin.py:188} INFO - [2024-07-04T01:04:24.605+0000] {dagbag.py:545} INFO - Filling up the DagBag from /home/airflow/.local/lib/python3.12/site-packages/airflow/example_dags/example_bash_decorator.py
[2024-07-04T01:04:25.869+0000] {processor.py:840} INFO - DAG(s) 'example_bash_decorator' retrieved from /home/airflow/.local/lib/python3.12/site-packages/airflow/example_dags/example_bash_decorator.py
[2024-07-04T01:04:25.905+0000] {logging_mixin.py:188} INFO - [2024-07-04T01:04:25.904+0000] {dag.py:3096} INFO - Sync 1 DAGs
[2024-07-04T01:04:25.924+0000] {logging_mixin.py:188} INFO - [2024-07-04T01:04:25.924+0000] {dag.py:3954} INFO - Setting next_dagrun for example_bash_decorator to None, run_after=None
[2024-07-04T01:04:26.601+0000] {processor.py:183} INFO - Processing /home/airflow/.local/lib/python3.12/site-packages/airflow/example_dags/example_bash_decorator.py took 2.105 seconds
