[2024-07-04T00:00:42.264+0000] {processor.py:161} INFO - Started process (PID=5025) to work on /home/airflow/.local/lib/python3.12/site-packages/airflow/example_dags/example_display_name.py
[2024-07-04T00:00:42.266+0000] {processor.py:830} INFO - Processing file /home/airflow/.local/lib/python3.12/site-packages/airflow/example_dags/example_display_name.py for tasks to queue
[2024-07-04T00:00:42.268+0000] {logging_mixin.py:188} INFO - [2024-07-04T00:00:42.267+0000] {dagbag.py:545} INFO - Filling up the DagBag from /home/airflow/.local/lib/python3.12/site-packages/airflow/example_dags/example_display_name.py
[2024-07-04T00:00:42.626+0000] {processor.py:840} INFO - DAG(s) 'example_display_name' retrieved from /home/airflow/.local/lib/python3.12/site-packages/airflow/example_dags/example_display_name.py
[2024-07-04T00:00:43.136+0000] {logging_mixin.py:188} INFO - [2024-07-04T00:00:43.135+0000] {dag.py:3096} INFO - Sync 1 DAGs
[2024-07-04T00:00:43.196+0000] {logging_mixin.py:188} INFO - [2024-07-04T00:00:43.194+0000] {dag.py:3954} INFO - Setting next_dagrun for example_display_name to None, run_after=None
[2024-07-04T00:00:43.364+0000] {processor.py:183} INFO - Processing /home/airflow/.local/lib/python3.12/site-packages/airflow/example_dags/example_display_name.py took 1.109 seconds
[2024-07-04T00:04:12.961+0000] {processor.py:161} INFO - Started process (PID=5079) to work on /home/airflow/.local/lib/python3.12/site-packages/airflow/example_dags/example_display_name.py
[2024-07-04T00:04:12.965+0000] {processor.py:830} INFO - Processing file /home/airflow/.local/lib/python3.12/site-packages/airflow/example_dags/example_display_name.py for tasks to queue
[2024-07-04T00:04:12.971+0000] {logging_mixin.py:188} INFO - [2024-07-04T00:04:12.968+0000] {dagbag.py:545} INFO - Filling up the DagBag from /home/airflow/.local/lib/python3.12/site-packages/airflow/example_dags/example_display_name.py
[2024-07-04T00:04:13.008+0000] {processor.py:840} INFO - DAG(s) 'example_display_name' retrieved from /home/airflow/.local/lib/python3.12/site-packages/airflow/example_dags/example_display_name.py
[2024-07-04T00:04:13.074+0000] {logging_mixin.py:188} INFO - [2024-07-04T00:04:13.073+0000] {dag.py:3096} INFO - Sync 1 DAGs
[2024-07-04T00:04:13.125+0000] {logging_mixin.py:188} INFO - [2024-07-04T00:04:13.124+0000] {dag.py:3954} INFO - Setting next_dagrun for example_display_name to None, run_after=None
[2024-07-04T00:04:13.200+0000] {processor.py:183} INFO - Processing /home/airflow/.local/lib/python3.12/site-packages/airflow/example_dags/example_display_name.py took 0.260 seconds
[2024-07-04T00:14:08.241+0000] {processor.py:161} INFO - Started process (PID=68) to work on /home/airflow/.local/lib/python3.12/site-packages/airflow/example_dags/example_display_name.py
[2024-07-04T00:14:08.246+0000] {processor.py:830} INFO - Processing file /home/airflow/.local/lib/python3.12/site-packages/airflow/example_dags/example_display_name.py for tasks to queue
[2024-07-04T00:14:08.256+0000] {logging_mixin.py:188} INFO - [2024-07-04T00:14:08.255+0000] {dagbag.py:545} INFO - Filling up the DagBag from /home/airflow/.local/lib/python3.12/site-packages/airflow/example_dags/example_display_name.py
[2024-07-04T00:14:08.396+0000] {processor.py:840} INFO - DAG(s) 'example_display_name' retrieved from /home/airflow/.local/lib/python3.12/site-packages/airflow/example_dags/example_display_name.py
[2024-07-04T00:14:11.122+0000] {logging_mixin.py:188} INFO - [2024-07-04T00:14:11.120+0000] {dag.py:3096} INFO - Sync 1 DAGs
[2024-07-04T00:14:11.487+0000] {logging_mixin.py:188} INFO - [2024-07-04T00:14:11.485+0000] {dag.py:3954} INFO - Setting next_dagrun for example_display_name to None, run_after=None
[2024-07-04T00:14:12.015+0000] {processor.py:183} INFO - Processing /home/airflow/.local/lib/python3.12/site-packages/airflow/example_dags/example_display_name.py took 3.791 seconds
[2024-07-04T00:15:11.489+0000] {processor.py:161} INFO - Started process (PID=134) to work on /home/airflow/.local/lib/python3.12/site-packages/airflow/example_dags/example_display_name.py
[2024-07-04T00:15:11.497+0000] {processor.py:830} INFO - Processing file /home/airflow/.local/lib/python3.12/site-packages/airflow/example_dags/example_display_name.py for tasks to queue
[2024-07-04T00:15:11.506+0000] {logging_mixin.py:188} INFO - [2024-07-04T00:15:11.503+0000] {dagbag.py:545} INFO - Filling up the DagBag from /home/airflow/.local/lib/python3.12/site-packages/airflow/example_dags/example_display_name.py
[2024-07-04T00:15:11.529+0000] {processor.py:840} INFO - DAG(s) 'example_display_name' retrieved from /home/airflow/.local/lib/python3.12/site-packages/airflow/example_dags/example_display_name.py
[2024-07-04T00:15:11.684+0000] {logging_mixin.py:188} INFO - [2024-07-04T00:15:11.682+0000] {dag.py:3096} INFO - Sync 1 DAGs
[2024-07-04T00:15:11.776+0000] {logging_mixin.py:188} INFO - [2024-07-04T00:15:11.775+0000] {dag.py:3954} INFO - Setting next_dagrun for example_display_name to None, run_after=None
[2024-07-04T00:15:11.899+0000] {processor.py:183} INFO - Processing /home/airflow/.local/lib/python3.12/site-packages/airflow/example_dags/example_display_name.py took 0.464 seconds
[2024-07-04T00:15:45.199+0000] {processor.py:161} INFO - Started process (PID=194) to work on /home/airflow/.local/lib/python3.12/site-packages/airflow/example_dags/example_display_name.py
[2024-07-04T00:15:45.241+0000] {processor.py:830} INFO - Processing file /home/airflow/.local/lib/python3.12/site-packages/airflow/example_dags/example_display_name.py for tasks to queue
[2024-07-04T00:15:45.250+0000] {logging_mixin.py:188} INFO - [2024-07-04T00:15:45.248+0000] {dagbag.py:545} INFO - Filling up the DagBag from /home/airflow/.local/lib/python3.12/site-packages/airflow/example_dags/example_display_name.py
[2024-07-04T00:15:45.271+0000] {processor.py:840} INFO - DAG(s) 'example_display_name' retrieved from /home/airflow/.local/lib/python3.12/site-packages/airflow/example_dags/example_display_name.py
[2024-07-04T00:15:45.331+0000] {logging_mixin.py:188} INFO - [2024-07-04T00:15:45.330+0000] {dag.py:3096} INFO - Sync 1 DAGs
[2024-07-04T00:15:45.366+0000] {logging_mixin.py:188} INFO - [2024-07-04T00:15:45.365+0000] {dag.py:3954} INFO - Setting next_dagrun for example_display_name to None, run_after=None
[2024-07-04T00:15:45.534+0000] {processor.py:183} INFO - Processing /home/airflow/.local/lib/python3.12/site-packages/airflow/example_dags/example_display_name.py took 0.349 seconds
[2024-07-04T00:16:39.470+0000] {processor.py:161} INFO - Started process (PID=252) to work on /home/airflow/.local/lib/python3.12/site-packages/airflow/example_dags/example_display_name.py
[2024-07-04T00:16:39.489+0000] {processor.py:830} INFO - Processing file /home/airflow/.local/lib/python3.12/site-packages/airflow/example_dags/example_display_name.py for tasks to queue
[2024-07-04T00:16:39.503+0000] {logging_mixin.py:188} INFO - [2024-07-04T00:16:39.501+0000] {dagbag.py:545} INFO - Filling up the DagBag from /home/airflow/.local/lib/python3.12/site-packages/airflow/example_dags/example_display_name.py
[2024-07-04T00:16:39.534+0000] {processor.py:840} INFO - DAG(s) 'example_display_name' retrieved from /home/airflow/.local/lib/python3.12/site-packages/airflow/example_dags/example_display_name.py
[2024-07-04T00:16:39.989+0000] {logging_mixin.py:188} INFO - [2024-07-04T00:16:39.987+0000] {dag.py:3096} INFO - Sync 1 DAGs
[2024-07-04T00:16:40.187+0000] {logging_mixin.py:188} INFO - [2024-07-04T00:16:40.185+0000] {dag.py:3954} INFO - Setting next_dagrun for example_display_name to None, run_after=None
[2024-07-04T00:16:40.687+0000] {processor.py:183} INFO - Processing /home/airflow/.local/lib/python3.12/site-packages/airflow/example_dags/example_display_name.py took 1.282 seconds
[2024-07-04T00:17:13.628+0000] {processor.py:161} INFO - Started process (PID=310) to work on /home/airflow/.local/lib/python3.12/site-packages/airflow/example_dags/example_display_name.py
[2024-07-04T00:17:13.631+0000] {processor.py:830} INFO - Processing file /home/airflow/.local/lib/python3.12/site-packages/airflow/example_dags/example_display_name.py for tasks to queue
[2024-07-04T00:17:13.636+0000] {logging_mixin.py:188} INFO - [2024-07-04T00:17:13.635+0000] {dagbag.py:545} INFO - Filling up the DagBag from /home/airflow/.local/lib/python3.12/site-packages/airflow/example_dags/example_display_name.py
[2024-07-04T00:17:13.655+0000] {processor.py:840} INFO - DAG(s) 'example_display_name' retrieved from /home/airflow/.local/lib/python3.12/site-packages/airflow/example_dags/example_display_name.py
[2024-07-04T00:17:13.714+0000] {logging_mixin.py:188} INFO - [2024-07-04T00:17:13.713+0000] {dag.py:3096} INFO - Sync 1 DAGs
[2024-07-04T00:17:13.760+0000] {logging_mixin.py:188} INFO - [2024-07-04T00:17:13.759+0000] {dag.py:3954} INFO - Setting next_dagrun for example_display_name to None, run_after=None
[2024-07-04T00:17:13.842+0000] {processor.py:183} INFO - Processing /home/airflow/.local/lib/python3.12/site-packages/airflow/example_dags/example_display_name.py took 0.231 seconds
[2024-07-04T00:17:58.560+0000] {processor.py:161} INFO - Started process (PID=362) to work on /home/airflow/.local/lib/python3.12/site-packages/airflow/example_dags/example_display_name.py
[2024-07-04T00:17:58.563+0000] {processor.py:830} INFO - Processing file /home/airflow/.local/lib/python3.12/site-packages/airflow/example_dags/example_display_name.py for tasks to queue
[2024-07-04T00:17:58.567+0000] {logging_mixin.py:188} INFO - [2024-07-04T00:17:58.566+0000] {dagbag.py:545} INFO - Filling up the DagBag from /home/airflow/.local/lib/python3.12/site-packages/airflow/example_dags/example_display_name.py
[2024-07-04T00:17:58.581+0000] {processor.py:840} INFO - DAG(s) 'example_display_name' retrieved from /home/airflow/.local/lib/python3.12/site-packages/airflow/example_dags/example_display_name.py
[2024-07-04T00:17:58.633+0000] {logging_mixin.py:188} INFO - [2024-07-04T00:17:58.633+0000] {dag.py:3096} INFO - Sync 1 DAGs
[2024-07-04T00:17:58.666+0000] {logging_mixin.py:188} INFO - [2024-07-04T00:17:58.665+0000] {dag.py:3954} INFO - Setting next_dagrun for example_display_name to None, run_after=None
[2024-07-04T00:17:58.715+0000] {processor.py:183} INFO - Processing /home/airflow/.local/lib/python3.12/site-packages/airflow/example_dags/example_display_name.py took 0.166 seconds
[2024-07-04T00:18:28.804+0000] {processor.py:161} INFO - Started process (PID=419) to work on /home/airflow/.local/lib/python3.12/site-packages/airflow/example_dags/example_display_name.py
[2024-07-04T00:18:28.809+0000] {processor.py:830} INFO - Processing file /home/airflow/.local/lib/python3.12/site-packages/airflow/example_dags/example_display_name.py for tasks to queue
[2024-07-04T00:18:28.816+0000] {logging_mixin.py:188} INFO - [2024-07-04T00:18:28.815+0000] {dagbag.py:545} INFO - Filling up the DagBag from /home/airflow/.local/lib/python3.12/site-packages/airflow/example_dags/example_display_name.py
[2024-07-04T00:18:28.855+0000] {processor.py:840} INFO - DAG(s) 'example_display_name' retrieved from /home/airflow/.local/lib/python3.12/site-packages/airflow/example_dags/example_display_name.py
[2024-07-04T00:18:28.956+0000] {logging_mixin.py:188} INFO - [2024-07-04T00:18:28.955+0000] {dag.py:3096} INFO - Sync 1 DAGs
[2024-07-04T00:18:29.032+0000] {logging_mixin.py:188} INFO - [2024-07-04T00:18:29.030+0000] {dag.py:3954} INFO - Setting next_dagrun for example_display_name to None, run_after=None
[2024-07-04T00:18:29.158+0000] {processor.py:183} INFO - Processing /home/airflow/.local/lib/python3.12/site-packages/airflow/example_dags/example_display_name.py took 0.374 seconds
[2024-07-04T00:19:05.890+0000] {processor.py:161} INFO - Started process (PID=475) to work on /home/airflow/.local/lib/python3.12/site-packages/airflow/example_dags/example_display_name.py
[2024-07-04T00:19:05.940+0000] {processor.py:830} INFO - Processing file /home/airflow/.local/lib/python3.12/site-packages/airflow/example_dags/example_display_name.py for tasks to queue
[2024-07-04T00:19:05.945+0000] {logging_mixin.py:188} INFO - [2024-07-04T00:19:05.944+0000] {dagbag.py:545} INFO - Filling up the DagBag from /home/airflow/.local/lib/python3.12/site-packages/airflow/example_dags/example_display_name.py
[2024-07-04T00:19:06.002+0000] {processor.py:840} INFO - DAG(s) 'example_display_name' retrieved from /home/airflow/.local/lib/python3.12/site-packages/airflow/example_dags/example_display_name.py
[2024-07-04T00:19:06.139+0000] {logging_mixin.py:188} INFO - [2024-07-04T00:19:06.139+0000] {dag.py:3096} INFO - Sync 1 DAGs
[2024-07-04T00:19:06.187+0000] {logging_mixin.py:188} INFO - [2024-07-04T00:19:06.186+0000] {dag.py:3954} INFO - Setting next_dagrun for example_display_name to None, run_after=None
[2024-07-04T00:19:06.581+0000] {processor.py:183} INFO - Processing /home/airflow/.local/lib/python3.12/site-packages/airflow/example_dags/example_display_name.py took 0.710 seconds
[2024-07-04T00:54:03.543+0000] {processor.py:161} INFO - Started process (PID=62) to work on /home/airflow/.local/lib/python3.12/site-packages/airflow/example_dags/example_display_name.py
[2024-07-04T00:54:03.548+0000] {processor.py:830} INFO - Processing file /home/airflow/.local/lib/python3.12/site-packages/airflow/example_dags/example_display_name.py for tasks to queue
[2024-07-04T00:54:03.558+0000] {logging_mixin.py:188} INFO - [2024-07-04T00:54:03.557+0000] {dagbag.py:545} INFO - Filling up the DagBag from /home/airflow/.local/lib/python3.12/site-packages/airflow/example_dags/example_display_name.py
[2024-07-04T00:54:03.599+0000] {processor.py:840} INFO - DAG(s) 'example_display_name' retrieved from /home/airflow/.local/lib/python3.12/site-packages/airflow/example_dags/example_display_name.py
[2024-07-04T00:54:04.572+0000] {logging_mixin.py:188} INFO - [2024-07-04T00:54:04.569+0000] {dag.py:3096} INFO - Sync 1 DAGs
[2024-07-04T00:54:04.786+0000] {logging_mixin.py:188} INFO - [2024-07-04T00:54:04.785+0000] {dag.py:3954} INFO - Setting next_dagrun for example_display_name to None, run_after=None
[2024-07-04T00:54:04.883+0000] {processor.py:183} INFO - Processing /home/airflow/.local/lib/python3.12/site-packages/airflow/example_dags/example_display_name.py took 1.369 seconds
[2024-07-04T00:54:58.927+0000] {processor.py:161} INFO - Started process (PID=128) to work on /home/airflow/.local/lib/python3.12/site-packages/airflow/example_dags/example_display_name.py
[2024-07-04T00:54:58.930+0000] {processor.py:830} INFO - Processing file /home/airflow/.local/lib/python3.12/site-packages/airflow/example_dags/example_display_name.py for tasks to queue
[2024-07-04T00:54:58.937+0000] {logging_mixin.py:188} INFO - [2024-07-04T00:54:58.936+0000] {dagbag.py:545} INFO - Filling up the DagBag from /home/airflow/.local/lib/python3.12/site-packages/airflow/example_dags/example_display_name.py
[2024-07-04T00:54:58.958+0000] {processor.py:840} INFO - DAG(s) 'example_display_name' retrieved from /home/airflow/.local/lib/python3.12/site-packages/airflow/example_dags/example_display_name.py
[2024-07-04T00:54:59.025+0000] {logging_mixin.py:188} INFO - [2024-07-04T00:54:59.024+0000] {dag.py:3096} INFO - Sync 1 DAGs
[2024-07-04T00:54:59.094+0000] {logging_mixin.py:188} INFO - [2024-07-04T00:54:59.094+0000] {dag.py:3954} INFO - Setting next_dagrun for example_display_name to None, run_after=None
[2024-07-04T00:54:59.189+0000] {processor.py:183} INFO - Processing /home/airflow/.local/lib/python3.12/site-packages/airflow/example_dags/example_display_name.py took 0.281 seconds
[2024-07-04T00:55:31.492+0000] {processor.py:161} INFO - Started process (PID=188) to work on /home/airflow/.local/lib/python3.12/site-packages/airflow/example_dags/example_display_name.py
[2024-07-04T00:55:31.494+0000] {processor.py:830} INFO - Processing file /home/airflow/.local/lib/python3.12/site-packages/airflow/example_dags/example_display_name.py for tasks to queue
[2024-07-04T00:55:31.498+0000] {logging_mixin.py:188} INFO - [2024-07-04T00:55:31.497+0000] {dagbag.py:545} INFO - Filling up the DagBag from /home/airflow/.local/lib/python3.12/site-packages/airflow/example_dags/example_display_name.py
[2024-07-04T00:55:31.510+0000] {processor.py:840} INFO - DAG(s) 'example_display_name' retrieved from /home/airflow/.local/lib/python3.12/site-packages/airflow/example_dags/example_display_name.py
[2024-07-04T00:55:31.557+0000] {logging_mixin.py:188} INFO - [2024-07-04T00:55:31.556+0000] {dag.py:3096} INFO - Sync 1 DAGs
[2024-07-04T00:55:31.596+0000] {logging_mixin.py:188} INFO - [2024-07-04T00:55:31.595+0000] {dag.py:3954} INFO - Setting next_dagrun for example_display_name to None, run_after=None
[2024-07-04T00:55:31.647+0000] {processor.py:183} INFO - Processing /home/airflow/.local/lib/python3.12/site-packages/airflow/example_dags/example_display_name.py took 0.168 seconds
[2024-07-04T00:56:03.762+0000] {processor.py:161} INFO - Started process (PID=248) to work on /home/airflow/.local/lib/python3.12/site-packages/airflow/example_dags/example_display_name.py
[2024-07-04T00:56:03.764+0000] {processor.py:830} INFO - Processing file /home/airflow/.local/lib/python3.12/site-packages/airflow/example_dags/example_display_name.py for tasks to queue
[2024-07-04T00:56:03.769+0000] {logging_mixin.py:188} INFO - [2024-07-04T00:56:03.768+0000] {dagbag.py:545} INFO - Filling up the DagBag from /home/airflow/.local/lib/python3.12/site-packages/airflow/example_dags/example_display_name.py
[2024-07-04T00:56:03.784+0000] {processor.py:840} INFO - DAG(s) 'example_display_name' retrieved from /home/airflow/.local/lib/python3.12/site-packages/airflow/example_dags/example_display_name.py
[2024-07-04T00:56:03.834+0000] {logging_mixin.py:188} INFO - [2024-07-04T00:56:03.833+0000] {dag.py:3096} INFO - Sync 1 DAGs
[2024-07-04T00:56:03.869+0000] {logging_mixin.py:188} INFO - [2024-07-04T00:56:03.869+0000] {dag.py:3954} INFO - Setting next_dagrun for example_display_name to None, run_after=None
[2024-07-04T00:56:03.942+0000] {processor.py:183} INFO - Processing /home/airflow/.local/lib/python3.12/site-packages/airflow/example_dags/example_display_name.py took 0.194 seconds
[2024-07-04T00:56:41.234+0000] {processor.py:161} INFO - Started process (PID=306) to work on /home/airflow/.local/lib/python3.12/site-packages/airflow/example_dags/example_display_name.py
[2024-07-04T00:56:41.237+0000] {processor.py:830} INFO - Processing file /home/airflow/.local/lib/python3.12/site-packages/airflow/example_dags/example_display_name.py for tasks to queue
[2024-07-04T00:56:41.243+0000] {logging_mixin.py:188} INFO - [2024-07-04T00:56:41.242+0000] {dagbag.py:545} INFO - Filling up the DagBag from /home/airflow/.local/lib/python3.12/site-packages/airflow/example_dags/example_display_name.py
[2024-07-04T00:56:41.262+0000] {processor.py:840} INFO - DAG(s) 'example_display_name' retrieved from /home/airflow/.local/lib/python3.12/site-packages/airflow/example_dags/example_display_name.py
[2024-07-04T00:56:41.324+0000] {logging_mixin.py:188} INFO - [2024-07-04T00:56:41.323+0000] {dag.py:3096} INFO - Sync 1 DAGs
[2024-07-04T00:56:41.369+0000] {logging_mixin.py:188} INFO - [2024-07-04T00:56:41.369+0000] {dag.py:3954} INFO - Setting next_dagrun for example_display_name to None, run_after=None
[2024-07-04T00:56:41.461+0000] {processor.py:183} INFO - Processing /home/airflow/.local/lib/python3.12/site-packages/airflow/example_dags/example_display_name.py took 0.246 seconds
[2024-07-04T00:57:14.433+0000] {processor.py:161} INFO - Started process (PID=366) to work on /home/airflow/.local/lib/python3.12/site-packages/airflow/example_dags/example_display_name.py
[2024-07-04T00:57:14.437+0000] {processor.py:830} INFO - Processing file /home/airflow/.local/lib/python3.12/site-packages/airflow/example_dags/example_display_name.py for tasks to queue
[2024-07-04T00:57:14.444+0000] {logging_mixin.py:188} INFO - [2024-07-04T00:57:14.443+0000] {dagbag.py:545} INFO - Filling up the DagBag from /home/airflow/.local/lib/python3.12/site-packages/airflow/example_dags/example_display_name.py
[2024-07-04T00:57:14.460+0000] {processor.py:840} INFO - DAG(s) 'example_display_name' retrieved from /home/airflow/.local/lib/python3.12/site-packages/airflow/example_dags/example_display_name.py
[2024-07-04T00:57:14.512+0000] {logging_mixin.py:188} INFO - [2024-07-04T00:57:14.511+0000] {dag.py:3096} INFO - Sync 1 DAGs
[2024-07-04T00:57:14.548+0000] {logging_mixin.py:188} INFO - [2024-07-04T00:57:14.547+0000] {dag.py:3954} INFO - Setting next_dagrun for example_display_name to None, run_after=None
[2024-07-04T00:57:14.636+0000] {processor.py:183} INFO - Processing /home/airflow/.local/lib/python3.12/site-packages/airflow/example_dags/example_display_name.py took 0.220 seconds
[2024-07-04T00:58:03.932+0000] {processor.py:161} INFO - Started process (PID=427) to work on /home/airflow/.local/lib/python3.12/site-packages/airflow/example_dags/example_display_name.py
[2024-07-04T00:58:03.935+0000] {processor.py:830} INFO - Processing file /home/airflow/.local/lib/python3.12/site-packages/airflow/example_dags/example_display_name.py for tasks to queue
[2024-07-04T00:58:03.941+0000] {logging_mixin.py:188} INFO - [2024-07-04T00:58:03.940+0000] {dagbag.py:545} INFO - Filling up the DagBag from /home/airflow/.local/lib/python3.12/site-packages/airflow/example_dags/example_display_name.py
[2024-07-04T00:58:03.955+0000] {processor.py:840} INFO - DAG(s) 'example_display_name' retrieved from /home/airflow/.local/lib/python3.12/site-packages/airflow/example_dags/example_display_name.py
[2024-07-04T00:58:04.038+0000] {logging_mixin.py:188} INFO - [2024-07-04T00:58:04.037+0000] {dag.py:3096} INFO - Sync 1 DAGs
[2024-07-04T00:58:04.127+0000] {logging_mixin.py:188} INFO - [2024-07-04T00:58:04.116+0000] {dag.py:3954} INFO - Setting next_dagrun for example_display_name to None, run_after=None
[2024-07-04T00:58:04.251+0000] {processor.py:183} INFO - Processing /home/airflow/.local/lib/python3.12/site-packages/airflow/example_dags/example_display_name.py took 0.333 seconds
[2024-07-04T00:58:38.121+0000] {processor.py:161} INFO - Started process (PID=492) to work on /home/airflow/.local/lib/python3.12/site-packages/airflow/example_dags/example_display_name.py
[2024-07-04T00:58:38.459+0000] {processor.py:830} INFO - Processing file /home/airflow/.local/lib/python3.12/site-packages/airflow/example_dags/example_display_name.py for tasks to queue
[2024-07-04T00:58:38.824+0000] {logging_mixin.py:188} INFO - [2024-07-04T00:58:38.813+0000] {dagbag.py:545} INFO - Filling up the DagBag from /home/airflow/.local/lib/python3.12/site-packages/airflow/example_dags/example_display_name.py
[2024-07-04T00:58:39.393+0000] {processor.py:840} INFO - DAG(s) 'example_display_name' retrieved from /home/airflow/.local/lib/python3.12/site-packages/airflow/example_dags/example_display_name.py
[2024-07-04T00:58:41.178+0000] {logging_mixin.py:188} INFO - [2024-07-04T00:58:41.177+0000] {dag.py:3096} INFO - Sync 1 DAGs
[2024-07-04T00:58:41.559+0000] {logging_mixin.py:188} INFO - [2024-07-04T00:58:41.559+0000] {dag.py:3954} INFO - Setting next_dagrun for example_display_name to None, run_after=None
[2024-07-04T00:58:43.263+0000] {processor.py:183} INFO - Processing /home/airflow/.local/lib/python3.12/site-packages/airflow/example_dags/example_display_name.py took 6.144 seconds
[2024-07-04T00:59:18.717+0000] {processor.py:161} INFO - Started process (PID=552) to work on /home/airflow/.local/lib/python3.12/site-packages/airflow/example_dags/example_display_name.py
[2024-07-04T00:59:18.719+0000] {processor.py:830} INFO - Processing file /home/airflow/.local/lib/python3.12/site-packages/airflow/example_dags/example_display_name.py for tasks to queue
[2024-07-04T00:59:18.724+0000] {logging_mixin.py:188} INFO - [2024-07-04T00:59:18.723+0000] {dagbag.py:545} INFO - Filling up the DagBag from /home/airflow/.local/lib/python3.12/site-packages/airflow/example_dags/example_display_name.py
[2024-07-04T00:59:18.739+0000] {processor.py:840} INFO - DAG(s) 'example_display_name' retrieved from /home/airflow/.local/lib/python3.12/site-packages/airflow/example_dags/example_display_name.py
[2024-07-04T00:59:18.792+0000] {logging_mixin.py:188} INFO - [2024-07-04T00:59:18.791+0000] {dag.py:3096} INFO - Sync 1 DAGs
[2024-07-04T00:59:18.825+0000] {logging_mixin.py:188} INFO - [2024-07-04T00:59:18.824+0000] {dag.py:3954} INFO - Setting next_dagrun for example_display_name to None, run_after=None
[2024-07-04T00:59:18.881+0000] {processor.py:183} INFO - Processing /home/airflow/.local/lib/python3.12/site-packages/airflow/example_dags/example_display_name.py took 0.179 seconds
[2024-07-04T01:03:26.574+0000] {processor.py:161} INFO - Started process (PID=705) to work on /home/airflow/.local/lib/python3.12/site-packages/airflow/example_dags/example_display_name.py
[2024-07-04T01:03:26.580+0000] {processor.py:830} INFO - Processing file /home/airflow/.local/lib/python3.12/site-packages/airflow/example_dags/example_display_name.py for tasks to queue
[2024-07-04T01:03:26.583+0000] {logging_mixin.py:188} INFO - [2024-07-04T01:03:26.582+0000] {dagbag.py:545} INFO - Filling up the DagBag from /home/airflow/.local/lib/python3.12/site-packages/airflow/example_dags/example_display_name.py
[2024-07-04T01:03:26.606+0000] {processor.py:840} INFO - DAG(s) 'example_display_name' retrieved from /home/airflow/.local/lib/python3.12/site-packages/airflow/example_dags/example_display_name.py
[2024-07-04T01:03:26.680+0000] {logging_mixin.py:188} INFO - [2024-07-04T01:03:26.679+0000] {dag.py:3096} INFO - Sync 1 DAGs
[2024-07-04T01:03:26.720+0000] {logging_mixin.py:188} INFO - [2024-07-04T01:03:26.719+0000] {dag.py:3954} INFO - Setting next_dagrun for example_display_name to None, run_after=None
[2024-07-04T01:03:26.796+0000] {processor.py:183} INFO - Processing /home/airflow/.local/lib/python3.12/site-packages/airflow/example_dags/example_display_name.py took 0.255 seconds
