[2024-07-04T00:00:39.663+0000] {processor.py:161} INFO - Started process (PID=5022) to work on /home/airflow/.local/lib/python3.12/site-packages/airflow/example_dags/example_latest_only.py
[2024-07-04T00:00:39.669+0000] {processor.py:830} INFO - Processing file /home/airflow/.local/lib/python3.12/site-packages/airflow/example_dags/example_latest_only.py for tasks to queue
[2024-07-04T00:00:39.676+0000] {logging_mixin.py:188} INFO - [2024-07-04T00:00:39.672+0000] {dagbag.py:545} INFO - Filling up the DagBag from /home/airflow/.local/lib/python3.12/site-packages/airflow/example_dags/example_latest_only.py
[2024-07-04T00:00:39.890+0000] {processor.py:840} INFO - DAG(s) 'latest_only' retrieved from /home/airflow/.local/lib/python3.12/site-packages/airflow/example_dags/example_latest_only.py
[2024-07-04T00:00:40.388+0000] {logging_mixin.py:188} INFO - [2024-07-04T00:00:40.386+0000] {dag.py:3096} INFO - Sync 1 DAGs
[2024-07-04T00:00:40.454+0000] {logging_mixin.py:188} INFO - [2024-07-04T00:00:40.453+0000] {dag.py:3954} INFO - Setting next_dagrun for latest_only to 2024-07-03 20:00:00+00:00, run_after=2024-07-04 00:00:00+00:00
[2024-07-04T00:00:40.847+0000] {processor.py:183} INFO - Processing /home/airflow/.local/lib/python3.12/site-packages/airflow/example_dags/example_latest_only.py took 1.199 seconds
[2024-07-04T00:04:11.877+0000] {processor.py:161} INFO - Started process (PID=5076) to work on /home/airflow/.local/lib/python3.12/site-packages/airflow/example_dags/example_latest_only.py
[2024-07-04T00:04:11.881+0000] {processor.py:830} INFO - Processing file /home/airflow/.local/lib/python3.12/site-packages/airflow/example_dags/example_latest_only.py for tasks to queue
[2024-07-04T00:04:11.883+0000] {logging_mixin.py:188} INFO - [2024-07-04T00:04:11.882+0000] {dagbag.py:545} INFO - Filling up the DagBag from /home/airflow/.local/lib/python3.12/site-packages/airflow/example_dags/example_latest_only.py
[2024-07-04T00:04:11.908+0000] {processor.py:840} INFO - DAG(s) 'latest_only' retrieved from /home/airflow/.local/lib/python3.12/site-packages/airflow/example_dags/example_latest_only.py
[2024-07-04T00:04:11.984+0000] {logging_mixin.py:188} INFO - [2024-07-04T00:04:11.982+0000] {dag.py:3096} INFO - Sync 1 DAGs
[2024-07-04T00:04:12.056+0000] {logging_mixin.py:188} INFO - [2024-07-04T00:04:12.055+0000] {dag.py:3954} INFO - Setting next_dagrun for latest_only to 2024-07-03 20:00:00+00:00, run_after=2024-07-04 00:00:00+00:00
[2024-07-04T00:04:12.130+0000] {processor.py:183} INFO - Processing /home/airflow/.local/lib/python3.12/site-packages/airflow/example_dags/example_latest_only.py took 0.273 seconds
[2024-07-04T00:13:59.082+0000] {processor.py:161} INFO - Started process (PID=59) to work on /home/airflow/.local/lib/python3.12/site-packages/airflow/example_dags/example_latest_only.py
[2024-07-04T00:13:59.149+0000] {processor.py:830} INFO - Processing file /home/airflow/.local/lib/python3.12/site-packages/airflow/example_dags/example_latest_only.py for tasks to queue
[2024-07-04T00:13:59.298+0000] {logging_mixin.py:188} INFO - [2024-07-04T00:13:59.287+0000] {dagbag.py:545} INFO - Filling up the DagBag from /home/airflow/.local/lib/python3.12/site-packages/airflow/example_dags/example_latest_only.py
[2024-07-04T00:13:59.848+0000] {processor.py:840} INFO - DAG(s) 'latest_only' retrieved from /home/airflow/.local/lib/python3.12/site-packages/airflow/example_dags/example_latest_only.py
[2024-07-04T00:14:04.209+0000] {logging_mixin.py:188} INFO - [2024-07-04T00:14:04.208+0000] {dag.py:3096} INFO - Sync 1 DAGs
[2024-07-04T00:14:04.637+0000] {logging_mixin.py:188} INFO - [2024-07-04T00:14:04.636+0000] {dag.py:3954} INFO - Setting next_dagrun for latest_only to 2024-07-03 20:00:00+00:00, run_after=2024-07-04 00:00:00+00:00
[2024-07-04T00:14:04.816+0000] {processor.py:183} INFO - Processing /home/airflow/.local/lib/python3.12/site-packages/airflow/example_dags/example_latest_only.py took 5.920 seconds
[2024-07-04T00:15:10.661+0000] {processor.py:161} INFO - Started process (PID=131) to work on /home/airflow/.local/lib/python3.12/site-packages/airflow/example_dags/example_latest_only.py
[2024-07-04T00:15:10.664+0000] {processor.py:830} INFO - Processing file /home/airflow/.local/lib/python3.12/site-packages/airflow/example_dags/example_latest_only.py for tasks to queue
[2024-07-04T00:15:10.670+0000] {logging_mixin.py:188} INFO - [2024-07-04T00:15:10.669+0000] {dagbag.py:545} INFO - Filling up the DagBag from /home/airflow/.local/lib/python3.12/site-packages/airflow/example_dags/example_latest_only.py
[2024-07-04T00:15:10.685+0000] {processor.py:840} INFO - DAG(s) 'latest_only' retrieved from /home/airflow/.local/lib/python3.12/site-packages/airflow/example_dags/example_latest_only.py
[2024-07-04T00:15:10.738+0000] {logging_mixin.py:188} INFO - [2024-07-04T00:15:10.737+0000] {dag.py:3096} INFO - Sync 1 DAGs
[2024-07-04T00:15:10.806+0000] {logging_mixin.py:188} INFO - [2024-07-04T00:15:10.805+0000] {dag.py:3954} INFO - Setting next_dagrun for latest_only to 2024-07-03 20:00:00+00:00, run_after=2024-07-04 00:00:00+00:00
[2024-07-04T00:15:10.893+0000] {processor.py:183} INFO - Processing /home/airflow/.local/lib/python3.12/site-packages/airflow/example_dags/example_latest_only.py took 0.247 seconds
[2024-07-04T00:15:44.529+0000] {processor.py:161} INFO - Started process (PID=191) to work on /home/airflow/.local/lib/python3.12/site-packages/airflow/example_dags/example_latest_only.py
[2024-07-04T00:15:44.578+0000] {processor.py:830} INFO - Processing file /home/airflow/.local/lib/python3.12/site-packages/airflow/example_dags/example_latest_only.py for tasks to queue
[2024-07-04T00:15:44.586+0000] {logging_mixin.py:188} INFO - [2024-07-04T00:15:44.584+0000] {dagbag.py:545} INFO - Filling up the DagBag from /home/airflow/.local/lib/python3.12/site-packages/airflow/example_dags/example_latest_only.py
[2024-07-04T00:15:44.611+0000] {processor.py:840} INFO - DAG(s) 'latest_only' retrieved from /home/airflow/.local/lib/python3.12/site-packages/airflow/example_dags/example_latest_only.py
[2024-07-04T00:15:44.686+0000] {logging_mixin.py:188} INFO - [2024-07-04T00:15:44.685+0000] {dag.py:3096} INFO - Sync 1 DAGs
[2024-07-04T00:15:44.812+0000] {logging_mixin.py:188} INFO - [2024-07-04T00:15:44.811+0000] {dag.py:3954} INFO - Setting next_dagrun for latest_only to 2024-07-03 20:00:00+00:00, run_after=2024-07-04 00:00:00+00:00
[2024-07-04T00:15:44.962+0000] {processor.py:183} INFO - Processing /home/airflow/.local/lib/python3.12/site-packages/airflow/example_dags/example_latest_only.py took 0.451 seconds
[2024-07-04T00:16:22.098+0000] {processor.py:161} INFO - Started process (PID=249) to work on /home/airflow/.local/lib/python3.12/site-packages/airflow/example_dags/example_latest_only.py
[2024-07-04T00:16:22.102+0000] {processor.py:830} INFO - Processing file /home/airflow/.local/lib/python3.12/site-packages/airflow/example_dags/example_latest_only.py for tasks to queue
[2024-07-04T00:16:22.116+0000] {logging_mixin.py:188} INFO - [2024-07-04T00:16:22.109+0000] {dagbag.py:545} INFO - Filling up the DagBag from /home/airflow/.local/lib/python3.12/site-packages/airflow/example_dags/example_latest_only.py
[2024-07-04T00:16:22.146+0000] {processor.py:840} INFO - DAG(s) 'latest_only' retrieved from /home/airflow/.local/lib/python3.12/site-packages/airflow/example_dags/example_latest_only.py
[2024-07-04T00:16:22.321+0000] {logging_mixin.py:188} INFO - [2024-07-04T00:16:22.320+0000] {dag.py:3096} INFO - Sync 1 DAGs
[2024-07-04T00:16:22.388+0000] {logging_mixin.py:188} INFO - [2024-07-04T00:16:22.387+0000] {dag.py:3954} INFO - Setting next_dagrun for latest_only to 2024-07-03 20:00:00+00:00, run_after=2024-07-04 00:00:00+00:00
[2024-07-04T00:16:22.640+0000] {processor.py:183} INFO - Processing /home/airflow/.local/lib/python3.12/site-packages/airflow/example_dags/example_latest_only.py took 0.565 seconds
[2024-07-04T00:17:12.503+0000] {processor.py:161} INFO - Started process (PID=307) to work on /home/airflow/.local/lib/python3.12/site-packages/airflow/example_dags/example_latest_only.py
[2024-07-04T00:17:12.506+0000] {processor.py:830} INFO - Processing file /home/airflow/.local/lib/python3.12/site-packages/airflow/example_dags/example_latest_only.py for tasks to queue
[2024-07-04T00:17:12.510+0000] {logging_mixin.py:188} INFO - [2024-07-04T00:17:12.509+0000] {dagbag.py:545} INFO - Filling up the DagBag from /home/airflow/.local/lib/python3.12/site-packages/airflow/example_dags/example_latest_only.py
[2024-07-04T00:17:12.520+0000] {processor.py:840} INFO - DAG(s) 'latest_only' retrieved from /home/airflow/.local/lib/python3.12/site-packages/airflow/example_dags/example_latest_only.py
[2024-07-04T00:17:12.568+0000] {logging_mixin.py:188} INFO - [2024-07-04T00:17:12.567+0000] {dag.py:3096} INFO - Sync 1 DAGs
[2024-07-04T00:17:12.629+0000] {logging_mixin.py:188} INFO - [2024-07-04T00:17:12.628+0000] {dag.py:3954} INFO - Setting next_dagrun for latest_only to 2024-07-03 20:00:00+00:00, run_after=2024-07-04 00:00:00+00:00
[2024-07-04T00:17:12.715+0000] {processor.py:183} INFO - Processing /home/airflow/.local/lib/python3.12/site-packages/airflow/example_dags/example_latest_only.py took 0.222 seconds
[2024-07-04T00:17:57.357+0000] {processor.py:161} INFO - Started process (PID=359) to work on /home/airflow/.local/lib/python3.12/site-packages/airflow/example_dags/example_latest_only.py
[2024-07-04T00:17:57.435+0000] {processor.py:830} INFO - Processing file /home/airflow/.local/lib/python3.12/site-packages/airflow/example_dags/example_latest_only.py for tasks to queue
[2024-07-04T00:17:57.443+0000] {logging_mixin.py:188} INFO - [2024-07-04T00:17:57.442+0000] {dagbag.py:545} INFO - Filling up the DagBag from /home/airflow/.local/lib/python3.12/site-packages/airflow/example_dags/example_latest_only.py
[2024-07-04T00:17:57.455+0000] {processor.py:840} INFO - DAG(s) 'latest_only' retrieved from /home/airflow/.local/lib/python3.12/site-packages/airflow/example_dags/example_latest_only.py
[2024-07-04T00:17:57.500+0000] {logging_mixin.py:188} INFO - [2024-07-04T00:17:57.500+0000] {dag.py:3096} INFO - Sync 1 DAGs
[2024-07-04T00:17:57.557+0000] {logging_mixin.py:188} INFO - [2024-07-04T00:17:57.556+0000] {dag.py:3954} INFO - Setting next_dagrun for latest_only to 2024-07-03 20:00:00+00:00, run_after=2024-07-04 00:00:00+00:00
[2024-07-04T00:17:57.653+0000] {processor.py:183} INFO - Processing /home/airflow/.local/lib/python3.12/site-packages/airflow/example_dags/example_latest_only.py took 0.310 seconds
[2024-07-04T00:18:28.195+0000] {processor.py:161} INFO - Started process (PID=416) to work on /home/airflow/.local/lib/python3.12/site-packages/airflow/example_dags/example_latest_only.py
[2024-07-04T00:18:28.202+0000] {processor.py:830} INFO - Processing file /home/airflow/.local/lib/python3.12/site-packages/airflow/example_dags/example_latest_only.py for tasks to queue
[2024-07-04T00:18:28.207+0000] {logging_mixin.py:188} INFO - [2024-07-04T00:18:28.206+0000] {dagbag.py:545} INFO - Filling up the DagBag from /home/airflow/.local/lib/python3.12/site-packages/airflow/example_dags/example_latest_only.py
[2024-07-04T00:18:28.228+0000] {processor.py:840} INFO - DAG(s) 'latest_only' retrieved from /home/airflow/.local/lib/python3.12/site-packages/airflow/example_dags/example_latest_only.py
[2024-07-04T00:18:28.331+0000] {logging_mixin.py:188} INFO - [2024-07-04T00:18:28.330+0000] {dag.py:3096} INFO - Sync 1 DAGs
[2024-07-04T00:18:28.536+0000] {logging_mixin.py:188} INFO - [2024-07-04T00:18:28.535+0000] {dag.py:3954} INFO - Setting next_dagrun for latest_only to 2024-07-03 20:00:00+00:00, run_after=2024-07-04 00:00:00+00:00
[2024-07-04T00:18:28.611+0000] {processor.py:183} INFO - Processing /home/airflow/.local/lib/python3.12/site-packages/airflow/example_dags/example_latest_only.py took 0.441 seconds
[2024-07-04T00:19:05.062+0000] {processor.py:161} INFO - Started process (PID=472) to work on /home/airflow/.local/lib/python3.12/site-packages/airflow/example_dags/example_latest_only.py
[2024-07-04T00:19:05.125+0000] {processor.py:830} INFO - Processing file /home/airflow/.local/lib/python3.12/site-packages/airflow/example_dags/example_latest_only.py for tasks to queue
[2024-07-04T00:19:05.146+0000] {logging_mixin.py:188} INFO - [2024-07-04T00:19:05.144+0000] {dagbag.py:545} INFO - Filling up the DagBag from /home/airflow/.local/lib/python3.12/site-packages/airflow/example_dags/example_latest_only.py
[2024-07-04T00:19:05.174+0000] {processor.py:840} INFO - DAG(s) 'latest_only' retrieved from /home/airflow/.local/lib/python3.12/site-packages/airflow/example_dags/example_latest_only.py
[2024-07-04T00:19:05.323+0000] {logging_mixin.py:188} INFO - [2024-07-04T00:19:05.322+0000] {dag.py:3096} INFO - Sync 1 DAGs
[2024-07-04T00:19:05.436+0000] {logging_mixin.py:188} INFO - [2024-07-04T00:19:05.435+0000] {dag.py:3954} INFO - Setting next_dagrun for latest_only to 2024-07-03 20:00:00+00:00, run_after=2024-07-04 00:00:00+00:00
[2024-07-04T00:19:05.619+0000] {processor.py:183} INFO - Processing /home/airflow/.local/lib/python3.12/site-packages/airflow/example_dags/example_latest_only.py took 0.569 seconds
[2024-07-04T00:53:48.602+0000] {processor.py:161} INFO - Started process (PID=59) to work on /home/airflow/.local/lib/python3.12/site-packages/airflow/example_dags/example_latest_only.py
[2024-07-04T00:53:48.760+0000] {processor.py:830} INFO - Processing file /home/airflow/.local/lib/python3.12/site-packages/airflow/example_dags/example_latest_only.py for tasks to queue
[2024-07-04T00:53:48.943+0000] {logging_mixin.py:188} INFO - [2024-07-04T00:53:48.924+0000] {dagbag.py:545} INFO - Filling up the DagBag from /home/airflow/.local/lib/python3.12/site-packages/airflow/example_dags/example_latest_only.py
[2024-07-04T00:53:49.393+0000] {processor.py:840} INFO - DAG(s) 'latest_only' retrieved from /home/airflow/.local/lib/python3.12/site-packages/airflow/example_dags/example_latest_only.py
[2024-07-04T00:53:56.489+0000] {logging_mixin.py:188} INFO - [2024-07-04T00:53:56.487+0000] {dag.py:3096} INFO - Sync 1 DAGs
[2024-07-04T00:53:56.897+0000] {logging_mixin.py:188} INFO - [2024-07-04T00:53:56.896+0000] {dag.py:3954} INFO - Setting next_dagrun for latest_only to 2024-07-03 20:00:00+00:00, run_after=2024-07-04 00:00:00+00:00
[2024-07-04T00:53:57.146+0000] {processor.py:183} INFO - Processing /home/airflow/.local/lib/python3.12/site-packages/airflow/example_dags/example_latest_only.py took 9.104 seconds
[2024-07-04T00:54:58.399+0000] {processor.py:161} INFO - Started process (PID=125) to work on /home/airflow/.local/lib/python3.12/site-packages/airflow/example_dags/example_latest_only.py
[2024-07-04T00:54:58.402+0000] {processor.py:830} INFO - Processing file /home/airflow/.local/lib/python3.12/site-packages/airflow/example_dags/example_latest_only.py for tasks to queue
[2024-07-04T00:54:58.407+0000] {logging_mixin.py:188} INFO - [2024-07-04T00:54:58.406+0000] {dagbag.py:545} INFO - Filling up the DagBag from /home/airflow/.local/lib/python3.12/site-packages/airflow/example_dags/example_latest_only.py
[2024-07-04T00:54:58.420+0000] {processor.py:840} INFO - DAG(s) 'latest_only' retrieved from /home/airflow/.local/lib/python3.12/site-packages/airflow/example_dags/example_latest_only.py
[2024-07-04T00:54:58.477+0000] {logging_mixin.py:188} INFO - [2024-07-04T00:54:58.476+0000] {dag.py:3096} INFO - Sync 1 DAGs
[2024-07-04T00:54:58.544+0000] {logging_mixin.py:188} INFO - [2024-07-04T00:54:58.543+0000] {dag.py:3954} INFO - Setting next_dagrun for latest_only to 2024-07-03 20:00:00+00:00, run_after=2024-07-04 00:00:00+00:00
[2024-07-04T00:54:58.649+0000] {processor.py:183} INFO - Processing /home/airflow/.local/lib/python3.12/site-packages/airflow/example_dags/example_latest_only.py took 0.264 seconds
[2024-07-04T00:55:30.431+0000] {processor.py:161} INFO - Started process (PID=185) to work on /home/airflow/.local/lib/python3.12/site-packages/airflow/example_dags/example_latest_only.py
[2024-07-04T00:55:30.434+0000] {processor.py:830} INFO - Processing file /home/airflow/.local/lib/python3.12/site-packages/airflow/example_dags/example_latest_only.py for tasks to queue
[2024-07-04T00:55:30.441+0000] {logging_mixin.py:188} INFO - [2024-07-04T00:55:30.440+0000] {dagbag.py:545} INFO - Filling up the DagBag from /home/airflow/.local/lib/python3.12/site-packages/airflow/example_dags/example_latest_only.py
[2024-07-04T00:55:30.529+0000] {processor.py:840} INFO - DAG(s) 'latest_only' retrieved from /home/airflow/.local/lib/python3.12/site-packages/airflow/example_dags/example_latest_only.py
[2024-07-04T00:55:30.847+0000] {logging_mixin.py:188} INFO - [2024-07-04T00:55:30.847+0000] {dag.py:3096} INFO - Sync 1 DAGs
[2024-07-04T00:55:31.094+0000] {logging_mixin.py:188} INFO - [2024-07-04T00:55:31.093+0000] {dag.py:3954} INFO - Setting next_dagrun for latest_only to 2024-07-03 20:00:00+00:00, run_after=2024-07-04 00:00:00+00:00
[2024-07-04T00:55:31.213+0000] {processor.py:183} INFO - Processing /home/airflow/.local/lib/python3.12/site-packages/airflow/example_dags/example_latest_only.py took 0.800 seconds
[2024-07-04T00:56:02.898+0000] {processor.py:161} INFO - Started process (PID=245) to work on /home/airflow/.local/lib/python3.12/site-packages/airflow/example_dags/example_latest_only.py
[2024-07-04T00:56:02.900+0000] {processor.py:830} INFO - Processing file /home/airflow/.local/lib/python3.12/site-packages/airflow/example_dags/example_latest_only.py for tasks to queue
[2024-07-04T00:56:02.904+0000] {logging_mixin.py:188} INFO - [2024-07-04T00:56:02.904+0000] {dagbag.py:545} INFO - Filling up the DagBag from /home/airflow/.local/lib/python3.12/site-packages/airflow/example_dags/example_latest_only.py
[2024-07-04T00:56:02.913+0000] {processor.py:840} INFO - DAG(s) 'latest_only' retrieved from /home/airflow/.local/lib/python3.12/site-packages/airflow/example_dags/example_latest_only.py
[2024-07-04T00:56:02.954+0000] {logging_mixin.py:188} INFO - [2024-07-04T00:56:02.953+0000] {dag.py:3096} INFO - Sync 1 DAGs
[2024-07-04T00:56:02.995+0000] {logging_mixin.py:188} INFO - [2024-07-04T00:56:02.994+0000] {dag.py:3954} INFO - Setting next_dagrun for latest_only to 2024-07-03 20:00:00+00:00, run_after=2024-07-04 00:00:00+00:00
[2024-07-04T00:56:03.051+0000] {processor.py:183} INFO - Processing /home/airflow/.local/lib/python3.12/site-packages/airflow/example_dags/example_latest_only.py took 0.162 seconds
[2024-07-04T00:56:40.166+0000] {processor.py:161} INFO - Started process (PID=302) to work on /home/airflow/.local/lib/python3.12/site-packages/airflow/example_dags/example_latest_only.py
[2024-07-04T00:56:40.168+0000] {processor.py:830} INFO - Processing file /home/airflow/.local/lib/python3.12/site-packages/airflow/example_dags/example_latest_only.py for tasks to queue
[2024-07-04T00:56:40.174+0000] {logging_mixin.py:188} INFO - [2024-07-04T00:56:40.173+0000] {dagbag.py:545} INFO - Filling up the DagBag from /home/airflow/.local/lib/python3.12/site-packages/airflow/example_dags/example_latest_only.py
[2024-07-04T00:56:40.188+0000] {processor.py:840} INFO - DAG(s) 'latest_only' retrieved from /home/airflow/.local/lib/python3.12/site-packages/airflow/example_dags/example_latest_only.py
[2024-07-04T00:56:40.274+0000] {logging_mixin.py:188} INFO - [2024-07-04T00:56:40.273+0000] {dag.py:3096} INFO - Sync 1 DAGs
[2024-07-04T00:56:40.355+0000] {logging_mixin.py:188} INFO - [2024-07-04T00:56:40.355+0000] {dag.py:3954} INFO - Setting next_dagrun for latest_only to 2024-07-03 20:00:00+00:00, run_after=2024-07-04 00:00:00+00:00
[2024-07-04T00:56:40.405+0000] {processor.py:183} INFO - Processing /home/airflow/.local/lib/python3.12/site-packages/airflow/example_dags/example_latest_only.py took 0.256 seconds
[2024-07-04T00:57:10.646+0000] {processor.py:161} INFO - Started process (PID=354) to work on /home/airflow/.local/lib/python3.12/site-packages/airflow/example_dags/example_latest_only.py
[2024-07-04T00:57:10.655+0000] {processor.py:830} INFO - Processing file /home/airflow/.local/lib/python3.12/site-packages/airflow/example_dags/example_latest_only.py for tasks to queue
[2024-07-04T00:57:10.673+0000] {logging_mixin.py:188} INFO - [2024-07-04T00:57:10.672+0000] {dagbag.py:545} INFO - Filling up the DagBag from /home/airflow/.local/lib/python3.12/site-packages/airflow/example_dags/example_latest_only.py
[2024-07-04T00:57:10.686+0000] {processor.py:840} INFO - DAG(s) 'latest_only' retrieved from /home/airflow/.local/lib/python3.12/site-packages/airflow/example_dags/example_latest_only.py
[2024-07-04T00:57:10.944+0000] {logging_mixin.py:188} INFO - [2024-07-04T00:57:10.942+0000] {dag.py:3096} INFO - Sync 1 DAGs
[2024-07-04T00:57:11.313+0000] {logging_mixin.py:188} INFO - [2024-07-04T00:57:11.312+0000] {dag.py:3954} INFO - Setting next_dagrun for latest_only to 2024-07-03 20:00:00+00:00, run_after=2024-07-04 00:00:00+00:00
[2024-07-04T00:57:11.411+0000] {processor.py:183} INFO - Processing /home/airflow/.local/lib/python3.12/site-packages/airflow/example_dags/example_latest_only.py took 0.782 seconds
[2024-07-04T00:57:42.740+0000] {processor.py:161} INFO - Started process (PID=408) to work on /home/airflow/.local/lib/python3.12/site-packages/airflow/example_dags/example_latest_only.py
[2024-07-04T00:57:42.749+0000] {processor.py:830} INFO - Processing file /home/airflow/.local/lib/python3.12/site-packages/airflow/example_dags/example_latest_only.py for tasks to queue
[2024-07-04T00:57:42.759+0000] {logging_mixin.py:188} INFO - [2024-07-04T00:57:42.757+0000] {dagbag.py:545} INFO - Filling up the DagBag from /home/airflow/.local/lib/python3.12/site-packages/airflow/example_dags/example_latest_only.py
[2024-07-04T00:57:42.791+0000] {processor.py:840} INFO - DAG(s) 'latest_only' retrieved from /home/airflow/.local/lib/python3.12/site-packages/airflow/example_dags/example_latest_only.py
[2024-07-04T00:57:42.884+0000] {logging_mixin.py:188} INFO - [2024-07-04T00:57:42.883+0000] {dag.py:3096} INFO - Sync 1 DAGs
[2024-07-04T00:57:43.195+0000] {logging_mixin.py:188} INFO - [2024-07-04T00:57:43.195+0000] {dag.py:3954} INFO - Setting next_dagrun for latest_only to 2024-07-03 20:00:00+00:00, run_after=2024-07-04 00:00:00+00:00
[2024-07-04T00:57:43.378+0000] {processor.py:183} INFO - Processing /home/airflow/.local/lib/python3.12/site-packages/airflow/example_dags/example_latest_only.py took 0.661 seconds
[2024-07-04T00:58:15.271+0000] {processor.py:161} INFO - Started process (PID=469) to work on /home/airflow/.local/lib/python3.12/site-packages/airflow/example_dags/example_latest_only.py
[2024-07-04T00:58:15.297+0000] {processor.py:830} INFO - Processing file /home/airflow/.local/lib/python3.12/site-packages/airflow/example_dags/example_latest_only.py for tasks to queue
[2024-07-04T00:58:15.302+0000] {logging_mixin.py:188} INFO - [2024-07-04T00:58:15.301+0000] {dagbag.py:545} INFO - Filling up the DagBag from /home/airflow/.local/lib/python3.12/site-packages/airflow/example_dags/example_latest_only.py
[2024-07-04T00:58:15.317+0000] {processor.py:840} INFO - DAG(s) 'latest_only' retrieved from /home/airflow/.local/lib/python3.12/site-packages/airflow/example_dags/example_latest_only.py
[2024-07-04T00:58:15.369+0000] {logging_mixin.py:188} INFO - [2024-07-04T00:58:15.368+0000] {dag.py:3096} INFO - Sync 1 DAGs
[2024-07-04T00:58:15.423+0000] {logging_mixin.py:188} INFO - [2024-07-04T00:58:15.423+0000] {dag.py:3954} INFO - Setting next_dagrun for latest_only to 2024-07-03 20:00:00+00:00, run_after=2024-07-04 00:00:00+00:00
[2024-07-04T00:58:15.605+0000] {processor.py:183} INFO - Processing /home/airflow/.local/lib/python3.12/site-packages/airflow/example_dags/example_latest_only.py took 0.349 seconds
[2024-07-04T00:58:57.276+0000] {processor.py:161} INFO - Started process (PID=500) to work on /home/airflow/.local/lib/python3.12/site-packages/airflow/example_dags/example_latest_only.py
[2024-07-04T00:58:57.280+0000] {processor.py:830} INFO - Processing file /home/airflow/.local/lib/python3.12/site-packages/airflow/example_dags/example_latest_only.py for tasks to queue
[2024-07-04T00:58:57.296+0000] {logging_mixin.py:188} INFO - [2024-07-04T00:58:57.295+0000] {dagbag.py:545} INFO - Filling up the DagBag from /home/airflow/.local/lib/python3.12/site-packages/airflow/example_dags/example_latest_only.py
[2024-07-04T00:58:57.329+0000] {processor.py:840} INFO - DAG(s) 'latest_only' retrieved from /home/airflow/.local/lib/python3.12/site-packages/airflow/example_dags/example_latest_only.py
[2024-07-04T00:58:57.469+0000] {logging_mixin.py:188} INFO - [2024-07-04T00:58:57.467+0000] {dag.py:3096} INFO - Sync 1 DAGs
[2024-07-04T00:58:57.720+0000] {logging_mixin.py:188} INFO - [2024-07-04T00:58:57.720+0000] {dag.py:3954} INFO - Setting next_dagrun for latest_only to 2024-07-03 20:00:00+00:00, run_after=2024-07-04 00:00:00+00:00
[2024-07-04T00:58:57.843+0000] {processor.py:183} INFO - Processing /home/airflow/.local/lib/python3.12/site-packages/airflow/example_dags/example_latest_only.py took 0.609 seconds
[2024-07-04T00:59:36.037+0000] {processor.py:161} INFO - Started process (PID=558) to work on /home/airflow/.local/lib/python3.12/site-packages/airflow/example_dags/example_latest_only.py
[2024-07-04T00:59:36.127+0000] {processor.py:830} INFO - Processing file /home/airflow/.local/lib/python3.12/site-packages/airflow/example_dags/example_latest_only.py for tasks to queue
[2024-07-04T00:59:36.137+0000] {logging_mixin.py:188} INFO - [2024-07-04T00:59:36.136+0000] {dagbag.py:545} INFO - Filling up the DagBag from /home/airflow/.local/lib/python3.12/site-packages/airflow/example_dags/example_latest_only.py
[2024-07-04T00:59:36.149+0000] {processor.py:840} INFO - DAG(s) 'latest_only' retrieved from /home/airflow/.local/lib/python3.12/site-packages/airflow/example_dags/example_latest_only.py
[2024-07-04T00:59:36.189+0000] {logging_mixin.py:188} INFO - [2024-07-04T00:59:36.189+0000] {dag.py:3096} INFO - Sync 1 DAGs
[2024-07-04T00:59:36.235+0000] {logging_mixin.py:188} INFO - [2024-07-04T00:59:36.234+0000] {dag.py:3954} INFO - Setting next_dagrun for latest_only to 2024-07-03 20:00:00+00:00, run_after=2024-07-04 00:00:00+00:00
[2024-07-04T00:59:36.867+0000] {processor.py:183} INFO - Processing /home/airflow/.local/lib/python3.12/site-packages/airflow/example_dags/example_latest_only.py took 0.862 seconds
[2024-07-04T01:03:25.700+0000] {processor.py:161} INFO - Started process (PID=702) to work on /home/airflow/.local/lib/python3.12/site-packages/airflow/example_dags/example_latest_only.py
[2024-07-04T01:03:25.714+0000] {processor.py:830} INFO - Processing file /home/airflow/.local/lib/python3.12/site-packages/airflow/example_dags/example_latest_only.py for tasks to queue
[2024-07-04T01:03:25.733+0000] {logging_mixin.py:188} INFO - [2024-07-04T01:03:25.730+0000] {dagbag.py:545} INFO - Filling up the DagBag from /home/airflow/.local/lib/python3.12/site-packages/airflow/example_dags/example_latest_only.py
[2024-07-04T01:03:25.848+0000] {processor.py:840} INFO - DAG(s) 'latest_only' retrieved from /home/airflow/.local/lib/python3.12/site-packages/airflow/example_dags/example_latest_only.py
[2024-07-04T01:03:25.989+0000] {logging_mixin.py:188} INFO - [2024-07-04T01:03:25.987+0000] {dag.py:3096} INFO - Sync 1 DAGs
[2024-07-04T01:03:26.100+0000] {logging_mixin.py:188} INFO - [2024-07-04T01:03:26.099+0000] {dag.py:3954} INFO - Setting next_dagrun for latest_only to 2024-07-03 20:00:00+00:00, run_after=2024-07-04 00:00:00+00:00
[2024-07-04T01:03:26.233+0000] {processor.py:183} INFO - Processing /home/airflow/.local/lib/python3.12/site-packages/airflow/example_dags/example_latest_only.py took 0.572 seconds
