[2024-07-04T00:00:47.785+0000] {processor.py:161} INFO - Started process (PID=5036) to work on /home/airflow/.local/lib/python3.12/site-packages/airflow/example_dags/example_datasets.py
[2024-07-04T00:00:47.790+0000] {processor.py:830} INFO - Processing file /home/airflow/.local/lib/python3.12/site-packages/airflow/example_dags/example_datasets.py for tasks to queue
[2024-07-04T00:00:47.794+0000] {logging_mixin.py:188} INFO - [2024-07-04T00:00:47.793+0000] {dagbag.py:545} INFO - Filling up the DagBag from /home/airflow/.local/lib/python3.12/site-packages/airflow/example_dags/example_datasets.py
[2024-07-04T00:00:47.877+0000] {processor.py:840} INFO - DAG(s) 'dataset_consumes_1', 'dataset_consumes_1_and_2', 'consume_1_or_both_2_and_3_with_dataset_expressions', 'dataset_produces_2', 'dataset_consumes_1_never_scheduled', 'dataset_produces_1', 'dataset_consumes_unknown_never_scheduled', 'consume_1_or_2_with_dataset_expressions', 'consume_1_and_2_with_dataset_expressions', 'conditional_dataset_and_time_based_timetable' retrieved from /home/airflow/.local/lib/python3.12/site-packages/airflow/example_dags/example_datasets.py
[2024-07-04T00:00:48.000+0000] {logging_mixin.py:188} INFO - [2024-07-04T00:00:48.000+0000] {dag.py:3096} INFO - Sync 10 DAGs
[2024-07-04T00:00:48.073+0000] {logging_mixin.py:188} INFO - [2024-07-04T00:00:48.072+0000] {dag.py:3954} INFO - Setting next_dagrun for conditional_dataset_and_time_based_timetable to 2024-07-03 01:00:00+00:00, run_after=2024-07-03 01:00:00+00:00
[2024-07-04T00:00:48.080+0000] {logging_mixin.py:188} INFO - [2024-07-04T00:00:48.079+0000] {dag.py:3954} INFO - Setting next_dagrun for consume_1_and_2_with_dataset_expressions to None, run_after=None
[2024-07-04T00:00:48.091+0000] {logging_mixin.py:188} INFO - [2024-07-04T00:00:48.091+0000] {dag.py:3954} INFO - Setting next_dagrun for consume_1_or_2_with_dataset_expressions to None, run_after=None
[2024-07-04T00:00:48.096+0000] {logging_mixin.py:188} INFO - [2024-07-04T00:00:48.095+0000] {dag.py:3954} INFO - Setting next_dagrun for consume_1_or_both_2_and_3_with_dataset_expressions to None, run_after=None
[2024-07-04T00:00:48.103+0000] {logging_mixin.py:188} INFO - [2024-07-04T00:00:48.102+0000] {dag.py:3954} INFO - Setting next_dagrun for dataset_consumes_1 to None, run_after=None
[2024-07-04T00:00:48.108+0000] {logging_mixin.py:188} INFO - [2024-07-04T00:00:48.107+0000] {dag.py:3954} INFO - Setting next_dagrun for dataset_consumes_1_and_2 to None, run_after=None
[2024-07-04T00:00:48.114+0000] {logging_mixin.py:188} INFO - [2024-07-04T00:00:48.113+0000] {dag.py:3954} INFO - Setting next_dagrun for dataset_consumes_1_never_scheduled to None, run_after=None
[2024-07-04T00:00:48.117+0000] {logging_mixin.py:188} INFO - [2024-07-04T00:00:48.117+0000] {dag.py:3954} INFO - Setting next_dagrun for dataset_consumes_unknown_never_scheduled to None, run_after=None
[2024-07-04T00:00:48.125+0000] {logging_mixin.py:188} INFO - [2024-07-04T00:00:48.123+0000] {dag.py:3954} INFO - Setting next_dagrun for dataset_produces_1 to 2024-07-03 00:00:00+00:00, run_after=2024-07-04 00:00:00+00:00
[2024-07-04T00:00:48.131+0000] {logging_mixin.py:188} INFO - [2024-07-04T00:00:48.130+0000] {dag.py:3954} INFO - Setting next_dagrun for dataset_produces_2 to None, run_after=None
[2024-07-04T00:00:48.505+0000] {processor.py:183} INFO - Processing /home/airflow/.local/lib/python3.12/site-packages/airflow/example_dags/example_datasets.py took 0.735 seconds
[2024-07-04T00:04:16.158+0000] {processor.py:161} INFO - Started process (PID=5095) to work on /home/airflow/.local/lib/python3.12/site-packages/airflow/example_dags/example_datasets.py
[2024-07-04T00:04:16.162+0000] {processor.py:830} INFO - Processing file /home/airflow/.local/lib/python3.12/site-packages/airflow/example_dags/example_datasets.py for tasks to queue
[2024-07-04T00:04:16.170+0000] {logging_mixin.py:188} INFO - [2024-07-04T00:04:16.168+0000] {dagbag.py:545} INFO - Filling up the DagBag from /home/airflow/.local/lib/python3.12/site-packages/airflow/example_dags/example_datasets.py
[2024-07-04T00:04:16.281+0000] {processor.py:840} INFO - DAG(s) 'dataset_consumes_1_never_scheduled', 'consume_1_or_both_2_and_3_with_dataset_expressions', 'dataset_consumes_1', 'dataset_produces_1', 'consume_1_or_2_with_dataset_expressions', 'consume_1_and_2_with_dataset_expressions', 'dataset_produces_2', 'conditional_dataset_and_time_based_timetable', 'dataset_consumes_unknown_never_scheduled', 'dataset_consumes_1_and_2' retrieved from /home/airflow/.local/lib/python3.12/site-packages/airflow/example_dags/example_datasets.py
[2024-07-04T00:04:16.526+0000] {logging_mixin.py:188} INFO - [2024-07-04T00:04:16.525+0000] {dag.py:3096} INFO - Sync 10 DAGs
[2024-07-04T00:04:16.633+0000] {logging_mixin.py:188} INFO - [2024-07-04T00:04:16.633+0000] {dag.py:3954} INFO - Setting next_dagrun for conditional_dataset_and_time_based_timetable to 2024-07-03 01:00:00+00:00, run_after=2024-07-03 01:00:00+00:00
[2024-07-04T00:04:16.645+0000] {logging_mixin.py:188} INFO - [2024-07-04T00:04:16.644+0000] {dag.py:3954} INFO - Setting next_dagrun for consume_1_and_2_with_dataset_expressions to None, run_after=None
[2024-07-04T00:04:16.652+0000] {logging_mixin.py:188} INFO - [2024-07-04T00:04:16.652+0000] {dag.py:3954} INFO - Setting next_dagrun for consume_1_or_2_with_dataset_expressions to None, run_after=None
[2024-07-04T00:04:16.664+0000] {logging_mixin.py:188} INFO - [2024-07-04T00:04:16.663+0000] {dag.py:3954} INFO - Setting next_dagrun for consume_1_or_both_2_and_3_with_dataset_expressions to None, run_after=None
[2024-07-04T00:04:16.677+0000] {logging_mixin.py:188} INFO - [2024-07-04T00:04:16.673+0000] {dag.py:3954} INFO - Setting next_dagrun for dataset_consumes_1 to None, run_after=None
[2024-07-04T00:04:16.701+0000] {logging_mixin.py:188} INFO - [2024-07-04T00:04:16.700+0000] {dag.py:3954} INFO - Setting next_dagrun for dataset_consumes_1_and_2 to None, run_after=None
[2024-07-04T00:04:16.717+0000] {logging_mixin.py:188} INFO - [2024-07-04T00:04:16.716+0000] {dag.py:3954} INFO - Setting next_dagrun for dataset_consumes_1_never_scheduled to None, run_after=None
[2024-07-04T00:04:16.733+0000] {logging_mixin.py:188} INFO - [2024-07-04T00:04:16.732+0000] {dag.py:3954} INFO - Setting next_dagrun for dataset_consumes_unknown_never_scheduled to None, run_after=None
[2024-07-04T00:04:16.747+0000] {logging_mixin.py:188} INFO - [2024-07-04T00:04:16.746+0000] {dag.py:3954} INFO - Setting next_dagrun for dataset_produces_1 to 2024-07-03 00:00:00+00:00, run_after=2024-07-04 00:00:00+00:00
[2024-07-04T00:04:16.757+0000] {logging_mixin.py:188} INFO - [2024-07-04T00:04:16.756+0000] {dag.py:3954} INFO - Setting next_dagrun for dataset_produces_2 to None, run_after=None
[2024-07-04T00:04:17.002+0000] {processor.py:183} INFO - Processing /home/airflow/.local/lib/python3.12/site-packages/airflow/example_dags/example_datasets.py took 0.858 seconds
[2024-07-04T00:14:47.867+0000] {processor.py:161} INFO - Started process (PID=92) to work on /home/airflow/.local/lib/python3.12/site-packages/airflow/example_dags/example_datasets.py
[2024-07-04T00:14:47.871+0000] {processor.py:830} INFO - Processing file /home/airflow/.local/lib/python3.12/site-packages/airflow/example_dags/example_datasets.py for tasks to queue
[2024-07-04T00:14:47.885+0000] {logging_mixin.py:188} INFO - [2024-07-04T00:14:47.884+0000] {dagbag.py:545} INFO - Filling up the DagBag from /home/airflow/.local/lib/python3.12/site-packages/airflow/example_dags/example_datasets.py
[2024-07-04T00:14:48.023+0000] {processor.py:840} INFO - DAG(s) 'dataset_consumes_1_never_scheduled', 'dataset_produces_1', 'consume_1_and_2_with_dataset_expressions', 'dataset_consumes_1_and_2', 'consume_1_or_2_with_dataset_expressions', 'consume_1_or_both_2_and_3_with_dataset_expressions', 'dataset_produces_2', 'conditional_dataset_and_time_based_timetable', 'dataset_consumes_1', 'dataset_consumes_unknown_never_scheduled' retrieved from /home/airflow/.local/lib/python3.12/site-packages/airflow/example_dags/example_datasets.py
[2024-07-04T00:14:50.369+0000] {logging_mixin.py:188} INFO - [2024-07-04T00:14:50.368+0000] {dag.py:3096} INFO - Sync 10 DAGs
[2024-07-04T00:14:50.573+0000] {logging_mixin.py:188} INFO - [2024-07-04T00:14:50.572+0000] {dag.py:3954} INFO - Setting next_dagrun for conditional_dataset_and_time_based_timetable to 2024-07-03 01:00:00+00:00, run_after=2024-07-03 01:00:00+00:00
[2024-07-04T00:14:50.604+0000] {logging_mixin.py:188} INFO - [2024-07-04T00:14:50.603+0000] {dag.py:3954} INFO - Setting next_dagrun for consume_1_and_2_with_dataset_expressions to None, run_after=None
[2024-07-04T00:14:50.609+0000] {logging_mixin.py:188} INFO - [2024-07-04T00:14:50.609+0000] {dag.py:3954} INFO - Setting next_dagrun for consume_1_or_2_with_dataset_expressions to None, run_after=None
[2024-07-04T00:14:50.614+0000] {logging_mixin.py:188} INFO - [2024-07-04T00:14:50.614+0000] {dag.py:3954} INFO - Setting next_dagrun for consume_1_or_both_2_and_3_with_dataset_expressions to None, run_after=None
[2024-07-04T00:14:50.623+0000] {logging_mixin.py:188} INFO - [2024-07-04T00:14:50.621+0000] {dag.py:3954} INFO - Setting next_dagrun for dataset_consumes_1 to None, run_after=None
[2024-07-04T00:14:50.632+0000] {logging_mixin.py:188} INFO - [2024-07-04T00:14:50.631+0000] {dag.py:3954} INFO - Setting next_dagrun for dataset_consumes_1_and_2 to None, run_after=None
[2024-07-04T00:14:50.637+0000] {logging_mixin.py:188} INFO - [2024-07-04T00:14:50.636+0000] {dag.py:3954} INFO - Setting next_dagrun for dataset_consumes_1_never_scheduled to None, run_after=None
[2024-07-04T00:14:50.649+0000] {logging_mixin.py:188} INFO - [2024-07-04T00:14:50.646+0000] {dag.py:3954} INFO - Setting next_dagrun for dataset_consumes_unknown_never_scheduled to None, run_after=None
[2024-07-04T00:14:50.670+0000] {logging_mixin.py:188} INFO - [2024-07-04T00:14:50.669+0000] {dag.py:3954} INFO - Setting next_dagrun for dataset_produces_1 to 2024-07-03 00:00:00+00:00, run_after=2024-07-04 00:00:00+00:00
[2024-07-04T00:14:50.686+0000] {logging_mixin.py:188} INFO - [2024-07-04T00:14:50.680+0000] {dag.py:3954} INFO - Setting next_dagrun for dataset_produces_2 to None, run_after=None
[2024-07-04T00:14:51.132+0000] {processor.py:183} INFO - Processing /home/airflow/.local/lib/python3.12/site-packages/airflow/example_dags/example_datasets.py took 3.302 seconds
[2024-07-04T00:15:22.539+0000] {processor.py:161} INFO - Started process (PID=152) to work on /home/airflow/.local/lib/python3.12/site-packages/airflow/example_dags/example_datasets.py
[2024-07-04T00:15:22.545+0000] {processor.py:830} INFO - Processing file /home/airflow/.local/lib/python3.12/site-packages/airflow/example_dags/example_datasets.py for tasks to queue
[2024-07-04T00:15:22.557+0000] {logging_mixin.py:188} INFO - [2024-07-04T00:15:22.556+0000] {dagbag.py:545} INFO - Filling up the DagBag from /home/airflow/.local/lib/python3.12/site-packages/airflow/example_dags/example_datasets.py
[2024-07-04T00:15:22.658+0000] {processor.py:840} INFO - DAG(s) 'dataset_consumes_unknown_never_scheduled', 'consume_1_or_2_with_dataset_expressions', 'dataset_consumes_1', 'consume_1_or_both_2_and_3_with_dataset_expressions', 'consume_1_and_2_with_dataset_expressions', 'dataset_produces_1', 'dataset_produces_2', 'conditional_dataset_and_time_based_timetable', 'dataset_consumes_1_never_scheduled', 'dataset_consumes_1_and_2' retrieved from /home/airflow/.local/lib/python3.12/site-packages/airflow/example_dags/example_datasets.py
[2024-07-04T00:15:22.933+0000] {logging_mixin.py:188} INFO - [2024-07-04T00:15:22.932+0000] {dag.py:3096} INFO - Sync 10 DAGs
[2024-07-04T00:15:23.386+0000] {logging_mixin.py:188} INFO - [2024-07-04T00:15:23.385+0000] {dag.py:3954} INFO - Setting next_dagrun for conditional_dataset_and_time_based_timetable to 2024-07-03 01:00:00+00:00, run_after=2024-07-03 01:00:00+00:00
[2024-07-04T00:15:23.422+0000] {logging_mixin.py:188} INFO - [2024-07-04T00:15:23.420+0000] {dag.py:3954} INFO - Setting next_dagrun for consume_1_and_2_with_dataset_expressions to None, run_after=None
[2024-07-04T00:15:23.432+0000] {logging_mixin.py:188} INFO - [2024-07-04T00:15:23.431+0000] {dag.py:3954} INFO - Setting next_dagrun for consume_1_or_2_with_dataset_expressions to None, run_after=None
[2024-07-04T00:15:23.443+0000] {logging_mixin.py:188} INFO - [2024-07-04T00:15:23.441+0000] {dag.py:3954} INFO - Setting next_dagrun for consume_1_or_both_2_and_3_with_dataset_expressions to None, run_after=None
[2024-07-04T00:15:23.449+0000] {logging_mixin.py:188} INFO - [2024-07-04T00:15:23.448+0000] {dag.py:3954} INFO - Setting next_dagrun for dataset_consumes_1 to None, run_after=None
[2024-07-04T00:15:23.466+0000] {logging_mixin.py:188} INFO - [2024-07-04T00:15:23.465+0000] {dag.py:3954} INFO - Setting next_dagrun for dataset_consumes_1_and_2 to None, run_after=None
[2024-07-04T00:15:23.483+0000] {logging_mixin.py:188} INFO - [2024-07-04T00:15:23.480+0000] {dag.py:3954} INFO - Setting next_dagrun for dataset_consumes_1_never_scheduled to None, run_after=None
[2024-07-04T00:15:23.499+0000] {logging_mixin.py:188} INFO - [2024-07-04T00:15:23.499+0000] {dag.py:3954} INFO - Setting next_dagrun for dataset_consumes_unknown_never_scheduled to None, run_after=None
[2024-07-04T00:15:23.528+0000] {logging_mixin.py:188} INFO - [2024-07-04T00:15:23.527+0000] {dag.py:3954} INFO - Setting next_dagrun for dataset_produces_1 to 2024-07-03 00:00:00+00:00, run_after=2024-07-04 00:00:00+00:00
[2024-07-04T00:15:23.535+0000] {logging_mixin.py:188} INFO - [2024-07-04T00:15:23.534+0000] {dag.py:3954} INFO - Setting next_dagrun for dataset_produces_2 to None, run_after=None
[2024-07-04T00:15:23.734+0000] {processor.py:183} INFO - Processing /home/airflow/.local/lib/python3.12/site-packages/airflow/example_dags/example_datasets.py took 1.298 seconds
[2024-07-04T00:15:55.130+0000] {processor.py:161} INFO - Started process (PID=213) to work on /home/airflow/.local/lib/python3.12/site-packages/airflow/example_dags/example_datasets.py
[2024-07-04T00:15:55.133+0000] {processor.py:830} INFO - Processing file /home/airflow/.local/lib/python3.12/site-packages/airflow/example_dags/example_datasets.py for tasks to queue
[2024-07-04T00:15:55.141+0000] {logging_mixin.py:188} INFO - [2024-07-04T00:15:55.139+0000] {dagbag.py:545} INFO - Filling up the DagBag from /home/airflow/.local/lib/python3.12/site-packages/airflow/example_dags/example_datasets.py
[2024-07-04T00:15:55.474+0000] {processor.py:840} INFO - DAG(s) 'dataset_produces_2', 'dataset_consumes_1_never_scheduled', 'consume_1_and_2_with_dataset_expressions', 'dataset_consumes_1', 'conditional_dataset_and_time_based_timetable', 'dataset_consumes_1_and_2', 'dataset_consumes_unknown_never_scheduled', 'consume_1_or_2_with_dataset_expressions', 'dataset_produces_1', 'consume_1_or_both_2_and_3_with_dataset_expressions' retrieved from /home/airflow/.local/lib/python3.12/site-packages/airflow/example_dags/example_datasets.py
[2024-07-04T00:15:55.930+0000] {logging_mixin.py:188} INFO - [2024-07-04T00:15:55.929+0000] {dag.py:3096} INFO - Sync 10 DAGs
[2024-07-04T00:15:56.028+0000] {logging_mixin.py:188} INFO - [2024-07-04T00:15:56.026+0000] {dag.py:3954} INFO - Setting next_dagrun for conditional_dataset_and_time_based_timetable to 2024-07-03 01:00:00+00:00, run_after=2024-07-03 01:00:00+00:00
[2024-07-04T00:15:56.062+0000] {logging_mixin.py:188} INFO - [2024-07-04T00:15:56.061+0000] {dag.py:3954} INFO - Setting next_dagrun for consume_1_and_2_with_dataset_expressions to None, run_after=None
[2024-07-04T00:15:56.069+0000] {logging_mixin.py:188} INFO - [2024-07-04T00:15:56.069+0000] {dag.py:3954} INFO - Setting next_dagrun for consume_1_or_2_with_dataset_expressions to None, run_after=None
[2024-07-04T00:15:56.075+0000] {logging_mixin.py:188} INFO - [2024-07-04T00:15:56.075+0000] {dag.py:3954} INFO - Setting next_dagrun for consume_1_or_both_2_and_3_with_dataset_expressions to None, run_after=None
[2024-07-04T00:15:56.081+0000] {logging_mixin.py:188} INFO - [2024-07-04T00:15:56.080+0000] {dag.py:3954} INFO - Setting next_dagrun for dataset_consumes_1 to None, run_after=None
[2024-07-04T00:15:56.098+0000] {logging_mixin.py:188} INFO - [2024-07-04T00:15:56.097+0000] {dag.py:3954} INFO - Setting next_dagrun for dataset_consumes_1_and_2 to None, run_after=None
[2024-07-04T00:15:56.105+0000] {logging_mixin.py:188} INFO - [2024-07-04T00:15:56.104+0000] {dag.py:3954} INFO - Setting next_dagrun for dataset_consumes_1_never_scheduled to None, run_after=None
[2024-07-04T00:15:56.117+0000] {logging_mixin.py:188} INFO - [2024-07-04T00:15:56.117+0000] {dag.py:3954} INFO - Setting next_dagrun for dataset_consumes_unknown_never_scheduled to None, run_after=None
[2024-07-04T00:15:56.126+0000] {logging_mixin.py:188} INFO - [2024-07-04T00:15:56.126+0000] {dag.py:3954} INFO - Setting next_dagrun for dataset_produces_1 to 2024-07-03 00:00:00+00:00, run_after=2024-07-04 00:00:00+00:00
[2024-07-04T00:15:56.132+0000] {logging_mixin.py:188} INFO - [2024-07-04T00:15:56.131+0000] {dag.py:3954} INFO - Setting next_dagrun for dataset_produces_2 to None, run_after=None
[2024-07-04T00:15:56.306+0000] {processor.py:183} INFO - Processing /home/airflow/.local/lib/python3.12/site-packages/airflow/example_dags/example_datasets.py took 1.196 seconds
[2024-07-04T00:16:58.937+0000] {processor.py:161} INFO - Started process (PID=278) to work on /home/airflow/.local/lib/python3.12/site-packages/airflow/example_dags/example_datasets.py
[2024-07-04T00:16:58.942+0000] {processor.py:830} INFO - Processing file /home/airflow/.local/lib/python3.12/site-packages/airflow/example_dags/example_datasets.py for tasks to queue
[2024-07-04T00:16:58.947+0000] {logging_mixin.py:188} INFO - [2024-07-04T00:16:58.946+0000] {dagbag.py:545} INFO - Filling up the DagBag from /home/airflow/.local/lib/python3.12/site-packages/airflow/example_dags/example_datasets.py
[2024-07-04T00:16:59.027+0000] {processor.py:840} INFO - DAG(s) 'dataset_consumes_1_and_2', 'consume_1_or_both_2_and_3_with_dataset_expressions', 'dataset_consumes_1', 'dataset_produces_2', 'dataset_produces_1', 'consume_1_and_2_with_dataset_expressions', 'conditional_dataset_and_time_based_timetable', 'dataset_consumes_1_never_scheduled', 'consume_1_or_2_with_dataset_expressions', 'dataset_consumes_unknown_never_scheduled' retrieved from /home/airflow/.local/lib/python3.12/site-packages/airflow/example_dags/example_datasets.py
[2024-07-04T00:16:59.327+0000] {logging_mixin.py:188} INFO - [2024-07-04T00:16:59.325+0000] {dag.py:3096} INFO - Sync 10 DAGs
[2024-07-04T00:16:59.486+0000] {logging_mixin.py:188} INFO - [2024-07-04T00:16:59.485+0000] {dag.py:3954} INFO - Setting next_dagrun for conditional_dataset_and_time_based_timetable to 2024-07-03 01:00:00+00:00, run_after=2024-07-03 01:00:00+00:00
[2024-07-04T00:16:59.518+0000] {logging_mixin.py:188} INFO - [2024-07-04T00:16:59.517+0000] {dag.py:3954} INFO - Setting next_dagrun for consume_1_and_2_with_dataset_expressions to None, run_after=None
[2024-07-04T00:16:59.529+0000] {logging_mixin.py:188} INFO - [2024-07-04T00:16:59.527+0000] {dag.py:3954} INFO - Setting next_dagrun for consume_1_or_2_with_dataset_expressions to None, run_after=None
[2024-07-04T00:16:59.539+0000] {logging_mixin.py:188} INFO - [2024-07-04T00:16:59.538+0000] {dag.py:3954} INFO - Setting next_dagrun for consume_1_or_both_2_and_3_with_dataset_expressions to None, run_after=None
[2024-07-04T00:16:59.547+0000] {logging_mixin.py:188} INFO - [2024-07-04T00:16:59.545+0000] {dag.py:3954} INFO - Setting next_dagrun for dataset_consumes_1 to None, run_after=None
[2024-07-04T00:16:59.555+0000] {logging_mixin.py:188} INFO - [2024-07-04T00:16:59.555+0000] {dag.py:3954} INFO - Setting next_dagrun for dataset_consumes_1_and_2 to None, run_after=None
[2024-07-04T00:16:59.572+0000] {logging_mixin.py:188} INFO - [2024-07-04T00:16:59.571+0000] {dag.py:3954} INFO - Setting next_dagrun for dataset_consumes_1_never_scheduled to None, run_after=None
[2024-07-04T00:16:59.594+0000] {logging_mixin.py:188} INFO - [2024-07-04T00:16:59.593+0000] {dag.py:3954} INFO - Setting next_dagrun for dataset_consumes_unknown_never_scheduled to None, run_after=None
[2024-07-04T00:16:59.615+0000] {logging_mixin.py:188} INFO - [2024-07-04T00:16:59.614+0000] {dag.py:3954} INFO - Setting next_dagrun for dataset_produces_1 to 2024-07-03 00:00:00+00:00, run_after=2024-07-04 00:00:00+00:00
[2024-07-04T00:16:59.632+0000] {logging_mixin.py:188} INFO - [2024-07-04T00:16:59.631+0000] {dag.py:3954} INFO - Setting next_dagrun for dataset_produces_2 to None, run_after=None
[2024-07-04T00:16:59.861+0000] {processor.py:183} INFO - Processing /home/airflow/.local/lib/python3.12/site-packages/airflow/example_dags/example_datasets.py took 0.944 seconds
[2024-07-04T00:17:35.449+0000] {processor.py:161} INFO - Started process (PID=337) to work on /home/airflow/.local/lib/python3.12/site-packages/airflow/example_dags/example_datasets.py
[2024-07-04T00:17:35.457+0000] {processor.py:830} INFO - Processing file /home/airflow/.local/lib/python3.12/site-packages/airflow/example_dags/example_datasets.py for tasks to queue
[2024-07-04T00:17:35.467+0000] {logging_mixin.py:188} INFO - [2024-07-04T00:17:35.464+0000] {dagbag.py:545} INFO - Filling up the DagBag from /home/airflow/.local/lib/python3.12/site-packages/airflow/example_dags/example_datasets.py
[2024-07-04T00:17:35.557+0000] {processor.py:840} INFO - DAG(s) 'dataset_produces_1', 'consume_1_and_2_with_dataset_expressions', 'dataset_consumes_unknown_never_scheduled', 'dataset_consumes_1_never_scheduled', 'conditional_dataset_and_time_based_timetable', 'consume_1_or_2_with_dataset_expressions', 'dataset_consumes_1_and_2', 'dataset_produces_2', 'dataset_consumes_1', 'consume_1_or_both_2_and_3_with_dataset_expressions' retrieved from /home/airflow/.local/lib/python3.12/site-packages/airflow/example_dags/example_datasets.py
[2024-07-04T00:17:35.940+0000] {logging_mixin.py:188} INFO - [2024-07-04T00:17:35.938+0000] {dag.py:3096} INFO - Sync 10 DAGs
[2024-07-04T00:17:36.108+0000] {logging_mixin.py:188} INFO - [2024-07-04T00:17:36.107+0000] {dag.py:3954} INFO - Setting next_dagrun for conditional_dataset_and_time_based_timetable to 2024-07-03 01:00:00+00:00, run_after=2024-07-03 01:00:00+00:00
[2024-07-04T00:17:36.146+0000] {logging_mixin.py:188} INFO - [2024-07-04T00:17:36.145+0000] {dag.py:3954} INFO - Setting next_dagrun for consume_1_and_2_with_dataset_expressions to None, run_after=None
[2024-07-04T00:17:36.163+0000] {logging_mixin.py:188} INFO - [2024-07-04T00:17:36.162+0000] {dag.py:3954} INFO - Setting next_dagrun for consume_1_or_2_with_dataset_expressions to None, run_after=None
[2024-07-04T00:17:36.190+0000] {logging_mixin.py:188} INFO - [2024-07-04T00:17:36.189+0000] {dag.py:3954} INFO - Setting next_dagrun for consume_1_or_both_2_and_3_with_dataset_expressions to None, run_after=None
[2024-07-04T00:17:36.207+0000] {logging_mixin.py:188} INFO - [2024-07-04T00:17:36.206+0000] {dag.py:3954} INFO - Setting next_dagrun for dataset_consumes_1 to None, run_after=None
[2024-07-04T00:17:36.228+0000] {logging_mixin.py:188} INFO - [2024-07-04T00:17:36.226+0000] {dag.py:3954} INFO - Setting next_dagrun for dataset_consumes_1_and_2 to None, run_after=None
[2024-07-04T00:17:36.273+0000] {logging_mixin.py:188} INFO - [2024-07-04T00:17:36.272+0000] {dag.py:3954} INFO - Setting next_dagrun for dataset_consumes_1_never_scheduled to None, run_after=None
[2024-07-04T00:17:36.292+0000] {logging_mixin.py:188} INFO - [2024-07-04T00:17:36.285+0000] {dag.py:3954} INFO - Setting next_dagrun for dataset_consumes_unknown_never_scheduled to None, run_after=None
[2024-07-04T00:17:36.314+0000] {logging_mixin.py:188} INFO - [2024-07-04T00:17:36.313+0000] {dag.py:3954} INFO - Setting next_dagrun for dataset_produces_1 to 2024-07-03 00:00:00+00:00, run_after=2024-07-04 00:00:00+00:00
[2024-07-04T00:17:36.331+0000] {logging_mixin.py:188} INFO - [2024-07-04T00:17:36.330+0000] {dag.py:3954} INFO - Setting next_dagrun for dataset_produces_2 to None, run_after=None
[2024-07-04T00:17:36.573+0000] {processor.py:183} INFO - Processing /home/airflow/.local/lib/python3.12/site-packages/airflow/example_dags/example_datasets.py took 1.149 seconds
[2024-07-04T00:18:07.360+0000] {processor.py:161} INFO - Started process (PID=397) to work on /home/airflow/.local/lib/python3.12/site-packages/airflow/example_dags/example_datasets.py
[2024-07-04T00:18:07.362+0000] {processor.py:830} INFO - Processing file /home/airflow/.local/lib/python3.12/site-packages/airflow/example_dags/example_datasets.py for tasks to queue
[2024-07-04T00:18:07.367+0000] {logging_mixin.py:188} INFO - [2024-07-04T00:18:07.366+0000] {dagbag.py:545} INFO - Filling up the DagBag from /home/airflow/.local/lib/python3.12/site-packages/airflow/example_dags/example_datasets.py
[2024-07-04T00:18:07.408+0000] {processor.py:840} INFO - DAG(s) 'consume_1_and_2_with_dataset_expressions', 'consume_1_or_2_with_dataset_expressions', 'consume_1_or_both_2_and_3_with_dataset_expressions', 'dataset_consumes_1', 'dataset_produces_1', 'dataset_consumes_1_and_2', 'conditional_dataset_and_time_based_timetable', 'dataset_consumes_1_never_scheduled', 'dataset_produces_2', 'dataset_consumes_unknown_never_scheduled' retrieved from /home/airflow/.local/lib/python3.12/site-packages/airflow/example_dags/example_datasets.py
[2024-07-04T00:18:07.513+0000] {logging_mixin.py:188} INFO - [2024-07-04T00:18:07.512+0000] {dag.py:3096} INFO - Sync 10 DAGs
[2024-07-04T00:18:07.599+0000] {logging_mixin.py:188} INFO - [2024-07-04T00:18:07.598+0000] {dag.py:3954} INFO - Setting next_dagrun for conditional_dataset_and_time_based_timetable to 2024-07-03 01:00:00+00:00, run_after=2024-07-03 01:00:00+00:00
[2024-07-04T00:18:07.611+0000] {logging_mixin.py:188} INFO - [2024-07-04T00:18:07.611+0000] {dag.py:3954} INFO - Setting next_dagrun for consume_1_and_2_with_dataset_expressions to None, run_after=None
[2024-07-04T00:18:07.618+0000] {logging_mixin.py:188} INFO - [2024-07-04T00:18:07.616+0000] {dag.py:3954} INFO - Setting next_dagrun for consume_1_or_2_with_dataset_expressions to None, run_after=None
[2024-07-04T00:18:07.622+0000] {logging_mixin.py:188} INFO - [2024-07-04T00:18:07.621+0000] {dag.py:3954} INFO - Setting next_dagrun for consume_1_or_both_2_and_3_with_dataset_expressions to None, run_after=None
[2024-07-04T00:18:07.629+0000] {logging_mixin.py:188} INFO - [2024-07-04T00:18:07.629+0000] {dag.py:3954} INFO - Setting next_dagrun for dataset_consumes_1 to None, run_after=None
[2024-07-04T00:18:07.634+0000] {logging_mixin.py:188} INFO - [2024-07-04T00:18:07.634+0000] {dag.py:3954} INFO - Setting next_dagrun for dataset_consumes_1_and_2 to None, run_after=None
[2024-07-04T00:18:07.640+0000] {logging_mixin.py:188} INFO - [2024-07-04T00:18:07.639+0000] {dag.py:3954} INFO - Setting next_dagrun for dataset_consumes_1_never_scheduled to None, run_after=None
[2024-07-04T00:18:07.647+0000] {logging_mixin.py:188} INFO - [2024-07-04T00:18:07.646+0000] {dag.py:3954} INFO - Setting next_dagrun for dataset_consumes_unknown_never_scheduled to None, run_after=None
[2024-07-04T00:18:07.656+0000] {logging_mixin.py:188} INFO - [2024-07-04T00:18:07.656+0000] {dag.py:3954} INFO - Setting next_dagrun for dataset_produces_1 to 2024-07-03 00:00:00+00:00, run_after=2024-07-04 00:00:00+00:00
[2024-07-04T00:18:07.663+0000] {logging_mixin.py:188} INFO - [2024-07-04T00:18:07.662+0000] {dag.py:3954} INFO - Setting next_dagrun for dataset_produces_2 to None, run_after=None
[2024-07-04T00:18:07.767+0000] {processor.py:183} INFO - Processing /home/airflow/.local/lib/python3.12/site-packages/airflow/example_dags/example_datasets.py took 0.421 seconds
[2024-07-04T00:18:48.126+0000] {processor.py:161} INFO - Started process (PID=451) to work on /home/airflow/.local/lib/python3.12/site-packages/airflow/example_dags/example_datasets.py
[2024-07-04T00:18:48.440+0000] {processor.py:830} INFO - Processing file /home/airflow/.local/lib/python3.12/site-packages/airflow/example_dags/example_datasets.py for tasks to queue
[2024-07-04T00:18:48.450+0000] {logging_mixin.py:188} INFO - [2024-07-04T00:18:48.446+0000] {dagbag.py:545} INFO - Filling up the DagBag from /home/airflow/.local/lib/python3.12/site-packages/airflow/example_dags/example_datasets.py
[2024-07-04T00:18:48.663+0000] {processor.py:840} INFO - DAG(s) 'dataset_consumes_1_never_scheduled', 'conditional_dataset_and_time_based_timetable', 'dataset_produces_1', 'dataset_consumes_unknown_never_scheduled', 'dataset_consumes_1_and_2', 'dataset_produces_2', 'consume_1_or_both_2_and_3_with_dataset_expressions', 'consume_1_or_2_with_dataset_expressions', 'consume_1_and_2_with_dataset_expressions', 'dataset_consumes_1' retrieved from /home/airflow/.local/lib/python3.12/site-packages/airflow/example_dags/example_datasets.py
[2024-07-04T00:18:49.818+0000] {logging_mixin.py:188} INFO - [2024-07-04T00:18:49.817+0000] {dag.py:3096} INFO - Sync 10 DAGs
[2024-07-04T00:18:50.305+0000] {logging_mixin.py:188} INFO - [2024-07-04T00:18:50.304+0000] {dag.py:3954} INFO - Setting next_dagrun for conditional_dataset_and_time_based_timetable to 2024-07-03 01:00:00+00:00, run_after=2024-07-03 01:00:00+00:00
[2024-07-04T00:18:50.324+0000] {logging_mixin.py:188} INFO - [2024-07-04T00:18:50.323+0000] {dag.py:3954} INFO - Setting next_dagrun for consume_1_and_2_with_dataset_expressions to None, run_after=None
[2024-07-04T00:18:50.329+0000] {logging_mixin.py:188} INFO - [2024-07-04T00:18:50.328+0000] {dag.py:3954} INFO - Setting next_dagrun for consume_1_or_2_with_dataset_expressions to None, run_after=None
[2024-07-04T00:18:50.334+0000] {logging_mixin.py:188} INFO - [2024-07-04T00:18:50.334+0000] {dag.py:3954} INFO - Setting next_dagrun for consume_1_or_both_2_and_3_with_dataset_expressions to None, run_after=None
[2024-07-04T00:18:50.339+0000] {logging_mixin.py:188} INFO - [2024-07-04T00:18:50.339+0000] {dag.py:3954} INFO - Setting next_dagrun for dataset_consumes_1 to None, run_after=None
[2024-07-04T00:18:50.345+0000] {logging_mixin.py:188} INFO - [2024-07-04T00:18:50.345+0000] {dag.py:3954} INFO - Setting next_dagrun for dataset_consumes_1_and_2 to None, run_after=None
[2024-07-04T00:18:50.354+0000] {logging_mixin.py:188} INFO - [2024-07-04T00:18:50.352+0000] {dag.py:3954} INFO - Setting next_dagrun for dataset_consumes_1_never_scheduled to None, run_after=None
[2024-07-04T00:18:50.361+0000] {logging_mixin.py:188} INFO - [2024-07-04T00:18:50.360+0000] {dag.py:3954} INFO - Setting next_dagrun for dataset_consumes_unknown_never_scheduled to None, run_after=None
[2024-07-04T00:18:50.371+0000] {logging_mixin.py:188} INFO - [2024-07-04T00:18:50.370+0000] {dag.py:3954} INFO - Setting next_dagrun for dataset_produces_1 to 2024-07-03 00:00:00+00:00, run_after=2024-07-04 00:00:00+00:00
[2024-07-04T00:18:50.377+0000] {logging_mixin.py:188} INFO - [2024-07-04T00:18:50.376+0000] {dag.py:3954} INFO - Setting next_dagrun for dataset_produces_2 to None, run_after=None
[2024-07-04T00:18:51.003+0000] {processor.py:183} INFO - Processing /home/airflow/.local/lib/python3.12/site-packages/airflow/example_dags/example_datasets.py took 2.906 seconds
[2024-07-04T00:54:22.576+0000] {processor.py:161} INFO - Started process (PID=86) to work on /home/airflow/.local/lib/python3.12/site-packages/airflow/example_dags/example_datasets.py
[2024-07-04T00:54:22.579+0000] {processor.py:830} INFO - Processing file /home/airflow/.local/lib/python3.12/site-packages/airflow/example_dags/example_datasets.py for tasks to queue
[2024-07-04T00:54:22.585+0000] {logging_mixin.py:188} INFO - [2024-07-04T00:54:22.584+0000] {dagbag.py:545} INFO - Filling up the DagBag from /home/airflow/.local/lib/python3.12/site-packages/airflow/example_dags/example_datasets.py
[2024-07-04T00:54:22.663+0000] {processor.py:840} INFO - DAG(s) 'dataset_produces_1', 'dataset_consumes_1_never_scheduled', 'consume_1_or_2_with_dataset_expressions', 'consume_1_or_both_2_and_3_with_dataset_expressions', 'dataset_consumes_unknown_never_scheduled', 'dataset_consumes_1_and_2', 'consume_1_and_2_with_dataset_expressions', 'dataset_consumes_1', 'dataset_produces_2', 'conditional_dataset_and_time_based_timetable' retrieved from /home/airflow/.local/lib/python3.12/site-packages/airflow/example_dags/example_datasets.py
[2024-07-04T00:54:24.146+0000] {logging_mixin.py:188} INFO - [2024-07-04T00:54:24.146+0000] {dag.py:3096} INFO - Sync 10 DAGs
[2024-07-04T00:54:24.263+0000] {logging_mixin.py:188} INFO - [2024-07-04T00:54:24.260+0000] {dag.py:3954} INFO - Setting next_dagrun for conditional_dataset_and_time_based_timetable to 2024-07-03 01:00:00+00:00, run_after=2024-07-03 01:00:00+00:00
[2024-07-04T00:54:24.282+0000] {logging_mixin.py:188} INFO - [2024-07-04T00:54:24.281+0000] {dag.py:3954} INFO - Setting next_dagrun for consume_1_and_2_with_dataset_expressions to None, run_after=None
[2024-07-04T00:54:24.288+0000] {logging_mixin.py:188} INFO - [2024-07-04T00:54:24.287+0000] {dag.py:3954} INFO - Setting next_dagrun for consume_1_or_2_with_dataset_expressions to None, run_after=None
[2024-07-04T00:54:24.295+0000] {logging_mixin.py:188} INFO - [2024-07-04T00:54:24.294+0000] {dag.py:3954} INFO - Setting next_dagrun for consume_1_or_both_2_and_3_with_dataset_expressions to None, run_after=None
[2024-07-04T00:54:24.304+0000] {logging_mixin.py:188} INFO - [2024-07-04T00:54:24.303+0000] {dag.py:3954} INFO - Setting next_dagrun for dataset_consumes_1 to None, run_after=None
[2024-07-04T00:54:24.310+0000] {logging_mixin.py:188} INFO - [2024-07-04T00:54:24.309+0000] {dag.py:3954} INFO - Setting next_dagrun for dataset_consumes_1_and_2 to None, run_after=None
[2024-07-04T00:54:24.321+0000] {logging_mixin.py:188} INFO - [2024-07-04T00:54:24.320+0000] {dag.py:3954} INFO - Setting next_dagrun for dataset_consumes_1_never_scheduled to None, run_after=None
[2024-07-04T00:54:24.327+0000] {logging_mixin.py:188} INFO - [2024-07-04T00:54:24.327+0000] {dag.py:3954} INFO - Setting next_dagrun for dataset_consumes_unknown_never_scheduled to None, run_after=None
[2024-07-04T00:54:24.343+0000] {logging_mixin.py:188} INFO - [2024-07-04T00:54:24.342+0000] {dag.py:3954} INFO - Setting next_dagrun for dataset_produces_1 to 2024-07-03 00:00:00+00:00, run_after=2024-07-04 00:00:00+00:00
[2024-07-04T00:54:24.348+0000] {logging_mixin.py:188} INFO - [2024-07-04T00:54:24.348+0000] {dag.py:3954} INFO - Setting next_dagrun for dataset_produces_2 to None, run_after=None
[2024-07-04T00:54:24.506+0000] {processor.py:183} INFO - Processing /home/airflow/.local/lib/python3.12/site-packages/airflow/example_dags/example_datasets.py took 1.949 seconds
[2024-07-04T00:55:04.559+0000] {processor.py:161} INFO - Started process (PID=146) to work on /home/airflow/.local/lib/python3.12/site-packages/airflow/example_dags/example_datasets.py
[2024-07-04T00:55:04.561+0000] {processor.py:830} INFO - Processing file /home/airflow/.local/lib/python3.12/site-packages/airflow/example_dags/example_datasets.py for tasks to queue
[2024-07-04T00:55:04.564+0000] {logging_mixin.py:188} INFO - [2024-07-04T00:55:04.564+0000] {dagbag.py:545} INFO - Filling up the DagBag from /home/airflow/.local/lib/python3.12/site-packages/airflow/example_dags/example_datasets.py
[2024-07-04T00:55:04.587+0000] {processor.py:840} INFO - DAG(s) 'dataset_consumes_1', 'consume_1_and_2_with_dataset_expressions', 'consume_1_or_both_2_and_3_with_dataset_expressions', 'dataset_consumes_1_never_scheduled', 'dataset_consumes_1_and_2', 'consume_1_or_2_with_dataset_expressions', 'dataset_produces_1', 'conditional_dataset_and_time_based_timetable', 'dataset_consumes_unknown_never_scheduled', 'dataset_produces_2' retrieved from /home/airflow/.local/lib/python3.12/site-packages/airflow/example_dags/example_datasets.py
[2024-07-04T00:55:04.792+0000] {logging_mixin.py:188} INFO - [2024-07-04T00:55:04.791+0000] {dag.py:3096} INFO - Sync 10 DAGs
[2024-07-04T00:55:04.851+0000] {logging_mixin.py:188} INFO - [2024-07-04T00:55:04.850+0000] {dag.py:3954} INFO - Setting next_dagrun for conditional_dataset_and_time_based_timetable to 2024-07-03 01:00:00+00:00, run_after=2024-07-03 01:00:00+00:00
[2024-07-04T00:55:04.863+0000] {logging_mixin.py:188} INFO - [2024-07-04T00:55:04.862+0000] {dag.py:3954} INFO - Setting next_dagrun for consume_1_and_2_with_dataset_expressions to None, run_after=None
[2024-07-04T00:55:04.869+0000] {logging_mixin.py:188} INFO - [2024-07-04T00:55:04.868+0000] {dag.py:3954} INFO - Setting next_dagrun for consume_1_or_2_with_dataset_expressions to None, run_after=None
[2024-07-04T00:55:04.875+0000] {logging_mixin.py:188} INFO - [2024-07-04T00:55:04.874+0000] {dag.py:3954} INFO - Setting next_dagrun for consume_1_or_both_2_and_3_with_dataset_expressions to None, run_after=None
[2024-07-04T00:55:04.881+0000] {logging_mixin.py:188} INFO - [2024-07-04T00:55:04.880+0000] {dag.py:3954} INFO - Setting next_dagrun for dataset_consumes_1 to None, run_after=None
[2024-07-04T00:55:04.889+0000] {logging_mixin.py:188} INFO - [2024-07-04T00:55:04.888+0000] {dag.py:3954} INFO - Setting next_dagrun for dataset_consumes_1_and_2 to None, run_after=None
[2024-07-04T00:55:04.893+0000] {logging_mixin.py:188} INFO - [2024-07-04T00:55:04.893+0000] {dag.py:3954} INFO - Setting next_dagrun for dataset_consumes_1_never_scheduled to None, run_after=None
[2024-07-04T00:55:04.898+0000] {logging_mixin.py:188} INFO - [2024-07-04T00:55:04.897+0000] {dag.py:3954} INFO - Setting next_dagrun for dataset_consumes_unknown_never_scheduled to None, run_after=None
[2024-07-04T00:55:04.903+0000] {logging_mixin.py:188} INFO - [2024-07-04T00:55:04.903+0000] {dag.py:3954} INFO - Setting next_dagrun for dataset_produces_1 to 2024-07-03 00:00:00+00:00, run_after=2024-07-04 00:00:00+00:00
[2024-07-04T00:55:04.906+0000] {logging_mixin.py:188} INFO - [2024-07-04T00:55:04.906+0000] {dag.py:3954} INFO - Setting next_dagrun for dataset_produces_2 to None, run_after=None
[2024-07-04T00:55:05.157+0000] {processor.py:183} INFO - Processing /home/airflow/.local/lib/python3.12/site-packages/airflow/example_dags/example_datasets.py took 0.609 seconds
[2024-07-04T00:55:35.848+0000] {processor.py:161} INFO - Started process (PID=206) to work on /home/airflow/.local/lib/python3.12/site-packages/airflow/example_dags/example_datasets.py
[2024-07-04T00:55:35.850+0000] {processor.py:830} INFO - Processing file /home/airflow/.local/lib/python3.12/site-packages/airflow/example_dags/example_datasets.py for tasks to queue
[2024-07-04T00:55:35.854+0000] {logging_mixin.py:188} INFO - [2024-07-04T00:55:35.853+0000] {dagbag.py:545} INFO - Filling up the DagBag from /home/airflow/.local/lib/python3.12/site-packages/airflow/example_dags/example_datasets.py
[2024-07-04T00:55:35.898+0000] {processor.py:840} INFO - DAG(s) 'dataset_consumes_unknown_never_scheduled', 'dataset_consumes_1_and_2', 'dataset_produces_2', 'dataset_consumes_1', 'dataset_consumes_1_never_scheduled', 'dataset_produces_1', 'consume_1_or_2_with_dataset_expressions', 'consume_1_or_both_2_and_3_with_dataset_expressions', 'consume_1_and_2_with_dataset_expressions', 'conditional_dataset_and_time_based_timetable' retrieved from /home/airflow/.local/lib/python3.12/site-packages/airflow/example_dags/example_datasets.py
[2024-07-04T00:55:36.059+0000] {logging_mixin.py:188} INFO - [2024-07-04T00:55:36.058+0000] {dag.py:3096} INFO - Sync 10 DAGs
[2024-07-04T00:55:36.157+0000] {logging_mixin.py:188} INFO - [2024-07-04T00:55:36.156+0000] {dag.py:3954} INFO - Setting next_dagrun for conditional_dataset_and_time_based_timetable to 2024-07-03 01:00:00+00:00, run_after=2024-07-03 01:00:00+00:00
[2024-07-04T00:55:36.171+0000] {logging_mixin.py:188} INFO - [2024-07-04T00:55:36.170+0000] {dag.py:3954} INFO - Setting next_dagrun for consume_1_and_2_with_dataset_expressions to None, run_after=None
[2024-07-04T00:55:36.178+0000] {logging_mixin.py:188} INFO - [2024-07-04T00:55:36.178+0000] {dag.py:3954} INFO - Setting next_dagrun for consume_1_or_2_with_dataset_expressions to None, run_after=None
[2024-07-04T00:55:36.183+0000] {logging_mixin.py:188} INFO - [2024-07-04T00:55:36.183+0000] {dag.py:3954} INFO - Setting next_dagrun for consume_1_or_both_2_and_3_with_dataset_expressions to None, run_after=None
[2024-07-04T00:55:36.188+0000] {logging_mixin.py:188} INFO - [2024-07-04T00:55:36.188+0000] {dag.py:3954} INFO - Setting next_dagrun for dataset_consumes_1 to None, run_after=None
[2024-07-04T00:55:36.193+0000] {logging_mixin.py:188} INFO - [2024-07-04T00:55:36.193+0000] {dag.py:3954} INFO - Setting next_dagrun for dataset_consumes_1_and_2 to None, run_after=None
[2024-07-04T00:55:36.197+0000] {logging_mixin.py:188} INFO - [2024-07-04T00:55:36.197+0000] {dag.py:3954} INFO - Setting next_dagrun for dataset_consumes_1_never_scheduled to None, run_after=None
[2024-07-04T00:55:36.201+0000] {logging_mixin.py:188} INFO - [2024-07-04T00:55:36.201+0000] {dag.py:3954} INFO - Setting next_dagrun for dataset_consumes_unknown_never_scheduled to None, run_after=None
[2024-07-04T00:55:36.209+0000] {logging_mixin.py:188} INFO - [2024-07-04T00:55:36.208+0000] {dag.py:3954} INFO - Setting next_dagrun for dataset_produces_1 to 2024-07-03 00:00:00+00:00, run_after=2024-07-04 00:00:00+00:00
[2024-07-04T00:55:36.217+0000] {logging_mixin.py:188} INFO - [2024-07-04T00:55:36.217+0000] {dag.py:3954} INFO - Setting next_dagrun for dataset_produces_2 to None, run_after=None
[2024-07-04T00:55:36.378+0000] {processor.py:183} INFO - Processing /home/airflow/.local/lib/python3.12/site-packages/airflow/example_dags/example_datasets.py took 0.543 seconds
[2024-07-04T00:56:06.578+0000] {processor.py:161} INFO - Started process (PID=266) to work on /home/airflow/.local/lib/python3.12/site-packages/airflow/example_dags/example_datasets.py
[2024-07-04T00:56:06.580+0000] {processor.py:830} INFO - Processing file /home/airflow/.local/lib/python3.12/site-packages/airflow/example_dags/example_datasets.py for tasks to queue
[2024-07-04T00:56:06.583+0000] {logging_mixin.py:188} INFO - [2024-07-04T00:56:06.583+0000] {dagbag.py:545} INFO - Filling up the DagBag from /home/airflow/.local/lib/python3.12/site-packages/airflow/example_dags/example_datasets.py
[2024-07-04T00:56:06.617+0000] {processor.py:840} INFO - DAG(s) 'dataset_consumes_1_and_2', 'dataset_consumes_1', 'dataset_produces_2', 'conditional_dataset_and_time_based_timetable', 'consume_1_or_both_2_and_3_with_dataset_expressions', 'dataset_produces_1', 'consume_1_and_2_with_dataset_expressions', 'consume_1_or_2_with_dataset_expressions', 'dataset_consumes_unknown_never_scheduled', 'dataset_consumes_1_never_scheduled' retrieved from /home/airflow/.local/lib/python3.12/site-packages/airflow/example_dags/example_datasets.py
[2024-07-04T00:56:06.732+0000] {logging_mixin.py:188} INFO - [2024-07-04T00:56:06.731+0000] {dag.py:3096} INFO - Sync 10 DAGs
[2024-07-04T00:56:06.794+0000] {logging_mixin.py:188} INFO - [2024-07-04T00:56:06.794+0000] {dag.py:3954} INFO - Setting next_dagrun for conditional_dataset_and_time_based_timetable to 2024-07-03 01:00:00+00:00, run_after=2024-07-03 01:00:00+00:00
[2024-07-04T00:56:06.808+0000] {logging_mixin.py:188} INFO - [2024-07-04T00:56:06.807+0000] {dag.py:3954} INFO - Setting next_dagrun for consume_1_and_2_with_dataset_expressions to None, run_after=None
[2024-07-04T00:56:06.813+0000] {logging_mixin.py:188} INFO - [2024-07-04T00:56:06.812+0000] {dag.py:3954} INFO - Setting next_dagrun for consume_1_or_2_with_dataset_expressions to None, run_after=None
[2024-07-04T00:56:06.817+0000] {logging_mixin.py:188} INFO - [2024-07-04T00:56:06.817+0000] {dag.py:3954} INFO - Setting next_dagrun for consume_1_or_both_2_and_3_with_dataset_expressions to None, run_after=None
[2024-07-04T00:56:06.823+0000] {logging_mixin.py:188} INFO - [2024-07-04T00:56:06.822+0000] {dag.py:3954} INFO - Setting next_dagrun for dataset_consumes_1 to None, run_after=None
[2024-07-04T00:56:06.827+0000] {logging_mixin.py:188} INFO - [2024-07-04T00:56:06.827+0000] {dag.py:3954} INFO - Setting next_dagrun for dataset_consumes_1_and_2 to None, run_after=None
[2024-07-04T00:56:06.832+0000] {logging_mixin.py:188} INFO - [2024-07-04T00:56:06.831+0000] {dag.py:3954} INFO - Setting next_dagrun for dataset_consumes_1_never_scheduled to None, run_after=None
[2024-07-04T00:56:06.837+0000] {logging_mixin.py:188} INFO - [2024-07-04T00:56:06.836+0000] {dag.py:3954} INFO - Setting next_dagrun for dataset_consumes_unknown_never_scheduled to None, run_after=None
[2024-07-04T00:56:06.845+0000] {logging_mixin.py:188} INFO - [2024-07-04T00:56:06.845+0000] {dag.py:3954} INFO - Setting next_dagrun for dataset_produces_1 to 2024-07-03 00:00:00+00:00, run_after=2024-07-04 00:00:00+00:00
[2024-07-04T00:56:06.850+0000] {logging_mixin.py:188} INFO - [2024-07-04T00:56:06.849+0000] {dag.py:3954} INFO - Setting next_dagrun for dataset_produces_2 to None, run_after=None
[2024-07-04T00:56:06.966+0000] {processor.py:183} INFO - Processing /home/airflow/.local/lib/python3.12/site-packages/airflow/example_dags/example_datasets.py took 0.398 seconds
[2024-07-04T00:56:44.250+0000] {processor.py:161} INFO - Started process (PID=324) to work on /home/airflow/.local/lib/python3.12/site-packages/airflow/example_dags/example_datasets.py
[2024-07-04T00:56:44.252+0000] {processor.py:830} INFO - Processing file /home/airflow/.local/lib/python3.12/site-packages/airflow/example_dags/example_datasets.py for tasks to queue
[2024-07-04T00:56:44.258+0000] {logging_mixin.py:188} INFO - [2024-07-04T00:56:44.258+0000] {dagbag.py:545} INFO - Filling up the DagBag from /home/airflow/.local/lib/python3.12/site-packages/airflow/example_dags/example_datasets.py
[2024-07-04T00:56:44.296+0000] {processor.py:840} INFO - DAG(s) 'dataset_produces_1', 'consume_1_or_both_2_and_3_with_dataset_expressions', 'dataset_produces_2', 'conditional_dataset_and_time_based_timetable', 'dataset_consumes_unknown_never_scheduled', 'dataset_consumes_1_and_2', 'dataset_consumes_1', 'consume_1_and_2_with_dataset_expressions', 'dataset_consumes_1_never_scheduled', 'consume_1_or_2_with_dataset_expressions' retrieved from /home/airflow/.local/lib/python3.12/site-packages/airflow/example_dags/example_datasets.py
[2024-07-04T00:56:44.409+0000] {logging_mixin.py:188} INFO - [2024-07-04T00:56:44.408+0000] {dag.py:3096} INFO - Sync 10 DAGs
[2024-07-04T00:56:44.469+0000] {logging_mixin.py:188} INFO - [2024-07-04T00:56:44.469+0000] {dag.py:3954} INFO - Setting next_dagrun for conditional_dataset_and_time_based_timetable to 2024-07-03 01:00:00+00:00, run_after=2024-07-03 01:00:00+00:00
[2024-07-04T00:56:44.481+0000] {logging_mixin.py:188} INFO - [2024-07-04T00:56:44.480+0000] {dag.py:3954} INFO - Setting next_dagrun for consume_1_and_2_with_dataset_expressions to None, run_after=None
[2024-07-04T00:56:44.485+0000] {logging_mixin.py:188} INFO - [2024-07-04T00:56:44.485+0000] {dag.py:3954} INFO - Setting next_dagrun for consume_1_or_2_with_dataset_expressions to None, run_after=None
[2024-07-04T00:56:44.489+0000] {logging_mixin.py:188} INFO - [2024-07-04T00:56:44.489+0000] {dag.py:3954} INFO - Setting next_dagrun for consume_1_or_both_2_and_3_with_dataset_expressions to None, run_after=None
[2024-07-04T00:56:44.493+0000] {logging_mixin.py:188} INFO - [2024-07-04T00:56:44.493+0000] {dag.py:3954} INFO - Setting next_dagrun for dataset_consumes_1 to None, run_after=None
[2024-07-04T00:56:44.497+0000] {logging_mixin.py:188} INFO - [2024-07-04T00:56:44.497+0000] {dag.py:3954} INFO - Setting next_dagrun for dataset_consumes_1_and_2 to None, run_after=None
[2024-07-04T00:56:44.500+0000] {logging_mixin.py:188} INFO - [2024-07-04T00:56:44.500+0000] {dag.py:3954} INFO - Setting next_dagrun for dataset_consumes_1_never_scheduled to None, run_after=None
[2024-07-04T00:56:44.503+0000] {logging_mixin.py:188} INFO - [2024-07-04T00:56:44.503+0000] {dag.py:3954} INFO - Setting next_dagrun for dataset_consumes_unknown_never_scheduled to None, run_after=None
[2024-07-04T00:56:44.508+0000] {logging_mixin.py:188} INFO - [2024-07-04T00:56:44.508+0000] {dag.py:3954} INFO - Setting next_dagrun for dataset_produces_1 to 2024-07-03 00:00:00+00:00, run_after=2024-07-04 00:00:00+00:00
[2024-07-04T00:56:44.511+0000] {logging_mixin.py:188} INFO - [2024-07-04T00:56:44.511+0000] {dag.py:3954} INFO - Setting next_dagrun for dataset_produces_2 to None, run_after=None
[2024-07-04T00:56:44.576+0000] {processor.py:183} INFO - Processing /home/airflow/.local/lib/python3.12/site-packages/airflow/example_dags/example_datasets.py took 0.339 seconds
[2024-07-04T00:57:33.569+0000] {processor.py:161} INFO - Started process (PID=384) to work on /home/airflow/.local/lib/python3.12/site-packages/airflow/example_dags/example_datasets.py
[2024-07-04T00:57:33.575+0000] {processor.py:830} INFO - Processing file /home/airflow/.local/lib/python3.12/site-packages/airflow/example_dags/example_datasets.py for tasks to queue
[2024-07-04T00:57:33.597+0000] {logging_mixin.py:188} INFO - [2024-07-04T00:57:33.596+0000] {dagbag.py:545} INFO - Filling up the DagBag from /home/airflow/.local/lib/python3.12/site-packages/airflow/example_dags/example_datasets.py
[2024-07-04T00:57:33.692+0000] {processor.py:840} INFO - DAG(s) 'dataset_produces_1', 'consume_1_or_both_2_and_3_with_dataset_expressions', 'dataset_consumes_unknown_never_scheduled', 'dataset_consumes_1', 'dataset_consumes_1_never_scheduled', 'conditional_dataset_and_time_based_timetable', 'dataset_consumes_1_and_2', 'dataset_produces_2', 'consume_1_or_2_with_dataset_expressions', 'consume_1_and_2_with_dataset_expressions' retrieved from /home/airflow/.local/lib/python3.12/site-packages/airflow/example_dags/example_datasets.py
[2024-07-04T00:57:34.002+0000] {logging_mixin.py:188} INFO - [2024-07-04T00:57:34.001+0000] {dag.py:3096} INFO - Sync 10 DAGs
[2024-07-04T00:57:34.166+0000] {logging_mixin.py:188} INFO - [2024-07-04T00:57:34.165+0000] {dag.py:3954} INFO - Setting next_dagrun for conditional_dataset_and_time_based_timetable to 2024-07-03 01:00:00+00:00, run_after=2024-07-03 01:00:00+00:00
[2024-07-04T00:57:34.188+0000] {logging_mixin.py:188} INFO - [2024-07-04T00:57:34.187+0000] {dag.py:3954} INFO - Setting next_dagrun for consume_1_and_2_with_dataset_expressions to None, run_after=None
[2024-07-04T00:57:34.198+0000] {logging_mixin.py:188} INFO - [2024-07-04T00:57:34.197+0000] {dag.py:3954} INFO - Setting next_dagrun for consume_1_or_2_with_dataset_expressions to None, run_after=None
[2024-07-04T00:57:34.205+0000] {logging_mixin.py:188} INFO - [2024-07-04T00:57:34.203+0000] {dag.py:3954} INFO - Setting next_dagrun for consume_1_or_both_2_and_3_with_dataset_expressions to None, run_after=None
[2024-07-04T00:57:34.213+0000] {logging_mixin.py:188} INFO - [2024-07-04T00:57:34.212+0000] {dag.py:3954} INFO - Setting next_dagrun for dataset_consumes_1 to None, run_after=None
[2024-07-04T00:57:34.218+0000] {logging_mixin.py:188} INFO - [2024-07-04T00:57:34.217+0000] {dag.py:3954} INFO - Setting next_dagrun for dataset_consumes_1_and_2 to None, run_after=None
[2024-07-04T00:57:34.225+0000] {logging_mixin.py:188} INFO - [2024-07-04T00:57:34.225+0000] {dag.py:3954} INFO - Setting next_dagrun for dataset_consumes_1_never_scheduled to None, run_after=None
[2024-07-04T00:57:34.230+0000] {logging_mixin.py:188} INFO - [2024-07-04T00:57:34.230+0000] {dag.py:3954} INFO - Setting next_dagrun for dataset_consumes_unknown_never_scheduled to None, run_after=None
[2024-07-04T00:57:34.246+0000] {logging_mixin.py:188} INFO - [2024-07-04T00:57:34.246+0000] {dag.py:3954} INFO - Setting next_dagrun for dataset_produces_1 to 2024-07-03 00:00:00+00:00, run_after=2024-07-04 00:00:00+00:00
[2024-07-04T00:57:34.254+0000] {logging_mixin.py:188} INFO - [2024-07-04T00:57:34.252+0000] {dag.py:3954} INFO - Setting next_dagrun for dataset_produces_2 to None, run_after=None
[2024-07-04T00:57:34.478+0000] {processor.py:183} INFO - Processing /home/airflow/.local/lib/python3.12/site-packages/airflow/example_dags/example_datasets.py took 0.948 seconds
[2024-07-04T00:58:10.113+0000] {processor.py:161} INFO - Started process (PID=452) to work on /home/airflow/.local/lib/python3.12/site-packages/airflow/example_dags/example_datasets.py
[2024-07-04T00:58:10.118+0000] {processor.py:830} INFO - Processing file /home/airflow/.local/lib/python3.12/site-packages/airflow/example_dags/example_datasets.py for tasks to queue
[2024-07-04T00:58:10.129+0000] {logging_mixin.py:188} INFO - [2024-07-04T00:58:10.127+0000] {dagbag.py:545} INFO - Filling up the DagBag from /home/airflow/.local/lib/python3.12/site-packages/airflow/example_dags/example_datasets.py
[2024-07-04T00:58:10.179+0000] {processor.py:840} INFO - DAG(s) 'dataset_produces_2', 'conditional_dataset_and_time_based_timetable', 'dataset_consumes_1_and_2', 'dataset_consumes_1_never_scheduled', 'consume_1_or_2_with_dataset_expressions', 'consume_1_or_both_2_and_3_with_dataset_expressions', 'dataset_consumes_unknown_never_scheduled', 'dataset_produces_1', 'dataset_consumes_1', 'consume_1_and_2_with_dataset_expressions' retrieved from /home/airflow/.local/lib/python3.12/site-packages/airflow/example_dags/example_datasets.py
[2024-07-04T00:58:10.379+0000] {logging_mixin.py:188} INFO - [2024-07-04T00:58:10.378+0000] {dag.py:3096} INFO - Sync 10 DAGs
[2024-07-04T00:58:10.508+0000] {logging_mixin.py:188} INFO - [2024-07-04T00:58:10.507+0000] {dag.py:3954} INFO - Setting next_dagrun for conditional_dataset_and_time_based_timetable to 2024-07-03 01:00:00+00:00, run_after=2024-07-03 01:00:00+00:00
[2024-07-04T00:58:10.523+0000] {logging_mixin.py:188} INFO - [2024-07-04T00:58:10.522+0000] {dag.py:3954} INFO - Setting next_dagrun for consume_1_and_2_with_dataset_expressions to None, run_after=None
[2024-07-04T00:58:10.527+0000] {logging_mixin.py:188} INFO - [2024-07-04T00:58:10.527+0000] {dag.py:3954} INFO - Setting next_dagrun for consume_1_or_2_with_dataset_expressions to None, run_after=None
[2024-07-04T00:58:10.533+0000] {logging_mixin.py:188} INFO - [2024-07-04T00:58:10.533+0000] {dag.py:3954} INFO - Setting next_dagrun for consume_1_or_both_2_and_3_with_dataset_expressions to None, run_after=None
[2024-07-04T00:58:10.537+0000] {logging_mixin.py:188} INFO - [2024-07-04T00:58:10.537+0000] {dag.py:3954} INFO - Setting next_dagrun for dataset_consumes_1 to None, run_after=None
[2024-07-04T00:58:10.542+0000] {logging_mixin.py:188} INFO - [2024-07-04T00:58:10.541+0000] {dag.py:3954} INFO - Setting next_dagrun for dataset_consumes_1_and_2 to None, run_after=None
[2024-07-04T00:58:10.548+0000] {logging_mixin.py:188} INFO - [2024-07-04T00:58:10.547+0000] {dag.py:3954} INFO - Setting next_dagrun for dataset_consumes_1_never_scheduled to None, run_after=None
[2024-07-04T00:58:10.554+0000] {logging_mixin.py:188} INFO - [2024-07-04T00:58:10.553+0000] {dag.py:3954} INFO - Setting next_dagrun for dataset_consumes_unknown_never_scheduled to None, run_after=None
[2024-07-04T00:58:10.563+0000] {logging_mixin.py:188} INFO - [2024-07-04T00:58:10.562+0000] {dag.py:3954} INFO - Setting next_dagrun for dataset_produces_1 to 2024-07-03 00:00:00+00:00, run_after=2024-07-04 00:00:00+00:00
[2024-07-04T00:58:10.567+0000] {logging_mixin.py:188} INFO - [2024-07-04T00:58:10.567+0000] {dag.py:3954} INFO - Setting next_dagrun for dataset_produces_2 to None, run_after=None
[2024-07-04T00:58:10.731+0000] {processor.py:183} INFO - Processing /home/airflow/.local/lib/python3.12/site-packages/airflow/example_dags/example_datasets.py took 0.641 seconds
[2024-07-04T00:59:09.164+0000] {processor.py:161} INFO - Started process (PID=521) to work on /home/airflow/.local/lib/python3.12/site-packages/airflow/example_dags/example_datasets.py
[2024-07-04T00:59:09.167+0000] {processor.py:830} INFO - Processing file /home/airflow/.local/lib/python3.12/site-packages/airflow/example_dags/example_datasets.py for tasks to queue
[2024-07-04T00:59:09.172+0000] {logging_mixin.py:188} INFO - [2024-07-04T00:59:09.171+0000] {dagbag.py:545} INFO - Filling up the DagBag from /home/airflow/.local/lib/python3.12/site-packages/airflow/example_dags/example_datasets.py
[2024-07-04T00:59:09.224+0000] {processor.py:840} INFO - DAG(s) 'dataset_consumes_1', 'dataset_consumes_1_and_2', 'dataset_consumes_1_never_scheduled', 'consume_1_or_both_2_and_3_with_dataset_expressions', 'consume_1_or_2_with_dataset_expressions', 'consume_1_and_2_with_dataset_expressions', 'dataset_produces_2', 'dataset_consumes_unknown_never_scheduled', 'dataset_produces_1', 'conditional_dataset_and_time_based_timetable' retrieved from /home/airflow/.local/lib/python3.12/site-packages/airflow/example_dags/example_datasets.py
[2024-07-04T00:59:09.418+0000] {logging_mixin.py:188} INFO - [2024-07-04T00:59:09.417+0000] {dag.py:3096} INFO - Sync 10 DAGs
[2024-07-04T00:59:09.507+0000] {logging_mixin.py:188} INFO - [2024-07-04T00:59:09.506+0000] {dag.py:3954} INFO - Setting next_dagrun for conditional_dataset_and_time_based_timetable to 2024-07-03 01:00:00+00:00, run_after=2024-07-03 01:00:00+00:00
[2024-07-04T00:59:09.522+0000] {logging_mixin.py:188} INFO - [2024-07-04T00:59:09.521+0000] {dag.py:3954} INFO - Setting next_dagrun for consume_1_and_2_with_dataset_expressions to None, run_after=None
[2024-07-04T00:59:09.526+0000] {logging_mixin.py:188} INFO - [2024-07-04T00:59:09.525+0000] {dag.py:3954} INFO - Setting next_dagrun for consume_1_or_2_with_dataset_expressions to None, run_after=None
[2024-07-04T00:59:09.534+0000] {logging_mixin.py:188} INFO - [2024-07-04T00:59:09.532+0000] {dag.py:3954} INFO - Setting next_dagrun for consume_1_or_both_2_and_3_with_dataset_expressions to None, run_after=None
[2024-07-04T00:59:09.540+0000] {logging_mixin.py:188} INFO - [2024-07-04T00:59:09.539+0000] {dag.py:3954} INFO - Setting next_dagrun for dataset_consumes_1 to None, run_after=None
[2024-07-04T00:59:09.551+0000] {logging_mixin.py:188} INFO - [2024-07-04T00:59:09.548+0000] {dag.py:3954} INFO - Setting next_dagrun for dataset_consumes_1_and_2 to None, run_after=None
[2024-07-04T00:59:09.558+0000] {logging_mixin.py:188} INFO - [2024-07-04T00:59:09.557+0000] {dag.py:3954} INFO - Setting next_dagrun for dataset_consumes_1_never_scheduled to None, run_after=None
[2024-07-04T00:59:09.567+0000] {logging_mixin.py:188} INFO - [2024-07-04T00:59:09.565+0000] {dag.py:3954} INFO - Setting next_dagrun for dataset_consumes_unknown_never_scheduled to None, run_after=None
[2024-07-04T00:59:09.582+0000] {logging_mixin.py:188} INFO - [2024-07-04T00:59:09.581+0000] {dag.py:3954} INFO - Setting next_dagrun for dataset_produces_1 to 2024-07-03 00:00:00+00:00, run_after=2024-07-04 00:00:00+00:00
[2024-07-04T00:59:09.589+0000] {logging_mixin.py:188} INFO - [2024-07-04T00:59:09.588+0000] {dag.py:3954} INFO - Setting next_dagrun for dataset_produces_2 to None, run_after=None
[2024-07-04T00:59:09.794+0000] {processor.py:183} INFO - Processing /home/airflow/.local/lib/python3.12/site-packages/airflow/example_dags/example_datasets.py took 0.651 seconds
[2024-07-04T00:59:47.084+0000] {processor.py:161} INFO - Started process (PID=581) to work on /home/airflow/.local/lib/python3.12/site-packages/airflow/example_dags/example_datasets.py
[2024-07-04T00:59:47.088+0000] {processor.py:830} INFO - Processing file /home/airflow/.local/lib/python3.12/site-packages/airflow/example_dags/example_datasets.py for tasks to queue
[2024-07-04T00:59:47.093+0000] {logging_mixin.py:188} INFO - [2024-07-04T00:59:47.092+0000] {dagbag.py:545} INFO - Filling up the DagBag from /home/airflow/.local/lib/python3.12/site-packages/airflow/example_dags/example_datasets.py
[2024-07-04T00:59:47.398+0000] {processor.py:840} INFO - DAG(s) 'dataset_consumes_1', 'dataset_produces_1', 'dataset_consumes_1_and_2', 'consume_1_and_2_with_dataset_expressions', 'consume_1_or_2_with_dataset_expressions', 'dataset_consumes_unknown_never_scheduled', 'conditional_dataset_and_time_based_timetable', 'dataset_produces_2', 'dataset_consumes_1_never_scheduled', 'consume_1_or_both_2_and_3_with_dataset_expressions' retrieved from /home/airflow/.local/lib/python3.12/site-packages/airflow/example_dags/example_datasets.py
[2024-07-04T00:59:47.899+0000] {logging_mixin.py:188} INFO - [2024-07-04T00:59:47.898+0000] {dag.py:3096} INFO - Sync 10 DAGs
[2024-07-04T00:59:49.404+0000] {logging_mixin.py:188} INFO - [2024-07-04T00:59:49.400+0000] {dag.py:3954} INFO - Setting next_dagrun for conditional_dataset_and_time_based_timetable to 2024-07-03 01:00:00+00:00, run_after=2024-07-03 01:00:00+00:00
[2024-07-04T00:59:49.482+0000] {logging_mixin.py:188} INFO - [2024-07-04T00:59:49.481+0000] {dag.py:3954} INFO - Setting next_dagrun for consume_1_and_2_with_dataset_expressions to None, run_after=None
[2024-07-04T00:59:49.496+0000] {logging_mixin.py:188} INFO - [2024-07-04T00:59:49.496+0000] {dag.py:3954} INFO - Setting next_dagrun for consume_1_or_2_with_dataset_expressions to None, run_after=None
[2024-07-04T00:59:49.513+0000] {logging_mixin.py:188} INFO - [2024-07-04T00:59:49.512+0000] {dag.py:3954} INFO - Setting next_dagrun for consume_1_or_both_2_and_3_with_dataset_expressions to None, run_after=None
[2024-07-04T00:59:49.519+0000] {logging_mixin.py:188} INFO - [2024-07-04T00:59:49.518+0000] {dag.py:3954} INFO - Setting next_dagrun for dataset_consumes_1 to None, run_after=None
[2024-07-04T00:59:49.532+0000] {logging_mixin.py:188} INFO - [2024-07-04T00:59:49.531+0000] {dag.py:3954} INFO - Setting next_dagrun for dataset_consumes_1_and_2 to None, run_after=None
[2024-07-04T00:59:49.555+0000] {logging_mixin.py:188} INFO - [2024-07-04T00:59:49.553+0000] {dag.py:3954} INFO - Setting next_dagrun for dataset_consumes_1_never_scheduled to None, run_after=None
[2024-07-04T00:59:49.563+0000] {logging_mixin.py:188} INFO - [2024-07-04T00:59:49.562+0000] {dag.py:3954} INFO - Setting next_dagrun for dataset_consumes_unknown_never_scheduled to None, run_after=None
[2024-07-04T00:59:49.577+0000] {logging_mixin.py:188} INFO - [2024-07-04T00:59:49.576+0000] {dag.py:3954} INFO - Setting next_dagrun for dataset_produces_1 to 2024-07-03 00:00:00+00:00, run_after=2024-07-04 00:00:00+00:00
[2024-07-04T00:59:49.584+0000] {logging_mixin.py:188} INFO - [2024-07-04T00:59:49.584+0000] {dag.py:3954} INFO - Setting next_dagrun for dataset_produces_2 to None, run_after=None
[2024-07-04T00:59:50.241+0000] {processor.py:183} INFO - Processing /home/airflow/.local/lib/python3.12/site-packages/airflow/example_dags/example_datasets.py took 3.211 seconds
[2024-07-04T01:04:18.899+0000] {processor.py:161} INFO - Started process (PID=723) to work on /home/airflow/.local/lib/python3.12/site-packages/airflow/example_dags/example_datasets.py
[2024-07-04T01:04:18.904+0000] {processor.py:830} INFO - Processing file /home/airflow/.local/lib/python3.12/site-packages/airflow/example_dags/example_datasets.py for tasks to queue
[2024-07-04T01:04:18.914+0000] {logging_mixin.py:188} INFO - [2024-07-04T01:04:18.912+0000] {dagbag.py:545} INFO - Filling up the DagBag from /home/airflow/.local/lib/python3.12/site-packages/airflow/example_dags/example_datasets.py
[2024-07-04T01:04:19.307+0000] {processor.py:840} INFO - DAG(s) 'consume_1_or_2_with_dataset_expressions', 'dataset_produces_2', 'conditional_dataset_and_time_based_timetable', 'dataset_consumes_1_and_2', 'consume_1_or_both_2_and_3_with_dataset_expressions', 'dataset_consumes_1_never_scheduled', 'dataset_consumes_1', 'dataset_consumes_unknown_never_scheduled', 'dataset_produces_1', 'consume_1_and_2_with_dataset_expressions' retrieved from /home/airflow/.local/lib/python3.12/site-packages/airflow/example_dags/example_datasets.py
[2024-07-04T01:04:19.405+0000] {logging_mixin.py:188} INFO - [2024-07-04T01:04:19.404+0000] {dag.py:3096} INFO - Sync 10 DAGs
[2024-07-04T01:04:19.448+0000] {logging_mixin.py:188} INFO - [2024-07-04T01:04:19.448+0000] {dag.py:3954} INFO - Setting next_dagrun for conditional_dataset_and_time_based_timetable to 2024-07-03 01:00:00+00:00, run_after=2024-07-03 01:00:00+00:00
[2024-07-04T01:04:19.456+0000] {logging_mixin.py:188} INFO - [2024-07-04T01:04:19.455+0000] {dag.py:3954} INFO - Setting next_dagrun for consume_1_and_2_with_dataset_expressions to None, run_after=None
[2024-07-04T01:04:19.460+0000] {logging_mixin.py:188} INFO - [2024-07-04T01:04:19.459+0000] {dag.py:3954} INFO - Setting next_dagrun for consume_1_or_2_with_dataset_expressions to None, run_after=None
[2024-07-04T01:04:19.463+0000] {logging_mixin.py:188} INFO - [2024-07-04T01:04:19.462+0000] {dag.py:3954} INFO - Setting next_dagrun for consume_1_or_both_2_and_3_with_dataset_expressions to None, run_after=None
[2024-07-04T01:04:19.467+0000] {logging_mixin.py:188} INFO - [2024-07-04T01:04:19.467+0000] {dag.py:3954} INFO - Setting next_dagrun for dataset_consumes_1 to None, run_after=None
[2024-07-04T01:04:19.470+0000] {logging_mixin.py:188} INFO - [2024-07-04T01:04:19.470+0000] {dag.py:3954} INFO - Setting next_dagrun for dataset_consumes_1_and_2 to None, run_after=None
[2024-07-04T01:04:19.473+0000] {logging_mixin.py:188} INFO - [2024-07-04T01:04:19.472+0000] {dag.py:3954} INFO - Setting next_dagrun for dataset_consumes_1_never_scheduled to None, run_after=None
[2024-07-04T01:04:19.568+0000] {logging_mixin.py:188} INFO - [2024-07-04T01:04:19.568+0000] {dag.py:3954} INFO - Setting next_dagrun for dataset_consumes_unknown_never_scheduled to None, run_after=None
[2024-07-04T01:04:19.574+0000] {logging_mixin.py:188} INFO - [2024-07-04T01:04:19.574+0000] {dag.py:3954} INFO - Setting next_dagrun for dataset_produces_1 to 2024-07-03 00:00:00+00:00, run_after=2024-07-04 00:00:00+00:00
[2024-07-04T01:04:19.578+0000] {logging_mixin.py:188} INFO - [2024-07-04T01:04:19.577+0000] {dag.py:3954} INFO - Setting next_dagrun for dataset_produces_2 to None, run_after=None
[2024-07-04T01:04:23.522+0000] {processor.py:183} INFO - Processing /home/airflow/.local/lib/python3.12/site-packages/airflow/example_dags/example_datasets.py took 4.646 seconds
