[2024-07-04T00:00:01.076+0000] {processor.py:161} INFO - Started process (PID=4993) to work on /home/airflow/.local/lib/python3.12/site-packages/airflow/example_dags/example_branch_python_dop_operator_3.py
[2024-07-04T00:00:01.078+0000] {processor.py:830} INFO - Processing file /home/airflow/.local/lib/python3.12/site-packages/airflow/example_dags/example_branch_python_dop_operator_3.py for tasks to queue
[2024-07-04T00:00:01.080+0000] {logging_mixin.py:188} INFO - [2024-07-04T00:00:01.079+0000] {dagbag.py:545} INFO - Filling up the DagBag from /home/airflow/.local/lib/python3.12/site-packages/airflow/example_dags/example_branch_python_dop_operator_3.py
[2024-07-04T00:00:01.422+0000] {processor.py:840} INFO - DAG(s) 'example_branch_dop_operator_v3' retrieved from /home/airflow/.local/lib/python3.12/site-packages/airflow/example_dags/example_branch_python_dop_operator_3.py
[2024-07-04T00:00:01.626+0000] {logging_mixin.py:188} INFO - [2024-07-04T00:00:01.626+0000] {dag.py:3096} INFO - Sync 1 DAGs
[2024-07-04T00:00:02.101+0000] {logging_mixin.py:188} INFO - [2024-07-04T00:00:02.100+0000] {dag.py:3954} INFO - Setting next_dagrun for example_branch_dop_operator_v3 to 2024-07-03 23:59:00+00:00, run_after=2024-07-04 00:00:00+00:00
[2024-07-04T00:00:02.355+0000] {processor.py:183} INFO - Processing /home/airflow/.local/lib/python3.12/site-packages/airflow/example_dags/example_branch_python_dop_operator_3.py took 1.292 seconds
[2024-07-04T00:00:47.331+0000] {processor.py:161} INFO - Started process (PID=5035) to work on /home/airflow/.local/lib/python3.12/site-packages/airflow/example_dags/example_branch_python_dop_operator_3.py
[2024-07-04T00:00:47.334+0000] {processor.py:830} INFO - Processing file /home/airflow/.local/lib/python3.12/site-packages/airflow/example_dags/example_branch_python_dop_operator_3.py for tasks to queue
[2024-07-04T00:00:47.337+0000] {logging_mixin.py:188} INFO - [2024-07-04T00:00:47.336+0000] {dagbag.py:545} INFO - Filling up the DagBag from /home/airflow/.local/lib/python3.12/site-packages/airflow/example_dags/example_branch_python_dop_operator_3.py
[2024-07-04T00:00:47.366+0000] {processor.py:840} INFO - DAG(s) 'example_branch_dop_operator_v3' retrieved from /home/airflow/.local/lib/python3.12/site-packages/airflow/example_dags/example_branch_python_dop_operator_3.py
[2024-07-04T00:00:47.428+0000] {logging_mixin.py:188} INFO - [2024-07-04T00:00:47.428+0000] {dag.py:3096} INFO - Sync 1 DAGs
[2024-07-04T00:00:47.532+0000] {logging_mixin.py:188} INFO - [2024-07-04T00:00:47.532+0000] {dag.py:3954} INFO - Setting next_dagrun for example_branch_dop_operator_v3 to 2024-07-03 23:59:00+00:00, run_after=2024-07-04 00:00:00+00:00
[2024-07-04T00:00:47.788+0000] {processor.py:183} INFO - Processing /home/airflow/.local/lib/python3.12/site-packages/airflow/example_dags/example_branch_python_dop_operator_3.py took 0.479 seconds
[2024-07-04T00:04:14.812+0000] {processor.py:161} INFO - Started process (PID=5089) to work on /home/airflow/.local/lib/python3.12/site-packages/airflow/example_dags/example_branch_python_dop_operator_3.py
[2024-07-04T00:04:14.815+0000] {processor.py:830} INFO - Processing file /home/airflow/.local/lib/python3.12/site-packages/airflow/example_dags/example_branch_python_dop_operator_3.py for tasks to queue
[2024-07-04T00:04:14.818+0000] {logging_mixin.py:188} INFO - [2024-07-04T00:04:14.817+0000] {dagbag.py:545} INFO - Filling up the DagBag from /home/airflow/.local/lib/python3.12/site-packages/airflow/example_dags/example_branch_python_dop_operator_3.py
[2024-07-04T00:04:14.869+0000] {processor.py:840} INFO - DAG(s) 'example_branch_dop_operator_v3' retrieved from /home/airflow/.local/lib/python3.12/site-packages/airflow/example_dags/example_branch_python_dop_operator_3.py
[2024-07-04T00:04:14.957+0000] {logging_mixin.py:188} INFO - [2024-07-04T00:04:14.956+0000] {dag.py:3096} INFO - Sync 1 DAGs
[2024-07-04T00:04:15.142+0000] {logging_mixin.py:188} INFO - [2024-07-04T00:04:15.141+0000] {dag.py:3954} INFO - Setting next_dagrun for example_branch_dop_operator_v3 to 2024-07-04 00:03:00+00:00, run_after=2024-07-04 00:04:00+00:00
[2024-07-04T00:04:15.215+0000] {processor.py:183} INFO - Processing /home/airflow/.local/lib/python3.12/site-packages/airflow/example_dags/example_branch_python_dop_operator_3.py took 0.415 seconds
[2024-07-04T00:14:37.951+0000] {processor.py:161} INFO - Started process (PID=84) to work on /home/airflow/.local/lib/python3.12/site-packages/airflow/example_dags/example_branch_python_dop_operator_3.py
[2024-07-04T00:14:37.993+0000] {processor.py:830} INFO - Processing file /home/airflow/.local/lib/python3.12/site-packages/airflow/example_dags/example_branch_python_dop_operator_3.py for tasks to queue
[2024-07-04T00:14:38.010+0000] {logging_mixin.py:188} INFO - [2024-07-04T00:14:38.009+0000] {dagbag.py:545} INFO - Filling up the DagBag from /home/airflow/.local/lib/python3.12/site-packages/airflow/example_dags/example_branch_python_dop_operator_3.py
[2024-07-04T00:14:38.141+0000] {processor.py:840} INFO - DAG(s) 'example_branch_dop_operator_v3' retrieved from /home/airflow/.local/lib/python3.12/site-packages/airflow/example_dags/example_branch_python_dop_operator_3.py
[2024-07-04T00:14:39.122+0000] {logging_mixin.py:188} INFO - [2024-07-04T00:14:39.121+0000] {dag.py:3096} INFO - Sync 1 DAGs
[2024-07-04T00:14:39.230+0000] {logging_mixin.py:188} INFO - [2024-07-04T00:14:39.229+0000] {dag.py:3954} INFO - Setting next_dagrun for example_branch_dop_operator_v3 to 2024-07-04 00:13:00+00:00, run_after=2024-07-04 00:14:00+00:00
[2024-07-04T00:14:39.354+0000] {processor.py:183} INFO - Processing /home/airflow/.local/lib/python3.12/site-packages/airflow/example_dags/example_branch_python_dop_operator_3.py took 1.437 seconds
[2024-07-04T00:15:17.985+0000] {processor.py:161} INFO - Started process (PID=144) to work on /home/airflow/.local/lib/python3.12/site-packages/airflow/example_dags/example_branch_python_dop_operator_3.py
[2024-07-04T00:15:17.999+0000] {processor.py:830} INFO - Processing file /home/airflow/.local/lib/python3.12/site-packages/airflow/example_dags/example_branch_python_dop_operator_3.py for tasks to queue
[2024-07-04T00:15:18.021+0000] {logging_mixin.py:188} INFO - [2024-07-04T00:15:18.013+0000] {dagbag.py:545} INFO - Filling up the DagBag from /home/airflow/.local/lib/python3.12/site-packages/airflow/example_dags/example_branch_python_dop_operator_3.py
[2024-07-04T00:15:18.079+0000] {processor.py:840} INFO - DAG(s) 'example_branch_dop_operator_v3' retrieved from /home/airflow/.local/lib/python3.12/site-packages/airflow/example_dags/example_branch_python_dop_operator_3.py
[2024-07-04T00:15:18.208+0000] {logging_mixin.py:188} INFO - [2024-07-04T00:15:18.205+0000] {dag.py:3096} INFO - Sync 1 DAGs
[2024-07-04T00:15:18.471+0000] {logging_mixin.py:188} INFO - [2024-07-04T00:15:18.469+0000] {dag.py:3954} INFO - Setting next_dagrun for example_branch_dop_operator_v3 to 2024-07-04 00:14:00+00:00, run_after=2024-07-04 00:15:00+00:00
[2024-07-04T00:15:18.665+0000] {processor.py:183} INFO - Processing /home/airflow/.local/lib/python3.12/site-packages/airflow/example_dags/example_branch_python_dop_operator_3.py took 0.721 seconds
[2024-07-04T00:15:51.443+0000] {processor.py:161} INFO - Started process (PID=204) to work on /home/airflow/.local/lib/python3.12/site-packages/airflow/example_dags/example_branch_python_dop_operator_3.py
[2024-07-04T00:15:51.663+0000] {processor.py:830} INFO - Processing file /home/airflow/.local/lib/python3.12/site-packages/airflow/example_dags/example_branch_python_dop_operator_3.py for tasks to queue
[2024-07-04T00:15:51.668+0000] {logging_mixin.py:188} INFO - [2024-07-04T00:15:51.667+0000] {dagbag.py:545} INFO - Filling up the DagBag from /home/airflow/.local/lib/python3.12/site-packages/airflow/example_dags/example_branch_python_dop_operator_3.py
[2024-07-04T00:15:51.691+0000] {processor.py:840} INFO - DAG(s) 'example_branch_dop_operator_v3' retrieved from /home/airflow/.local/lib/python3.12/site-packages/airflow/example_dags/example_branch_python_dop_operator_3.py
[2024-07-04T00:15:52.682+0000] {logging_mixin.py:188} INFO - [2024-07-04T00:15:52.681+0000] {dag.py:3096} INFO - Sync 1 DAGs
[2024-07-04T00:15:52.889+0000] {logging_mixin.py:188} INFO - [2024-07-04T00:15:52.887+0000] {dag.py:3954} INFO - Setting next_dagrun for example_branch_dop_operator_v3 to 2024-07-04 00:14:00+00:00, run_after=2024-07-04 00:15:00+00:00
[2024-07-04T00:15:53.053+0000] {processor.py:183} INFO - Processing /home/airflow/.local/lib/python3.12/site-packages/airflow/example_dags/example_branch_python_dop_operator_3.py took 1.630 seconds
[2024-07-04T00:16:55.661+0000] {processor.py:161} INFO - Started process (PID=270) to work on /home/airflow/.local/lib/python3.12/site-packages/airflow/example_dags/example_branch_python_dop_operator_3.py
[2024-07-04T00:16:55.665+0000] {processor.py:830} INFO - Processing file /home/airflow/.local/lib/python3.12/site-packages/airflow/example_dags/example_branch_python_dop_operator_3.py for tasks to queue
[2024-07-04T00:16:55.672+0000] {logging_mixin.py:188} INFO - [2024-07-04T00:16:55.671+0000] {dagbag.py:545} INFO - Filling up the DagBag from /home/airflow/.local/lib/python3.12/site-packages/airflow/example_dags/example_branch_python_dop_operator_3.py
[2024-07-04T00:16:55.771+0000] {processor.py:840} INFO - DAG(s) 'example_branch_dop_operator_v3' retrieved from /home/airflow/.local/lib/python3.12/site-packages/airflow/example_dags/example_branch_python_dop_operator_3.py
[2024-07-04T00:16:55.912+0000] {logging_mixin.py:188} INFO - [2024-07-04T00:16:55.912+0000] {dag.py:3096} INFO - Sync 1 DAGs
[2024-07-04T00:16:56.106+0000] {logging_mixin.py:188} INFO - [2024-07-04T00:16:56.105+0000] {dag.py:3954} INFO - Setting next_dagrun for example_branch_dop_operator_v3 to 2024-07-04 00:15:00+00:00, run_after=2024-07-04 00:16:00+00:00
[2024-07-04T00:16:57.253+0000] {processor.py:183} INFO - Processing /home/airflow/.local/lib/python3.12/site-packages/airflow/example_dags/example_branch_python_dop_operator_3.py took 1.609 seconds
[2024-07-04T00:17:28.219+0000] {processor.py:161} INFO - Started process (PID=327) to work on /home/airflow/.local/lib/python3.12/site-packages/airflow/example_dags/example_branch_python_dop_operator_3.py
[2024-07-04T00:17:28.225+0000] {processor.py:830} INFO - Processing file /home/airflow/.local/lib/python3.12/site-packages/airflow/example_dags/example_branch_python_dop_operator_3.py for tasks to queue
[2024-07-04T00:17:28.237+0000] {logging_mixin.py:188} INFO - [2024-07-04T00:17:28.235+0000] {dagbag.py:545} INFO - Filling up the DagBag from /home/airflow/.local/lib/python3.12/site-packages/airflow/example_dags/example_branch_python_dop_operator_3.py
[2024-07-04T00:17:28.292+0000] {processor.py:840} INFO - DAG(s) 'example_branch_dop_operator_v3' retrieved from /home/airflow/.local/lib/python3.12/site-packages/airflow/example_dags/example_branch_python_dop_operator_3.py
[2024-07-04T00:17:28.384+0000] {logging_mixin.py:188} INFO - [2024-07-04T00:17:28.382+0000] {dag.py:3096} INFO - Sync 1 DAGs
[2024-07-04T00:17:28.528+0000] {logging_mixin.py:188} INFO - [2024-07-04T00:17:28.527+0000] {dag.py:3954} INFO - Setting next_dagrun for example_branch_dop_operator_v3 to 2024-07-04 00:16:00+00:00, run_after=2024-07-04 00:17:00+00:00
[2024-07-04T00:17:28.661+0000] {processor.py:183} INFO - Processing /home/airflow/.local/lib/python3.12/site-packages/airflow/example_dags/example_branch_python_dop_operator_3.py took 0.469 seconds
[2024-07-04T00:18:03.129+0000] {processor.py:161} INFO - Started process (PID=387) to work on /home/airflow/.local/lib/python3.12/site-packages/airflow/example_dags/example_branch_python_dop_operator_3.py
[2024-07-04T00:18:03.131+0000] {processor.py:830} INFO - Processing file /home/airflow/.local/lib/python3.12/site-packages/airflow/example_dags/example_branch_python_dop_operator_3.py for tasks to queue
[2024-07-04T00:18:03.136+0000] {logging_mixin.py:188} INFO - [2024-07-04T00:18:03.135+0000] {dagbag.py:545} INFO - Filling up the DagBag from /home/airflow/.local/lib/python3.12/site-packages/airflow/example_dags/example_branch_python_dop_operator_3.py
[2024-07-04T00:18:03.159+0000] {processor.py:840} INFO - DAG(s) 'example_branch_dop_operator_v3' retrieved from /home/airflow/.local/lib/python3.12/site-packages/airflow/example_dags/example_branch_python_dop_operator_3.py
[2024-07-04T00:18:03.208+0000] {logging_mixin.py:188} INFO - [2024-07-04T00:18:03.207+0000] {dag.py:3096} INFO - Sync 1 DAGs
[2024-07-04T00:18:03.291+0000] {logging_mixin.py:188} INFO - [2024-07-04T00:18:03.290+0000] {dag.py:3954} INFO - Setting next_dagrun for example_branch_dop_operator_v3 to 2024-07-04 00:17:00+00:00, run_after=2024-07-04 00:18:00+00:00
[2024-07-04T00:18:03.360+0000] {processor.py:183} INFO - Processing /home/airflow/.local/lib/python3.12/site-packages/airflow/example_dags/example_branch_python_dop_operator_3.py took 0.243 seconds
[2024-07-04T00:18:40.383+0000] {processor.py:161} INFO - Started process (PID=443) to work on /home/airflow/.local/lib/python3.12/site-packages/airflow/example_dags/example_branch_python_dop_operator_3.py
[2024-07-04T00:18:40.408+0000] {processor.py:830} INFO - Processing file /home/airflow/.local/lib/python3.12/site-packages/airflow/example_dags/example_branch_python_dop_operator_3.py for tasks to queue
[2024-07-04T00:18:40.414+0000] {logging_mixin.py:188} INFO - [2024-07-04T00:18:40.414+0000] {dagbag.py:545} INFO - Filling up the DagBag from /home/airflow/.local/lib/python3.12/site-packages/airflow/example_dags/example_branch_python_dop_operator_3.py
[2024-07-04T00:18:40.437+0000] {processor.py:840} INFO - DAG(s) 'example_branch_dop_operator_v3' retrieved from /home/airflow/.local/lib/python3.12/site-packages/airflow/example_dags/example_branch_python_dop_operator_3.py
[2024-07-04T00:18:40.494+0000] {logging_mixin.py:188} INFO - [2024-07-04T00:18:40.492+0000] {dag.py:3096} INFO - Sync 1 DAGs
[2024-07-04T00:18:40.560+0000] {logging_mixin.py:188} INFO - [2024-07-04T00:18:40.560+0000] {dag.py:3954} INFO - Setting next_dagrun for example_branch_dop_operator_v3 to 2024-07-04 00:17:00+00:00, run_after=2024-07-04 00:18:00+00:00
[2024-07-04T00:18:40.775+0000] {processor.py:183} INFO - Processing /home/airflow/.local/lib/python3.12/site-packages/airflow/example_dags/example_branch_python_dop_operator_3.py took 0.414 seconds
[2024-07-04T00:54:15.116+0000] {processor.py:161} INFO - Started process (PID=78) to work on /home/airflow/.local/lib/python3.12/site-packages/airflow/example_dags/example_branch_python_dop_operator_3.py
[2024-07-04T00:54:15.352+0000] {processor.py:830} INFO - Processing file /home/airflow/.local/lib/python3.12/site-packages/airflow/example_dags/example_branch_python_dop_operator_3.py for tasks to queue
[2024-07-04T00:54:15.460+0000] {logging_mixin.py:188} INFO - [2024-07-04T00:54:15.457+0000] {dagbag.py:545} INFO - Filling up the DagBag from /home/airflow/.local/lib/python3.12/site-packages/airflow/example_dags/example_branch_python_dop_operator_3.py
[2024-07-04T00:54:15.655+0000] {processor.py:840} INFO - DAG(s) 'example_branch_dop_operator_v3' retrieved from /home/airflow/.local/lib/python3.12/site-packages/airflow/example_dags/example_branch_python_dop_operator_3.py
[2024-07-04T00:54:16.916+0000] {logging_mixin.py:188} INFO - [2024-07-04T00:54:16.915+0000] {dag.py:3096} INFO - Sync 1 DAGs
[2024-07-04T00:54:17.169+0000] {logging_mixin.py:188} INFO - [2024-07-04T00:54:17.167+0000] {dag.py:3954} INFO - Setting next_dagrun for example_branch_dop_operator_v3 to 2024-07-04 00:53:00+00:00, run_after=2024-07-04 00:54:00+00:00
[2024-07-04T00:54:17.338+0000] {processor.py:183} INFO - Processing /home/airflow/.local/lib/python3.12/site-packages/airflow/example_dags/example_branch_python_dop_operator_3.py took 2.512 seconds
[2024-07-04T00:55:01.799+0000] {processor.py:161} INFO - Started process (PID=138) to work on /home/airflow/.local/lib/python3.12/site-packages/airflow/example_dags/example_branch_python_dop_operator_3.py
[2024-07-04T00:55:01.801+0000] {processor.py:830} INFO - Processing file /home/airflow/.local/lib/python3.12/site-packages/airflow/example_dags/example_branch_python_dop_operator_3.py for tasks to queue
[2024-07-04T00:55:01.806+0000] {logging_mixin.py:188} INFO - [2024-07-04T00:55:01.805+0000] {dagbag.py:545} INFO - Filling up the DagBag from /home/airflow/.local/lib/python3.12/site-packages/airflow/example_dags/example_branch_python_dop_operator_3.py
[2024-07-04T00:55:01.891+0000] {processor.py:840} INFO - DAG(s) 'example_branch_dop_operator_v3' retrieved from /home/airflow/.local/lib/python3.12/site-packages/airflow/example_dags/example_branch_python_dop_operator_3.py
[2024-07-04T00:55:02.117+0000] {logging_mixin.py:188} INFO - [2024-07-04T00:55:02.116+0000] {dag.py:3096} INFO - Sync 1 DAGs
[2024-07-04T00:55:02.196+0000] {logging_mixin.py:188} INFO - [2024-07-04T00:55:02.195+0000] {dag.py:3954} INFO - Setting next_dagrun for example_branch_dop_operator_v3 to 2024-07-04 00:54:00+00:00, run_after=2024-07-04 00:55:00+00:00
[2024-07-04T00:55:02.421+0000] {processor.py:183} INFO - Processing /home/airflow/.local/lib/python3.12/site-packages/airflow/example_dags/example_branch_python_dop_operator_3.py took 0.638 seconds
[2024-07-04T00:55:33.306+0000] {processor.py:161} INFO - Started process (PID=198) to work on /home/airflow/.local/lib/python3.12/site-packages/airflow/example_dags/example_branch_python_dop_operator_3.py
[2024-07-04T00:55:33.309+0000] {processor.py:830} INFO - Processing file /home/airflow/.local/lib/python3.12/site-packages/airflow/example_dags/example_branch_python_dop_operator_3.py for tasks to queue
[2024-07-04T00:55:33.319+0000] {logging_mixin.py:188} INFO - [2024-07-04T00:55:33.316+0000] {dagbag.py:545} INFO - Filling up the DagBag from /home/airflow/.local/lib/python3.12/site-packages/airflow/example_dags/example_branch_python_dop_operator_3.py
[2024-07-04T00:55:33.346+0000] {processor.py:840} INFO - DAG(s) 'example_branch_dop_operator_v3' retrieved from /home/airflow/.local/lib/python3.12/site-packages/airflow/example_dags/example_branch_python_dop_operator_3.py
[2024-07-04T00:55:33.402+0000] {logging_mixin.py:188} INFO - [2024-07-04T00:55:33.401+0000] {dag.py:3096} INFO - Sync 1 DAGs
[2024-07-04T00:55:33.528+0000] {logging_mixin.py:188} INFO - [2024-07-04T00:55:33.527+0000] {dag.py:3954} INFO - Setting next_dagrun for example_branch_dop_operator_v3 to 2024-07-04 00:54:00+00:00, run_after=2024-07-04 00:55:00+00:00
[2024-07-04T00:55:33.576+0000] {processor.py:183} INFO - Processing /home/airflow/.local/lib/python3.12/site-packages/airflow/example_dags/example_branch_python_dop_operator_3.py took 0.288 seconds
[2024-07-04T00:56:05.452+0000] {processor.py:161} INFO - Started process (PID=258) to work on /home/airflow/.local/lib/python3.12/site-packages/airflow/example_dags/example_branch_python_dop_operator_3.py
[2024-07-04T00:56:05.455+0000] {processor.py:830} INFO - Processing file /home/airflow/.local/lib/python3.12/site-packages/airflow/example_dags/example_branch_python_dop_operator_3.py for tasks to queue
[2024-07-04T00:56:05.461+0000] {logging_mixin.py:188} INFO - [2024-07-04T00:56:05.460+0000] {dagbag.py:545} INFO - Filling up the DagBag from /home/airflow/.local/lib/python3.12/site-packages/airflow/example_dags/example_branch_python_dop_operator_3.py
[2024-07-04T00:56:05.477+0000] {processor.py:840} INFO - DAG(s) 'example_branch_dop_operator_v3' retrieved from /home/airflow/.local/lib/python3.12/site-packages/airflow/example_dags/example_branch_python_dop_operator_3.py
[2024-07-04T00:56:05.523+0000] {logging_mixin.py:188} INFO - [2024-07-04T00:56:05.523+0000] {dag.py:3096} INFO - Sync 1 DAGs
[2024-07-04T00:56:05.610+0000] {logging_mixin.py:188} INFO - [2024-07-04T00:56:05.610+0000] {dag.py:3954} INFO - Setting next_dagrun for example_branch_dop_operator_v3 to 2024-07-04 00:55:00+00:00, run_after=2024-07-04 00:56:00+00:00
[2024-07-04T00:56:05.687+0000] {processor.py:183} INFO - Processing /home/airflow/.local/lib/python3.12/site-packages/airflow/example_dags/example_branch_python_dop_operator_3.py took 0.245 seconds
[2024-07-04T00:56:43.127+0000] {processor.py:161} INFO - Started process (PID=316) to work on /home/airflow/.local/lib/python3.12/site-packages/airflow/example_dags/example_branch_python_dop_operator_3.py
[2024-07-04T00:56:43.129+0000] {processor.py:830} INFO - Processing file /home/airflow/.local/lib/python3.12/site-packages/airflow/example_dags/example_branch_python_dop_operator_3.py for tasks to queue
[2024-07-04T00:56:43.134+0000] {logging_mixin.py:188} INFO - [2024-07-04T00:56:43.133+0000] {dagbag.py:545} INFO - Filling up the DagBag from /home/airflow/.local/lib/python3.12/site-packages/airflow/example_dags/example_branch_python_dop_operator_3.py
[2024-07-04T00:56:43.151+0000] {processor.py:840} INFO - DAG(s) 'example_branch_dop_operator_v3' retrieved from /home/airflow/.local/lib/python3.12/site-packages/airflow/example_dags/example_branch_python_dop_operator_3.py
[2024-07-04T00:56:43.198+0000] {logging_mixin.py:188} INFO - [2024-07-04T00:56:43.198+0000] {dag.py:3096} INFO - Sync 1 DAGs
[2024-07-04T00:56:43.261+0000] {logging_mixin.py:188} INFO - [2024-07-04T00:56:43.261+0000] {dag.py:3954} INFO - Setting next_dagrun for example_branch_dop_operator_v3 to 2024-07-04 00:55:00+00:00, run_after=2024-07-04 00:56:00+00:00
[2024-07-04T00:56:43.308+0000] {processor.py:183} INFO - Processing /home/airflow/.local/lib/python3.12/site-packages/airflow/example_dags/example_branch_python_dop_operator_3.py took 0.192 seconds
[2024-07-04T00:57:21.418+0000] {processor.py:161} INFO - Started process (PID=376) to work on /home/airflow/.local/lib/python3.12/site-packages/airflow/example_dags/example_branch_python_dop_operator_3.py
[2024-07-04T00:57:21.516+0000] {processor.py:830} INFO - Processing file /home/airflow/.local/lib/python3.12/site-packages/airflow/example_dags/example_branch_python_dop_operator_3.py for tasks to queue
[2024-07-04T00:57:21.520+0000] {logging_mixin.py:188} INFO - [2024-07-04T00:57:21.519+0000] {dagbag.py:545} INFO - Filling up the DagBag from /home/airflow/.local/lib/python3.12/site-packages/airflow/example_dags/example_branch_python_dop_operator_3.py
[2024-07-04T00:57:21.539+0000] {processor.py:840} INFO - DAG(s) 'example_branch_dop_operator_v3' retrieved from /home/airflow/.local/lib/python3.12/site-packages/airflow/example_dags/example_branch_python_dop_operator_3.py
[2024-07-04T00:57:21.576+0000] {logging_mixin.py:188} INFO - [2024-07-04T00:57:21.576+0000] {dag.py:3096} INFO - Sync 1 DAGs
[2024-07-04T00:57:21.618+0000] {logging_mixin.py:188} INFO - [2024-07-04T00:57:21.617+0000] {dag.py:3954} INFO - Setting next_dagrun for example_branch_dop_operator_v3 to 2024-07-04 00:56:00+00:00, run_after=2024-07-04 00:57:00+00:00
[2024-07-04T00:57:21.958+0000] {processor.py:183} INFO - Processing /home/airflow/.local/lib/python3.12/site-packages/airflow/example_dags/example_branch_python_dop_operator_3.py took 0.549 seconds
[2024-07-04T00:58:08.596+0000] {processor.py:161} INFO - Started process (PID=444) to work on /home/airflow/.local/lib/python3.12/site-packages/airflow/example_dags/example_branch_python_dop_operator_3.py
[2024-07-04T00:58:08.602+0000] {processor.py:830} INFO - Processing file /home/airflow/.local/lib/python3.12/site-packages/airflow/example_dags/example_branch_python_dop_operator_3.py for tasks to queue
[2024-07-04T00:58:08.609+0000] {logging_mixin.py:188} INFO - [2024-07-04T00:58:08.607+0000] {dagbag.py:545} INFO - Filling up the DagBag from /home/airflow/.local/lib/python3.12/site-packages/airflow/example_dags/example_branch_python_dop_operator_3.py
[2024-07-04T00:58:08.640+0000] {processor.py:840} INFO - DAG(s) 'example_branch_dop_operator_v3' retrieved from /home/airflow/.local/lib/python3.12/site-packages/airflow/example_dags/example_branch_python_dop_operator_3.py
[2024-07-04T00:58:08.737+0000] {logging_mixin.py:188} INFO - [2024-07-04T00:58:08.736+0000] {dag.py:3096} INFO - Sync 1 DAGs
[2024-07-04T00:58:08.834+0000] {logging_mixin.py:188} INFO - [2024-07-04T00:58:08.834+0000] {dag.py:3954} INFO - Setting next_dagrun for example_branch_dop_operator_v3 to 2024-07-04 00:57:00+00:00, run_after=2024-07-04 00:58:00+00:00
[2024-07-04T00:58:08.878+0000] {processor.py:183} INFO - Processing /home/airflow/.local/lib/python3.12/site-packages/airflow/example_dags/example_branch_python_dop_operator_3.py took 0.302 seconds
[2024-07-04T00:59:05.742+0000] {processor.py:161} INFO - Started process (PID=507) to work on /home/airflow/.local/lib/python3.12/site-packages/airflow/example_dags/example_branch_python_dop_operator_3.py
[2024-07-04T00:59:05.750+0000] {processor.py:830} INFO - Processing file /home/airflow/.local/lib/python3.12/site-packages/airflow/example_dags/example_branch_python_dop_operator_3.py for tasks to queue
[2024-07-04T00:59:05.758+0000] {logging_mixin.py:188} INFO - [2024-07-04T00:59:05.757+0000] {dagbag.py:545} INFO - Filling up the DagBag from /home/airflow/.local/lib/python3.12/site-packages/airflow/example_dags/example_branch_python_dop_operator_3.py
[2024-07-04T00:59:05.842+0000] {processor.py:840} INFO - DAG(s) 'example_branch_dop_operator_v3' retrieved from /home/airflow/.local/lib/python3.12/site-packages/airflow/example_dags/example_branch_python_dop_operator_3.py
[2024-07-04T00:59:06.000+0000] {logging_mixin.py:188} INFO - [2024-07-04T00:59:06.000+0000] {dag.py:3096} INFO - Sync 1 DAGs
[2024-07-04T00:59:06.140+0000] {logging_mixin.py:188} INFO - [2024-07-04T00:59:06.139+0000] {dag.py:3954} INFO - Setting next_dagrun for example_branch_dop_operator_v3 to 2024-07-04 00:58:00+00:00, run_after=2024-07-04 00:59:00+00:00
[2024-07-04T00:59:06.241+0000] {processor.py:183} INFO - Processing /home/airflow/.local/lib/python3.12/site-packages/airflow/example_dags/example_branch_python_dop_operator_3.py took 0.528 seconds
[2024-07-04T00:59:40.167+0000] {processor.py:161} INFO - Started process (PID=571) to work on /home/airflow/.local/lib/python3.12/site-packages/airflow/example_dags/example_branch_python_dop_operator_3.py
[2024-07-04T00:59:40.254+0000] {processor.py:830} INFO - Processing file /home/airflow/.local/lib/python3.12/site-packages/airflow/example_dags/example_branch_python_dop_operator_3.py for tasks to queue
[2024-07-04T00:59:40.263+0000] {logging_mixin.py:188} INFO - [2024-07-04T00:59:40.262+0000] {dagbag.py:545} INFO - Filling up the DagBag from /home/airflow/.local/lib/python3.12/site-packages/airflow/example_dags/example_branch_python_dop_operator_3.py
[2024-07-04T00:59:40.338+0000] {processor.py:840} INFO - DAG(s) 'example_branch_dop_operator_v3' retrieved from /home/airflow/.local/lib/python3.12/site-packages/airflow/example_dags/example_branch_python_dop_operator_3.py
[2024-07-04T00:59:40.419+0000] {logging_mixin.py:188} INFO - [2024-07-04T00:59:40.419+0000] {dag.py:3096} INFO - Sync 1 DAGs
[2024-07-04T00:59:40.544+0000] {logging_mixin.py:188} INFO - [2024-07-04T00:59:40.542+0000] {dag.py:3954} INFO - Setting next_dagrun for example_branch_dop_operator_v3 to 2024-07-04 00:58:00+00:00, run_after=2024-07-04 00:59:00+00:00
[2024-07-04T00:59:41.128+0000] {processor.py:183} INFO - Processing /home/airflow/.local/lib/python3.12/site-packages/airflow/example_dags/example_branch_python_dop_operator_3.py took 1.037 seconds
[2024-07-04T01:03:29.166+0000] {processor.py:161} INFO - Started process (PID=715) to work on /home/airflow/.local/lib/python3.12/site-packages/airflow/example_dags/example_branch_python_dop_operator_3.py
[2024-07-04T01:03:29.172+0000] {processor.py:830} INFO - Processing file /home/airflow/.local/lib/python3.12/site-packages/airflow/example_dags/example_branch_python_dop_operator_3.py for tasks to queue
[2024-07-04T01:03:29.178+0000] {logging_mixin.py:188} INFO - [2024-07-04T01:03:29.176+0000] {dagbag.py:545} INFO - Filling up the DagBag from /home/airflow/.local/lib/python3.12/site-packages/airflow/example_dags/example_branch_python_dop_operator_3.py
[2024-07-04T01:03:29.260+0000] {processor.py:840} INFO - DAG(s) 'example_branch_dop_operator_v3' retrieved from /home/airflow/.local/lib/python3.12/site-packages/airflow/example_dags/example_branch_python_dop_operator_3.py
[2024-07-04T01:03:31.875+0000] {logging_mixin.py:188} INFO - [2024-07-04T01:03:31.809+0000] {dag.py:3096} INFO - Sync 1 DAGs
[2024-07-04T01:03:58.086+0000] {logging_mixin.py:188} INFO - [2024-07-04T01:03:58.084+0000] {dag.py:3954} INFO - Setting next_dagrun for example_branch_dop_operator_v3 to 2024-07-04 01:02:00+00:00, run_after=2024-07-04 01:03:00+00:00
[2024-07-04T01:03:58.296+0000] {processor.py:183} INFO - Processing /home/airflow/.local/lib/python3.12/site-packages/airflow/example_dags/example_branch_python_dop_operator_3.py took 29.162 seconds
