[2024-07-04T00:00:39.074+0000] {processor.py:161} INFO - Started process (PID=5021) to work on /home/airflow/.local/lib/python3.12/site-packages/airflow/example_dags/example_short_circuit_operator.py
[2024-07-04T00:00:39.076+0000] {processor.py:830} INFO - Processing file /home/airflow/.local/lib/python3.12/site-packages/airflow/example_dags/example_short_circuit_operator.py for tasks to queue
[2024-07-04T00:00:39.081+0000] {logging_mixin.py:188} INFO - [2024-07-04T00:00:39.078+0000] {dagbag.py:545} INFO - Filling up the DagBag from /home/airflow/.local/lib/python3.12/site-packages/airflow/example_dags/example_short_circuit_operator.py
[2024-07-04T00:00:39.269+0000] {processor.py:840} INFO - DAG(s) 'example_short_circuit_operator' retrieved from /home/airflow/.local/lib/python3.12/site-packages/airflow/example_dags/example_short_circuit_operator.py
[2024-07-04T00:00:39.731+0000] {logging_mixin.py:188} INFO - [2024-07-04T00:00:39.729+0000] {dag.py:3096} INFO - Sync 1 DAGs
[2024-07-04T00:00:39.830+0000] {logging_mixin.py:188} INFO - [2024-07-04T00:00:39.829+0000] {dag.py:3954} INFO - Setting next_dagrun for example_short_circuit_operator to 2024-07-03 00:00:00+00:00, run_after=2024-07-04 00:00:00+00:00
[2024-07-04T00:00:40.129+0000] {processor.py:183} INFO - Processing /home/airflow/.local/lib/python3.12/site-packages/airflow/example_dags/example_short_circuit_operator.py took 1.070 seconds
[2024-07-04T00:04:11.507+0000] {processor.py:161} INFO - Started process (PID=5075) to work on /home/airflow/.local/lib/python3.12/site-packages/airflow/example_dags/example_short_circuit_operator.py
[2024-07-04T00:04:11.511+0000] {processor.py:830} INFO - Processing file /home/airflow/.local/lib/python3.12/site-packages/airflow/example_dags/example_short_circuit_operator.py for tasks to queue
[2024-07-04T00:04:11.514+0000] {logging_mixin.py:188} INFO - [2024-07-04T00:04:11.513+0000] {dagbag.py:545} INFO - Filling up the DagBag from /home/airflow/.local/lib/python3.12/site-packages/airflow/example_dags/example_short_circuit_operator.py
[2024-07-04T00:04:11.550+0000] {processor.py:840} INFO - DAG(s) 'example_short_circuit_operator' retrieved from /home/airflow/.local/lib/python3.12/site-packages/airflow/example_dags/example_short_circuit_operator.py
[2024-07-04T00:04:11.631+0000] {logging_mixin.py:188} INFO - [2024-07-04T00:04:11.630+0000] {dag.py:3096} INFO - Sync 1 DAGs
[2024-07-04T00:04:11.711+0000] {logging_mixin.py:188} INFO - [2024-07-04T00:04:11.709+0000] {dag.py:3954} INFO - Setting next_dagrun for example_short_circuit_operator to 2024-07-03 00:00:00+00:00, run_after=2024-07-04 00:00:00+00:00
[2024-07-04T00:04:11.785+0000] {processor.py:183} INFO - Processing /home/airflow/.local/lib/python3.12/site-packages/airflow/example_dags/example_short_circuit_operator.py took 0.297 seconds
[2024-07-04T00:13:55.593+0000] {processor.py:161} INFO - Started process (PID=58) to work on /home/airflow/.local/lib/python3.12/site-packages/airflow/example_dags/example_short_circuit_operator.py
[2024-07-04T00:13:55.634+0000] {processor.py:830} INFO - Processing file /home/airflow/.local/lib/python3.12/site-packages/airflow/example_dags/example_short_circuit_operator.py for tasks to queue
[2024-07-04T00:13:55.723+0000] {logging_mixin.py:188} INFO - [2024-07-04T00:13:55.712+0000] {dagbag.py:545} INFO - Filling up the DagBag from /home/airflow/.local/lib/python3.12/site-packages/airflow/example_dags/example_short_circuit_operator.py
[2024-07-04T00:13:56.083+0000] {processor.py:840} INFO - DAG(s) 'example_short_circuit_operator' retrieved from /home/airflow/.local/lib/python3.12/site-packages/airflow/example_dags/example_short_circuit_operator.py
[2024-07-04T00:13:58.057+0000] {logging_mixin.py:188} INFO - [2024-07-04T00:13:58.056+0000] {dag.py:3096} INFO - Sync 1 DAGs
[2024-07-04T00:13:58.453+0000] {logging_mixin.py:188} INFO - [2024-07-04T00:13:58.451+0000] {dag.py:3954} INFO - Setting next_dagrun for example_short_circuit_operator to 2024-07-03 00:00:00+00:00, run_after=2024-07-04 00:00:00+00:00
[2024-07-04T00:13:58.763+0000] {processor.py:183} INFO - Processing /home/airflow/.local/lib/python3.12/site-packages/airflow/example_dags/example_short_circuit_operator.py took 3.232 seconds
[2024-07-04T00:15:10.516+0000] {processor.py:161} INFO - Started process (PID=130) to work on /home/airflow/.local/lib/python3.12/site-packages/airflow/example_dags/example_short_circuit_operator.py
[2024-07-04T00:15:10.523+0000] {processor.py:830} INFO - Processing file /home/airflow/.local/lib/python3.12/site-packages/airflow/example_dags/example_short_circuit_operator.py for tasks to queue
[2024-07-04T00:15:10.530+0000] {logging_mixin.py:188} INFO - [2024-07-04T00:15:10.529+0000] {dagbag.py:545} INFO - Filling up the DagBag from /home/airflow/.local/lib/python3.12/site-packages/airflow/example_dags/example_short_circuit_operator.py
[2024-07-04T00:15:10.550+0000] {processor.py:840} INFO - DAG(s) 'example_short_circuit_operator' retrieved from /home/airflow/.local/lib/python3.12/site-packages/airflow/example_dags/example_short_circuit_operator.py
[2024-07-04T00:15:10.633+0000] {logging_mixin.py:188} INFO - [2024-07-04T00:15:10.632+0000] {dag.py:3096} INFO - Sync 1 DAGs
[2024-07-04T00:15:10.700+0000] {logging_mixin.py:188} INFO - [2024-07-04T00:15:10.700+0000] {dag.py:3954} INFO - Setting next_dagrun for example_short_circuit_operator to 2024-07-03 00:00:00+00:00, run_after=2024-07-04 00:00:00+00:00
[2024-07-04T00:15:10.747+0000] {processor.py:183} INFO - Processing /home/airflow/.local/lib/python3.12/site-packages/airflow/example_dags/example_short_circuit_operator.py took 0.251 seconds
[2024-07-04T00:15:43.701+0000] {processor.py:161} INFO - Started process (PID=190) to work on /home/airflow/.local/lib/python3.12/site-packages/airflow/example_dags/example_short_circuit_operator.py
[2024-07-04T00:15:43.723+0000] {processor.py:830} INFO - Processing file /home/airflow/.local/lib/python3.12/site-packages/airflow/example_dags/example_short_circuit_operator.py for tasks to queue
[2024-07-04T00:15:43.729+0000] {logging_mixin.py:188} INFO - [2024-07-04T00:15:43.727+0000] {dagbag.py:545} INFO - Filling up the DagBag from /home/airflow/.local/lib/python3.12/site-packages/airflow/example_dags/example_short_circuit_operator.py
[2024-07-04T00:15:43.746+0000] {processor.py:840} INFO - DAG(s) 'example_short_circuit_operator' retrieved from /home/airflow/.local/lib/python3.12/site-packages/airflow/example_dags/example_short_circuit_operator.py
[2024-07-04T00:15:43.809+0000] {logging_mixin.py:188} INFO - [2024-07-04T00:15:43.808+0000] {dag.py:3096} INFO - Sync 1 DAGs
[2024-07-04T00:15:43.867+0000] {logging_mixin.py:188} INFO - [2024-07-04T00:15:43.866+0000] {dag.py:3954} INFO - Setting next_dagrun for example_short_circuit_operator to 2024-07-03 00:00:00+00:00, run_after=2024-07-04 00:00:00+00:00
[2024-07-04T00:15:44.118+0000] {processor.py:183} INFO - Processing /home/airflow/.local/lib/python3.12/site-packages/airflow/example_dags/example_short_circuit_operator.py took 0.430 seconds
[2024-07-04T00:16:21.627+0000] {processor.py:161} INFO - Started process (PID=248) to work on /home/airflow/.local/lib/python3.12/site-packages/airflow/example_dags/example_short_circuit_operator.py
[2024-07-04T00:16:21.635+0000] {processor.py:830} INFO - Processing file /home/airflow/.local/lib/python3.12/site-packages/airflow/example_dags/example_short_circuit_operator.py for tasks to queue
[2024-07-04T00:16:21.640+0000] {logging_mixin.py:188} INFO - [2024-07-04T00:16:21.639+0000] {dagbag.py:545} INFO - Filling up the DagBag from /home/airflow/.local/lib/python3.12/site-packages/airflow/example_dags/example_short_circuit_operator.py
[2024-07-04T00:16:21.673+0000] {processor.py:840} INFO - DAG(s) 'example_short_circuit_operator' retrieved from /home/airflow/.local/lib/python3.12/site-packages/airflow/example_dags/example_short_circuit_operator.py
[2024-07-04T00:16:21.772+0000] {logging_mixin.py:188} INFO - [2024-07-04T00:16:21.771+0000] {dag.py:3096} INFO - Sync 1 DAGs
[2024-07-04T00:16:21.867+0000] {logging_mixin.py:188} INFO - [2024-07-04T00:16:21.866+0000] {dag.py:3954} INFO - Setting next_dagrun for example_short_circuit_operator to 2024-07-03 00:00:00+00:00, run_after=2024-07-04 00:00:00+00:00
[2024-07-04T00:16:21.987+0000] {processor.py:183} INFO - Processing /home/airflow/.local/lib/python3.12/site-packages/airflow/example_dags/example_short_circuit_operator.py took 0.397 seconds
[2024-07-04T00:17:12.191+0000] {processor.py:161} INFO - Started process (PID=306) to work on /home/airflow/.local/lib/python3.12/site-packages/airflow/example_dags/example_short_circuit_operator.py
[2024-07-04T00:17:12.194+0000] {processor.py:830} INFO - Processing file /home/airflow/.local/lib/python3.12/site-packages/airflow/example_dags/example_short_circuit_operator.py for tasks to queue
[2024-07-04T00:17:12.198+0000] {logging_mixin.py:188} INFO - [2024-07-04T00:17:12.198+0000] {dagbag.py:545} INFO - Filling up the DagBag from /home/airflow/.local/lib/python3.12/site-packages/airflow/example_dags/example_short_circuit_operator.py
[2024-07-04T00:17:12.218+0000] {processor.py:840} INFO - DAG(s) 'example_short_circuit_operator' retrieved from /home/airflow/.local/lib/python3.12/site-packages/airflow/example_dags/example_short_circuit_operator.py
[2024-07-04T00:17:12.305+0000] {logging_mixin.py:188} INFO - [2024-07-04T00:17:12.304+0000] {dag.py:3096} INFO - Sync 1 DAGs
[2024-07-04T00:17:12.375+0000] {logging_mixin.py:188} INFO - [2024-07-04T00:17:12.374+0000] {dag.py:3954} INFO - Setting next_dagrun for example_short_circuit_operator to 2024-07-03 00:00:00+00:00, run_after=2024-07-04 00:00:00+00:00
[2024-07-04T00:17:12.433+0000] {processor.py:183} INFO - Processing /home/airflow/.local/lib/python3.12/site-packages/airflow/example_dags/example_short_circuit_operator.py took 0.253 seconds
[2024-07-04T00:17:56.228+0000] {processor.py:161} INFO - Started process (PID=357) to work on /home/airflow/.local/lib/python3.12/site-packages/airflow/example_dags/example_short_circuit_operator.py
[2024-07-04T00:17:56.382+0000] {processor.py:830} INFO - Processing file /home/airflow/.local/lib/python3.12/site-packages/airflow/example_dags/example_short_circuit_operator.py for tasks to queue
[2024-07-04T00:17:56.390+0000] {logging_mixin.py:188} INFO - [2024-07-04T00:17:56.389+0000] {dagbag.py:545} INFO - Filling up the DagBag from /home/airflow/.local/lib/python3.12/site-packages/airflow/example_dags/example_short_circuit_operator.py
[2024-07-04T00:17:56.420+0000] {processor.py:840} INFO - DAG(s) 'example_short_circuit_operator' retrieved from /home/airflow/.local/lib/python3.12/site-packages/airflow/example_dags/example_short_circuit_operator.py
[2024-07-04T00:17:56.590+0000] {logging_mixin.py:188} INFO - [2024-07-04T00:17:56.590+0000] {dag.py:3096} INFO - Sync 1 DAGs
[2024-07-04T00:17:56.785+0000] {logging_mixin.py:188} INFO - [2024-07-04T00:17:56.784+0000] {dag.py:3954} INFO - Setting next_dagrun for example_short_circuit_operator to 2024-07-03 00:00:00+00:00, run_after=2024-07-04 00:00:00+00:00
[2024-07-04T00:17:57.224+0000] {processor.py:183} INFO - Processing /home/airflow/.local/lib/python3.12/site-packages/airflow/example_dags/example_short_circuit_operator.py took 1.019 seconds
[2024-07-04T00:18:27.701+0000] {processor.py:161} INFO - Started process (PID=415) to work on /home/airflow/.local/lib/python3.12/site-packages/airflow/example_dags/example_short_circuit_operator.py
[2024-07-04T00:18:27.706+0000] {processor.py:830} INFO - Processing file /home/airflow/.local/lib/python3.12/site-packages/airflow/example_dags/example_short_circuit_operator.py for tasks to queue
[2024-07-04T00:18:27.720+0000] {logging_mixin.py:188} INFO - [2024-07-04T00:18:27.719+0000] {dagbag.py:545} INFO - Filling up the DagBag from /home/airflow/.local/lib/python3.12/site-packages/airflow/example_dags/example_short_circuit_operator.py
[2024-07-04T00:18:27.752+0000] {processor.py:840} INFO - DAG(s) 'example_short_circuit_operator' retrieved from /home/airflow/.local/lib/python3.12/site-packages/airflow/example_dags/example_short_circuit_operator.py
[2024-07-04T00:18:27.856+0000] {logging_mixin.py:188} INFO - [2024-07-04T00:18:27.855+0000] {dag.py:3096} INFO - Sync 1 DAGs
[2024-07-04T00:18:27.949+0000] {logging_mixin.py:188} INFO - [2024-07-04T00:18:27.948+0000] {dag.py:3954} INFO - Setting next_dagrun for example_short_circuit_operator to 2024-07-03 00:00:00+00:00, run_after=2024-07-04 00:00:00+00:00
[2024-07-04T00:18:28.065+0000] {processor.py:183} INFO - Processing /home/airflow/.local/lib/python3.12/site-packages/airflow/example_dags/example_short_circuit_operator.py took 0.385 seconds
[2024-07-04T00:19:04.194+0000] {processor.py:161} INFO - Started process (PID=471) to work on /home/airflow/.local/lib/python3.12/site-packages/airflow/example_dags/example_short_circuit_operator.py
[2024-07-04T00:19:04.231+0000] {processor.py:830} INFO - Processing file /home/airflow/.local/lib/python3.12/site-packages/airflow/example_dags/example_short_circuit_operator.py for tasks to queue
[2024-07-04T00:19:04.236+0000] {logging_mixin.py:188} INFO - [2024-07-04T00:19:04.235+0000] {dagbag.py:545} INFO - Filling up the DagBag from /home/airflow/.local/lib/python3.12/site-packages/airflow/example_dags/example_short_circuit_operator.py
[2024-07-04T00:19:04.250+0000] {processor.py:840} INFO - DAG(s) 'example_short_circuit_operator' retrieved from /home/airflow/.local/lib/python3.12/site-packages/airflow/example_dags/example_short_circuit_operator.py
[2024-07-04T00:19:04.638+0000] {logging_mixin.py:188} INFO - [2024-07-04T00:19:04.637+0000] {dag.py:3096} INFO - Sync 1 DAGs
[2024-07-04T00:19:04.844+0000] {logging_mixin.py:188} INFO - [2024-07-04T00:19:04.843+0000] {dag.py:3954} INFO - Setting next_dagrun for example_short_circuit_operator to 2024-07-03 00:00:00+00:00, run_after=2024-07-04 00:00:00+00:00
[2024-07-04T00:19:05.081+0000] {processor.py:183} INFO - Processing /home/airflow/.local/lib/python3.12/site-packages/airflow/example_dags/example_short_circuit_operator.py took 0.906 seconds
[2024-07-04T00:53:45.846+0000] {processor.py:161} INFO - Started process (PID=58) to work on /home/airflow/.local/lib/python3.12/site-packages/airflow/example_dags/example_short_circuit_operator.py
[2024-07-04T00:53:45.852+0000] {processor.py:830} INFO - Processing file /home/airflow/.local/lib/python3.12/site-packages/airflow/example_dags/example_short_circuit_operator.py for tasks to queue
[2024-07-04T00:53:45.858+0000] {logging_mixin.py:188} INFO - [2024-07-04T00:53:45.857+0000] {dagbag.py:545} INFO - Filling up the DagBag from /home/airflow/.local/lib/python3.12/site-packages/airflow/example_dags/example_short_circuit_operator.py
[2024-07-04T00:53:45.942+0000] {processor.py:840} INFO - DAG(s) 'example_short_circuit_operator' retrieved from /home/airflow/.local/lib/python3.12/site-packages/airflow/example_dags/example_short_circuit_operator.py
[2024-07-04T00:53:47.280+0000] {logging_mixin.py:188} INFO - [2024-07-04T00:53:47.278+0000] {dag.py:3096} INFO - Sync 1 DAGs
[2024-07-04T00:53:47.584+0000] {logging_mixin.py:188} INFO - [2024-07-04T00:53:47.583+0000] {dag.py:3954} INFO - Setting next_dagrun for example_short_circuit_operator to 2024-07-03 00:00:00+00:00, run_after=2024-07-04 00:00:00+00:00
[2024-07-04T00:53:47.827+0000] {processor.py:183} INFO - Processing /home/airflow/.local/lib/python3.12/site-packages/airflow/example_dags/example_short_circuit_operator.py took 2.005 seconds
[2024-07-04T00:54:58.157+0000] {processor.py:161} INFO - Started process (PID=124) to work on /home/airflow/.local/lib/python3.12/site-packages/airflow/example_dags/example_short_circuit_operator.py
[2024-07-04T00:54:58.161+0000] {processor.py:830} INFO - Processing file /home/airflow/.local/lib/python3.12/site-packages/airflow/example_dags/example_short_circuit_operator.py for tasks to queue
[2024-07-04T00:54:58.169+0000] {logging_mixin.py:188} INFO - [2024-07-04T00:54:58.168+0000] {dagbag.py:545} INFO - Filling up the DagBag from /home/airflow/.local/lib/python3.12/site-packages/airflow/example_dags/example_short_circuit_operator.py
[2024-07-04T00:54:58.193+0000] {processor.py:840} INFO - DAG(s) 'example_short_circuit_operator' retrieved from /home/airflow/.local/lib/python3.12/site-packages/airflow/example_dags/example_short_circuit_operator.py
[2024-07-04T00:54:58.252+0000] {logging_mixin.py:188} INFO - [2024-07-04T00:54:58.251+0000] {dag.py:3096} INFO - Sync 1 DAGs
[2024-07-04T00:54:58.318+0000] {logging_mixin.py:188} INFO - [2024-07-04T00:54:58.317+0000] {dag.py:3954} INFO - Setting next_dagrun for example_short_circuit_operator to 2024-07-03 00:00:00+00:00, run_after=2024-07-04 00:00:00+00:00
[2024-07-04T00:54:58.374+0000] {processor.py:183} INFO - Processing /home/airflow/.local/lib/python3.12/site-packages/airflow/example_dags/example_short_circuit_operator.py took 0.234 seconds
[2024-07-04T00:55:30.115+0000] {processor.py:161} INFO - Started process (PID=184) to work on /home/airflow/.local/lib/python3.12/site-packages/airflow/example_dags/example_short_circuit_operator.py
[2024-07-04T00:55:30.117+0000] {processor.py:830} INFO - Processing file /home/airflow/.local/lib/python3.12/site-packages/airflow/example_dags/example_short_circuit_operator.py for tasks to queue
[2024-07-04T00:55:30.121+0000] {logging_mixin.py:188} INFO - [2024-07-04T00:55:30.120+0000] {dagbag.py:545} INFO - Filling up the DagBag from /home/airflow/.local/lib/python3.12/site-packages/airflow/example_dags/example_short_circuit_operator.py
[2024-07-04T00:55:30.143+0000] {processor.py:840} INFO - DAG(s) 'example_short_circuit_operator' retrieved from /home/airflow/.local/lib/python3.12/site-packages/airflow/example_dags/example_short_circuit_operator.py
[2024-07-04T00:55:30.209+0000] {logging_mixin.py:188} INFO - [2024-07-04T00:55:30.208+0000] {dag.py:3096} INFO - Sync 1 DAGs
[2024-07-04T00:55:30.277+0000] {logging_mixin.py:188} INFO - [2024-07-04T00:55:30.276+0000] {dag.py:3954} INFO - Setting next_dagrun for example_short_circuit_operator to 2024-07-03 00:00:00+00:00, run_after=2024-07-04 00:00:00+00:00
[2024-07-04T00:55:30.340+0000] {processor.py:183} INFO - Processing /home/airflow/.local/lib/python3.12/site-packages/airflow/example_dags/example_short_circuit_operator.py took 0.239 seconds
[2024-07-04T00:56:00.979+0000] {processor.py:161} INFO - Started process (PID=237) to work on /home/airflow/.local/lib/python3.12/site-packages/airflow/example_dags/example_short_circuit_operator.py
[2024-07-04T00:56:00.982+0000] {processor.py:830} INFO - Processing file /home/airflow/.local/lib/python3.12/site-packages/airflow/example_dags/example_short_circuit_operator.py for tasks to queue
[2024-07-04T00:56:00.994+0000] {logging_mixin.py:188} INFO - [2024-07-04T00:56:00.992+0000] {dagbag.py:545} INFO - Filling up the DagBag from /home/airflow/.local/lib/python3.12/site-packages/airflow/example_dags/example_short_circuit_operator.py
[2024-07-04T00:56:01.053+0000] {processor.py:840} INFO - DAG(s) 'example_short_circuit_operator' retrieved from /home/airflow/.local/lib/python3.12/site-packages/airflow/example_dags/example_short_circuit_operator.py
[2024-07-04T00:56:01.174+0000] {logging_mixin.py:188} INFO - [2024-07-04T00:56:01.174+0000] {dag.py:3096} INFO - Sync 1 DAGs
[2024-07-04T00:56:01.241+0000] {logging_mixin.py:188} INFO - [2024-07-04T00:56:01.240+0000] {dag.py:3954} INFO - Setting next_dagrun for example_short_circuit_operator to 2024-07-03 00:00:00+00:00, run_after=2024-07-04 00:00:00+00:00
[2024-07-04T00:56:01.306+0000] {processor.py:183} INFO - Processing /home/airflow/.local/lib/python3.12/site-packages/airflow/example_dags/example_short_circuit_operator.py took 0.351 seconds
[2024-07-04T00:56:34.003+0000] {processor.py:161} INFO - Started process (PID=283) to work on /home/airflow/.local/lib/python3.12/site-packages/airflow/example_dags/example_short_circuit_operator.py
[2024-07-04T00:56:34.019+0000] {processor.py:830} INFO - Processing file /home/airflow/.local/lib/python3.12/site-packages/airflow/example_dags/example_short_circuit_operator.py for tasks to queue
[2024-07-04T00:56:34.037+0000] {logging_mixin.py:188} INFO - [2024-07-04T00:56:34.035+0000] {dagbag.py:545} INFO - Filling up the DagBag from /home/airflow/.local/lib/python3.12/site-packages/airflow/example_dags/example_short_circuit_operator.py
[2024-07-04T00:56:34.156+0000] {processor.py:840} INFO - DAG(s) 'example_short_circuit_operator' retrieved from /home/airflow/.local/lib/python3.12/site-packages/airflow/example_dags/example_short_circuit_operator.py
[2024-07-04T00:56:34.491+0000] {logging_mixin.py:188} INFO - [2024-07-04T00:56:34.490+0000] {dag.py:3096} INFO - Sync 1 DAGs
[2024-07-04T00:56:34.917+0000] {logging_mixin.py:188} INFO - [2024-07-04T00:56:34.916+0000] {dag.py:3954} INFO - Setting next_dagrun for example_short_circuit_operator to 2024-07-03 00:00:00+00:00, run_after=2024-07-04 00:00:00+00:00
[2024-07-04T00:56:35.088+0000] {processor.py:183} INFO - Processing /home/airflow/.local/lib/python3.12/site-packages/airflow/example_dags/example_short_circuit_operator.py took 1.139 seconds
[2024-07-04T00:57:07.137+0000] {processor.py:161} INFO - Started process (PID=343) to work on /home/airflow/.local/lib/python3.12/site-packages/airflow/example_dags/example_short_circuit_operator.py
[2024-07-04T00:57:07.140+0000] {processor.py:830} INFO - Processing file /home/airflow/.local/lib/python3.12/site-packages/airflow/example_dags/example_short_circuit_operator.py for tasks to queue
[2024-07-04T00:57:07.146+0000] {logging_mixin.py:188} INFO - [2024-07-04T00:57:07.145+0000] {dagbag.py:545} INFO - Filling up the DagBag from /home/airflow/.local/lib/python3.12/site-packages/airflow/example_dags/example_short_circuit_operator.py
[2024-07-04T00:57:07.186+0000] {processor.py:840} INFO - DAG(s) 'example_short_circuit_operator' retrieved from /home/airflow/.local/lib/python3.12/site-packages/airflow/example_dags/example_short_circuit_operator.py
[2024-07-04T00:57:07.305+0000] {logging_mixin.py:188} INFO - [2024-07-04T00:57:07.304+0000] {dag.py:3096} INFO - Sync 1 DAGs
[2024-07-04T00:57:07.441+0000] {logging_mixin.py:188} INFO - [2024-07-04T00:57:07.441+0000] {dag.py:3954} INFO - Setting next_dagrun for example_short_circuit_operator to 2024-07-03 00:00:00+00:00, run_after=2024-07-04 00:00:00+00:00
[2024-07-04T00:57:07.571+0000] {processor.py:183} INFO - Processing /home/airflow/.local/lib/python3.12/site-packages/airflow/example_dags/example_short_circuit_operator.py took 0.456 seconds
[2024-07-04T00:57:40.260+0000] {processor.py:161} INFO - Started process (PID=403) to work on /home/airflow/.local/lib/python3.12/site-packages/airflow/example_dags/example_short_circuit_operator.py
[2024-07-04T00:57:40.267+0000] {processor.py:830} INFO - Processing file /home/airflow/.local/lib/python3.12/site-packages/airflow/example_dags/example_short_circuit_operator.py for tasks to queue
[2024-07-04T00:57:40.279+0000] {logging_mixin.py:188} INFO - [2024-07-04T00:57:40.277+0000] {dagbag.py:545} INFO - Filling up the DagBag from /home/airflow/.local/lib/python3.12/site-packages/airflow/example_dags/example_short_circuit_operator.py
[2024-07-04T00:57:40.372+0000] {processor.py:840} INFO - DAG(s) 'example_short_circuit_operator' retrieved from /home/airflow/.local/lib/python3.12/site-packages/airflow/example_dags/example_short_circuit_operator.py
[2024-07-04T00:57:40.541+0000] {logging_mixin.py:188} INFO - [2024-07-04T00:57:40.531+0000] {dag.py:3096} INFO - Sync 1 DAGs
[2024-07-04T00:57:40.691+0000] {logging_mixin.py:188} INFO - [2024-07-04T00:57:40.690+0000] {dag.py:3954} INFO - Setting next_dagrun for example_short_circuit_operator to 2024-07-03 00:00:00+00:00, run_after=2024-07-04 00:00:00+00:00
[2024-07-04T00:57:40.822+0000] {processor.py:183} INFO - Processing /home/airflow/.local/lib/python3.12/site-packages/airflow/example_dags/example_short_circuit_operator.py took 0.605 seconds
[2024-07-04T00:58:11.330+0000] {processor.py:161} INFO - Started process (PID=458) to work on /home/airflow/.local/lib/python3.12/site-packages/airflow/example_dags/example_short_circuit_operator.py
[2024-07-04T00:58:11.332+0000] {processor.py:830} INFO - Processing file /home/airflow/.local/lib/python3.12/site-packages/airflow/example_dags/example_short_circuit_operator.py for tasks to queue
[2024-07-04T00:58:11.337+0000] {logging_mixin.py:188} INFO - [2024-07-04T00:58:11.336+0000] {dagbag.py:545} INFO - Filling up the DagBag from /home/airflow/.local/lib/python3.12/site-packages/airflow/example_dags/example_short_circuit_operator.py
[2024-07-04T00:58:11.356+0000] {processor.py:840} INFO - DAG(s) 'example_short_circuit_operator' retrieved from /home/airflow/.local/lib/python3.12/site-packages/airflow/example_dags/example_short_circuit_operator.py
[2024-07-04T00:58:11.404+0000] {logging_mixin.py:188} INFO - [2024-07-04T00:58:11.403+0000] {dag.py:3096} INFO - Sync 1 DAGs
[2024-07-04T00:58:11.455+0000] {logging_mixin.py:188} INFO - [2024-07-04T00:58:11.454+0000] {dag.py:3954} INFO - Setting next_dagrun for example_short_circuit_operator to 2024-07-03 00:00:00+00:00, run_after=2024-07-04 00:00:00+00:00
[2024-07-04T00:58:11.656+0000] {processor.py:183} INFO - Processing /home/airflow/.local/lib/python3.12/site-packages/airflow/example_dags/example_short_circuit_operator.py took 0.339 seconds
[2024-07-04T00:58:55.538+0000] {processor.py:161} INFO - Started process (PID=498) to work on /home/airflow/.local/lib/python3.12/site-packages/airflow/example_dags/example_short_circuit_operator.py
[2024-07-04T00:58:55.543+0000] {processor.py:830} INFO - Processing file /home/airflow/.local/lib/python3.12/site-packages/airflow/example_dags/example_short_circuit_operator.py for tasks to queue
[2024-07-04T00:58:55.594+0000] {logging_mixin.py:188} INFO - [2024-07-04T00:58:55.589+0000] {dagbag.py:545} INFO - Filling up the DagBag from /home/airflow/.local/lib/python3.12/site-packages/airflow/example_dags/example_short_circuit_operator.py
[2024-07-04T00:58:55.706+0000] {processor.py:840} INFO - DAG(s) 'example_short_circuit_operator' retrieved from /home/airflow/.local/lib/python3.12/site-packages/airflow/example_dags/example_short_circuit_operator.py
[2024-07-04T00:58:56.296+0000] {logging_mixin.py:188} INFO - [2024-07-04T00:58:56.294+0000] {dag.py:3096} INFO - Sync 1 DAGs
[2024-07-04T00:58:56.764+0000] {logging_mixin.py:188} INFO - [2024-07-04T00:58:56.763+0000] {dag.py:3954} INFO - Setting next_dagrun for example_short_circuit_operator to 2024-07-03 00:00:00+00:00, run_after=2024-07-04 00:00:00+00:00
[2024-07-04T00:58:57.045+0000] {processor.py:183} INFO - Processing /home/airflow/.local/lib/python3.12/site-packages/airflow/example_dags/example_short_circuit_operator.py took 1.547 seconds
[2024-07-04T00:59:33.364+0000] {processor.py:161} INFO - Started process (PID=557) to work on /home/airflow/.local/lib/python3.12/site-packages/airflow/example_dags/example_short_circuit_operator.py
[2024-07-04T00:59:33.583+0000] {processor.py:830} INFO - Processing file /home/airflow/.local/lib/python3.12/site-packages/airflow/example_dags/example_short_circuit_operator.py for tasks to queue
[2024-07-04T00:59:33.833+0000] {logging_mixin.py:188} INFO - [2024-07-04T00:59:33.831+0000] {dagbag.py:545} INFO - Filling up the DagBag from /home/airflow/.local/lib/python3.12/site-packages/airflow/example_dags/example_short_circuit_operator.py
[2024-07-04T00:59:34.041+0000] {processor.py:840} INFO - DAG(s) 'example_short_circuit_operator' retrieved from /home/airflow/.local/lib/python3.12/site-packages/airflow/example_dags/example_short_circuit_operator.py
[2024-07-04T00:59:35.165+0000] {logging_mixin.py:188} INFO - [2024-07-04T00:59:35.165+0000] {dag.py:3096} INFO - Sync 1 DAGs
[2024-07-04T00:59:35.254+0000] {logging_mixin.py:188} INFO - [2024-07-04T00:59:35.254+0000] {dag.py:3954} INFO - Setting next_dagrun for example_short_circuit_operator to 2024-07-03 00:00:00+00:00, run_after=2024-07-04 00:00:00+00:00
[2024-07-04T00:59:35.764+0000] {processor.py:183} INFO - Processing /home/airflow/.local/lib/python3.12/site-packages/airflow/example_dags/example_short_circuit_operator.py took 2.410 seconds
[2024-07-04T01:03:23.563+0000] {processor.py:161} INFO - Started process (PID=696) to work on /home/airflow/.local/lib/python3.12/site-packages/airflow/example_dags/example_short_circuit_operator.py
[2024-07-04T01:03:23.572+0000] {processor.py:830} INFO - Processing file /home/airflow/.local/lib/python3.12/site-packages/airflow/example_dags/example_short_circuit_operator.py for tasks to queue
[2024-07-04T01:03:23.604+0000] {logging_mixin.py:188} INFO - [2024-07-04T01:03:23.586+0000] {dagbag.py:545} INFO - Filling up the DagBag from /home/airflow/.local/lib/python3.12/site-packages/airflow/example_dags/example_short_circuit_operator.py
[2024-07-04T01:03:23.948+0000] {processor.py:840} INFO - DAG(s) 'example_short_circuit_operator' retrieved from /home/airflow/.local/lib/python3.12/site-packages/airflow/example_dags/example_short_circuit_operator.py
[2024-07-04T01:03:24.893+0000] {logging_mixin.py:188} INFO - [2024-07-04T01:03:24.892+0000] {dag.py:3096} INFO - Sync 1 DAGs
[2024-07-04T01:03:25.481+0000] {logging_mixin.py:188} INFO - [2024-07-04T01:03:25.481+0000] {dag.py:3954} INFO - Setting next_dagrun for example_short_circuit_operator to 2024-07-03 00:00:00+00:00, run_after=2024-07-04 00:00:00+00:00
[2024-07-04T01:03:25.568+0000] {processor.py:183} INFO - Processing /home/airflow/.local/lib/python3.12/site-packages/airflow/example_dags/example_short_circuit_operator.py took 2.174 seconds
