[2024-07-04T00:00:57.623+0000] {processor.py:161} INFO - Started process (PID=5048) to work on /home/airflow/.local/lib/python3.12/site-packages/airflow/example_dags/example_python_operator.py
[2024-07-04T00:00:57.627+0000] {processor.py:830} INFO - Processing file /home/airflow/.local/lib/python3.12/site-packages/airflow/example_dags/example_python_operator.py for tasks to queue
[2024-07-04T00:00:57.642+0000] {logging_mixin.py:188} INFO - [2024-07-04T00:00:57.641+0000] {dagbag.py:545} INFO - Filling up the DagBag from /home/airflow/.local/lib/python3.12/site-packages/airflow/example_dags/example_python_operator.py
[2024-07-04T00:00:57.711+0000] {processor.py:840} INFO - DAG(s) 'example_python_operator' retrieved from /home/airflow/.local/lib/python3.12/site-packages/airflow/example_dags/example_python_operator.py
[2024-07-04T00:00:58.647+0000] {logging_mixin.py:188} INFO - [2024-07-04T00:00:58.646+0000] {dag.py:3096} INFO - Sync 1 DAGs
[2024-07-04T00:00:58.794+0000] {logging_mixin.py:188} INFO - [2024-07-04T00:00:58.791+0000] {dag.py:3954} INFO - Setting next_dagrun for example_python_operator to None, run_after=None
[2024-07-04T00:00:59.023+0000] {processor.py:183} INFO - Processing /home/airflow/.local/lib/python3.12/site-packages/airflow/example_dags/example_python_operator.py took 1.454 seconds
[2024-07-04T00:04:20.240+0000] {processor.py:161} INFO - Started process (PID=5110) to work on /home/airflow/.local/lib/python3.12/site-packages/airflow/example_dags/example_python_operator.py
[2024-07-04T00:04:20.245+0000] {processor.py:830} INFO - Processing file /home/airflow/.local/lib/python3.12/site-packages/airflow/example_dags/example_python_operator.py for tasks to queue
[2024-07-04T00:04:20.249+0000] {logging_mixin.py:188} INFO - [2024-07-04T00:04:20.247+0000] {dagbag.py:545} INFO - Filling up the DagBag from /home/airflow/.local/lib/python3.12/site-packages/airflow/example_dags/example_python_operator.py
[2024-07-04T00:04:20.298+0000] {processor.py:840} INFO - DAG(s) 'example_python_operator' retrieved from /home/airflow/.local/lib/python3.12/site-packages/airflow/example_dags/example_python_operator.py
[2024-07-04T00:04:20.402+0000] {logging_mixin.py:188} INFO - [2024-07-04T00:04:20.401+0000] {dag.py:3096} INFO - Sync 1 DAGs
[2024-07-04T00:04:20.489+0000] {logging_mixin.py:188} INFO - [2024-07-04T00:04:20.486+0000] {dag.py:3954} INFO - Setting next_dagrun for example_python_operator to None, run_after=None
[2024-07-04T00:04:20.616+0000] {processor.py:183} INFO - Processing /home/airflow/.local/lib/python3.12/site-packages/airflow/example_dags/example_python_operator.py took 0.394 seconds
[2024-07-04T00:15:02.569+0000] {processor.py:161} INFO - Started process (PID=108) to work on /home/airflow/.local/lib/python3.12/site-packages/airflow/example_dags/example_python_operator.py
[2024-07-04T00:15:02.578+0000] {processor.py:830} INFO - Processing file /home/airflow/.local/lib/python3.12/site-packages/airflow/example_dags/example_python_operator.py for tasks to queue
[2024-07-04T00:15:02.583+0000] {logging_mixin.py:188} INFO - [2024-07-04T00:15:02.582+0000] {dagbag.py:545} INFO - Filling up the DagBag from /home/airflow/.local/lib/python3.12/site-packages/airflow/example_dags/example_python_operator.py
[2024-07-04T00:15:02.624+0000] {processor.py:840} INFO - DAG(s) 'example_python_operator' retrieved from /home/airflow/.local/lib/python3.12/site-packages/airflow/example_dags/example_python_operator.py
[2024-07-04T00:15:03.134+0000] {logging_mixin.py:188} INFO - [2024-07-04T00:15:03.133+0000] {dag.py:3096} INFO - Sync 1 DAGs
[2024-07-04T00:15:03.172+0000] {logging_mixin.py:188} INFO - [2024-07-04T00:15:03.172+0000] {dag.py:3954} INFO - Setting next_dagrun for example_python_operator to None, run_after=None
[2024-07-04T00:15:03.279+0000] {processor.py:183} INFO - Processing /home/airflow/.local/lib/python3.12/site-packages/airflow/example_dags/example_python_operator.py took 0.736 seconds
[2024-07-04T00:15:37.557+0000] {processor.py:161} INFO - Started process (PID=174) to work on /home/airflow/.local/lib/python3.12/site-packages/airflow/example_dags/example_python_operator.py
[2024-07-04T00:15:37.570+0000] {processor.py:830} INFO - Processing file /home/airflow/.local/lib/python3.12/site-packages/airflow/example_dags/example_python_operator.py for tasks to queue
[2024-07-04T00:15:37.636+0000] {logging_mixin.py:188} INFO - [2024-07-04T00:15:37.634+0000] {dagbag.py:545} INFO - Filling up the DagBag from /home/airflow/.local/lib/python3.12/site-packages/airflow/example_dags/example_python_operator.py
[2024-07-04T00:15:37.726+0000] {processor.py:840} INFO - DAG(s) 'example_python_operator' retrieved from /home/airflow/.local/lib/python3.12/site-packages/airflow/example_dags/example_python_operator.py
[2024-07-04T00:15:37.852+0000] {logging_mixin.py:188} INFO - [2024-07-04T00:15:37.851+0000] {dag.py:3096} INFO - Sync 1 DAGs
[2024-07-04T00:15:37.919+0000] {logging_mixin.py:188} INFO - [2024-07-04T00:15:37.918+0000] {dag.py:3954} INFO - Setting next_dagrun for example_python_operator to None, run_after=None
[2024-07-04T00:15:38.054+0000] {processor.py:183} INFO - Processing /home/airflow/.local/lib/python3.12/site-packages/airflow/example_dags/example_python_operator.py took 0.527 seconds
[2024-07-04T00:16:14.134+0000] {processor.py:161} INFO - Started process (PID=234) to work on /home/airflow/.local/lib/python3.12/site-packages/airflow/example_dags/example_python_operator.py
[2024-07-04T00:16:14.146+0000] {processor.py:830} INFO - Processing file /home/airflow/.local/lib/python3.12/site-packages/airflow/example_dags/example_python_operator.py for tasks to queue
[2024-07-04T00:16:14.154+0000] {logging_mixin.py:188} INFO - [2024-07-04T00:16:14.152+0000] {dagbag.py:545} INFO - Filling up the DagBag from /home/airflow/.local/lib/python3.12/site-packages/airflow/example_dags/example_python_operator.py
[2024-07-04T00:16:14.218+0000] {processor.py:840} INFO - DAG(s) 'example_python_operator' retrieved from /home/airflow/.local/lib/python3.12/site-packages/airflow/example_dags/example_python_operator.py
[2024-07-04T00:16:14.415+0000] {logging_mixin.py:188} INFO - [2024-07-04T00:16:14.412+0000] {dag.py:3096} INFO - Sync 1 DAGs
[2024-07-04T00:16:14.530+0000] {logging_mixin.py:188} INFO - [2024-07-04T00:16:14.529+0000] {dag.py:3954} INFO - Setting next_dagrun for example_python_operator to None, run_after=None
[2024-07-04T00:16:14.651+0000] {processor.py:183} INFO - Processing /home/airflow/.local/lib/python3.12/site-packages/airflow/example_dags/example_python_operator.py took 0.588 seconds
[2024-07-04T00:17:10.962+0000] {processor.py:161} INFO - Started process (PID=294) to work on /home/airflow/.local/lib/python3.12/site-packages/airflow/example_dags/example_python_operator.py
[2024-07-04T00:17:10.966+0000] {processor.py:830} INFO - Processing file /home/airflow/.local/lib/python3.12/site-packages/airflow/example_dags/example_python_operator.py for tasks to queue
[2024-07-04T00:17:10.972+0000] {logging_mixin.py:188} INFO - [2024-07-04T00:17:10.971+0000] {dagbag.py:545} INFO - Filling up the DagBag from /home/airflow/.local/lib/python3.12/site-packages/airflow/example_dags/example_python_operator.py
[2024-07-04T00:17:11.001+0000] {processor.py:840} INFO - DAG(s) 'example_python_operator' retrieved from /home/airflow/.local/lib/python3.12/site-packages/airflow/example_dags/example_python_operator.py
[2024-07-04T00:17:11.067+0000] {logging_mixin.py:188} INFO - [2024-07-04T00:17:11.067+0000] {dag.py:3096} INFO - Sync 1 DAGs
[2024-07-04T00:17:11.096+0000] {logging_mixin.py:188} INFO - [2024-07-04T00:17:11.096+0000] {dag.py:3954} INFO - Setting next_dagrun for example_python_operator to None, run_after=None
[2024-07-04T00:17:11.241+0000] {processor.py:183} INFO - Processing /home/airflow/.local/lib/python3.12/site-packages/airflow/example_dags/example_python_operator.py took 0.296 seconds
[2024-07-04T00:18:00.307+0000] {processor.py:161} INFO - Started process (PID=372) to work on /home/airflow/.local/lib/python3.12/site-packages/airflow/example_dags/example_python_operator.py
[2024-07-04T00:18:00.309+0000] {processor.py:830} INFO - Processing file /home/airflow/.local/lib/python3.12/site-packages/airflow/example_dags/example_python_operator.py for tasks to queue
[2024-07-04T00:18:00.314+0000] {logging_mixin.py:188} INFO - [2024-07-04T00:18:00.313+0000] {dagbag.py:545} INFO - Filling up the DagBag from /home/airflow/.local/lib/python3.12/site-packages/airflow/example_dags/example_python_operator.py
[2024-07-04T00:18:00.337+0000] {processor.py:840} INFO - DAG(s) 'example_python_operator' retrieved from /home/airflow/.local/lib/python3.12/site-packages/airflow/example_dags/example_python_operator.py
[2024-07-04T00:18:00.395+0000] {logging_mixin.py:188} INFO - [2024-07-04T00:18:00.395+0000] {dag.py:3096} INFO - Sync 1 DAGs
[2024-07-04T00:18:00.438+0000] {logging_mixin.py:188} INFO - [2024-07-04T00:18:00.437+0000] {dag.py:3954} INFO - Setting next_dagrun for example_python_operator to None, run_after=None
[2024-07-04T00:18:00.505+0000] {processor.py:183} INFO - Processing /home/airflow/.local/lib/python3.12/site-packages/airflow/example_dags/example_python_operator.py took 0.212 seconds
[2024-07-04T00:18:37.469+0000] {processor.py:161} INFO - Started process (PID=431) to work on /home/airflow/.local/lib/python3.12/site-packages/airflow/example_dags/example_python_operator.py
[2024-07-04T00:18:37.481+0000] {processor.py:830} INFO - Processing file /home/airflow/.local/lib/python3.12/site-packages/airflow/example_dags/example_python_operator.py for tasks to queue
[2024-07-04T00:18:37.498+0000] {logging_mixin.py:188} INFO - [2024-07-04T00:18:37.496+0000] {dagbag.py:545} INFO - Filling up the DagBag from /home/airflow/.local/lib/python3.12/site-packages/airflow/example_dags/example_python_operator.py
[2024-07-04T00:18:37.589+0000] {processor.py:840} INFO - DAG(s) 'example_python_operator' retrieved from /home/airflow/.local/lib/python3.12/site-packages/airflow/example_dags/example_python_operator.py
[2024-07-04T00:18:37.670+0000] {logging_mixin.py:188} INFO - [2024-07-04T00:18:37.670+0000] {dag.py:3096} INFO - Sync 1 DAGs
[2024-07-04T00:18:37.714+0000] {logging_mixin.py:188} INFO - [2024-07-04T00:18:37.713+0000] {dag.py:3954} INFO - Setting next_dagrun for example_python_operator to None, run_after=None
[2024-07-04T00:18:38.034+0000] {processor.py:183} INFO - Processing /home/airflow/.local/lib/python3.12/site-packages/airflow/example_dags/example_python_operator.py took 0.585 seconds
[2024-07-04T00:54:32.874+0000] {processor.py:161} INFO - Started process (PID=102) to work on /home/airflow/.local/lib/python3.12/site-packages/airflow/example_dags/example_python_operator.py
[2024-07-04T00:54:32.877+0000] {processor.py:830} INFO - Processing file /home/airflow/.local/lib/python3.12/site-packages/airflow/example_dags/example_python_operator.py for tasks to queue
[2024-07-04T00:54:32.883+0000] {logging_mixin.py:188} INFO - [2024-07-04T00:54:32.882+0000] {dagbag.py:545} INFO - Filling up the DagBag from /home/airflow/.local/lib/python3.12/site-packages/airflow/example_dags/example_python_operator.py
[2024-07-04T00:54:32.919+0000] {processor.py:840} INFO - DAG(s) 'example_python_operator' retrieved from /home/airflow/.local/lib/python3.12/site-packages/airflow/example_dags/example_python_operator.py
[2024-07-04T00:54:33.359+0000] {logging_mixin.py:188} INFO - [2024-07-04T00:54:33.356+0000] {dag.py:3096} INFO - Sync 1 DAGs
[2024-07-04T00:54:33.397+0000] {logging_mixin.py:188} INFO - [2024-07-04T00:54:33.396+0000] {dag.py:3954} INFO - Setting next_dagrun for example_python_operator to None, run_after=None
[2024-07-04T00:54:33.518+0000] {processor.py:183} INFO - Processing /home/airflow/.local/lib/python3.12/site-packages/airflow/example_dags/example_python_operator.py took 0.659 seconds
[2024-07-04T00:55:09.414+0000] {processor.py:161} INFO - Started process (PID=162) to work on /home/airflow/.local/lib/python3.12/site-packages/airflow/example_dags/example_python_operator.py
[2024-07-04T00:55:09.417+0000] {processor.py:830} INFO - Processing file /home/airflow/.local/lib/python3.12/site-packages/airflow/example_dags/example_python_operator.py for tasks to queue
[2024-07-04T00:55:09.420+0000] {logging_mixin.py:188} INFO - [2024-07-04T00:55:09.420+0000] {dagbag.py:545} INFO - Filling up the DagBag from /home/airflow/.local/lib/python3.12/site-packages/airflow/example_dags/example_python_operator.py
[2024-07-04T00:55:09.547+0000] {processor.py:840} INFO - DAG(s) 'example_python_operator' retrieved from /home/airflow/.local/lib/python3.12/site-packages/airflow/example_dags/example_python_operator.py
[2024-07-04T00:55:09.678+0000] {logging_mixin.py:188} INFO - [2024-07-04T00:55:09.677+0000] {dag.py:3096} INFO - Sync 1 DAGs
[2024-07-04T00:55:09.723+0000] {logging_mixin.py:188} INFO - [2024-07-04T00:55:09.722+0000] {dag.py:3954} INFO - Setting next_dagrun for example_python_operator to None, run_after=None
[2024-07-04T00:55:10.423+0000] {processor.py:183} INFO - Processing /home/airflow/.local/lib/python3.12/site-packages/airflow/example_dags/example_python_operator.py took 1.018 seconds
[2024-07-04T00:55:59.365+0000] {processor.py:161} INFO - Started process (PID=228) to work on /home/airflow/.local/lib/python3.12/site-packages/airflow/example_dags/example_python_operator.py
[2024-07-04T00:55:59.370+0000] {processor.py:830} INFO - Processing file /home/airflow/.local/lib/python3.12/site-packages/airflow/example_dags/example_python_operator.py for tasks to queue
[2024-07-04T00:55:59.377+0000] {logging_mixin.py:188} INFO - [2024-07-04T00:55:59.375+0000] {dagbag.py:545} INFO - Filling up the DagBag from /home/airflow/.local/lib/python3.12/site-packages/airflow/example_dags/example_python_operator.py
[2024-07-04T00:55:59.420+0000] {processor.py:840} INFO - DAG(s) 'example_python_operator' retrieved from /home/airflow/.local/lib/python3.12/site-packages/airflow/example_dags/example_python_operator.py
[2024-07-04T00:55:59.685+0000] {logging_mixin.py:188} INFO - [2024-07-04T00:55:59.680+0000] {dag.py:3096} INFO - Sync 1 DAGs
[2024-07-04T00:55:59.763+0000] {logging_mixin.py:188} INFO - [2024-07-04T00:55:59.762+0000] {dag.py:3954} INFO - Setting next_dagrun for example_python_operator to None, run_after=None
[2024-07-04T00:55:59.837+0000] {processor.py:183} INFO - Processing /home/airflow/.local/lib/python3.12/site-packages/airflow/example_dags/example_python_operator.py took 0.528 seconds
[2024-07-04T00:56:37.239+0000] {processor.py:161} INFO - Started process (PID=290) to work on /home/airflow/.local/lib/python3.12/site-packages/airflow/example_dags/example_python_operator.py
[2024-07-04T00:56:37.242+0000] {processor.py:830} INFO - Processing file /home/airflow/.local/lib/python3.12/site-packages/airflow/example_dags/example_python_operator.py for tasks to queue
[2024-07-04T00:56:37.247+0000] {logging_mixin.py:188} INFO - [2024-07-04T00:56:37.246+0000] {dagbag.py:545} INFO - Filling up the DagBag from /home/airflow/.local/lib/python3.12/site-packages/airflow/example_dags/example_python_operator.py
[2024-07-04T00:56:37.292+0000] {processor.py:840} INFO - DAG(s) 'example_python_operator' retrieved from /home/airflow/.local/lib/python3.12/site-packages/airflow/example_dags/example_python_operator.py
[2024-07-04T00:56:37.682+0000] {logging_mixin.py:188} INFO - [2024-07-04T00:56:37.680+0000] {dag.py:3096} INFO - Sync 1 DAGs
[2024-07-04T00:56:37.810+0000] {logging_mixin.py:188} INFO - [2024-07-04T00:56:37.810+0000] {dag.py:3954} INFO - Setting next_dagrun for example_python_operator to None, run_after=None
[2024-07-04T00:56:37.894+0000] {processor.py:183} INFO - Processing /home/airflow/.local/lib/python3.12/site-packages/airflow/example_dags/example_python_operator.py took 0.671 seconds
[2024-07-04T00:57:09.755+0000] {processor.py:161} INFO - Started process (PID=350) to work on /home/airflow/.local/lib/python3.12/site-packages/airflow/example_dags/example_python_operator.py
[2024-07-04T00:57:09.758+0000] {processor.py:830} INFO - Processing file /home/airflow/.local/lib/python3.12/site-packages/airflow/example_dags/example_python_operator.py for tasks to queue
[2024-07-04T00:57:09.762+0000] {logging_mixin.py:188} INFO - [2024-07-04T00:57:09.761+0000] {dagbag.py:545} INFO - Filling up the DagBag from /home/airflow/.local/lib/python3.12/site-packages/airflow/example_dags/example_python_operator.py
[2024-07-04T00:57:09.793+0000] {processor.py:840} INFO - DAG(s) 'example_python_operator' retrieved from /home/airflow/.local/lib/python3.12/site-packages/airflow/example_dags/example_python_operator.py
[2024-07-04T00:57:09.863+0000] {logging_mixin.py:188} INFO - [2024-07-04T00:57:09.862+0000] {dag.py:3096} INFO - Sync 1 DAGs
[2024-07-04T00:57:09.942+0000] {logging_mixin.py:188} INFO - [2024-07-04T00:57:09.941+0000] {dag.py:3954} INFO - Setting next_dagrun for example_python_operator to None, run_after=None
[2024-07-04T00:57:10.039+0000] {processor.py:183} INFO - Processing /home/airflow/.local/lib/python3.12/site-packages/airflow/example_dags/example_python_operator.py took 0.298 seconds
[2024-07-04T00:57:44.257+0000] {processor.py:161} INFO - Started process (PID=412) to work on /home/airflow/.local/lib/python3.12/site-packages/airflow/example_dags/example_python_operator.py
[2024-07-04T00:57:44.263+0000] {processor.py:830} INFO - Processing file /home/airflow/.local/lib/python3.12/site-packages/airflow/example_dags/example_python_operator.py for tasks to queue
[2024-07-04T00:57:44.279+0000] {logging_mixin.py:188} INFO - [2024-07-04T00:57:44.268+0000] {dagbag.py:545} INFO - Filling up the DagBag from /home/airflow/.local/lib/python3.12/site-packages/airflow/example_dags/example_python_operator.py
[2024-07-04T00:57:44.331+0000] {processor.py:840} INFO - DAG(s) 'example_python_operator' retrieved from /home/airflow/.local/lib/python3.12/site-packages/airflow/example_dags/example_python_operator.py
[2024-07-04T00:57:44.519+0000] {logging_mixin.py:188} INFO - [2024-07-04T00:57:44.518+0000] {dag.py:3096} INFO - Sync 1 DAGs
[2024-07-04T00:57:44.587+0000] {logging_mixin.py:188} INFO - [2024-07-04T00:57:44.586+0000] {dag.py:3954} INFO - Setting next_dagrun for example_python_operator to None, run_after=None
[2024-07-04T00:57:44.698+0000] {processor.py:183} INFO - Processing /home/airflow/.local/lib/python3.12/site-packages/airflow/example_dags/example_python_operator.py took 0.456 seconds
[2024-07-04T00:58:16.336+0000] {processor.py:161} INFO - Started process (PID=473) to work on /home/airflow/.local/lib/python3.12/site-packages/airflow/example_dags/example_python_operator.py
[2024-07-04T00:58:16.394+0000] {processor.py:830} INFO - Processing file /home/airflow/.local/lib/python3.12/site-packages/airflow/example_dags/example_python_operator.py for tasks to queue
[2024-07-04T00:58:16.401+0000] {logging_mixin.py:188} INFO - [2024-07-04T00:58:16.399+0000] {dagbag.py:545} INFO - Filling up the DagBag from /home/airflow/.local/lib/python3.12/site-packages/airflow/example_dags/example_python_operator.py
[2024-07-04T00:58:16.434+0000] {processor.py:840} INFO - DAG(s) 'example_python_operator' retrieved from /home/airflow/.local/lib/python3.12/site-packages/airflow/example_dags/example_python_operator.py
[2024-07-04T00:58:16.511+0000] {logging_mixin.py:188} INFO - [2024-07-04T00:58:16.510+0000] {dag.py:3096} INFO - Sync 1 DAGs
[2024-07-04T00:58:16.539+0000] {logging_mixin.py:188} INFO - [2024-07-04T00:58:16.538+0000] {dag.py:3954} INFO - Setting next_dagrun for example_python_operator to None, run_after=None
[2024-07-04T00:58:16.817+0000] {processor.py:183} INFO - Processing /home/airflow/.local/lib/python3.12/site-packages/airflow/example_dags/example_python_operator.py took 0.491 seconds
[2024-07-04T00:59:15.287+0000] {processor.py:161} INFO - Started process (PID=540) to work on /home/airflow/.local/lib/python3.12/site-packages/airflow/example_dags/example_python_operator.py
[2024-07-04T00:59:15.291+0000] {processor.py:830} INFO - Processing file /home/airflow/.local/lib/python3.12/site-packages/airflow/example_dags/example_python_operator.py for tasks to queue
[2024-07-04T00:59:15.304+0000] {logging_mixin.py:188} INFO - [2024-07-04T00:59:15.302+0000] {dagbag.py:545} INFO - Filling up the DagBag from /home/airflow/.local/lib/python3.12/site-packages/airflow/example_dags/example_python_operator.py
[2024-07-04T00:59:15.426+0000] {processor.py:840} INFO - DAG(s) 'example_python_operator' retrieved from /home/airflow/.local/lib/python3.12/site-packages/airflow/example_dags/example_python_operator.py
[2024-07-04T00:59:15.906+0000] {logging_mixin.py:188} INFO - [2024-07-04T00:59:15.900+0000] {dag.py:3096} INFO - Sync 1 DAGs
[2024-07-04T00:59:16.174+0000] {logging_mixin.py:188} INFO - [2024-07-04T00:59:16.174+0000] {dag.py:3954} INFO - Setting next_dagrun for example_python_operator to None, run_after=None
[2024-07-04T00:59:16.409+0000] {processor.py:183} INFO - Processing /home/airflow/.local/lib/python3.12/site-packages/airflow/example_dags/example_python_operator.py took 1.163 seconds
[2024-07-04T01:02:29.081+0000] {processor.py:161} INFO - Started process (PID=684) to work on /home/airflow/.local/lib/python3.12/site-packages/airflow/example_dags/example_python_operator.py
[2024-07-04T01:02:29.086+0000] {processor.py:830} INFO - Processing file /home/airflow/.local/lib/python3.12/site-packages/airflow/example_dags/example_python_operator.py for tasks to queue
[2024-07-04T01:02:29.097+0000] {logging_mixin.py:188} INFO - [2024-07-04T01:02:29.093+0000] {dagbag.py:545} INFO - Filling up the DagBag from /home/airflow/.local/lib/python3.12/site-packages/airflow/example_dags/example_python_operator.py
[2024-07-04T01:02:29.205+0000] {processor.py:840} INFO - DAG(s) 'example_python_operator' retrieved from /home/airflow/.local/lib/python3.12/site-packages/airflow/example_dags/example_python_operator.py
[2024-07-04T01:02:29.372+0000] {logging_mixin.py:188} INFO - [2024-07-04T01:02:29.370+0000] {dag.py:3096} INFO - Sync 1 DAGs
[2024-07-04T01:02:29.414+0000] {logging_mixin.py:188} INFO - [2024-07-04T01:02:29.413+0000] {dag.py:3954} INFO - Setting next_dagrun for example_python_operator to None, run_after=None
[2024-07-04T01:02:29.483+0000] {processor.py:183} INFO - Processing /home/airflow/.local/lib/python3.12/site-packages/airflow/example_dags/example_python_operator.py took 0.419 seconds
