[2024-07-04T00:00:46.005+0000] {processor.py:161} INFO - Started process (PID=5032) to work on /home/airflow/.local/lib/python3.12/site-packages/airflow/example_dags/example_branch_labels.py
[2024-07-04T00:00:46.010+0000] {processor.py:830} INFO - Processing file /home/airflow/.local/lib/python3.12/site-packages/airflow/example_dags/example_branch_labels.py for tasks to queue
[2024-07-04T00:00:46.019+0000] {logging_mixin.py:188} INFO - [2024-07-04T00:00:46.017+0000] {dagbag.py:545} INFO - Filling up the DagBag from /home/airflow/.local/lib/python3.12/site-packages/airflow/example_dags/example_branch_labels.py
[2024-07-04T00:00:46.083+0000] {processor.py:840} INFO - DAG(s) 'example_branch_labels' retrieved from /home/airflow/.local/lib/python3.12/site-packages/airflow/example_dags/example_branch_labels.py
[2024-07-04T00:00:46.202+0000] {logging_mixin.py:188} INFO - [2024-07-04T00:00:46.201+0000] {dag.py:3096} INFO - Sync 1 DAGs
[2024-07-04T00:00:46.263+0000] {logging_mixin.py:188} INFO - [2024-07-04T00:00:46.263+0000] {dag.py:3954} INFO - Setting next_dagrun for example_branch_labels to 2024-07-03 00:00:00+00:00, run_after=2024-07-04 00:00:00+00:00
[2024-07-04T00:00:46.686+0000] {processor.py:183} INFO - Processing /home/airflow/.local/lib/python3.12/site-packages/airflow/example_dags/example_branch_labels.py took 0.727 seconds
[2024-07-04T00:04:14.313+0000] {processor.py:161} INFO - Started process (PID=5086) to work on /home/airflow/.local/lib/python3.12/site-packages/airflow/example_dags/example_branch_labels.py
[2024-07-04T00:04:14.316+0000] {processor.py:830} INFO - Processing file /home/airflow/.local/lib/python3.12/site-packages/airflow/example_dags/example_branch_labels.py for tasks to queue
[2024-07-04T00:04:14.319+0000] {logging_mixin.py:188} INFO - [2024-07-04T00:04:14.318+0000] {dagbag.py:545} INFO - Filling up the DagBag from /home/airflow/.local/lib/python3.12/site-packages/airflow/example_dags/example_branch_labels.py
[2024-07-04T00:04:14.351+0000] {processor.py:840} INFO - DAG(s) 'example_branch_labels' retrieved from /home/airflow/.local/lib/python3.12/site-packages/airflow/example_dags/example_branch_labels.py
[2024-07-04T00:04:14.433+0000] {logging_mixin.py:188} INFO - [2024-07-04T00:04:14.432+0000] {dag.py:3096} INFO - Sync 1 DAGs
[2024-07-04T00:04:14.531+0000] {logging_mixin.py:188} INFO - [2024-07-04T00:04:14.529+0000] {dag.py:3954} INFO - Setting next_dagrun for example_branch_labels to 2024-07-03 00:00:00+00:00, run_after=2024-07-04 00:00:00+00:00
[2024-07-04T00:04:14.598+0000] {processor.py:183} INFO - Processing /home/airflow/.local/lib/python3.12/site-packages/airflow/example_dags/example_branch_labels.py took 0.301 seconds
[2024-07-04T00:14:32.666+0000] {processor.py:161} INFO - Started process (PID=75) to work on /home/airflow/.local/lib/python3.12/site-packages/airflow/example_dags/example_branch_labels.py
[2024-07-04T00:14:32.670+0000] {processor.py:830} INFO - Processing file /home/airflow/.local/lib/python3.12/site-packages/airflow/example_dags/example_branch_labels.py for tasks to queue
[2024-07-04T00:14:32.678+0000] {logging_mixin.py:188} INFO - [2024-07-04T00:14:32.676+0000] {dagbag.py:545} INFO - Filling up the DagBag from /home/airflow/.local/lib/python3.12/site-packages/airflow/example_dags/example_branch_labels.py
[2024-07-04T00:14:32.716+0000] {processor.py:840} INFO - DAG(s) 'example_branch_labels' retrieved from /home/airflow/.local/lib/python3.12/site-packages/airflow/example_dags/example_branch_labels.py
[2024-07-04T00:14:33.458+0000] {logging_mixin.py:188} INFO - [2024-07-04T00:14:33.453+0000] {dag.py:3096} INFO - Sync 1 DAGs
[2024-07-04T00:14:33.931+0000] {logging_mixin.py:188} INFO - [2024-07-04T00:14:33.929+0000] {dag.py:3954} INFO - Setting next_dagrun for example_branch_labels to 2024-07-03 00:00:00+00:00, run_after=2024-07-04 00:00:00+00:00
[2024-07-04T00:14:34.179+0000] {processor.py:183} INFO - Processing /home/airflow/.local/lib/python3.12/site-packages/airflow/example_dags/example_branch_labels.py took 1.536 seconds
[2024-07-04T00:15:14.921+0000] {processor.py:161} INFO - Started process (PID=141) to work on /home/airflow/.local/lib/python3.12/site-packages/airflow/example_dags/example_branch_labels.py
[2024-07-04T00:15:14.937+0000] {processor.py:830} INFO - Processing file /home/airflow/.local/lib/python3.12/site-packages/airflow/example_dags/example_branch_labels.py for tasks to queue
[2024-07-04T00:15:14.966+0000] {logging_mixin.py:188} INFO - [2024-07-04T00:15:14.964+0000] {dagbag.py:545} INFO - Filling up the DagBag from /home/airflow/.local/lib/python3.12/site-packages/airflow/example_dags/example_branch_labels.py
[2024-07-04T00:15:15.065+0000] {processor.py:840} INFO - DAG(s) 'example_branch_labels' retrieved from /home/airflow/.local/lib/python3.12/site-packages/airflow/example_dags/example_branch_labels.py
[2024-07-04T00:15:15.369+0000] {logging_mixin.py:188} INFO - [2024-07-04T00:15:15.368+0000] {dag.py:3096} INFO - Sync 1 DAGs
[2024-07-04T00:15:15.647+0000] {logging_mixin.py:188} INFO - [2024-07-04T00:15:15.638+0000] {dag.py:3954} INFO - Setting next_dagrun for example_branch_labels to 2024-07-03 00:00:00+00:00, run_after=2024-07-04 00:00:00+00:00
[2024-07-04T00:15:16.585+0000] {processor.py:183} INFO - Processing /home/airflow/.local/lib/python3.12/site-packages/airflow/example_dags/example_branch_labels.py took 1.710 seconds
[2024-07-04T00:15:49.024+0000] {processor.py:161} INFO - Started process (PID=201) to work on /home/airflow/.local/lib/python3.12/site-packages/airflow/example_dags/example_branch_labels.py
[2024-07-04T00:15:49.026+0000] {processor.py:830} INFO - Processing file /home/airflow/.local/lib/python3.12/site-packages/airflow/example_dags/example_branch_labels.py for tasks to queue
[2024-07-04T00:15:49.032+0000] {logging_mixin.py:188} INFO - [2024-07-04T00:15:49.031+0000] {dagbag.py:545} INFO - Filling up the DagBag from /home/airflow/.local/lib/python3.12/site-packages/airflow/example_dags/example_branch_labels.py
[2024-07-04T00:15:49.064+0000] {processor.py:840} INFO - DAG(s) 'example_branch_labels' retrieved from /home/airflow/.local/lib/python3.12/site-packages/airflow/example_dags/example_branch_labels.py
[2024-07-04T00:15:49.129+0000] {logging_mixin.py:188} INFO - [2024-07-04T00:15:49.128+0000] {dag.py:3096} INFO - Sync 1 DAGs
[2024-07-04T00:15:49.278+0000] {logging_mixin.py:188} INFO - [2024-07-04T00:15:49.277+0000] {dag.py:3954} INFO - Setting next_dagrun for example_branch_labels to 2024-07-03 00:00:00+00:00, run_after=2024-07-04 00:00:00+00:00
[2024-07-04T00:15:49.869+0000] {processor.py:183} INFO - Processing /home/airflow/.local/lib/python3.12/site-packages/airflow/example_dags/example_branch_labels.py took 0.858 seconds
[2024-07-04T00:16:48.057+0000] {processor.py:161} INFO - Started process (PID=265) to work on /home/airflow/.local/lib/python3.12/site-packages/airflow/example_dags/example_branch_labels.py
[2024-07-04T00:16:48.084+0000] {processor.py:830} INFO - Processing file /home/airflow/.local/lib/python3.12/site-packages/airflow/example_dags/example_branch_labels.py for tasks to queue
[2024-07-04T00:16:48.112+0000] {logging_mixin.py:188} INFO - [2024-07-04T00:16:48.102+0000] {dagbag.py:545} INFO - Filling up the DagBag from /home/airflow/.local/lib/python3.12/site-packages/airflow/example_dags/example_branch_labels.py
[2024-07-04T00:16:48.238+0000] {processor.py:840} INFO - DAG(s) 'example_branch_labels' retrieved from /home/airflow/.local/lib/python3.12/site-packages/airflow/example_dags/example_branch_labels.py
[2024-07-04T00:16:49.305+0000] {logging_mixin.py:188} INFO - [2024-07-04T00:16:49.304+0000] {dag.py:3096} INFO - Sync 1 DAGs
[2024-07-04T00:16:50.245+0000] {logging_mixin.py:188} INFO - [2024-07-04T00:16:50.244+0000] {dag.py:3954} INFO - Setting next_dagrun for example_branch_labels to 2024-07-03 00:00:00+00:00, run_after=2024-07-04 00:00:00+00:00
[2024-07-04T00:16:51.012+0000] {processor.py:183} INFO - Processing /home/airflow/.local/lib/python3.12/site-packages/airflow/example_dags/example_branch_labels.py took 3.324 seconds
[2024-07-04T00:17:21.975+0000] {processor.py:161} INFO - Started process (PID=324) to work on /home/airflow/.local/lib/python3.12/site-packages/airflow/example_dags/example_branch_labels.py
[2024-07-04T00:17:21.982+0000] {processor.py:830} INFO - Processing file /home/airflow/.local/lib/python3.12/site-packages/airflow/example_dags/example_branch_labels.py for tasks to queue
[2024-07-04T00:17:21.993+0000] {logging_mixin.py:188} INFO - [2024-07-04T00:17:21.990+0000] {dagbag.py:545} INFO - Filling up the DagBag from /home/airflow/.local/lib/python3.12/site-packages/airflow/example_dags/example_branch_labels.py
[2024-07-04T00:17:22.059+0000] {processor.py:840} INFO - DAG(s) 'example_branch_labels' retrieved from /home/airflow/.local/lib/python3.12/site-packages/airflow/example_dags/example_branch_labels.py
[2024-07-04T00:17:22.258+0000] {logging_mixin.py:188} INFO - [2024-07-04T00:17:22.256+0000] {dag.py:3096} INFO - Sync 1 DAGs
[2024-07-04T00:17:22.406+0000] {logging_mixin.py:188} INFO - [2024-07-04T00:17:22.405+0000] {dag.py:3954} INFO - Setting next_dagrun for example_branch_labels to 2024-07-03 00:00:00+00:00, run_after=2024-07-04 00:00:00+00:00
[2024-07-04T00:17:22.507+0000] {processor.py:183} INFO - Processing /home/airflow/.local/lib/python3.12/site-packages/airflow/example_dags/example_branch_labels.py took 0.563 seconds
[2024-07-04T00:18:02.613+0000] {processor.py:161} INFO - Started process (PID=384) to work on /home/airflow/.local/lib/python3.12/site-packages/airflow/example_dags/example_branch_labels.py
[2024-07-04T00:18:02.616+0000] {processor.py:830} INFO - Processing file /home/airflow/.local/lib/python3.12/site-packages/airflow/example_dags/example_branch_labels.py for tasks to queue
[2024-07-04T00:18:02.621+0000] {logging_mixin.py:188} INFO - [2024-07-04T00:18:02.620+0000] {dagbag.py:545} INFO - Filling up the DagBag from /home/airflow/.local/lib/python3.12/site-packages/airflow/example_dags/example_branch_labels.py
[2024-07-04T00:18:02.646+0000] {processor.py:840} INFO - DAG(s) 'example_branch_labels' retrieved from /home/airflow/.local/lib/python3.12/site-packages/airflow/example_dags/example_branch_labels.py
[2024-07-04T00:18:02.709+0000] {logging_mixin.py:188} INFO - [2024-07-04T00:18:02.708+0000] {dag.py:3096} INFO - Sync 1 DAGs
[2024-07-04T00:18:02.781+0000] {logging_mixin.py:188} INFO - [2024-07-04T00:18:02.781+0000] {dag.py:3954} INFO - Setting next_dagrun for example_branch_labels to 2024-07-03 00:00:00+00:00, run_after=2024-07-04 00:00:00+00:00
[2024-07-04T00:18:02.847+0000] {processor.py:183} INFO - Processing /home/airflow/.local/lib/python3.12/site-packages/airflow/example_dags/example_branch_labels.py took 0.249 seconds
[2024-07-04T00:18:39.865+0000] {processor.py:161} INFO - Started process (PID=440) to work on /home/airflow/.local/lib/python3.12/site-packages/airflow/example_dags/example_branch_labels.py
[2024-07-04T00:18:39.920+0000] {processor.py:830} INFO - Processing file /home/airflow/.local/lib/python3.12/site-packages/airflow/example_dags/example_branch_labels.py for tasks to queue
[2024-07-04T00:18:39.925+0000] {logging_mixin.py:188} INFO - [2024-07-04T00:18:39.924+0000] {dagbag.py:545} INFO - Filling up the DagBag from /home/airflow/.local/lib/python3.12/site-packages/airflow/example_dags/example_branch_labels.py
[2024-07-04T00:18:39.947+0000] {processor.py:840} INFO - DAG(s) 'example_branch_labels' retrieved from /home/airflow/.local/lib/python3.12/site-packages/airflow/example_dags/example_branch_labels.py
[2024-07-04T00:18:40.011+0000] {logging_mixin.py:188} INFO - [2024-07-04T00:18:40.010+0000] {dag.py:3096} INFO - Sync 1 DAGs
[2024-07-04T00:18:40.140+0000] {logging_mixin.py:188} INFO - [2024-07-04T00:18:40.139+0000] {dag.py:3954} INFO - Setting next_dagrun for example_branch_labels to 2024-07-03 00:00:00+00:00, run_after=2024-07-04 00:00:00+00:00
[2024-07-04T00:18:40.237+0000] {processor.py:183} INFO - Processing /home/airflow/.local/lib/python3.12/site-packages/airflow/example_dags/example_branch_labels.py took 0.392 seconds
[2024-07-04T00:19:13.087+0000] {processor.py:161} INFO - Started process (PID=492) to work on /home/airflow/.local/lib/python3.12/site-packages/airflow/example_dags/example_branch_labels.py
[2024-07-04T00:19:13.289+0000] {processor.py:830} INFO - Processing file /home/airflow/.local/lib/python3.12/site-packages/airflow/example_dags/example_branch_labels.py for tasks to queue
[2024-07-04T00:19:13.394+0000] {logging_mixin.py:188} INFO - [2024-07-04T00:19:13.392+0000] {dagbag.py:545} INFO - Filling up the DagBag from /home/airflow/.local/lib/python3.12/site-packages/airflow/example_dags/example_branch_labels.py
[2024-07-04T00:19:13.509+0000] {processor.py:840} INFO - DAG(s) 'example_branch_labels' retrieved from /home/airflow/.local/lib/python3.12/site-packages/airflow/example_dags/example_branch_labels.py
[2024-07-04T00:19:13.668+0000] {logging_mixin.py:188} INFO - [2024-07-04T00:19:13.667+0000] {dag.py:3096} INFO - Sync 1 DAGs
[2024-07-04T00:54:09.107+0000] {processor.py:161} INFO - Started process (PID=69) to work on /home/airflow/.local/lib/python3.12/site-packages/airflow/example_dags/example_branch_labels.py
[2024-07-04T00:54:09.111+0000] {processor.py:830} INFO - Processing file /home/airflow/.local/lib/python3.12/site-packages/airflow/example_dags/example_branch_labels.py for tasks to queue
[2024-07-04T00:54:09.117+0000] {logging_mixin.py:188} INFO - [2024-07-04T00:54:09.116+0000] {dagbag.py:545} INFO - Filling up the DagBag from /home/airflow/.local/lib/python3.12/site-packages/airflow/example_dags/example_branch_labels.py
[2024-07-04T00:54:09.237+0000] {processor.py:840} INFO - DAG(s) 'example_branch_labels' retrieved from /home/airflow/.local/lib/python3.12/site-packages/airflow/example_dags/example_branch_labels.py
[2024-07-04T00:54:11.352+0000] {logging_mixin.py:188} INFO - [2024-07-04T00:54:11.350+0000] {dag.py:3096} INFO - Sync 1 DAGs
[2024-07-04T00:54:11.883+0000] {logging_mixin.py:188} INFO - [2024-07-04T00:54:11.881+0000] {dag.py:3954} INFO - Setting next_dagrun for example_branch_labels to 2024-07-03 00:00:00+00:00, run_after=2024-07-04 00:00:00+00:00
[2024-07-04T00:54:12.174+0000] {processor.py:183} INFO - Processing /home/airflow/.local/lib/python3.12/site-packages/airflow/example_dags/example_branch_labels.py took 3.080 seconds
[2024-07-04T00:55:00.834+0000] {processor.py:161} INFO - Started process (PID=135) to work on /home/airflow/.local/lib/python3.12/site-packages/airflow/example_dags/example_branch_labels.py
[2024-07-04T00:55:00.883+0000] {processor.py:830} INFO - Processing file /home/airflow/.local/lib/python3.12/site-packages/airflow/example_dags/example_branch_labels.py for tasks to queue
[2024-07-04T00:55:00.887+0000] {logging_mixin.py:188} INFO - [2024-07-04T00:55:00.886+0000] {dagbag.py:545} INFO - Filling up the DagBag from /home/airflow/.local/lib/python3.12/site-packages/airflow/example_dags/example_branch_labels.py
[2024-07-04T00:55:00.907+0000] {processor.py:840} INFO - DAG(s) 'example_branch_labels' retrieved from /home/airflow/.local/lib/python3.12/site-packages/airflow/example_dags/example_branch_labels.py
[2024-07-04T00:55:00.961+0000] {logging_mixin.py:188} INFO - [2024-07-04T00:55:00.960+0000] {dag.py:3096} INFO - Sync 1 DAGs
[2024-07-04T00:55:01.058+0000] {logging_mixin.py:188} INFO - [2024-07-04T00:55:01.057+0000] {dag.py:3954} INFO - Setting next_dagrun for example_branch_labels to 2024-07-03 00:00:00+00:00, run_after=2024-07-04 00:00:00+00:00
[2024-07-04T00:55:01.232+0000] {processor.py:183} INFO - Processing /home/airflow/.local/lib/python3.12/site-packages/airflow/example_dags/example_branch_labels.py took 0.412 seconds
[2024-07-04T00:55:32.557+0000] {processor.py:161} INFO - Started process (PID=195) to work on /home/airflow/.local/lib/python3.12/site-packages/airflow/example_dags/example_branch_labels.py
[2024-07-04T00:55:32.560+0000] {processor.py:830} INFO - Processing file /home/airflow/.local/lib/python3.12/site-packages/airflow/example_dags/example_branch_labels.py for tasks to queue
[2024-07-04T00:55:32.566+0000] {logging_mixin.py:188} INFO - [2024-07-04T00:55:32.564+0000] {dagbag.py:545} INFO - Filling up the DagBag from /home/airflow/.local/lib/python3.12/site-packages/airflow/example_dags/example_branch_labels.py
[2024-07-04T00:55:32.611+0000] {processor.py:840} INFO - DAG(s) 'example_branch_labels' retrieved from /home/airflow/.local/lib/python3.12/site-packages/airflow/example_dags/example_branch_labels.py
[2024-07-04T00:55:32.662+0000] {logging_mixin.py:188} INFO - [2024-07-04T00:55:32.661+0000] {dag.py:3096} INFO - Sync 1 DAGs
[2024-07-04T00:55:32.780+0000] {logging_mixin.py:188} INFO - [2024-07-04T00:55:32.779+0000] {dag.py:3954} INFO - Setting next_dagrun for example_branch_labels to 2024-07-03 00:00:00+00:00, run_after=2024-07-04 00:00:00+00:00
[2024-07-04T00:55:32.911+0000] {processor.py:183} INFO - Processing /home/airflow/.local/lib/python3.12/site-packages/airflow/example_dags/example_branch_labels.py took 0.369 seconds
[2024-07-04T00:56:04.970+0000] {processor.py:161} INFO - Started process (PID=255) to work on /home/airflow/.local/lib/python3.12/site-packages/airflow/example_dags/example_branch_labels.py
[2024-07-04T00:56:04.973+0000] {processor.py:830} INFO - Processing file /home/airflow/.local/lib/python3.12/site-packages/airflow/example_dags/example_branch_labels.py for tasks to queue
[2024-07-04T00:56:04.979+0000] {logging_mixin.py:188} INFO - [2024-07-04T00:56:04.978+0000] {dagbag.py:545} INFO - Filling up the DagBag from /home/airflow/.local/lib/python3.12/site-packages/airflow/example_dags/example_branch_labels.py
[2024-07-04T00:56:05.003+0000] {processor.py:840} INFO - DAG(s) 'example_branch_labels' retrieved from /home/airflow/.local/lib/python3.12/site-packages/airflow/example_dags/example_branch_labels.py
[2024-07-04T00:56:05.063+0000] {logging_mixin.py:188} INFO - [2024-07-04T00:56:05.062+0000] {dag.py:3096} INFO - Sync 1 DAGs
[2024-07-04T00:56:05.124+0000] {logging_mixin.py:188} INFO - [2024-07-04T00:56:05.124+0000] {dag.py:3954} INFO - Setting next_dagrun for example_branch_labels to 2024-07-03 00:00:00+00:00, run_after=2024-07-04 00:00:00+00:00
[2024-07-04T00:56:05.176+0000] {processor.py:183} INFO - Processing /home/airflow/.local/lib/python3.12/site-packages/airflow/example_dags/example_branch_labels.py took 0.223 seconds
[2024-07-04T00:56:42.874+0000] {processor.py:161} INFO - Started process (PID=313) to work on /home/airflow/.local/lib/python3.12/site-packages/airflow/example_dags/example_branch_labels.py
[2024-07-04T00:56:42.875+0000] {processor.py:830} INFO - Processing file /home/airflow/.local/lib/python3.12/site-packages/airflow/example_dags/example_branch_labels.py for tasks to queue
[2024-07-04T00:56:42.879+0000] {logging_mixin.py:188} INFO - [2024-07-04T00:56:42.878+0000] {dagbag.py:545} INFO - Filling up the DagBag from /home/airflow/.local/lib/python3.12/site-packages/airflow/example_dags/example_branch_labels.py
[2024-07-04T00:56:42.892+0000] {processor.py:840} INFO - DAG(s) 'example_branch_labels' retrieved from /home/airflow/.local/lib/python3.12/site-packages/airflow/example_dags/example_branch_labels.py
[2024-07-04T00:56:42.927+0000] {logging_mixin.py:188} INFO - [2024-07-04T00:56:42.927+0000] {dag.py:3096} INFO - Sync 1 DAGs
[2024-07-04T00:56:42.969+0000] {logging_mixin.py:188} INFO - [2024-07-04T00:56:42.968+0000] {dag.py:3954} INFO - Setting next_dagrun for example_branch_labels to 2024-07-03 00:00:00+00:00, run_after=2024-07-04 00:00:00+00:00
[2024-07-04T00:56:43.011+0000] {processor.py:183} INFO - Processing /home/airflow/.local/lib/python3.12/site-packages/airflow/example_dags/example_branch_labels.py took 0.147 seconds
[2024-07-04T00:57:20.466+0000] {processor.py:161} INFO - Started process (PID=373) to work on /home/airflow/.local/lib/python3.12/site-packages/airflow/example_dags/example_branch_labels.py
[2024-07-04T00:57:20.555+0000] {processor.py:830} INFO - Processing file /home/airflow/.local/lib/python3.12/site-packages/airflow/example_dags/example_branch_labels.py for tasks to queue
[2024-07-04T00:57:20.560+0000] {logging_mixin.py:188} INFO - [2024-07-04T00:57:20.559+0000] {dagbag.py:545} INFO - Filling up the DagBag from /home/airflow/.local/lib/python3.12/site-packages/airflow/example_dags/example_branch_labels.py
[2024-07-04T00:57:20.577+0000] {processor.py:840} INFO - DAG(s) 'example_branch_labels' retrieved from /home/airflow/.local/lib/python3.12/site-packages/airflow/example_dags/example_branch_labels.py
[2024-07-04T00:57:20.725+0000] {logging_mixin.py:188} INFO - [2024-07-04T00:57:20.724+0000] {dag.py:3096} INFO - Sync 1 DAGs
[2024-07-04T00:57:20.767+0000] {logging_mixin.py:188} INFO - [2024-07-04T00:57:20.767+0000] {dag.py:3954} INFO - Setting next_dagrun for example_branch_labels to 2024-07-03 00:00:00+00:00, run_after=2024-07-04 00:00:00+00:00
[2024-07-04T00:57:21.252+0000] {processor.py:183} INFO - Processing /home/airflow/.local/lib/python3.12/site-packages/airflow/example_dags/example_branch_labels.py took 0.801 seconds
[2024-07-04T00:58:08.072+0000] {processor.py:161} INFO - Started process (PID=441) to work on /home/airflow/.local/lib/python3.12/site-packages/airflow/example_dags/example_branch_labels.py
[2024-07-04T00:58:08.075+0000] {processor.py:830} INFO - Processing file /home/airflow/.local/lib/python3.12/site-packages/airflow/example_dags/example_branch_labels.py for tasks to queue
[2024-07-04T00:58:08.081+0000] {logging_mixin.py:188} INFO - [2024-07-04T00:58:08.080+0000] {dagbag.py:545} INFO - Filling up the DagBag from /home/airflow/.local/lib/python3.12/site-packages/airflow/example_dags/example_branch_labels.py
[2024-07-04T00:58:08.104+0000] {processor.py:840} INFO - DAG(s) 'example_branch_labels' retrieved from /home/airflow/.local/lib/python3.12/site-packages/airflow/example_dags/example_branch_labels.py
[2024-07-04T00:58:08.174+0000] {logging_mixin.py:188} INFO - [2024-07-04T00:58:08.173+0000] {dag.py:3096} INFO - Sync 1 DAGs
[2024-07-04T00:58:08.269+0000] {logging_mixin.py:188} INFO - [2024-07-04T00:58:08.269+0000] {dag.py:3954} INFO - Setting next_dagrun for example_branch_labels to 2024-07-03 00:00:00+00:00, run_after=2024-07-04 00:00:00+00:00
[2024-07-04T00:58:08.318+0000] {processor.py:183} INFO - Processing /home/airflow/.local/lib/python3.12/site-packages/airflow/example_dags/example_branch_labels.py took 0.267 seconds
[2024-07-04T00:59:03.736+0000] {processor.py:161} INFO - Started process (PID=504) to work on /home/airflow/.local/lib/python3.12/site-packages/airflow/example_dags/example_branch_labels.py
[2024-07-04T00:59:03.744+0000] {processor.py:830} INFO - Processing file /home/airflow/.local/lib/python3.12/site-packages/airflow/example_dags/example_branch_labels.py for tasks to queue
[2024-07-04T00:59:03.754+0000] {logging_mixin.py:188} INFO - [2024-07-04T00:59:03.753+0000] {dagbag.py:545} INFO - Filling up the DagBag from /home/airflow/.local/lib/python3.12/site-packages/airflow/example_dags/example_branch_labels.py
[2024-07-04T00:59:03.793+0000] {processor.py:840} INFO - DAG(s) 'example_branch_labels' retrieved from /home/airflow/.local/lib/python3.12/site-packages/airflow/example_dags/example_branch_labels.py
[2024-07-04T00:59:03.960+0000] {logging_mixin.py:188} INFO - [2024-07-04T00:59:03.959+0000] {dag.py:3096} INFO - Sync 1 DAGs
[2024-07-04T00:59:04.098+0000] {logging_mixin.py:188} INFO - [2024-07-04T00:59:04.095+0000] {dag.py:3954} INFO - Setting next_dagrun for example_branch_labels to 2024-07-03 00:00:00+00:00, run_after=2024-07-04 00:00:00+00:00
[2024-07-04T00:59:04.225+0000] {processor.py:183} INFO - Processing /home/airflow/.local/lib/python3.12/site-packages/airflow/example_dags/example_branch_labels.py took 0.519 seconds
[2024-07-04T00:59:38.443+0000] {processor.py:161} INFO - Started process (PID=568) to work on /home/airflow/.local/lib/python3.12/site-packages/airflow/example_dags/example_branch_labels.py
[2024-07-04T00:59:38.618+0000] {processor.py:830} INFO - Processing file /home/airflow/.local/lib/python3.12/site-packages/airflow/example_dags/example_branch_labels.py for tasks to queue
[2024-07-04T00:59:38.624+0000] {logging_mixin.py:188} INFO - [2024-07-04T00:59:38.623+0000] {dagbag.py:545} INFO - Filling up the DagBag from /home/airflow/.local/lib/python3.12/site-packages/airflow/example_dags/example_branch_labels.py
[2024-07-04T00:59:38.644+0000] {processor.py:840} INFO - DAG(s) 'example_branch_labels' retrieved from /home/airflow/.local/lib/python3.12/site-packages/airflow/example_dags/example_branch_labels.py
[2024-07-04T00:59:38.851+0000] {logging_mixin.py:188} INFO - [2024-07-04T00:59:38.850+0000] {dag.py:3096} INFO - Sync 1 DAGs
[2024-07-04T00:59:38.902+0000] {logging_mixin.py:188} INFO - [2024-07-04T00:59:38.902+0000] {dag.py:3954} INFO - Setting next_dagrun for example_branch_labels to 2024-07-03 00:00:00+00:00, run_after=2024-07-04 00:00:00+00:00
[2024-07-04T00:59:39.110+0000] {processor.py:183} INFO - Processing /home/airflow/.local/lib/python3.12/site-packages/airflow/example_dags/example_branch_labels.py took 0.685 seconds
[2024-07-04T01:03:28.275+0000] {processor.py:161} INFO - Started process (PID=712) to work on /home/airflow/.local/lib/python3.12/site-packages/airflow/example_dags/example_branch_labels.py
[2024-07-04T01:03:28.278+0000] {processor.py:830} INFO - Processing file /home/airflow/.local/lib/python3.12/site-packages/airflow/example_dags/example_branch_labels.py for tasks to queue
[2024-07-04T01:03:28.280+0000] {logging_mixin.py:188} INFO - [2024-07-04T01:03:28.279+0000] {dagbag.py:545} INFO - Filling up the DagBag from /home/airflow/.local/lib/python3.12/site-packages/airflow/example_dags/example_branch_labels.py
[2024-07-04T01:03:28.306+0000] {processor.py:840} INFO - DAG(s) 'example_branch_labels' retrieved from /home/airflow/.local/lib/python3.12/site-packages/airflow/example_dags/example_branch_labels.py
[2024-07-04T01:03:28.407+0000] {logging_mixin.py:188} INFO - [2024-07-04T01:03:28.406+0000] {dag.py:3096} INFO - Sync 1 DAGs
[2024-07-04T01:03:28.511+0000] {logging_mixin.py:188} INFO - [2024-07-04T01:03:28.510+0000] {dag.py:3954} INFO - Setting next_dagrun for example_branch_labels to 2024-07-03 00:00:00+00:00, run_after=2024-07-04 00:00:00+00:00
[2024-07-04T01:03:28.592+0000] {processor.py:183} INFO - Processing /home/airflow/.local/lib/python3.12/site-packages/airflow/example_dags/example_branch_labels.py took 0.338 seconds
