[2024-07-04T00:00:43.541+0000] {processor.py:161} INFO - Started process (PID=5027) to work on /home/airflow/.local/lib/python3.12/site-packages/airflow/example_dags/example_latest_only_with_trigger.py
[2024-07-04T00:00:43.544+0000] {processor.py:830} INFO - Processing file /home/airflow/.local/lib/python3.12/site-packages/airflow/example_dags/example_latest_only_with_trigger.py for tasks to queue
[2024-07-04T00:00:43.546+0000] {logging_mixin.py:188} INFO - [2024-07-04T00:00:43.545+0000] {dagbag.py:545} INFO - Filling up the DagBag from /home/airflow/.local/lib/python3.12/site-packages/airflow/example_dags/example_latest_only_with_trigger.py
[2024-07-04T00:00:43.654+0000] {processor.py:840} INFO - DAG(s) 'latest_only_with_trigger' retrieved from /home/airflow/.local/lib/python3.12/site-packages/airflow/example_dags/example_latest_only_with_trigger.py
[2024-07-04T00:00:43.883+0000] {logging_mixin.py:188} INFO - [2024-07-04T00:00:43.874+0000] {dag.py:3096} INFO - Sync 1 DAGs
[2024-07-04T00:00:44.236+0000] {logging_mixin.py:188} INFO - [2024-07-04T00:00:44.225+0000] {dag.py:3954} INFO - Setting next_dagrun for latest_only_with_trigger to 2024-07-03 20:00:00+00:00, run_after=2024-07-04 00:00:00+00:00
[2024-07-04T00:00:44.447+0000] {processor.py:183} INFO - Processing /home/airflow/.local/lib/python3.12/site-packages/airflow/example_dags/example_latest_only_with_trigger.py took 0.935 seconds
[2024-07-04T00:04:13.305+0000] {processor.py:161} INFO - Started process (PID=5081) to work on /home/airflow/.local/lib/python3.12/site-packages/airflow/example_dags/example_latest_only_with_trigger.py
[2024-07-04T00:04:13.309+0000] {processor.py:830} INFO - Processing file /home/airflow/.local/lib/python3.12/site-packages/airflow/example_dags/example_latest_only_with_trigger.py for tasks to queue
[2024-07-04T00:04:13.311+0000] {logging_mixin.py:188} INFO - [2024-07-04T00:04:13.311+0000] {dagbag.py:545} INFO - Filling up the DagBag from /home/airflow/.local/lib/python3.12/site-packages/airflow/example_dags/example_latest_only_with_trigger.py
[2024-07-04T00:04:13.329+0000] {processor.py:840} INFO - DAG(s) 'latest_only_with_trigger' retrieved from /home/airflow/.local/lib/python3.12/site-packages/airflow/example_dags/example_latest_only_with_trigger.py
[2024-07-04T00:04:13.396+0000] {logging_mixin.py:188} INFO - [2024-07-04T00:04:13.395+0000] {dag.py:3096} INFO - Sync 1 DAGs
[2024-07-04T00:04:13.486+0000] {logging_mixin.py:188} INFO - [2024-07-04T00:04:13.485+0000] {dag.py:3954} INFO - Setting next_dagrun for latest_only_with_trigger to 2024-07-03 20:00:00+00:00, run_after=2024-07-04 00:00:00+00:00
[2024-07-04T00:04:13.550+0000] {processor.py:183} INFO - Processing /home/airflow/.local/lib/python3.12/site-packages/airflow/example_dags/example_latest_only_with_trigger.py took 0.260 seconds
[2024-07-04T00:14:12.693+0000] {processor.py:161} INFO - Started process (PID=70) to work on /home/airflow/.local/lib/python3.12/site-packages/airflow/example_dags/example_latest_only_with_trigger.py
[2024-07-04T00:14:12.781+0000] {processor.py:830} INFO - Processing file /home/airflow/.local/lib/python3.12/site-packages/airflow/example_dags/example_latest_only_with_trigger.py for tasks to queue
[2024-07-04T00:14:13.196+0000] {logging_mixin.py:188} INFO - [2024-07-04T00:14:13.171+0000] {dagbag.py:545} INFO - Filling up the DagBag from /home/airflow/.local/lib/python3.12/site-packages/airflow/example_dags/example_latest_only_with_trigger.py
[2024-07-04T00:14:13.994+0000] {processor.py:840} INFO - DAG(s) 'latest_only_with_trigger' retrieved from /home/airflow/.local/lib/python3.12/site-packages/airflow/example_dags/example_latest_only_with_trigger.py
[2024-07-04T00:14:20.547+0000] {logging_mixin.py:188} INFO - [2024-07-04T00:14:20.544+0000] {dag.py:3096} INFO - Sync 1 DAGs
[2024-07-04T00:14:21.446+0000] {logging_mixin.py:188} INFO - [2024-07-04T00:14:21.444+0000] {dag.py:3954} INFO - Setting next_dagrun for latest_only_with_trigger to 2024-07-03 20:00:00+00:00, run_after=2024-07-04 00:00:00+00:00
[2024-07-04T00:14:22.094+0000] {processor.py:183} INFO - Processing /home/airflow/.local/lib/python3.12/site-packages/airflow/example_dags/example_latest_only_with_trigger.py took 9.921 seconds
[2024-07-04T00:15:12.087+0000] {processor.py:161} INFO - Started process (PID=136) to work on /home/airflow/.local/lib/python3.12/site-packages/airflow/example_dags/example_latest_only_with_trigger.py
[2024-07-04T00:15:12.096+0000] {processor.py:830} INFO - Processing file /home/airflow/.local/lib/python3.12/site-packages/airflow/example_dags/example_latest_only_with_trigger.py for tasks to queue
[2024-07-04T00:15:12.108+0000] {logging_mixin.py:188} INFO - [2024-07-04T00:15:12.106+0000] {dagbag.py:545} INFO - Filling up the DagBag from /home/airflow/.local/lib/python3.12/site-packages/airflow/example_dags/example_latest_only_with_trigger.py
[2024-07-04T00:15:12.141+0000] {processor.py:840} INFO - DAG(s) 'latest_only_with_trigger' retrieved from /home/airflow/.local/lib/python3.12/site-packages/airflow/example_dags/example_latest_only_with_trigger.py
[2024-07-04T00:15:12.255+0000] {logging_mixin.py:188} INFO - [2024-07-04T00:15:12.252+0000] {dag.py:3096} INFO - Sync 1 DAGs
[2024-07-04T00:15:12.359+0000] {logging_mixin.py:188} INFO - [2024-07-04T00:15:12.358+0000] {dag.py:3954} INFO - Setting next_dagrun for latest_only_with_trigger to 2024-07-03 20:00:00+00:00, run_after=2024-07-04 00:00:00+00:00
[2024-07-04T00:15:12.439+0000] {processor.py:183} INFO - Processing /home/airflow/.local/lib/python3.12/site-packages/airflow/example_dags/example_latest_only_with_trigger.py took 0.378 seconds
[2024-07-04T00:15:46.476+0000] {processor.py:161} INFO - Started process (PID=196) to work on /home/airflow/.local/lib/python3.12/site-packages/airflow/example_dags/example_latest_only_with_trigger.py
[2024-07-04T00:15:46.492+0000] {processor.py:830} INFO - Processing file /home/airflow/.local/lib/python3.12/site-packages/airflow/example_dags/example_latest_only_with_trigger.py for tasks to queue
[2024-07-04T00:15:46.498+0000] {logging_mixin.py:188} INFO - [2024-07-04T00:15:46.497+0000] {dagbag.py:545} INFO - Filling up the DagBag from /home/airflow/.local/lib/python3.12/site-packages/airflow/example_dags/example_latest_only_with_trigger.py
[2024-07-04T00:15:46.509+0000] {processor.py:840} INFO - DAG(s) 'latest_only_with_trigger' retrieved from /home/airflow/.local/lib/python3.12/site-packages/airflow/example_dags/example_latest_only_with_trigger.py
[2024-07-04T00:15:46.562+0000] {logging_mixin.py:188} INFO - [2024-07-04T00:15:46.562+0000] {dag.py:3096} INFO - Sync 1 DAGs
[2024-07-04T00:15:46.625+0000] {logging_mixin.py:188} INFO - [2024-07-04T00:15:46.625+0000] {dag.py:3954} INFO - Setting next_dagrun for latest_only_with_trigger to 2024-07-03 20:00:00+00:00, run_after=2024-07-04 00:00:00+00:00
[2024-07-04T00:15:46.841+0000] {processor.py:183} INFO - Processing /home/airflow/.local/lib/python3.12/site-packages/airflow/example_dags/example_latest_only_with_trigger.py took 0.380 seconds
[2024-07-04T00:16:41.428+0000] {processor.py:161} INFO - Started process (PID=260) to work on /home/airflow/.local/lib/python3.12/site-packages/airflow/example_dags/example_latest_only_with_trigger.py
[2024-07-04T00:16:41.436+0000] {processor.py:830} INFO - Processing file /home/airflow/.local/lib/python3.12/site-packages/airflow/example_dags/example_latest_only_with_trigger.py for tasks to queue
[2024-07-04T00:16:41.476+0000] {logging_mixin.py:188} INFO - [2024-07-04T00:16:41.474+0000] {dagbag.py:545} INFO - Filling up the DagBag from /home/airflow/.local/lib/python3.12/site-packages/airflow/example_dags/example_latest_only_with_trigger.py
[2024-07-04T00:16:41.578+0000] {processor.py:840} INFO - DAG(s) 'latest_only_with_trigger' retrieved from /home/airflow/.local/lib/python3.12/site-packages/airflow/example_dags/example_latest_only_with_trigger.py
[2024-07-04T00:16:42.093+0000] {logging_mixin.py:188} INFO - [2024-07-04T00:16:42.090+0000] {dag.py:3096} INFO - Sync 1 DAGs
[2024-07-04T00:16:42.520+0000] {logging_mixin.py:188} INFO - [2024-07-04T00:16:42.519+0000] {dag.py:3954} INFO - Setting next_dagrun for latest_only_with_trigger to 2024-07-03 20:00:00+00:00, run_after=2024-07-04 00:00:00+00:00
[2024-07-04T00:16:43.043+0000] {processor.py:183} INFO - Processing /home/airflow/.local/lib/python3.12/site-packages/airflow/example_dags/example_latest_only_with_trigger.py took 1.702 seconds
[2024-07-04T00:17:15.194+0000] {processor.py:161} INFO - Started process (PID=319) to work on /home/airflow/.local/lib/python3.12/site-packages/airflow/example_dags/example_latest_only_with_trigger.py
[2024-07-04T00:17:15.198+0000] {processor.py:830} INFO - Processing file /home/airflow/.local/lib/python3.12/site-packages/airflow/example_dags/example_latest_only_with_trigger.py for tasks to queue
[2024-07-04T00:17:15.202+0000] {logging_mixin.py:188} INFO - [2024-07-04T00:17:15.201+0000] {dagbag.py:545} INFO - Filling up the DagBag from /home/airflow/.local/lib/python3.12/site-packages/airflow/example_dags/example_latest_only_with_trigger.py
[2024-07-04T00:17:15.217+0000] {processor.py:840} INFO - DAG(s) 'latest_only_with_trigger' retrieved from /home/airflow/.local/lib/python3.12/site-packages/airflow/example_dags/example_latest_only_with_trigger.py
[2024-07-04T00:17:15.294+0000] {logging_mixin.py:188} INFO - [2024-07-04T00:17:15.293+0000] {dag.py:3096} INFO - Sync 1 DAGs
[2024-07-04T00:17:15.399+0000] {logging_mixin.py:188} INFO - [2024-07-04T00:17:15.398+0000] {dag.py:3954} INFO - Setting next_dagrun for latest_only_with_trigger to 2024-07-03 20:00:00+00:00, run_after=2024-07-04 00:00:00+00:00
[2024-07-04T00:17:15.470+0000] {processor.py:183} INFO - Processing /home/airflow/.local/lib/python3.12/site-packages/airflow/example_dags/example_latest_only_with_trigger.py took 0.289 seconds
[2024-07-04T00:17:59.059+0000] {processor.py:161} INFO - Started process (PID=364) to work on /home/airflow/.local/lib/python3.12/site-packages/airflow/example_dags/example_latest_only_with_trigger.py
[2024-07-04T00:17:59.062+0000] {processor.py:830} INFO - Processing file /home/airflow/.local/lib/python3.12/site-packages/airflow/example_dags/example_latest_only_with_trigger.py for tasks to queue
[2024-07-04T00:17:59.071+0000] {logging_mixin.py:188} INFO - [2024-07-04T00:17:59.069+0000] {dagbag.py:545} INFO - Filling up the DagBag from /home/airflow/.local/lib/python3.12/site-packages/airflow/example_dags/example_latest_only_with_trigger.py
[2024-07-04T00:17:59.090+0000] {processor.py:840} INFO - DAG(s) 'latest_only_with_trigger' retrieved from /home/airflow/.local/lib/python3.12/site-packages/airflow/example_dags/example_latest_only_with_trigger.py
[2024-07-04T00:17:59.187+0000] {logging_mixin.py:188} INFO - [2024-07-04T00:17:59.186+0000] {dag.py:3096} INFO - Sync 1 DAGs
[2024-07-04T00:17:59.288+0000] {logging_mixin.py:188} INFO - [2024-07-04T00:17:59.287+0000] {dag.py:3954} INFO - Setting next_dagrun for latest_only_with_trigger to 2024-07-03 20:00:00+00:00, run_after=2024-07-04 00:00:00+00:00
[2024-07-04T00:17:59.355+0000] {processor.py:183} INFO - Processing /home/airflow/.local/lib/python3.12/site-packages/airflow/example_dags/example_latest_only_with_trigger.py took 0.317 seconds
[2024-07-04T00:18:31.196+0000] {processor.py:161} INFO - Started process (PID=422) to work on /home/airflow/.local/lib/python3.12/site-packages/airflow/example_dags/example_latest_only_with_trigger.py
[2024-07-04T00:18:31.208+0000] {processor.py:830} INFO - Processing file /home/airflow/.local/lib/python3.12/site-packages/airflow/example_dags/example_latest_only_with_trigger.py for tasks to queue
[2024-07-04T00:18:31.215+0000] {logging_mixin.py:188} INFO - [2024-07-04T00:18:31.214+0000] {dagbag.py:545} INFO - Filling up the DagBag from /home/airflow/.local/lib/python3.12/site-packages/airflow/example_dags/example_latest_only_with_trigger.py
[2024-07-04T00:18:31.235+0000] {processor.py:840} INFO - DAG(s) 'latest_only_with_trigger' retrieved from /home/airflow/.local/lib/python3.12/site-packages/airflow/example_dags/example_latest_only_with_trigger.py
[2024-07-04T00:18:31.402+0000] {logging_mixin.py:188} INFO - [2024-07-04T00:18:31.401+0000] {dag.py:3096} INFO - Sync 1 DAGs
[2024-07-04T00:18:31.552+0000] {logging_mixin.py:188} INFO - [2024-07-04T00:18:31.549+0000] {dag.py:3954} INFO - Setting next_dagrun for latest_only_with_trigger to 2024-07-03 20:00:00+00:00, run_after=2024-07-04 00:00:00+00:00
[2024-07-04T00:18:31.678+0000] {processor.py:183} INFO - Processing /home/airflow/.local/lib/python3.12/site-packages/airflow/example_dags/example_latest_only_with_trigger.py took 0.546 seconds
[2024-07-04T00:19:09.063+0000] {processor.py:161} INFO - Started process (PID=482) to work on /home/airflow/.local/lib/python3.12/site-packages/airflow/example_dags/example_latest_only_with_trigger.py
[2024-07-04T00:19:09.215+0000] {processor.py:830} INFO - Processing file /home/airflow/.local/lib/python3.12/site-packages/airflow/example_dags/example_latest_only_with_trigger.py for tasks to queue
[2024-07-04T00:19:09.218+0000] {logging_mixin.py:188} INFO - [2024-07-04T00:19:09.218+0000] {dagbag.py:545} INFO - Filling up the DagBag from /home/airflow/.local/lib/python3.12/site-packages/airflow/example_dags/example_latest_only_with_trigger.py
[2024-07-04T00:19:09.228+0000] {processor.py:840} INFO - DAG(s) 'latest_only_with_trigger' retrieved from /home/airflow/.local/lib/python3.12/site-packages/airflow/example_dags/example_latest_only_with_trigger.py
[2024-07-04T00:19:09.306+0000] {logging_mixin.py:188} INFO - [2024-07-04T00:19:09.305+0000] {dag.py:3096} INFO - Sync 1 DAGs
[2024-07-04T00:19:09.431+0000] {logging_mixin.py:188} INFO - [2024-07-04T00:19:09.430+0000] {dag.py:3954} INFO - Setting next_dagrun for latest_only_with_trigger to 2024-07-03 20:00:00+00:00, run_after=2024-07-04 00:00:00+00:00
[2024-07-04T00:19:09.636+0000] {processor.py:183} INFO - Processing /home/airflow/.local/lib/python3.12/site-packages/airflow/example_dags/example_latest_only_with_trigger.py took 0.585 seconds
[2024-07-04T00:54:04.955+0000] {processor.py:161} INFO - Started process (PID=64) to work on /home/airflow/.local/lib/python3.12/site-packages/airflow/example_dags/example_latest_only_with_trigger.py
[2024-07-04T00:54:04.958+0000] {processor.py:830} INFO - Processing file /home/airflow/.local/lib/python3.12/site-packages/airflow/example_dags/example_latest_only_with_trigger.py for tasks to queue
[2024-07-04T00:54:04.962+0000] {logging_mixin.py:188} INFO - [2024-07-04T00:54:04.961+0000] {dagbag.py:545} INFO - Filling up the DagBag from /home/airflow/.local/lib/python3.12/site-packages/airflow/example_dags/example_latest_only_with_trigger.py
[2024-07-04T00:54:04.992+0000] {processor.py:840} INFO - DAG(s) 'latest_only_with_trigger' retrieved from /home/airflow/.local/lib/python3.12/site-packages/airflow/example_dags/example_latest_only_with_trigger.py
[2024-07-04T00:54:05.712+0000] {logging_mixin.py:188} INFO - [2024-07-04T00:54:05.711+0000] {dag.py:3096} INFO - Sync 1 DAGs
[2024-07-04T00:54:05.978+0000] {logging_mixin.py:188} INFO - [2024-07-04T00:54:05.977+0000] {dag.py:3954} INFO - Setting next_dagrun for latest_only_with_trigger to 2024-07-03 20:00:00+00:00, run_after=2024-07-04 00:00:00+00:00
[2024-07-04T00:54:06.149+0000] {processor.py:183} INFO - Processing /home/airflow/.local/lib/python3.12/site-packages/airflow/example_dags/example_latest_only_with_trigger.py took 1.208 seconds
[2024-07-04T00:54:59.267+0000] {processor.py:161} INFO - Started process (PID=130) to work on /home/airflow/.local/lib/python3.12/site-packages/airflow/example_dags/example_latest_only_with_trigger.py
[2024-07-04T00:54:59.271+0000] {processor.py:830} INFO - Processing file /home/airflow/.local/lib/python3.12/site-packages/airflow/example_dags/example_latest_only_with_trigger.py for tasks to queue
[2024-07-04T00:54:59.276+0000] {logging_mixin.py:188} INFO - [2024-07-04T00:54:59.275+0000] {dagbag.py:545} INFO - Filling up the DagBag from /home/airflow/.local/lib/python3.12/site-packages/airflow/example_dags/example_latest_only_with_trigger.py
[2024-07-04T00:54:59.293+0000] {processor.py:840} INFO - DAG(s) 'latest_only_with_trigger' retrieved from /home/airflow/.local/lib/python3.12/site-packages/airflow/example_dags/example_latest_only_with_trigger.py
[2024-07-04T00:54:59.393+0000] {logging_mixin.py:188} INFO - [2024-07-04T00:54:59.387+0000] {dag.py:3096} INFO - Sync 1 DAGs
[2024-07-04T00:54:59.482+0000] {logging_mixin.py:188} INFO - [2024-07-04T00:54:59.482+0000] {dag.py:3954} INFO - Setting next_dagrun for latest_only_with_trigger to 2024-07-03 20:00:00+00:00, run_after=2024-07-04 00:00:00+00:00
[2024-07-04T00:54:59.548+0000] {processor.py:183} INFO - Processing /home/airflow/.local/lib/python3.12/site-packages/airflow/example_dags/example_latest_only_with_trigger.py took 0.293 seconds
[2024-07-04T00:55:31.785+0000] {processor.py:161} INFO - Started process (PID=190) to work on /home/airflow/.local/lib/python3.12/site-packages/airflow/example_dags/example_latest_only_with_trigger.py
[2024-07-04T00:55:31.787+0000] {processor.py:830} INFO - Processing file /home/airflow/.local/lib/python3.12/site-packages/airflow/example_dags/example_latest_only_with_trigger.py for tasks to queue
[2024-07-04T00:55:31.791+0000] {logging_mixin.py:188} INFO - [2024-07-04T00:55:31.790+0000] {dagbag.py:545} INFO - Filling up the DagBag from /home/airflow/.local/lib/python3.12/site-packages/airflow/example_dags/example_latest_only_with_trigger.py
[2024-07-04T00:55:31.801+0000] {processor.py:840} INFO - DAG(s) 'latest_only_with_trigger' retrieved from /home/airflow/.local/lib/python3.12/site-packages/airflow/example_dags/example_latest_only_with_trigger.py
[2024-07-04T00:55:31.843+0000] {logging_mixin.py:188} INFO - [2024-07-04T00:55:31.842+0000] {dag.py:3096} INFO - Sync 1 DAGs
[2024-07-04T00:55:31.895+0000] {logging_mixin.py:188} INFO - [2024-07-04T00:55:31.894+0000] {dag.py:3954} INFO - Setting next_dagrun for latest_only_with_trigger to 2024-07-03 20:00:00+00:00, run_after=2024-07-04 00:00:00+00:00
[2024-07-04T00:55:31.993+0000] {processor.py:183} INFO - Processing /home/airflow/.local/lib/python3.12/site-packages/airflow/example_dags/example_latest_only_with_trigger.py took 0.220 seconds
[2024-07-04T00:56:04.009+0000] {processor.py:161} INFO - Started process (PID=250) to work on /home/airflow/.local/lib/python3.12/site-packages/airflow/example_dags/example_latest_only_with_trigger.py
[2024-07-04T00:56:04.012+0000] {processor.py:830} INFO - Processing file /home/airflow/.local/lib/python3.12/site-packages/airflow/example_dags/example_latest_only_with_trigger.py for tasks to queue
[2024-07-04T00:56:04.017+0000] {logging_mixin.py:188} INFO - [2024-07-04T00:56:04.016+0000] {dagbag.py:545} INFO - Filling up the DagBag from /home/airflow/.local/lib/python3.12/site-packages/airflow/example_dags/example_latest_only_with_trigger.py
[2024-07-04T00:56:04.030+0000] {processor.py:840} INFO - DAG(s) 'latest_only_with_trigger' retrieved from /home/airflow/.local/lib/python3.12/site-packages/airflow/example_dags/example_latest_only_with_trigger.py
[2024-07-04T00:56:04.077+0000] {logging_mixin.py:188} INFO - [2024-07-04T00:56:04.076+0000] {dag.py:3096} INFO - Sync 1 DAGs
[2024-07-04T00:56:04.142+0000] {logging_mixin.py:188} INFO - [2024-07-04T00:56:04.141+0000] {dag.py:3954} INFO - Setting next_dagrun for latest_only_with_trigger to 2024-07-03 20:00:00+00:00, run_after=2024-07-04 00:00:00+00:00
[2024-07-04T00:56:04.194+0000] {processor.py:183} INFO - Processing /home/airflow/.local/lib/python3.12/site-packages/airflow/example_dags/example_latest_only_with_trigger.py took 0.195 seconds
[2024-07-04T00:56:41.967+0000] {processor.py:161} INFO - Started process (PID=308) to work on /home/airflow/.local/lib/python3.12/site-packages/airflow/example_dags/example_latest_only_with_trigger.py
[2024-07-04T00:56:41.969+0000] {processor.py:830} INFO - Processing file /home/airflow/.local/lib/python3.12/site-packages/airflow/example_dags/example_latest_only_with_trigger.py for tasks to queue
[2024-07-04T00:56:41.974+0000] {logging_mixin.py:188} INFO - [2024-07-04T00:56:41.973+0000] {dagbag.py:545} INFO - Filling up the DagBag from /home/airflow/.local/lib/python3.12/site-packages/airflow/example_dags/example_latest_only_with_trigger.py
[2024-07-04T00:56:41.988+0000] {processor.py:840} INFO - DAG(s) 'latest_only_with_trigger' retrieved from /home/airflow/.local/lib/python3.12/site-packages/airflow/example_dags/example_latest_only_with_trigger.py
[2024-07-04T00:56:42.053+0000] {logging_mixin.py:188} INFO - [2024-07-04T00:56:42.053+0000] {dag.py:3096} INFO - Sync 1 DAGs
[2024-07-04T00:56:42.097+0000] {logging_mixin.py:188} INFO - [2024-07-04T00:56:42.096+0000] {dag.py:3954} INFO - Setting next_dagrun for latest_only_with_trigger to 2024-07-03 20:00:00+00:00, run_after=2024-07-04 00:00:00+00:00
[2024-07-04T00:56:42.154+0000] {processor.py:183} INFO - Processing /home/airflow/.local/lib/python3.12/site-packages/airflow/example_dags/example_latest_only_with_trigger.py took 0.201 seconds
[2024-07-04T00:57:16.092+0000] {processor.py:161} INFO - Started process (PID=368) to work on /home/airflow/.local/lib/python3.12/site-packages/airflow/example_dags/example_latest_only_with_trigger.py
[2024-07-04T00:57:16.283+0000] {processor.py:830} INFO - Processing file /home/airflow/.local/lib/python3.12/site-packages/airflow/example_dags/example_latest_only_with_trigger.py for tasks to queue
[2024-07-04T00:57:16.289+0000] {logging_mixin.py:188} INFO - [2024-07-04T00:57:16.288+0000] {dagbag.py:545} INFO - Filling up the DagBag from /home/airflow/.local/lib/python3.12/site-packages/airflow/example_dags/example_latest_only_with_trigger.py
[2024-07-04T00:57:16.302+0000] {processor.py:840} INFO - DAG(s) 'latest_only_with_trigger' retrieved from /home/airflow/.local/lib/python3.12/site-packages/airflow/example_dags/example_latest_only_with_trigger.py
[2024-07-04T00:57:16.346+0000] {logging_mixin.py:188} INFO - [2024-07-04T00:57:16.346+0000] {dag.py:3096} INFO - Sync 1 DAGs
[2024-07-04T00:57:16.616+0000] {logging_mixin.py:188} INFO - [2024-07-04T00:57:16.616+0000] {dag.py:3954} INFO - Setting next_dagrun for latest_only_with_trigger to 2024-07-03 20:00:00+00:00, run_after=2024-07-04 00:00:00+00:00
[2024-07-04T00:57:17.143+0000] {processor.py:183} INFO - Processing /home/airflow/.local/lib/python3.12/site-packages/airflow/example_dags/example_latest_only_with_trigger.py took 1.059 seconds
[2024-07-04T00:58:05.353+0000] {processor.py:161} INFO - Started process (PID=436) to work on /home/airflow/.local/lib/python3.12/site-packages/airflow/example_dags/example_latest_only_with_trigger.py
[2024-07-04T00:58:05.361+0000] {processor.py:830} INFO - Processing file /home/airflow/.local/lib/python3.12/site-packages/airflow/example_dags/example_latest_only_with_trigger.py for tasks to queue
[2024-07-04T00:58:05.382+0000] {logging_mixin.py:188} INFO - [2024-07-04T00:58:05.371+0000] {dagbag.py:545} INFO - Filling up the DagBag from /home/airflow/.local/lib/python3.12/site-packages/airflow/example_dags/example_latest_only_with_trigger.py
[2024-07-04T00:58:05.482+0000] {processor.py:840} INFO - DAG(s) 'latest_only_with_trigger' retrieved from /home/airflow/.local/lib/python3.12/site-packages/airflow/example_dags/example_latest_only_with_trigger.py
[2024-07-04T00:58:05.676+0000] {logging_mixin.py:188} INFO - [2024-07-04T00:58:05.675+0000] {dag.py:3096} INFO - Sync 1 DAGs
[2024-07-04T00:58:05.827+0000] {logging_mixin.py:188} INFO - [2024-07-04T00:58:05.826+0000] {dag.py:3954} INFO - Setting next_dagrun for latest_only_with_trigger to 2024-07-03 20:00:00+00:00, run_after=2024-07-04 00:00:00+00:00
[2024-07-04T00:58:05.917+0000] {processor.py:183} INFO - Processing /home/airflow/.local/lib/python3.12/site-packages/airflow/example_dags/example_latest_only_with_trigger.py took 0.656 seconds
[2024-07-04T00:58:44.450+0000] {processor.py:161} INFO - Started process (PID=494) to work on /home/airflow/.local/lib/python3.12/site-packages/airflow/example_dags/example_latest_only_with_trigger.py
[2024-07-04T00:58:44.457+0000] {processor.py:830} INFO - Processing file /home/airflow/.local/lib/python3.12/site-packages/airflow/example_dags/example_latest_only_with_trigger.py for tasks to queue
[2024-07-04T00:58:44.471+0000] {logging_mixin.py:188} INFO - [2024-07-04T00:58:44.469+0000] {dagbag.py:545} INFO - Filling up the DagBag from /home/airflow/.local/lib/python3.12/site-packages/airflow/example_dags/example_latest_only_with_trigger.py
[2024-07-04T00:58:44.493+0000] {processor.py:840} INFO - DAG(s) 'latest_only_with_trigger' retrieved from /home/airflow/.local/lib/python3.12/site-packages/airflow/example_dags/example_latest_only_with_trigger.py
[2024-07-04T00:58:45.291+0000] {logging_mixin.py:188} INFO - [2024-07-04T00:58:45.291+0000] {dag.py:3096} INFO - Sync 1 DAGs
[2024-07-04T00:58:45.414+0000] {logging_mixin.py:188} INFO - [2024-07-04T00:58:45.412+0000] {dag.py:3954} INFO - Setting next_dagrun for latest_only_with_trigger to 2024-07-03 20:00:00+00:00, run_after=2024-07-04 00:00:00+00:00
[2024-07-04T00:58:46.238+0000] {processor.py:183} INFO - Processing /home/airflow/.local/lib/python3.12/site-packages/airflow/example_dags/example_latest_only_with_trigger.py took 1.823 seconds
[2024-07-04T00:59:19.146+0000] {processor.py:161} INFO - Started process (PID=554) to work on /home/airflow/.local/lib/python3.12/site-packages/airflow/example_dags/example_latest_only_with_trigger.py
[2024-07-04T00:59:19.151+0000] {processor.py:830} INFO - Processing file /home/airflow/.local/lib/python3.12/site-packages/airflow/example_dags/example_latest_only_with_trigger.py for tasks to queue
[2024-07-04T00:59:19.156+0000] {logging_mixin.py:188} INFO - [2024-07-04T00:59:19.155+0000] {dagbag.py:545} INFO - Filling up the DagBag from /home/airflow/.local/lib/python3.12/site-packages/airflow/example_dags/example_latest_only_with_trigger.py
[2024-07-04T00:59:19.174+0000] {processor.py:840} INFO - DAG(s) 'latest_only_with_trigger' retrieved from /home/airflow/.local/lib/python3.12/site-packages/airflow/example_dags/example_latest_only_with_trigger.py
[2024-07-04T00:59:19.237+0000] {logging_mixin.py:188} INFO - [2024-07-04T00:59:19.236+0000] {dag.py:3096} INFO - Sync 1 DAGs
[2024-07-04T00:59:19.310+0000] {logging_mixin.py:188} INFO - [2024-07-04T00:59:19.309+0000] {dag.py:3954} INFO - Setting next_dagrun for latest_only_with_trigger to 2024-07-03 20:00:00+00:00, run_after=2024-07-04 00:00:00+00:00
[2024-07-04T00:59:19.384+0000] {processor.py:183} INFO - Processing /home/airflow/.local/lib/python3.12/site-packages/airflow/example_dags/example_latest_only_with_trigger.py took 0.264 seconds
[2024-07-04T01:03:26.997+0000] {processor.py:161} INFO - Started process (PID=707) to work on /home/airflow/.local/lib/python3.12/site-packages/airflow/example_dags/example_latest_only_with_trigger.py
[2024-07-04T01:03:27.001+0000] {processor.py:830} INFO - Processing file /home/airflow/.local/lib/python3.12/site-packages/airflow/example_dags/example_latest_only_with_trigger.py for tasks to queue
[2024-07-04T01:03:27.005+0000] {logging_mixin.py:188} INFO - [2024-07-04T01:03:27.004+0000] {dagbag.py:545} INFO - Filling up the DagBag from /home/airflow/.local/lib/python3.12/site-packages/airflow/example_dags/example_latest_only_with_trigger.py
[2024-07-04T01:03:27.025+0000] {processor.py:840} INFO - DAG(s) 'latest_only_with_trigger' retrieved from /home/airflow/.local/lib/python3.12/site-packages/airflow/example_dags/example_latest_only_with_trigger.py
[2024-07-04T01:03:27.098+0000] {logging_mixin.py:188} INFO - [2024-07-04T01:03:27.097+0000] {dag.py:3096} INFO - Sync 1 DAGs
[2024-07-04T01:03:27.331+0000] {logging_mixin.py:188} INFO - [2024-07-04T01:03:27.330+0000] {dag.py:3954} INFO - Setting next_dagrun for latest_only_with_trigger to 2024-07-03 20:00:00+00:00, run_after=2024-07-04 00:00:00+00:00
[2024-07-04T01:03:27.475+0000] {processor.py:183} INFO - Processing /home/airflow/.local/lib/python3.12/site-packages/airflow/example_dags/example_latest_only_with_trigger.py took 0.493 seconds
