[2024-07-04T00:00:38.587+0000] {processor.py:161} INFO - Started process (PID=5020) to work on /home/airflow/.local/lib/python3.12/site-packages/airflow/example_dags/example_kubernetes_executor.py
[2024-07-04T00:00:38.589+0000] {processor.py:830} INFO - Processing file /home/airflow/.local/lib/python3.12/site-packages/airflow/example_dags/example_kubernetes_executor.py for tasks to queue
[2024-07-04T00:00:38.591+0000] {logging_mixin.py:188} INFO - [2024-07-04T00:00:38.591+0000] {dagbag.py:545} INFO - Filling up the DagBag from /home/airflow/.local/lib/python3.12/site-packages/airflow/example_dags/example_kubernetes_executor.py
[2024-07-04T00:00:38.883+0000] {processor.py:840} INFO - DAG(s) 'example_kubernetes_executor' retrieved from /home/airflow/.local/lib/python3.12/site-packages/airflow/example_dags/example_kubernetes_executor.py
[2024-07-04T00:00:39.285+0000] {logging_mixin.py:188} INFO - [2024-07-04T00:00:39.285+0000] {dag.py:3096} INFO - Sync 1 DAGs
[2024-07-04T00:00:39.330+0000] {logging_mixin.py:188} INFO - [2024-07-04T00:00:39.329+0000] {dag.py:3954} INFO - Setting next_dagrun for example_kubernetes_executor to None, run_after=None
[2024-07-04T00:00:39.550+0000] {processor.py:183} INFO - Processing /home/airflow/.local/lib/python3.12/site-packages/airflow/example_dags/example_kubernetes_executor.py took 0.982 seconds
[2024-07-04T00:04:11.021+0000] {processor.py:161} INFO - Started process (PID=5074) to work on /home/airflow/.local/lib/python3.12/site-packages/airflow/example_dags/example_kubernetes_executor.py
[2024-07-04T00:04:11.025+0000] {processor.py:830} INFO - Processing file /home/airflow/.local/lib/python3.12/site-packages/airflow/example_dags/example_kubernetes_executor.py for tasks to queue
[2024-07-04T00:04:11.028+0000] {logging_mixin.py:188} INFO - [2024-07-04T00:04:11.027+0000] {dagbag.py:545} INFO - Filling up the DagBag from /home/airflow/.local/lib/python3.12/site-packages/airflow/example_dags/example_kubernetes_executor.py
[2024-07-04T00:04:11.096+0000] {processor.py:840} INFO - DAG(s) 'example_kubernetes_executor' retrieved from /home/airflow/.local/lib/python3.12/site-packages/airflow/example_dags/example_kubernetes_executor.py
[2024-07-04T00:04:11.249+0000] {logging_mixin.py:188} INFO - [2024-07-04T00:04:11.248+0000] {dag.py:3096} INFO - Sync 1 DAGs
[2024-07-04T00:04:11.298+0000] {logging_mixin.py:188} INFO - [2024-07-04T00:04:11.297+0000] {dag.py:3954} INFO - Setting next_dagrun for example_kubernetes_executor to None, run_after=None
[2024-07-04T00:04:11.392+0000] {processor.py:183} INFO - Processing /home/airflow/.local/lib/python3.12/site-packages/airflow/example_dags/example_kubernetes_executor.py took 0.390 seconds
[2024-07-04T00:13:47.013+0000] {processor.py:161} INFO - Started process (PID=56) to work on /home/airflow/.local/lib/python3.12/site-packages/airflow/example_dags/example_kubernetes_executor.py
[2024-07-04T00:13:47.046+0000] {processor.py:830} INFO - Processing file /home/airflow/.local/lib/python3.12/site-packages/airflow/example_dags/example_kubernetes_executor.py for tasks to queue
[2024-07-04T00:13:47.156+0000] {logging_mixin.py:188} INFO - [2024-07-04T00:13:47.147+0000] {dagbag.py:545} INFO - Filling up the DagBag from /home/airflow/.local/lib/python3.12/site-packages/airflow/example_dags/example_kubernetes_executor.py
[2024-07-04T00:13:49.065+0000] {processor.py:840} INFO - DAG(s) 'example_kubernetes_executor' retrieved from /home/airflow/.local/lib/python3.12/site-packages/airflow/example_dags/example_kubernetes_executor.py
[2024-07-04T00:13:55.017+0000] {logging_mixin.py:188} INFO - [2024-07-04T00:13:55.017+0000] {dag.py:3096} INFO - Sync 1 DAGs
[2024-07-04T00:13:55.201+0000] {logging_mixin.py:188} INFO - [2024-07-04T00:13:55.198+0000] {dag.py:3954} INFO - Setting next_dagrun for example_kubernetes_executor to None, run_after=None
[2024-07-04T00:13:55.410+0000] {processor.py:183} INFO - Processing /home/airflow/.local/lib/python3.12/site-packages/airflow/example_dags/example_kubernetes_executor.py took 8.852 seconds
[2024-07-04T00:15:10.011+0000] {processor.py:161} INFO - Started process (PID=129) to work on /home/airflow/.local/lib/python3.12/site-packages/airflow/example_dags/example_kubernetes_executor.py
[2024-07-04T00:15:10.028+0000] {processor.py:830} INFO - Processing file /home/airflow/.local/lib/python3.12/site-packages/airflow/example_dags/example_kubernetes_executor.py for tasks to queue
[2024-07-04T00:15:10.051+0000] {logging_mixin.py:188} INFO - [2024-07-04T00:15:10.036+0000] {dagbag.py:545} INFO - Filling up the DagBag from /home/airflow/.local/lib/python3.12/site-packages/airflow/example_dags/example_kubernetes_executor.py
[2024-07-04T00:15:10.203+0000] {processor.py:840} INFO - DAG(s) 'example_kubernetes_executor' retrieved from /home/airflow/.local/lib/python3.12/site-packages/airflow/example_dags/example_kubernetes_executor.py
[2024-07-04T00:15:10.442+0000] {logging_mixin.py:188} INFO - [2024-07-04T00:15:10.441+0000] {dag.py:3096} INFO - Sync 1 DAGs
[2024-07-04T00:15:10.504+0000] {logging_mixin.py:188} INFO - [2024-07-04T00:15:10.503+0000] {dag.py:3954} INFO - Setting next_dagrun for example_kubernetes_executor to None, run_after=None
[2024-07-04T00:15:10.570+0000] {processor.py:183} INFO - Processing /home/airflow/.local/lib/python3.12/site-packages/airflow/example_dags/example_kubernetes_executor.py took 0.631 seconds
[2024-07-04T00:15:43.285+0000] {processor.py:161} INFO - Started process (PID=189) to work on /home/airflow/.local/lib/python3.12/site-packages/airflow/example_dags/example_kubernetes_executor.py
[2024-07-04T00:15:43.313+0000] {processor.py:830} INFO - Processing file /home/airflow/.local/lib/python3.12/site-packages/airflow/example_dags/example_kubernetes_executor.py for tasks to queue
[2024-07-04T00:15:43.317+0000] {logging_mixin.py:188} INFO - [2024-07-04T00:15:43.317+0000] {dagbag.py:545} INFO - Filling up the DagBag from /home/airflow/.local/lib/python3.12/site-packages/airflow/example_dags/example_kubernetes_executor.py
[2024-07-04T00:15:43.343+0000] {processor.py:840} INFO - DAG(s) 'example_kubernetes_executor' retrieved from /home/airflow/.local/lib/python3.12/site-packages/airflow/example_dags/example_kubernetes_executor.py
[2024-07-04T00:15:43.424+0000] {logging_mixin.py:188} INFO - [2024-07-04T00:15:43.423+0000] {dag.py:3096} INFO - Sync 1 DAGs
[2024-07-04T00:15:43.453+0000] {logging_mixin.py:188} INFO - [2024-07-04T00:15:43.452+0000] {dag.py:3954} INFO - Setting next_dagrun for example_kubernetes_executor to None, run_after=None
[2024-07-04T00:15:43.639+0000] {processor.py:183} INFO - Processing /home/airflow/.local/lib/python3.12/site-packages/airflow/example_dags/example_kubernetes_executor.py took 0.365 seconds
[2024-07-04T00:16:20.822+0000] {processor.py:161} INFO - Started process (PID=246) to work on /home/airflow/.local/lib/python3.12/site-packages/airflow/example_dags/example_kubernetes_executor.py
[2024-07-04T00:16:20.825+0000] {processor.py:830} INFO - Processing file /home/airflow/.local/lib/python3.12/site-packages/airflow/example_dags/example_kubernetes_executor.py for tasks to queue
[2024-07-04T00:16:20.834+0000] {logging_mixin.py:188} INFO - [2024-07-04T00:16:20.833+0000] {dagbag.py:545} INFO - Filling up the DagBag from /home/airflow/.local/lib/python3.12/site-packages/airflow/example_dags/example_kubernetes_executor.py
[2024-07-04T00:16:20.875+0000] {processor.py:840} INFO - DAG(s) 'example_kubernetes_executor' retrieved from /home/airflow/.local/lib/python3.12/site-packages/airflow/example_dags/example_kubernetes_executor.py
[2024-07-04T00:16:21.127+0000] {logging_mixin.py:188} INFO - [2024-07-04T00:16:21.126+0000] {dag.py:3096} INFO - Sync 1 DAGs
[2024-07-04T00:16:21.250+0000] {logging_mixin.py:188} INFO - [2024-07-04T00:16:21.249+0000] {dag.py:3954} INFO - Setting next_dagrun for example_kubernetes_executor to None, run_after=None
[2024-07-04T00:16:21.368+0000] {processor.py:183} INFO - Processing /home/airflow/.local/lib/python3.12/site-packages/airflow/example_dags/example_kubernetes_executor.py took 0.562 seconds
[2024-07-04T00:17:11.904+0000] {processor.py:161} INFO - Started process (PID=305) to work on /home/airflow/.local/lib/python3.12/site-packages/airflow/example_dags/example_kubernetes_executor.py
[2024-07-04T00:17:11.906+0000] {processor.py:830} INFO - Processing file /home/airflow/.local/lib/python3.12/site-packages/airflow/example_dags/example_kubernetes_executor.py for tasks to queue
[2024-07-04T00:17:11.911+0000] {logging_mixin.py:188} INFO - [2024-07-04T00:17:11.910+0000] {dagbag.py:545} INFO - Filling up the DagBag from /home/airflow/.local/lib/python3.12/site-packages/airflow/example_dags/example_kubernetes_executor.py
[2024-07-04T00:17:11.941+0000] {processor.py:840} INFO - DAG(s) 'example_kubernetes_executor' retrieved from /home/airflow/.local/lib/python3.12/site-packages/airflow/example_dags/example_kubernetes_executor.py
[2024-07-04T00:17:12.022+0000] {logging_mixin.py:188} INFO - [2024-07-04T00:17:12.022+0000] {dag.py:3096} INFO - Sync 1 DAGs
[2024-07-04T00:17:12.055+0000] {logging_mixin.py:188} INFO - [2024-07-04T00:17:12.054+0000] {dag.py:3954} INFO - Setting next_dagrun for example_kubernetes_executor to None, run_after=None
[2024-07-04T00:17:12.113+0000] {processor.py:183} INFO - Processing /home/airflow/.local/lib/python3.12/site-packages/airflow/example_dags/example_kubernetes_executor.py took 0.223 seconds
[2024-07-04T00:17:51.260+0000] {processor.py:161} INFO - Started process (PID=356) to work on /home/airflow/.local/lib/python3.12/site-packages/airflow/example_dags/example_kubernetes_executor.py
[2024-07-04T00:17:52.175+0000] {processor.py:830} INFO - Processing file /home/airflow/.local/lib/python3.12/site-packages/airflow/example_dags/example_kubernetes_executor.py for tasks to queue
[2024-07-04T00:17:52.450+0000] {logging_mixin.py:188} INFO - [2024-07-04T00:17:52.449+0000] {dagbag.py:545} INFO - Filling up the DagBag from /home/airflow/.local/lib/python3.12/site-packages/airflow/example_dags/example_kubernetes_executor.py
[2024-07-04T00:17:52.514+0000] {processor.py:840} INFO - DAG(s) 'example_kubernetes_executor' retrieved from /home/airflow/.local/lib/python3.12/site-packages/airflow/example_dags/example_kubernetes_executor.py
[2024-07-04T00:17:54.262+0000] {logging_mixin.py:188} INFO - [2024-07-04T00:17:54.261+0000] {dag.py:3096} INFO - Sync 1 DAGs
[2024-07-04T00:17:54.294+0000] {logging_mixin.py:188} INFO - [2024-07-04T00:17:54.294+0000] {dag.py:3954} INFO - Setting next_dagrun for example_kubernetes_executor to None, run_after=None
[2024-07-04T00:17:56.002+0000] {processor.py:183} INFO - Processing /home/airflow/.local/lib/python3.12/site-packages/airflow/example_dags/example_kubernetes_executor.py took 4.752 seconds
[2024-07-04T00:18:26.128+0000] {processor.py:161} INFO - Started process (PID=414) to work on /home/airflow/.local/lib/python3.12/site-packages/airflow/example_dags/example_kubernetes_executor.py
[2024-07-04T00:18:26.135+0000] {processor.py:830} INFO - Processing file /home/airflow/.local/lib/python3.12/site-packages/airflow/example_dags/example_kubernetes_executor.py for tasks to queue
[2024-07-04T00:18:26.145+0000] {logging_mixin.py:188} INFO - [2024-07-04T00:18:26.143+0000] {dagbag.py:545} INFO - Filling up the DagBag from /home/airflow/.local/lib/python3.12/site-packages/airflow/example_dags/example_kubernetes_executor.py
[2024-07-04T00:18:26.182+0000] {processor.py:840} INFO - DAG(s) 'example_kubernetes_executor' retrieved from /home/airflow/.local/lib/python3.12/site-packages/airflow/example_dags/example_kubernetes_executor.py
[2024-07-04T00:18:26.479+0000] {logging_mixin.py:188} INFO - [2024-07-04T00:18:26.478+0000] {dag.py:3096} INFO - Sync 1 DAGs
[2024-07-04T00:18:26.521+0000] {logging_mixin.py:188} INFO - [2024-07-04T00:18:26.520+0000] {dag.py:3954} INFO - Setting next_dagrun for example_kubernetes_executor to None, run_after=None
[2024-07-04T00:18:26.590+0000] {processor.py:183} INFO - Processing /home/airflow/.local/lib/python3.12/site-packages/airflow/example_dags/example_kubernetes_executor.py took 0.479 seconds
[2024-07-04T00:19:00.662+0000] {processor.py:161} INFO - Started process (PID=470) to work on /home/airflow/.local/lib/python3.12/site-packages/airflow/example_dags/example_kubernetes_executor.py
[2024-07-04T00:19:00.667+0000] {processor.py:830} INFO - Processing file /home/airflow/.local/lib/python3.12/site-packages/airflow/example_dags/example_kubernetes_executor.py for tasks to queue
[2024-07-04T00:19:00.677+0000] {logging_mixin.py:188} INFO - [2024-07-04T00:19:00.676+0000] {dagbag.py:545} INFO - Filling up the DagBag from /home/airflow/.local/lib/python3.12/site-packages/airflow/example_dags/example_kubernetes_executor.py
[2024-07-04T00:19:00.853+0000] {processor.py:840} INFO - DAG(s) 'example_kubernetes_executor' retrieved from /home/airflow/.local/lib/python3.12/site-packages/airflow/example_dags/example_kubernetes_executor.py
[2024-07-04T00:19:01.879+0000] {logging_mixin.py:188} INFO - [2024-07-04T00:19:01.878+0000] {dag.py:3096} INFO - Sync 1 DAGs
[2024-07-04T00:19:02.627+0000] {logging_mixin.py:188} INFO - [2024-07-04T00:19:02.625+0000] {dag.py:3954} INFO - Setting next_dagrun for example_kubernetes_executor to None, run_after=None
[2024-07-04T00:19:02.876+0000] {processor.py:183} INFO - Processing /home/airflow/.local/lib/python3.12/site-packages/airflow/example_dags/example_kubernetes_executor.py took 2.238 seconds
[2024-07-04T00:53:38.860+0000] {processor.py:161} INFO - Started process (PID=50) to work on /home/airflow/.local/lib/python3.12/site-packages/airflow/example_dags/example_kubernetes_executor.py
[2024-07-04T00:53:38.931+0000] {processor.py:830} INFO - Processing file /home/airflow/.local/lib/python3.12/site-packages/airflow/example_dags/example_kubernetes_executor.py for tasks to queue
[2024-07-04T00:53:39.008+0000] {logging_mixin.py:188} INFO - [2024-07-04T00:53:38.995+0000] {dagbag.py:545} INFO - Filling up the DagBag from /home/airflow/.local/lib/python3.12/site-packages/airflow/example_dags/example_kubernetes_executor.py
[2024-07-04T00:53:39.564+0000] {processor.py:840} INFO - DAG(s) 'example_kubernetes_executor' retrieved from /home/airflow/.local/lib/python3.12/site-packages/airflow/example_dags/example_kubernetes_executor.py
[2024-07-04T00:53:45.282+0000] {logging_mixin.py:188} INFO - [2024-07-04T00:53:45.281+0000] {dag.py:3096} INFO - Sync 1 DAGs
[2024-07-04T00:53:45.414+0000] {logging_mixin.py:188} INFO - [2024-07-04T00:53:45.412+0000] {dag.py:3954} INFO - Setting next_dagrun for example_kubernetes_executor to None, run_after=None
[2024-07-04T00:53:45.673+0000] {processor.py:183} INFO - Processing /home/airflow/.local/lib/python3.12/site-packages/airflow/example_dags/example_kubernetes_executor.py took 7.445 seconds
[2024-07-04T00:54:57.735+0000] {processor.py:161} INFO - Started process (PID=123) to work on /home/airflow/.local/lib/python3.12/site-packages/airflow/example_dags/example_kubernetes_executor.py
[2024-07-04T00:54:57.738+0000] {processor.py:830} INFO - Processing file /home/airflow/.local/lib/python3.12/site-packages/airflow/example_dags/example_kubernetes_executor.py for tasks to queue
[2024-07-04T00:54:57.744+0000] {logging_mixin.py:188} INFO - [2024-07-04T00:54:57.743+0000] {dagbag.py:545} INFO - Filling up the DagBag from /home/airflow/.local/lib/python3.12/site-packages/airflow/example_dags/example_kubernetes_executor.py
[2024-07-04T00:54:57.784+0000] {processor.py:840} INFO - DAG(s) 'example_kubernetes_executor' retrieved from /home/airflow/.local/lib/python3.12/site-packages/airflow/example_dags/example_kubernetes_executor.py
[2024-07-04T00:54:57.925+0000] {logging_mixin.py:188} INFO - [2024-07-04T00:54:57.924+0000] {dag.py:3096} INFO - Sync 1 DAGs
[2024-07-04T00:54:57.976+0000] {logging_mixin.py:188} INFO - [2024-07-04T00:54:57.975+0000] {dag.py:3954} INFO - Setting next_dagrun for example_kubernetes_executor to None, run_after=None
[2024-07-04T00:54:58.063+0000] {processor.py:183} INFO - Processing /home/airflow/.local/lib/python3.12/site-packages/airflow/example_dags/example_kubernetes_executor.py took 0.352 seconds
[2024-07-04T00:55:29.843+0000] {processor.py:161} INFO - Started process (PID=183) to work on /home/airflow/.local/lib/python3.12/site-packages/airflow/example_dags/example_kubernetes_executor.py
[2024-07-04T00:55:29.845+0000] {processor.py:830} INFO - Processing file /home/airflow/.local/lib/python3.12/site-packages/airflow/example_dags/example_kubernetes_executor.py for tasks to queue
[2024-07-04T00:55:29.851+0000] {logging_mixin.py:188} INFO - [2024-07-04T00:55:29.850+0000] {dagbag.py:545} INFO - Filling up the DagBag from /home/airflow/.local/lib/python3.12/site-packages/airflow/example_dags/example_kubernetes_executor.py
[2024-07-04T00:55:29.884+0000] {processor.py:840} INFO - DAG(s) 'example_kubernetes_executor' retrieved from /home/airflow/.local/lib/python3.12/site-packages/airflow/example_dags/example_kubernetes_executor.py
[2024-07-04T00:55:29.958+0000] {logging_mixin.py:188} INFO - [2024-07-04T00:55:29.958+0000] {dag.py:3096} INFO - Sync 1 DAGs
[2024-07-04T00:55:29.990+0000] {logging_mixin.py:188} INFO - [2024-07-04T00:55:29.989+0000] {dag.py:3954} INFO - Setting next_dagrun for example_kubernetes_executor to None, run_after=None
[2024-07-04T00:55:30.041+0000] {processor.py:183} INFO - Processing /home/airflow/.local/lib/python3.12/site-packages/airflow/example_dags/example_kubernetes_executor.py took 0.211 seconds
[2024-07-04T00:56:00.909+0000] {processor.py:161} INFO - Started process (PID=236) to work on /home/airflow/.local/lib/python3.12/site-packages/airflow/example_dags/example_kubernetes_executor.py
[2024-07-04T00:56:00.912+0000] {processor.py:830} INFO - Processing file /home/airflow/.local/lib/python3.12/site-packages/airflow/example_dags/example_kubernetes_executor.py for tasks to queue
[2024-07-04T00:56:00.925+0000] {logging_mixin.py:188} INFO - [2024-07-04T00:56:00.922+0000] {dagbag.py:545} INFO - Filling up the DagBag from /home/airflow/.local/lib/python3.12/site-packages/airflow/example_dags/example_kubernetes_executor.py
[2024-07-04T00:56:00.991+0000] {processor.py:840} INFO - DAG(s) 'example_kubernetes_executor' retrieved from /home/airflow/.local/lib/python3.12/site-packages/airflow/example_dags/example_kubernetes_executor.py
[2024-07-04T00:56:01.179+0000] {logging_mixin.py:188} INFO - [2024-07-04T00:56:01.178+0000] {dag.py:3096} INFO - Sync 1 DAGs
[2024-07-04T00:56:01.220+0000] {logging_mixin.py:188} INFO - [2024-07-04T00:56:01.219+0000] {dag.py:3954} INFO - Setting next_dagrun for example_kubernetes_executor to None, run_after=None
[2024-07-04T00:56:01.276+0000] {processor.py:183} INFO - Processing /home/airflow/.local/lib/python3.12/site-packages/airflow/example_dags/example_kubernetes_executor.py took 0.380 seconds
[2024-07-04T00:56:33.338+0000] {processor.py:161} INFO - Started process (PID=282) to work on /home/airflow/.local/lib/python3.12/site-packages/airflow/example_dags/example_kubernetes_executor.py
[2024-07-04T00:56:33.347+0000] {processor.py:830} INFO - Processing file /home/airflow/.local/lib/python3.12/site-packages/airflow/example_dags/example_kubernetes_executor.py for tasks to queue
[2024-07-04T00:56:33.362+0000] {logging_mixin.py:188} INFO - [2024-07-04T00:56:33.359+0000] {dagbag.py:545} INFO - Filling up the DagBag from /home/airflow/.local/lib/python3.12/site-packages/airflow/example_dags/example_kubernetes_executor.py
[2024-07-04T00:56:33.851+0000] {processor.py:840} INFO - DAG(s) 'example_kubernetes_executor' retrieved from /home/airflow/.local/lib/python3.12/site-packages/airflow/example_dags/example_kubernetes_executor.py
[2024-07-04T00:56:34.375+0000] {logging_mixin.py:188} INFO - [2024-07-04T00:56:34.372+0000] {dag.py:3096} INFO - Sync 1 DAGs
[2024-07-04T00:56:34.520+0000] {logging_mixin.py:188} INFO - [2024-07-04T00:56:34.519+0000] {dag.py:3954} INFO - Setting next_dagrun for example_kubernetes_executor to None, run_after=None
[2024-07-04T00:56:34.786+0000] {processor.py:183} INFO - Processing /home/airflow/.local/lib/python3.12/site-packages/airflow/example_dags/example_kubernetes_executor.py took 1.498 seconds
[2024-07-04T00:57:05.854+0000] {processor.py:161} INFO - Started process (PID=342) to work on /home/airflow/.local/lib/python3.12/site-packages/airflow/example_dags/example_kubernetes_executor.py
[2024-07-04T00:57:05.858+0000] {processor.py:830} INFO - Processing file /home/airflow/.local/lib/python3.12/site-packages/airflow/example_dags/example_kubernetes_executor.py for tasks to queue
[2024-07-04T00:57:05.874+0000] {logging_mixin.py:188} INFO - [2024-07-04T00:57:05.872+0000] {dagbag.py:545} INFO - Filling up the DagBag from /home/airflow/.local/lib/python3.12/site-packages/airflow/example_dags/example_kubernetes_executor.py
[2024-07-04T00:57:07.086+0000] {processor.py:840} INFO - DAG(s) 'example_kubernetes_executor' retrieved from /home/airflow/.local/lib/python3.12/site-packages/airflow/example_dags/example_kubernetes_executor.py
[2024-07-04T00:57:07.289+0000] {logging_mixin.py:188} INFO - [2024-07-04T00:57:07.287+0000] {dag.py:3096} INFO - Sync 1 DAGs
[2024-07-04T00:57:07.439+0000] {logging_mixin.py:188} INFO - [2024-07-04T00:57:07.439+0000] {dag.py:3954} INFO - Setting next_dagrun for example_kubernetes_executor to None, run_after=None
[2024-07-04T00:57:07.540+0000] {processor.py:183} INFO - Processing /home/airflow/.local/lib/python3.12/site-packages/airflow/example_dags/example_kubernetes_executor.py took 1.874 seconds
[2024-07-04T00:57:39.378+0000] {processor.py:161} INFO - Started process (PID=402) to work on /home/airflow/.local/lib/python3.12/site-packages/airflow/example_dags/example_kubernetes_executor.py
[2024-07-04T00:57:39.395+0000] {processor.py:830} INFO - Processing file /home/airflow/.local/lib/python3.12/site-packages/airflow/example_dags/example_kubernetes_executor.py for tasks to queue
[2024-07-04T00:57:39.406+0000] {logging_mixin.py:188} INFO - [2024-07-04T00:57:39.404+0000] {dagbag.py:545} INFO - Filling up the DagBag from /home/airflow/.local/lib/python3.12/site-packages/airflow/example_dags/example_kubernetes_executor.py
[2024-07-04T00:57:39.447+0000] {processor.py:840} INFO - DAG(s) 'example_kubernetes_executor' retrieved from /home/airflow/.local/lib/python3.12/site-packages/airflow/example_dags/example_kubernetes_executor.py
[2024-07-04T00:57:39.555+0000] {logging_mixin.py:188} INFO - [2024-07-04T00:57:39.555+0000] {dag.py:3096} INFO - Sync 1 DAGs
[2024-07-04T00:57:39.596+0000] {logging_mixin.py:188} INFO - [2024-07-04T00:57:39.596+0000] {dag.py:3954} INFO - Setting next_dagrun for example_kubernetes_executor to None, run_after=None
[2024-07-04T00:57:39.891+0000] {processor.py:183} INFO - Processing /home/airflow/.local/lib/python3.12/site-packages/airflow/example_dags/example_kubernetes_executor.py took 0.554 seconds
[2024-07-04T00:58:11.279+0000] {processor.py:161} INFO - Started process (PID=457) to work on /home/airflow/.local/lib/python3.12/site-packages/airflow/example_dags/example_kubernetes_executor.py
[2024-07-04T00:58:11.282+0000] {processor.py:830} INFO - Processing file /home/airflow/.local/lib/python3.12/site-packages/airflow/example_dags/example_kubernetes_executor.py for tasks to queue
[2024-07-04T00:58:11.287+0000] {logging_mixin.py:188} INFO - [2024-07-04T00:58:11.286+0000] {dagbag.py:545} INFO - Filling up the DagBag from /home/airflow/.local/lib/python3.12/site-packages/airflow/example_dags/example_kubernetes_executor.py
[2024-07-04T00:58:11.320+0000] {processor.py:840} INFO - DAG(s) 'example_kubernetes_executor' retrieved from /home/airflow/.local/lib/python3.12/site-packages/airflow/example_dags/example_kubernetes_executor.py
[2024-07-04T00:58:11.396+0000] {logging_mixin.py:188} INFO - [2024-07-04T00:58:11.396+0000] {dag.py:3096} INFO - Sync 1 DAGs
[2024-07-04T00:58:11.423+0000] {logging_mixin.py:188} INFO - [2024-07-04T00:58:11.422+0000] {dag.py:3954} INFO - Setting next_dagrun for example_kubernetes_executor to None, run_after=None
[2024-07-04T00:58:11.544+0000] {processor.py:183} INFO - Processing /home/airflow/.local/lib/python3.12/site-packages/airflow/example_dags/example_kubernetes_executor.py took 0.281 seconds
[2024-07-04T00:58:47.122+0000] {processor.py:161} INFO - Started process (PID=497) to work on /home/airflow/.local/lib/python3.12/site-packages/airflow/example_dags/example_kubernetes_executor.py
[2024-07-04T00:58:47.128+0000] {processor.py:830} INFO - Processing file /home/airflow/.local/lib/python3.12/site-packages/airflow/example_dags/example_kubernetes_executor.py for tasks to queue
[2024-07-04T00:58:47.140+0000] {logging_mixin.py:188} INFO - [2024-07-04T00:58:47.139+0000] {dagbag.py:545} INFO - Filling up the DagBag from /home/airflow/.local/lib/python3.12/site-packages/airflow/example_dags/example_kubernetes_executor.py
[2024-07-04T00:58:47.222+0000] {processor.py:840} INFO - DAG(s) 'example_kubernetes_executor' retrieved from /home/airflow/.local/lib/python3.12/site-packages/airflow/example_dags/example_kubernetes_executor.py
[2024-07-04T00:58:48.345+0000] {logging_mixin.py:188} INFO - [2024-07-04T00:58:48.344+0000] {dag.py:3096} INFO - Sync 1 DAGs
[2024-07-04T00:58:48.806+0000] {logging_mixin.py:188} INFO - [2024-07-04T00:58:48.805+0000] {dag.py:3954} INFO - Setting next_dagrun for example_kubernetes_executor to None, run_after=None
[2024-07-04T00:58:55.237+0000] {processor.py:183} INFO - Processing /home/airflow/.local/lib/python3.12/site-packages/airflow/example_dags/example_kubernetes_executor.py took 8.139 seconds
[2024-07-04T00:59:28.023+0000] {processor.py:161} INFO - Started process (PID=556) to work on /home/airflow/.local/lib/python3.12/site-packages/airflow/example_dags/example_kubernetes_executor.py
[2024-07-04T00:59:28.843+0000] {processor.py:830} INFO - Processing file /home/airflow/.local/lib/python3.12/site-packages/airflow/example_dags/example_kubernetes_executor.py for tasks to queue
[2024-07-04T00:59:28.852+0000] {logging_mixin.py:188} INFO - [2024-07-04T00:59:28.850+0000] {dagbag.py:545} INFO - Filling up the DagBag from /home/airflow/.local/lib/python3.12/site-packages/airflow/example_dags/example_kubernetes_executor.py
[2024-07-04T00:59:29.471+0000] {processor.py:840} INFO - DAG(s) 'example_kubernetes_executor' retrieved from /home/airflow/.local/lib/python3.12/site-packages/airflow/example_dags/example_kubernetes_executor.py
[2024-07-04T00:59:33.388+0000] {logging_mixin.py:188} INFO - [2024-07-04T00:59:33.388+0000] {dag.py:3096} INFO - Sync 1 DAGs
[2024-07-04T00:59:33.417+0000] {logging_mixin.py:188} INFO - [2024-07-04T00:59:33.416+0000] {dag.py:3954} INFO - Setting next_dagrun for example_kubernetes_executor to None, run_after=None
[2024-07-04T00:59:35.750+0000] {processor.py:183} INFO - Processing /home/airflow/.local/lib/python3.12/site-packages/airflow/example_dags/example_kubernetes_executor.py took 7.743 seconds
[2024-07-04T01:03:23.556+0000] {processor.py:161} INFO - Started process (PID=695) to work on /home/airflow/.local/lib/python3.12/site-packages/airflow/example_dags/example_kubernetes_executor.py
[2024-07-04T01:03:23.566+0000] {processor.py:830} INFO - Processing file /home/airflow/.local/lib/python3.12/site-packages/airflow/example_dags/example_kubernetes_executor.py for tasks to queue
[2024-07-04T01:03:23.605+0000] {logging_mixin.py:188} INFO - [2024-07-04T01:03:23.590+0000] {dagbag.py:545} INFO - Filling up the DagBag from /home/airflow/.local/lib/python3.12/site-packages/airflow/example_dags/example_kubernetes_executor.py
[2024-07-04T01:03:23.995+0000] {processor.py:840} INFO - DAG(s) 'example_kubernetes_executor' retrieved from /home/airflow/.local/lib/python3.12/site-packages/airflow/example_dags/example_kubernetes_executor.py
[2024-07-04T01:03:25.142+0000] {logging_mixin.py:188} INFO - [2024-07-04T01:03:25.141+0000] {dag.py:3096} INFO - Sync 1 DAGs
[2024-07-04T01:03:25.256+0000] {logging_mixin.py:188} INFO - [2024-07-04T01:03:25.256+0000] {dag.py:3954} INFO - Setting next_dagrun for example_kubernetes_executor to None, run_after=None
[2024-07-04T01:03:25.479+0000] {processor.py:183} INFO - Processing /home/airflow/.local/lib/python3.12/site-packages/airflow/example_dags/example_kubernetes_executor.py took 2.085 seconds
