[2024-07-04T00:00:48.921+0000] {processor.py:161} INFO - Started process (PID=5039) to work on /home/airflow/.local/lib/python3.12/site-packages/airflow/example_dags/example_external_task_marker_dag.py
[2024-07-04T00:00:48.924+0000] {processor.py:830} INFO - Processing file /home/airflow/.local/lib/python3.12/site-packages/airflow/example_dags/example_external_task_marker_dag.py for tasks to queue
[2024-07-04T00:00:48.927+0000] {logging_mixin.py:188} INFO - [2024-07-04T00:00:48.926+0000] {dagbag.py:545} INFO - Filling up the DagBag from /home/airflow/.local/lib/python3.12/site-packages/airflow/example_dags/example_external_task_marker_dag.py
[2024-07-04T00:00:49.215+0000] {processor.py:840} INFO - DAG(s) 'example_external_task_marker_child', 'example_external_task_marker_parent' retrieved from /home/airflow/.local/lib/python3.12/site-packages/airflow/example_dags/example_external_task_marker_dag.py
[2024-07-04T00:00:49.599+0000] {logging_mixin.py:188} INFO - [2024-07-04T00:00:49.598+0000] {dag.py:3096} INFO - Sync 2 DAGs
[2024-07-04T00:00:49.640+0000] {logging_mixin.py:188} INFO - [2024-07-04T00:00:49.639+0000] {dag.py:3954} INFO - Setting next_dagrun for example_external_task_marker_child to None, run_after=None
[2024-07-04T00:00:49.649+0000] {logging_mixin.py:188} INFO - [2024-07-04T00:00:49.648+0000] {dag.py:3954} INFO - Setting next_dagrun for example_external_task_marker_parent to None, run_after=None
[2024-07-04T00:00:49.898+0000] {processor.py:183} INFO - Processing /home/airflow/.local/lib/python3.12/site-packages/airflow/example_dags/example_external_task_marker_dag.py took 1.000 seconds
[2024-07-04T00:04:17.621+0000] {processor.py:161} INFO - Started process (PID=5100) to work on /home/airflow/.local/lib/python3.12/site-packages/airflow/example_dags/example_external_task_marker_dag.py
[2024-07-04T00:04:17.641+0000] {processor.py:830} INFO - Processing file /home/airflow/.local/lib/python3.12/site-packages/airflow/example_dags/example_external_task_marker_dag.py for tasks to queue
[2024-07-04T00:04:17.667+0000] {logging_mixin.py:188} INFO - [2024-07-04T00:04:17.655+0000] {dagbag.py:545} INFO - Filling up the DagBag from /home/airflow/.local/lib/python3.12/site-packages/airflow/example_dags/example_external_task_marker_dag.py
[2024-07-04T00:04:17.710+0000] {processor.py:840} INFO - DAG(s) 'example_external_task_marker_child', 'example_external_task_marker_parent' retrieved from /home/airflow/.local/lib/python3.12/site-packages/airflow/example_dags/example_external_task_marker_dag.py
[2024-07-04T00:04:17.878+0000] {logging_mixin.py:188} INFO - [2024-07-04T00:04:17.877+0000] {dag.py:3096} INFO - Sync 2 DAGs
[2024-07-04T00:04:17.942+0000] {logging_mixin.py:188} INFO - [2024-07-04T00:04:17.941+0000] {dag.py:3954} INFO - Setting next_dagrun for example_external_task_marker_child to None, run_after=None
[2024-07-04T00:04:17.956+0000] {logging_mixin.py:188} INFO - [2024-07-04T00:04:17.955+0000] {dag.py:3954} INFO - Setting next_dagrun for example_external_task_marker_parent to None, run_after=None
[2024-07-04T00:04:18.031+0000] {processor.py:183} INFO - Processing /home/airflow/.local/lib/python3.12/site-packages/airflow/example_dags/example_external_task_marker_dag.py took 0.451 seconds
[2024-07-04T00:14:53.411+0000] {processor.py:161} INFO - Started process (PID=97) to work on /home/airflow/.local/lib/python3.12/site-packages/airflow/example_dags/example_external_task_marker_dag.py
[2024-07-04T00:14:53.415+0000] {processor.py:830} INFO - Processing file /home/airflow/.local/lib/python3.12/site-packages/airflow/example_dags/example_external_task_marker_dag.py for tasks to queue
[2024-07-04T00:14:53.428+0000] {logging_mixin.py:188} INFO - [2024-07-04T00:14:53.426+0000] {dagbag.py:545} INFO - Filling up the DagBag from /home/airflow/.local/lib/python3.12/site-packages/airflow/example_dags/example_external_task_marker_dag.py
[2024-07-04T00:14:53.558+0000] {processor.py:840} INFO - DAG(s) 'example_external_task_marker_parent', 'example_external_task_marker_child' retrieved from /home/airflow/.local/lib/python3.12/site-packages/airflow/example_dags/example_external_task_marker_dag.py
[2024-07-04T00:14:54.605+0000] {logging_mixin.py:188} INFO - [2024-07-04T00:14:54.604+0000] {dag.py:3096} INFO - Sync 2 DAGs
[2024-07-04T00:14:54.655+0000] {logging_mixin.py:188} INFO - [2024-07-04T00:14:54.655+0000] {dag.py:3954} INFO - Setting next_dagrun for example_external_task_marker_child to None, run_after=None
[2024-07-04T00:14:54.666+0000] {logging_mixin.py:188} INFO - [2024-07-04T00:14:54.665+0000] {dag.py:3954} INFO - Setting next_dagrun for example_external_task_marker_parent to None, run_after=None
[2024-07-04T00:14:54.781+0000] {processor.py:183} INFO - Processing /home/airflow/.local/lib/python3.12/site-packages/airflow/example_dags/example_external_task_marker_dag.py took 1.393 seconds
[2024-07-04T00:15:25.464+0000] {processor.py:161} INFO - Started process (PID=157) to work on /home/airflow/.local/lib/python3.12/site-packages/airflow/example_dags/example_external_task_marker_dag.py
[2024-07-04T00:15:25.470+0000] {processor.py:830} INFO - Processing file /home/airflow/.local/lib/python3.12/site-packages/airflow/example_dags/example_external_task_marker_dag.py for tasks to queue
[2024-07-04T00:15:25.503+0000] {logging_mixin.py:188} INFO - [2024-07-04T00:15:25.501+0000] {dagbag.py:545} INFO - Filling up the DagBag from /home/airflow/.local/lib/python3.12/site-packages/airflow/example_dags/example_external_task_marker_dag.py
[2024-07-04T00:15:25.563+0000] {processor.py:840} INFO - DAG(s) 'example_external_task_marker_parent', 'example_external_task_marker_child' retrieved from /home/airflow/.local/lib/python3.12/site-packages/airflow/example_dags/example_external_task_marker_dag.py
[2024-07-04T00:15:25.835+0000] {logging_mixin.py:188} INFO - [2024-07-04T00:15:25.834+0000] {dag.py:3096} INFO - Sync 2 DAGs
[2024-07-04T00:15:26.021+0000] {logging_mixin.py:188} INFO - [2024-07-04T00:15:26.020+0000] {dag.py:3954} INFO - Setting next_dagrun for example_external_task_marker_child to None, run_after=None
[2024-07-04T00:15:26.055+0000] {logging_mixin.py:188} INFO - [2024-07-04T00:15:26.054+0000] {dag.py:3954} INFO - Setting next_dagrun for example_external_task_marker_parent to None, run_after=None
[2024-07-04T00:15:26.141+0000] {processor.py:183} INFO - Processing /home/airflow/.local/lib/python3.12/site-packages/airflow/example_dags/example_external_task_marker_dag.py took 0.751 seconds
[2024-07-04T00:15:56.697+0000] {processor.py:161} INFO - Started process (PID=217) to work on /home/airflow/.local/lib/python3.12/site-packages/airflow/example_dags/example_external_task_marker_dag.py
[2024-07-04T00:15:56.700+0000] {processor.py:830} INFO - Processing file /home/airflow/.local/lib/python3.12/site-packages/airflow/example_dags/example_external_task_marker_dag.py for tasks to queue
[2024-07-04T00:15:56.706+0000] {logging_mixin.py:188} INFO - [2024-07-04T00:15:56.705+0000] {dagbag.py:545} INFO - Filling up the DagBag from /home/airflow/.local/lib/python3.12/site-packages/airflow/example_dags/example_external_task_marker_dag.py
[2024-07-04T00:15:57.053+0000] {processor.py:840} INFO - DAG(s) 'example_external_task_marker_parent', 'example_external_task_marker_child' retrieved from /home/airflow/.local/lib/python3.12/site-packages/airflow/example_dags/example_external_task_marker_dag.py
[2024-07-04T00:15:57.127+0000] {logging_mixin.py:188} INFO - [2024-07-04T00:15:57.126+0000] {dag.py:3096} INFO - Sync 2 DAGs
[2024-07-04T00:15:57.156+0000] {logging_mixin.py:188} INFO - [2024-07-04T00:15:57.156+0000] {dag.py:3954} INFO - Setting next_dagrun for example_external_task_marker_child to None, run_after=None
[2024-07-04T00:15:57.166+0000] {logging_mixin.py:188} INFO - [2024-07-04T00:15:57.165+0000] {dag.py:3954} INFO - Setting next_dagrun for example_external_task_marker_parent to None, run_after=None
[2024-07-04T00:15:57.352+0000] {processor.py:183} INFO - Processing /home/airflow/.local/lib/python3.12/site-packages/airflow/example_dags/example_external_task_marker_dag.py took 0.669 seconds
[2024-07-04T00:17:00.726+0000] {processor.py:161} INFO - Started process (PID=283) to work on /home/airflow/.local/lib/python3.12/site-packages/airflow/example_dags/example_external_task_marker_dag.py
[2024-07-04T00:17:00.752+0000] {processor.py:830} INFO - Processing file /home/airflow/.local/lib/python3.12/site-packages/airflow/example_dags/example_external_task_marker_dag.py for tasks to queue
[2024-07-04T00:17:00.768+0000] {logging_mixin.py:188} INFO - [2024-07-04T00:17:00.767+0000] {dagbag.py:545} INFO - Filling up the DagBag from /home/airflow/.local/lib/python3.12/site-packages/airflow/example_dags/example_external_task_marker_dag.py
[2024-07-04T00:17:00.790+0000] {processor.py:840} INFO - DAG(s) 'example_external_task_marker_parent', 'example_external_task_marker_child' retrieved from /home/airflow/.local/lib/python3.12/site-packages/airflow/example_dags/example_external_task_marker_dag.py
[2024-07-04T00:17:00.916+0000] {logging_mixin.py:188} INFO - [2024-07-04T00:17:00.916+0000] {dag.py:3096} INFO - Sync 2 DAGs
[2024-07-04T00:17:01.695+0000] {logging_mixin.py:188} INFO - [2024-07-04T00:17:01.694+0000] {dag.py:3954} INFO - Setting next_dagrun for example_external_task_marker_child to None, run_after=None
[2024-07-04T00:17:01.794+0000] {logging_mixin.py:188} INFO - [2024-07-04T00:17:01.793+0000] {dag.py:3954} INFO - Setting next_dagrun for example_external_task_marker_parent to None, run_after=None
[2024-07-04T00:17:01.887+0000] {processor.py:183} INFO - Processing /home/airflow/.local/lib/python3.12/site-packages/airflow/example_dags/example_external_task_marker_dag.py took 1.276 seconds
[2024-07-04T00:17:37.050+0000] {processor.py:161} INFO - Started process (PID=342) to work on /home/airflow/.local/lib/python3.12/site-packages/airflow/example_dags/example_external_task_marker_dag.py
[2024-07-04T00:17:37.053+0000] {processor.py:830} INFO - Processing file /home/airflow/.local/lib/python3.12/site-packages/airflow/example_dags/example_external_task_marker_dag.py for tasks to queue
[2024-07-04T00:17:37.058+0000] {logging_mixin.py:188} INFO - [2024-07-04T00:17:37.057+0000] {dagbag.py:545} INFO - Filling up the DagBag from /home/airflow/.local/lib/python3.12/site-packages/airflow/example_dags/example_external_task_marker_dag.py
[2024-07-04T00:17:37.076+0000] {processor.py:840} INFO - DAG(s) 'example_external_task_marker_parent', 'example_external_task_marker_child' retrieved from /home/airflow/.local/lib/python3.12/site-packages/airflow/example_dags/example_external_task_marker_dag.py
[2024-07-04T00:17:37.139+0000] {logging_mixin.py:188} INFO - [2024-07-04T00:17:37.139+0000] {dag.py:3096} INFO - Sync 2 DAGs
[2024-07-04T00:17:37.209+0000] {logging_mixin.py:188} INFO - [2024-07-04T00:17:37.208+0000] {dag.py:3954} INFO - Setting next_dagrun for example_external_task_marker_child to None, run_after=None
[2024-07-04T00:17:37.225+0000] {logging_mixin.py:188} INFO - [2024-07-04T00:17:37.224+0000] {dag.py:3954} INFO - Setting next_dagrun for example_external_task_marker_parent to None, run_after=None
[2024-07-04T00:17:37.301+0000] {processor.py:183} INFO - Processing /home/airflow/.local/lib/python3.12/site-packages/airflow/example_dags/example_external_task_marker_dag.py took 0.266 seconds
[2024-07-04T00:18:08.495+0000] {processor.py:161} INFO - Started process (PID=402) to work on /home/airflow/.local/lib/python3.12/site-packages/airflow/example_dags/example_external_task_marker_dag.py
[2024-07-04T00:18:08.497+0000] {processor.py:830} INFO - Processing file /home/airflow/.local/lib/python3.12/site-packages/airflow/example_dags/example_external_task_marker_dag.py for tasks to queue
[2024-07-04T00:18:08.502+0000] {logging_mixin.py:188} INFO - [2024-07-04T00:18:08.501+0000] {dagbag.py:545} INFO - Filling up the DagBag from /home/airflow/.local/lib/python3.12/site-packages/airflow/example_dags/example_external_task_marker_dag.py
[2024-07-04T00:18:08.516+0000] {processor.py:840} INFO - DAG(s) 'example_external_task_marker_child', 'example_external_task_marker_parent' retrieved from /home/airflow/.local/lib/python3.12/site-packages/airflow/example_dags/example_external_task_marker_dag.py
[2024-07-04T00:18:08.575+0000] {logging_mixin.py:188} INFO - [2024-07-04T00:18:08.574+0000] {dag.py:3096} INFO - Sync 2 DAGs
[2024-07-04T00:18:08.610+0000] {logging_mixin.py:188} INFO - [2024-07-04T00:18:08.610+0000] {dag.py:3954} INFO - Setting next_dagrun for example_external_task_marker_child to None, run_after=None
[2024-07-04T00:18:08.620+0000] {logging_mixin.py:188} INFO - [2024-07-04T00:18:08.619+0000] {dag.py:3954} INFO - Setting next_dagrun for example_external_task_marker_parent to None, run_after=None
[2024-07-04T00:18:08.777+0000] {processor.py:183} INFO - Processing /home/airflow/.local/lib/python3.12/site-packages/airflow/example_dags/example_external_task_marker_dag.py took 0.293 seconds
[2024-07-04T00:18:55.095+0000] {processor.py:161} INFO - Started process (PID=462) to work on /home/airflow/.local/lib/python3.12/site-packages/airflow/example_dags/example_external_task_marker_dag.py
[2024-07-04T00:18:55.244+0000] {processor.py:830} INFO - Processing file /home/airflow/.local/lib/python3.12/site-packages/airflow/example_dags/example_external_task_marker_dag.py for tasks to queue
[2024-07-04T00:18:55.262+0000] {logging_mixin.py:188} INFO - [2024-07-04T00:18:55.258+0000] {dagbag.py:545} INFO - Filling up the DagBag from /home/airflow/.local/lib/python3.12/site-packages/airflow/example_dags/example_external_task_marker_dag.py
[2024-07-04T00:18:55.312+0000] {processor.py:840} INFO - DAG(s) 'example_external_task_marker_parent', 'example_external_task_marker_child' retrieved from /home/airflow/.local/lib/python3.12/site-packages/airflow/example_dags/example_external_task_marker_dag.py
[2024-07-04T00:18:55.486+0000] {logging_mixin.py:188} INFO - [2024-07-04T00:18:55.484+0000] {dag.py:3096} INFO - Sync 2 DAGs
[2024-07-04T00:18:55.577+0000] {logging_mixin.py:188} INFO - [2024-07-04T00:18:55.576+0000] {dag.py:3954} INFO - Setting next_dagrun for example_external_task_marker_child to None, run_after=None
[2024-07-04T00:18:55.780+0000] {logging_mixin.py:188} INFO - [2024-07-04T00:18:55.779+0000] {dag.py:3954} INFO - Setting next_dagrun for example_external_task_marker_parent to None, run_after=None
[2024-07-04T00:18:56.348+0000] {processor.py:183} INFO - Processing /home/airflow/.local/lib/python3.12/site-packages/airflow/example_dags/example_external_task_marker_dag.py took 1.283 seconds
[2024-07-04T00:54:25.818+0000] {processor.py:161} INFO - Started process (PID=91) to work on /home/airflow/.local/lib/python3.12/site-packages/airflow/example_dags/example_external_task_marker_dag.py
[2024-07-04T00:54:25.823+0000] {processor.py:830} INFO - Processing file /home/airflow/.local/lib/python3.12/site-packages/airflow/example_dags/example_external_task_marker_dag.py for tasks to queue
[2024-07-04T00:54:25.841+0000] {logging_mixin.py:188} INFO - [2024-07-04T00:54:25.840+0000] {dagbag.py:545} INFO - Filling up the DagBag from /home/airflow/.local/lib/python3.12/site-packages/airflow/example_dags/example_external_task_marker_dag.py
[2024-07-04T00:54:25.873+0000] {processor.py:840} INFO - DAG(s) 'example_external_task_marker_child', 'example_external_task_marker_parent' retrieved from /home/airflow/.local/lib/python3.12/site-packages/airflow/example_dags/example_external_task_marker_dag.py
[2024-07-04T00:54:26.551+0000] {logging_mixin.py:188} INFO - [2024-07-04T00:54:26.550+0000] {dag.py:3096} INFO - Sync 2 DAGs
[2024-07-04T00:54:26.629+0000] {logging_mixin.py:188} INFO - [2024-07-04T00:54:26.628+0000] {dag.py:3954} INFO - Setting next_dagrun for example_external_task_marker_child to None, run_after=None
[2024-07-04T00:54:26.652+0000] {logging_mixin.py:188} INFO - [2024-07-04T00:54:26.649+0000] {dag.py:3954} INFO - Setting next_dagrun for example_external_task_marker_parent to None, run_after=None
[2024-07-04T00:54:26.757+0000] {processor.py:183} INFO - Processing /home/airflow/.local/lib/python3.12/site-packages/airflow/example_dags/example_external_task_marker_dag.py took 0.976 seconds
[2024-07-04T00:55:05.832+0000] {processor.py:161} INFO - Started process (PID=151) to work on /home/airflow/.local/lib/python3.12/site-packages/airflow/example_dags/example_external_task_marker_dag.py
[2024-07-04T00:55:05.915+0000] {processor.py:830} INFO - Processing file /home/airflow/.local/lib/python3.12/site-packages/airflow/example_dags/example_external_task_marker_dag.py for tasks to queue
[2024-07-04T00:55:05.924+0000] {logging_mixin.py:188} INFO - [2024-07-04T00:55:05.922+0000] {dagbag.py:545} INFO - Filling up the DagBag from /home/airflow/.local/lib/python3.12/site-packages/airflow/example_dags/example_external_task_marker_dag.py
[2024-07-04T00:55:05.945+0000] {processor.py:840} INFO - DAG(s) 'example_external_task_marker_parent', 'example_external_task_marker_child' retrieved from /home/airflow/.local/lib/python3.12/site-packages/airflow/example_dags/example_external_task_marker_dag.py
[2024-07-04T00:55:06.009+0000] {logging_mixin.py:188} INFO - [2024-07-04T00:55:06.008+0000] {dag.py:3096} INFO - Sync 2 DAGs
[2024-07-04T00:55:06.049+0000] {logging_mixin.py:188} INFO - [2024-07-04T00:55:06.049+0000] {dag.py:3954} INFO - Setting next_dagrun for example_external_task_marker_child to None, run_after=None
[2024-07-04T00:55:06.057+0000] {logging_mixin.py:188} INFO - [2024-07-04T00:55:06.056+0000] {dag.py:3954} INFO - Setting next_dagrun for example_external_task_marker_parent to None, run_after=None
[2024-07-04T00:55:06.210+0000] {processor.py:183} INFO - Processing /home/airflow/.local/lib/python3.12/site-packages/airflow/example_dags/example_external_task_marker_dag.py took 0.395 seconds
[2024-07-04T00:55:37.432+0000] {processor.py:161} INFO - Started process (PID=211) to work on /home/airflow/.local/lib/python3.12/site-packages/airflow/example_dags/example_external_task_marker_dag.py
[2024-07-04T00:55:37.435+0000] {processor.py:830} INFO - Processing file /home/airflow/.local/lib/python3.12/site-packages/airflow/example_dags/example_external_task_marker_dag.py for tasks to queue
[2024-07-04T00:55:37.439+0000] {logging_mixin.py:188} INFO - [2024-07-04T00:55:37.438+0000] {dagbag.py:545} INFO - Filling up the DagBag from /home/airflow/.local/lib/python3.12/site-packages/airflow/example_dags/example_external_task_marker_dag.py
[2024-07-04T00:55:37.472+0000] {processor.py:840} INFO - DAG(s) 'example_external_task_marker_parent', 'example_external_task_marker_child' retrieved from /home/airflow/.local/lib/python3.12/site-packages/airflow/example_dags/example_external_task_marker_dag.py
[2024-07-04T00:55:43.927+0000] {logging_mixin.py:188} INFO - [2024-07-04T00:55:43.926+0000] {dag.py:3096} INFO - Sync 2 DAGs
[2024-07-04T00:55:46.868+0000] {logging_mixin.py:188} INFO - [2024-07-04T00:55:46.867+0000] {dag.py:3954} INFO - Setting next_dagrun for example_external_task_marker_child to None, run_after=None
[2024-07-04T00:55:47.466+0000] {logging_mixin.py:188} INFO - [2024-07-04T00:55:47.465+0000] {dag.py:3954} INFO - Setting next_dagrun for example_external_task_marker_parent to None, run_after=None
[2024-07-04T00:55:51.244+0000] {processor.py:183} INFO - Processing /home/airflow/.local/lib/python3.12/site-packages/airflow/example_dags/example_external_task_marker_dag.py took 13.913 seconds
[2024-07-04T00:56:24.075+0000] {processor.py:161} INFO - Started process (PID=271) to work on /home/airflow/.local/lib/python3.12/site-packages/airflow/example_dags/example_external_task_marker_dag.py
[2024-07-04T00:56:24.514+0000] {processor.py:830} INFO - Processing file /home/airflow/.local/lib/python3.12/site-packages/airflow/example_dags/example_external_task_marker_dag.py for tasks to queue
[2024-07-04T00:56:24.522+0000] {logging_mixin.py:188} INFO - [2024-07-04T00:56:24.519+0000] {dagbag.py:545} INFO - Filling up the DagBag from /home/airflow/.local/lib/python3.12/site-packages/airflow/example_dags/example_external_task_marker_dag.py
[2024-07-04T00:56:24.536+0000] {processor.py:840} INFO - DAG(s) 'example_external_task_marker_parent', 'example_external_task_marker_child' retrieved from /home/airflow/.local/lib/python3.12/site-packages/airflow/example_dags/example_external_task_marker_dag.py
[2024-07-04T00:56:25.050+0000] {logging_mixin.py:188} INFO - [2024-07-04T00:56:25.050+0000] {dag.py:3096} INFO - Sync 2 DAGs
[2024-07-04T00:56:25.670+0000] {logging_mixin.py:188} INFO - [2024-07-04T00:56:25.669+0000] {dag.py:3954} INFO - Setting next_dagrun for example_external_task_marker_child to None, run_after=None
[2024-07-04T00:56:25.836+0000] {logging_mixin.py:188} INFO - [2024-07-04T00:56:25.835+0000] {dag.py:3954} INFO - Setting next_dagrun for example_external_task_marker_parent to None, run_after=None
[2024-07-04T00:56:26.418+0000] {processor.py:183} INFO - Processing /home/airflow/.local/lib/python3.12/site-packages/airflow/example_dags/example_external_task_marker_dag.py took 4.196 seconds
[2024-07-04T00:56:56.730+0000] {processor.py:161} INFO - Started process (PID=331) to work on /home/airflow/.local/lib/python3.12/site-packages/airflow/example_dags/example_external_task_marker_dag.py
[2024-07-04T00:56:56.732+0000] {processor.py:830} INFO - Processing file /home/airflow/.local/lib/python3.12/site-packages/airflow/example_dags/example_external_task_marker_dag.py for tasks to queue
[2024-07-04T00:56:56.735+0000] {logging_mixin.py:188} INFO - [2024-07-04T00:56:56.735+0000] {dagbag.py:545} INFO - Filling up the DagBag from /home/airflow/.local/lib/python3.12/site-packages/airflow/example_dags/example_external_task_marker_dag.py
[2024-07-04T00:56:56.748+0000] {processor.py:840} INFO - DAG(s) 'example_external_task_marker_child', 'example_external_task_marker_parent' retrieved from /home/airflow/.local/lib/python3.12/site-packages/airflow/example_dags/example_external_task_marker_dag.py
[2024-07-04T00:56:56.979+0000] {logging_mixin.py:188} INFO - [2024-07-04T00:56:56.978+0000] {dag.py:3096} INFO - Sync 2 DAGs
[2024-07-04T00:56:57.001+0000] {logging_mixin.py:188} INFO - [2024-07-04T00:56:57.001+0000] {dag.py:3954} INFO - Setting next_dagrun for example_external_task_marker_child to None, run_after=None
[2024-07-04T00:56:57.008+0000] {logging_mixin.py:188} INFO - [2024-07-04T00:56:57.008+0000] {dag.py:3954} INFO - Setting next_dagrun for example_external_task_marker_parent to None, run_after=None
[2024-07-04T00:56:57.139+0000] {processor.py:183} INFO - Processing /home/airflow/.local/lib/python3.12/site-packages/airflow/example_dags/example_external_task_marker_dag.py took 0.421 seconds
[2024-07-04T00:57:36.531+0000] {processor.py:161} INFO - Started process (PID=398) to work on /home/airflow/.local/lib/python3.12/site-packages/airflow/example_dags/example_external_task_marker_dag.py
[2024-07-04T00:57:36.535+0000] {processor.py:830} INFO - Processing file /home/airflow/.local/lib/python3.12/site-packages/airflow/example_dags/example_external_task_marker_dag.py for tasks to queue
[2024-07-04T00:57:36.545+0000] {logging_mixin.py:188} INFO - [2024-07-04T00:57:36.543+0000] {dagbag.py:545} INFO - Filling up the DagBag from /home/airflow/.local/lib/python3.12/site-packages/airflow/example_dags/example_external_task_marker_dag.py
[2024-07-04T00:57:36.580+0000] {processor.py:840} INFO - DAG(s) 'example_external_task_marker_child', 'example_external_task_marker_parent' retrieved from /home/airflow/.local/lib/python3.12/site-packages/airflow/example_dags/example_external_task_marker_dag.py
[2024-07-04T00:57:36.778+0000] {logging_mixin.py:188} INFO - [2024-07-04T00:57:36.777+0000] {dag.py:3096} INFO - Sync 2 DAGs
[2024-07-04T00:57:36.859+0000] {logging_mixin.py:188} INFO - [2024-07-04T00:57:36.856+0000] {dag.py:3954} INFO - Setting next_dagrun for example_external_task_marker_child to None, run_after=None
[2024-07-04T00:57:36.877+0000] {logging_mixin.py:188} INFO - [2024-07-04T00:57:36.875+0000] {dag.py:3954} INFO - Setting next_dagrun for example_external_task_marker_parent to None, run_after=None
[2024-07-04T00:57:37.044+0000] {processor.py:183} INFO - Processing /home/airflow/.local/lib/python3.12/site-packages/airflow/example_dags/example_external_task_marker_dag.py took 0.539 seconds
[2024-07-04T00:58:11.630+0000] {processor.py:161} INFO - Started process (PID=459) to work on /home/airflow/.local/lib/python3.12/site-packages/airflow/example_dags/example_external_task_marker_dag.py
[2024-07-04T00:58:11.662+0000] {processor.py:830} INFO - Processing file /home/airflow/.local/lib/python3.12/site-packages/airflow/example_dags/example_external_task_marker_dag.py for tasks to queue
[2024-07-04T00:58:11.670+0000] {logging_mixin.py:188} INFO - [2024-07-04T00:58:11.667+0000] {dagbag.py:545} INFO - Filling up the DagBag from /home/airflow/.local/lib/python3.12/site-packages/airflow/example_dags/example_external_task_marker_dag.py
[2024-07-04T00:58:11.685+0000] {processor.py:840} INFO - DAG(s) 'example_external_task_marker_child', 'example_external_task_marker_parent' retrieved from /home/airflow/.local/lib/python3.12/site-packages/airflow/example_dags/example_external_task_marker_dag.py
[2024-07-04T00:58:11.748+0000] {logging_mixin.py:188} INFO - [2024-07-04T00:58:11.747+0000] {dag.py:3096} INFO - Sync 2 DAGs
[2024-07-04T00:58:11.824+0000] {logging_mixin.py:188} INFO - [2024-07-04T00:58:11.823+0000] {dag.py:3954} INFO - Setting next_dagrun for example_external_task_marker_child to None, run_after=None
[2024-07-04T00:58:11.844+0000] {logging_mixin.py:188} INFO - [2024-07-04T00:58:11.844+0000] {dag.py:3954} INFO - Setting next_dagrun for example_external_task_marker_parent to None, run_after=None
[2024-07-04T00:58:12.265+0000] {processor.py:183} INFO - Processing /home/airflow/.local/lib/python3.12/site-packages/airflow/example_dags/example_external_task_marker_dag.py took 0.655 seconds
[2024-07-04T00:59:10.638+0000] {processor.py:161} INFO - Started process (PID=526) to work on /home/airflow/.local/lib/python3.12/site-packages/airflow/example_dags/example_external_task_marker_dag.py
[2024-07-04T00:59:10.640+0000] {processor.py:830} INFO - Processing file /home/airflow/.local/lib/python3.12/site-packages/airflow/example_dags/example_external_task_marker_dag.py for tasks to queue
[2024-07-04T00:59:10.650+0000] {logging_mixin.py:188} INFO - [2024-07-04T00:59:10.644+0000] {dagbag.py:545} INFO - Filling up the DagBag from /home/airflow/.local/lib/python3.12/site-packages/airflow/example_dags/example_external_task_marker_dag.py
[2024-07-04T00:59:10.675+0000] {processor.py:840} INFO - DAG(s) 'example_external_task_marker_child', 'example_external_task_marker_parent' retrieved from /home/airflow/.local/lib/python3.12/site-packages/airflow/example_dags/example_external_task_marker_dag.py
[2024-07-04T00:59:10.851+0000] {logging_mixin.py:188} INFO - [2024-07-04T00:59:10.846+0000] {dag.py:3096} INFO - Sync 2 DAGs
[2024-07-04T00:59:10.940+0000] {logging_mixin.py:188} INFO - [2024-07-04T00:59:10.939+0000] {dag.py:3954} INFO - Setting next_dagrun for example_external_task_marker_child to None, run_after=None
[2024-07-04T00:59:10.970+0000] {logging_mixin.py:188} INFO - [2024-07-04T00:59:10.969+0000] {dag.py:3954} INFO - Setting next_dagrun for example_external_task_marker_parent to None, run_after=None
[2024-07-04T00:59:11.067+0000] {processor.py:183} INFO - Processing /home/airflow/.local/lib/python3.12/site-packages/airflow/example_dags/example_external_task_marker_dag.py took 0.449 seconds
[2024-07-04T00:59:54.415+0000] {processor.py:161} INFO - Started process (PID=596) to work on /home/airflow/.local/lib/python3.12/site-packages/airflow/example_dags/example_external_task_marker_dag.py
[2024-07-04T00:59:54.419+0000] {processor.py:830} INFO - Processing file /home/airflow/.local/lib/python3.12/site-packages/airflow/example_dags/example_external_task_marker_dag.py for tasks to queue
[2024-07-04T00:59:54.428+0000] {logging_mixin.py:188} INFO - [2024-07-04T00:59:54.426+0000] {dagbag.py:545} INFO - Filling up the DagBag from /home/airflow/.local/lib/python3.12/site-packages/airflow/example_dags/example_external_task_marker_dag.py
[2024-07-04T00:59:54.458+0000] {processor.py:840} INFO - DAG(s) 'example_external_task_marker_child', 'example_external_task_marker_parent' retrieved from /home/airflow/.local/lib/python3.12/site-packages/airflow/example_dags/example_external_task_marker_dag.py
[2024-07-04T00:59:55.848+0000] {logging_mixin.py:188} INFO - [2024-07-04T00:59:55.847+0000] {dag.py:3096} INFO - Sync 2 DAGs
[2024-07-04T00:59:55.979+0000] {logging_mixin.py:188} INFO - [2024-07-04T00:59:55.967+0000] {dag.py:3954} INFO - Setting next_dagrun for example_external_task_marker_child to None, run_after=None
[2024-07-04T00:59:56.020+0000] {logging_mixin.py:188} INFO - [2024-07-04T00:59:56.020+0000] {dag.py:3954} INFO - Setting next_dagrun for example_external_task_marker_parent to None, run_after=None
[2024-07-04T00:59:56.197+0000] {processor.py:183} INFO - Processing /home/airflow/.local/lib/python3.12/site-packages/airflow/example_dags/example_external_task_marker_dag.py took 1.874 seconds
[2024-07-04T01:04:26.940+0000] {processor.py:161} INFO - Started process (PID=734) to work on /home/airflow/.local/lib/python3.12/site-packages/airflow/example_dags/example_external_task_marker_dag.py
[2024-07-04T01:04:27.088+0000] {processor.py:830} INFO - Processing file /home/airflow/.local/lib/python3.12/site-packages/airflow/example_dags/example_external_task_marker_dag.py for tasks to queue
[2024-07-04T01:04:27.091+0000] {logging_mixin.py:188} INFO - [2024-07-04T01:04:27.090+0000] {dagbag.py:545} INFO - Filling up the DagBag from /home/airflow/.local/lib/python3.12/site-packages/airflow/example_dags/example_external_task_marker_dag.py
[2024-07-04T01:04:27.280+0000] {processor.py:840} INFO - DAG(s) 'example_external_task_marker_parent', 'example_external_task_marker_child' retrieved from /home/airflow/.local/lib/python3.12/site-packages/airflow/example_dags/example_external_task_marker_dag.py
[2024-07-04T01:04:27.904+0000] {logging_mixin.py:188} INFO - [2024-07-04T01:04:27.903+0000] {dag.py:3096} INFO - Sync 2 DAGs
[2024-07-04T01:04:27.928+0000] {logging_mixin.py:188} INFO - [2024-07-04T01:04:27.927+0000] {dag.py:3954} INFO - Setting next_dagrun for example_external_task_marker_child to None, run_after=None
[2024-07-04T01:04:27.935+0000] {logging_mixin.py:188} INFO - [2024-07-04T01:04:27.935+0000] {dag.py:3954} INFO - Setting next_dagrun for example_external_task_marker_parent to None, run_after=None
[2024-07-04T01:04:28.378+0000] {processor.py:183} INFO - Processing /home/airflow/.local/lib/python3.12/site-packages/airflow/example_dags/example_external_task_marker_dag.py took 1.446 seconds
