[2024-07-04T00:00:41.305+0000] {processor.py:161} INFO - Started process (PID=5024) to work on /home/airflow/.local/lib/python3.12/site-packages/airflow/example_dags/example_bash_operator.py
[2024-07-04T00:00:41.307+0000] {processor.py:830} INFO - Processing file /home/airflow/.local/lib/python3.12/site-packages/airflow/example_dags/example_bash_operator.py for tasks to queue
[2024-07-04T00:00:41.309+0000] {logging_mixin.py:188} INFO - [2024-07-04T00:00:41.309+0000] {dagbag.py:545} INFO - Filling up the DagBag from /home/airflow/.local/lib/python3.12/site-packages/airflow/example_dags/example_bash_operator.py
[2024-07-04T00:00:41.449+0000] {processor.py:840} INFO - DAG(s) 'example_bash_operator' retrieved from /home/airflow/.local/lib/python3.12/site-packages/airflow/example_dags/example_bash_operator.py
[2024-07-04T00:00:41.607+0000] {logging_mixin.py:188} INFO - [2024-07-04T00:00:41.606+0000] {dag.py:3096} INFO - Sync 1 DAGs
[2024-07-04T00:00:41.776+0000] {logging_mixin.py:188} INFO - [2024-07-04T00:00:41.776+0000] {dag.py:3954} INFO - Setting next_dagrun for example_bash_operator to 2024-07-03 00:00:00+00:00, run_after=2024-07-04 00:00:00+00:00
[2024-07-04T00:00:42.071+0000] {processor.py:183} INFO - Processing /home/airflow/.local/lib/python3.12/site-packages/airflow/example_dags/example_bash_operator.py took 0.800 seconds
[2024-07-04T00:04:12.662+0000] {processor.py:161} INFO - Started process (PID=5078) to work on /home/airflow/.local/lib/python3.12/site-packages/airflow/example_dags/example_bash_operator.py
[2024-07-04T00:04:12.665+0000] {processor.py:830} INFO - Processing file /home/airflow/.local/lib/python3.12/site-packages/airflow/example_dags/example_bash_operator.py for tasks to queue
[2024-07-04T00:04:12.668+0000] {logging_mixin.py:188} INFO - [2024-07-04T00:04:12.667+0000] {dagbag.py:545} INFO - Filling up the DagBag from /home/airflow/.local/lib/python3.12/site-packages/airflow/example_dags/example_bash_operator.py
[2024-07-04T00:04:12.725+0000] {processor.py:840} INFO - DAG(s) 'example_bash_operator' retrieved from /home/airflow/.local/lib/python3.12/site-packages/airflow/example_dags/example_bash_operator.py
[2024-07-04T00:04:12.873+0000] {logging_mixin.py:188} INFO - [2024-07-04T00:04:12.872+0000] {dag.py:3096} INFO - Sync 1 DAGs
[2024-07-04T00:04:12.961+0000] {logging_mixin.py:188} INFO - [2024-07-04T00:04:12.960+0000] {dag.py:3954} INFO - Setting next_dagrun for example_bash_operator to 2024-07-03 00:00:00+00:00, run_after=2024-07-04 00:00:00+00:00
[2024-07-04T00:04:13.053+0000] {processor.py:183} INFO - Processing /home/airflow/.local/lib/python3.12/site-packages/airflow/example_dags/example_bash_operator.py took 0.413 seconds
[2024-07-04T00:14:05.508+0000] {processor.py:161} INFO - Started process (PID=67) to work on /home/airflow/.local/lib/python3.12/site-packages/airflow/example_dags/example_bash_operator.py
[2024-07-04T00:14:05.515+0000] {processor.py:830} INFO - Processing file /home/airflow/.local/lib/python3.12/site-packages/airflow/example_dags/example_bash_operator.py for tasks to queue
[2024-07-04T00:14:05.523+0000] {logging_mixin.py:188} INFO - [2024-07-04T00:14:05.521+0000] {dagbag.py:545} INFO - Filling up the DagBag from /home/airflow/.local/lib/python3.12/site-packages/airflow/example_dags/example_bash_operator.py
[2024-07-04T00:14:05.617+0000] {processor.py:840} INFO - DAG(s) 'example_bash_operator' retrieved from /home/airflow/.local/lib/python3.12/site-packages/airflow/example_dags/example_bash_operator.py
[2024-07-04T00:14:07.591+0000] {logging_mixin.py:188} INFO - [2024-07-04T00:14:07.590+0000] {dag.py:3096} INFO - Sync 1 DAGs
[2024-07-04T00:14:07.962+0000] {logging_mixin.py:188} INFO - [2024-07-04T00:14:07.960+0000] {dag.py:3954} INFO - Setting next_dagrun for example_bash_operator to 2024-07-03 00:00:00+00:00, run_after=2024-07-04 00:00:00+00:00
[2024-07-04T00:14:08.181+0000] {processor.py:183} INFO - Processing /home/airflow/.local/lib/python3.12/site-packages/airflow/example_dags/example_bash_operator.py took 2.706 seconds
[2024-07-04T00:15:10.999+0000] {processor.py:161} INFO - Started process (PID=133) to work on /home/airflow/.local/lib/python3.12/site-packages/airflow/example_dags/example_bash_operator.py
[2024-07-04T00:15:11.002+0000] {processor.py:830} INFO - Processing file /home/airflow/.local/lib/python3.12/site-packages/airflow/example_dags/example_bash_operator.py for tasks to queue
[2024-07-04T00:15:11.008+0000] {logging_mixin.py:188} INFO - [2024-07-04T00:15:11.006+0000] {dagbag.py:545} INFO - Filling up the DagBag from /home/airflow/.local/lib/python3.12/site-packages/airflow/example_dags/example_bash_operator.py
[2024-07-04T00:15:11.040+0000] {processor.py:840} INFO - DAG(s) 'example_bash_operator' retrieved from /home/airflow/.local/lib/python3.12/site-packages/airflow/example_dags/example_bash_operator.py
[2024-07-04T00:15:11.183+0000] {logging_mixin.py:188} INFO - [2024-07-04T00:15:11.182+0000] {dag.py:3096} INFO - Sync 1 DAGs
[2024-07-04T00:15:11.442+0000] {logging_mixin.py:188} INFO - [2024-07-04T00:15:11.441+0000] {dag.py:3954} INFO - Setting next_dagrun for example_bash_operator to 2024-07-03 00:00:00+00:00, run_after=2024-07-04 00:00:00+00:00
[2024-07-04T00:15:11.604+0000] {processor.py:183} INFO - Processing /home/airflow/.local/lib/python3.12/site-packages/airflow/example_dags/example_bash_operator.py took 0.621 seconds
[2024-07-04T00:15:45.105+0000] {processor.py:161} INFO - Started process (PID=193) to work on /home/airflow/.local/lib/python3.12/site-packages/airflow/example_dags/example_bash_operator.py
[2024-07-04T00:15:45.109+0000] {processor.py:830} INFO - Processing file /home/airflow/.local/lib/python3.12/site-packages/airflow/example_dags/example_bash_operator.py for tasks to queue
[2024-07-04T00:15:45.116+0000] {logging_mixin.py:188} INFO - [2024-07-04T00:15:45.115+0000] {dagbag.py:545} INFO - Filling up the DagBag from /home/airflow/.local/lib/python3.12/site-packages/airflow/example_dags/example_bash_operator.py
[2024-07-04T00:15:45.163+0000] {processor.py:840} INFO - DAG(s) 'example_bash_operator' retrieved from /home/airflow/.local/lib/python3.12/site-packages/airflow/example_dags/example_bash_operator.py
[2024-07-04T00:15:45.266+0000] {logging_mixin.py:188} INFO - [2024-07-04T00:15:45.266+0000] {dag.py:3096} INFO - Sync 1 DAGs
[2024-07-04T00:15:45.343+0000] {logging_mixin.py:188} INFO - [2024-07-04T00:15:45.342+0000] {dag.py:3954} INFO - Setting next_dagrun for example_bash_operator to 2024-07-03 00:00:00+00:00, run_after=2024-07-04 00:00:00+00:00
[2024-07-04T00:15:45.534+0000] {processor.py:183} INFO - Processing /home/airflow/.local/lib/python3.12/site-packages/airflow/example_dags/example_bash_operator.py took 0.460 seconds
[2024-07-04T00:16:35.710+0000] {processor.py:161} INFO - Started process (PID=251) to work on /home/airflow/.local/lib/python3.12/site-packages/airflow/example_dags/example_bash_operator.py
[2024-07-04T00:16:35.714+0000] {processor.py:830} INFO - Processing file /home/airflow/.local/lib/python3.12/site-packages/airflow/example_dags/example_bash_operator.py for tasks to queue
[2024-07-04T00:16:36.526+0000] {logging_mixin.py:188} INFO - [2024-07-04T00:16:36.079+0000] {dagbag.py:545} INFO - Filling up the DagBag from /home/airflow/.local/lib/python3.12/site-packages/airflow/example_dags/example_bash_operator.py
[2024-07-04T00:16:38.245+0000] {processor.py:840} INFO - DAG(s) 'example_bash_operator' retrieved from /home/airflow/.local/lib/python3.12/site-packages/airflow/example_dags/example_bash_operator.py
[2024-07-04T00:16:39.285+0000] {logging_mixin.py:188} INFO - [2024-07-04T00:16:39.284+0000] {dag.py:3096} INFO - Sync 1 DAGs
[2024-07-04T00:16:39.549+0000] {logging_mixin.py:188} INFO - [2024-07-04T00:16:39.548+0000] {dag.py:3954} INFO - Setting next_dagrun for example_bash_operator to 2024-07-03 00:00:00+00:00, run_after=2024-07-04 00:00:00+00:00
[2024-07-04T00:16:39.869+0000] {processor.py:183} INFO - Processing /home/airflow/.local/lib/python3.12/site-packages/airflow/example_dags/example_bash_operator.py took 4.193 seconds
[2024-07-04T00:17:13.281+0000] {processor.py:161} INFO - Started process (PID=309) to work on /home/airflow/.local/lib/python3.12/site-packages/airflow/example_dags/example_bash_operator.py
[2024-07-04T00:17:13.284+0000] {processor.py:830} INFO - Processing file /home/airflow/.local/lib/python3.12/site-packages/airflow/example_dags/example_bash_operator.py for tasks to queue
[2024-07-04T00:17:13.289+0000] {logging_mixin.py:188} INFO - [2024-07-04T00:17:13.288+0000] {dagbag.py:545} INFO - Filling up the DagBag from /home/airflow/.local/lib/python3.12/site-packages/airflow/example_dags/example_bash_operator.py
[2024-07-04T00:17:13.317+0000] {processor.py:840} INFO - DAG(s) 'example_bash_operator' retrieved from /home/airflow/.local/lib/python3.12/site-packages/airflow/example_dags/example_bash_operator.py
[2024-07-04T00:17:13.389+0000] {logging_mixin.py:188} INFO - [2024-07-04T00:17:13.388+0000] {dag.py:3096} INFO - Sync 1 DAGs
[2024-07-04T00:17:13.491+0000] {logging_mixin.py:188} INFO - [2024-07-04T00:17:13.490+0000] {dag.py:3954} INFO - Setting next_dagrun for example_bash_operator to 2024-07-03 00:00:00+00:00, run_after=2024-07-04 00:00:00+00:00
[2024-07-04T00:17:13.595+0000] {processor.py:183} INFO - Processing /home/airflow/.local/lib/python3.12/site-packages/airflow/example_dags/example_bash_operator.py took 0.329 seconds
[2024-07-04T00:17:58.089+0000] {processor.py:161} INFO - Started process (PID=361) to work on /home/airflow/.local/lib/python3.12/site-packages/airflow/example_dags/example_bash_operator.py
[2024-07-04T00:17:58.092+0000] {processor.py:830} INFO - Processing file /home/airflow/.local/lib/python3.12/site-packages/airflow/example_dags/example_bash_operator.py for tasks to queue
[2024-07-04T00:17:58.097+0000] {logging_mixin.py:188} INFO - [2024-07-04T00:17:58.096+0000] {dagbag.py:545} INFO - Filling up the DagBag from /home/airflow/.local/lib/python3.12/site-packages/airflow/example_dags/example_bash_operator.py
[2024-07-04T00:17:58.129+0000] {processor.py:840} INFO - DAG(s) 'example_bash_operator' retrieved from /home/airflow/.local/lib/python3.12/site-packages/airflow/example_dags/example_bash_operator.py
[2024-07-04T00:17:58.226+0000] {logging_mixin.py:188} INFO - [2024-07-04T00:17:58.225+0000] {dag.py:3096} INFO - Sync 1 DAGs
[2024-07-04T00:17:58.354+0000] {logging_mixin.py:188} INFO - [2024-07-04T00:17:58.353+0000] {dag.py:3954} INFO - Setting next_dagrun for example_bash_operator to 2024-07-03 00:00:00+00:00, run_after=2024-07-04 00:00:00+00:00
[2024-07-04T00:17:58.499+0000] {processor.py:183} INFO - Processing /home/airflow/.local/lib/python3.12/site-packages/airflow/example_dags/example_bash_operator.py took 0.423 seconds
[2024-07-04T00:18:28.740+0000] {processor.py:161} INFO - Started process (PID=418) to work on /home/airflow/.local/lib/python3.12/site-packages/airflow/example_dags/example_bash_operator.py
[2024-07-04T00:18:28.745+0000] {processor.py:830} INFO - Processing file /home/airflow/.local/lib/python3.12/site-packages/airflow/example_dags/example_bash_operator.py for tasks to queue
[2024-07-04T00:18:28.751+0000] {logging_mixin.py:188} INFO - [2024-07-04T00:18:28.749+0000] {dagbag.py:545} INFO - Filling up the DagBag from /home/airflow/.local/lib/python3.12/site-packages/airflow/example_dags/example_bash_operator.py
[2024-07-04T00:18:28.806+0000] {processor.py:840} INFO - DAG(s) 'example_bash_operator' retrieved from /home/airflow/.local/lib/python3.12/site-packages/airflow/example_dags/example_bash_operator.py
[2024-07-04T00:18:28.997+0000] {logging_mixin.py:188} INFO - [2024-07-04T00:18:28.996+0000] {dag.py:3096} INFO - Sync 1 DAGs
[2024-07-04T00:18:29.149+0000] {logging_mixin.py:188} INFO - [2024-07-04T00:18:29.136+0000] {dag.py:3954} INFO - Setting next_dagrun for example_bash_operator to 2024-07-03 00:00:00+00:00, run_after=2024-07-04 00:00:00+00:00
[2024-07-04T00:18:29.392+0000] {processor.py:183} INFO - Processing /home/airflow/.local/lib/python3.12/site-packages/airflow/example_dags/example_bash_operator.py took 0.672 seconds
[2024-07-04T00:19:05.734+0000] {processor.py:161} INFO - Started process (PID=474) to work on /home/airflow/.local/lib/python3.12/site-packages/airflow/example_dags/example_bash_operator.py
[2024-07-04T00:19:05.758+0000] {processor.py:830} INFO - Processing file /home/airflow/.local/lib/python3.12/site-packages/airflow/example_dags/example_bash_operator.py for tasks to queue
[2024-07-04T00:19:05.776+0000] {logging_mixin.py:188} INFO - [2024-07-04T00:19:05.774+0000] {dagbag.py:545} INFO - Filling up the DagBag from /home/airflow/.local/lib/python3.12/site-packages/airflow/example_dags/example_bash_operator.py
[2024-07-04T00:19:05.859+0000] {processor.py:840} INFO - DAG(s) 'example_bash_operator' retrieved from /home/airflow/.local/lib/python3.12/site-packages/airflow/example_dags/example_bash_operator.py
[2024-07-04T00:19:06.030+0000] {logging_mixin.py:188} INFO - [2024-07-04T00:19:06.029+0000] {dag.py:3096} INFO - Sync 1 DAGs
[2024-07-04T00:19:06.161+0000] {logging_mixin.py:188} INFO - [2024-07-04T00:19:06.160+0000] {dag.py:3954} INFO - Setting next_dagrun for example_bash_operator to 2024-07-03 00:00:00+00:00, run_after=2024-07-04 00:00:00+00:00
[2024-07-04T00:19:06.386+0000] {processor.py:183} INFO - Processing /home/airflow/.local/lib/python3.12/site-packages/airflow/example_dags/example_bash_operator.py took 0.680 seconds
[2024-07-04T00:54:01.390+0000] {processor.py:161} INFO - Started process (PID=61) to work on /home/airflow/.local/lib/python3.12/site-packages/airflow/example_dags/example_bash_operator.py
[2024-07-04T00:54:01.393+0000] {processor.py:830} INFO - Processing file /home/airflow/.local/lib/python3.12/site-packages/airflow/example_dags/example_bash_operator.py for tasks to queue
[2024-07-04T00:54:01.404+0000] {logging_mixin.py:188} INFO - [2024-07-04T00:54:01.397+0000] {dagbag.py:545} INFO - Filling up the DagBag from /home/airflow/.local/lib/python3.12/site-packages/airflow/example_dags/example_bash_operator.py
[2024-07-04T00:54:01.743+0000] {processor.py:840} INFO - DAG(s) 'example_bash_operator' retrieved from /home/airflow/.local/lib/python3.12/site-packages/airflow/example_dags/example_bash_operator.py
[2024-07-04T00:54:03.289+0000] {logging_mixin.py:188} INFO - [2024-07-04T00:54:03.287+0000] {dag.py:3096} INFO - Sync 1 DAGs
[2024-07-04T00:54:03.469+0000] {logging_mixin.py:188} INFO - [2024-07-04T00:54:03.468+0000] {dag.py:3954} INFO - Setting next_dagrun for example_bash_operator to 2024-07-03 00:00:00+00:00, run_after=2024-07-04 00:00:00+00:00
[2024-07-04T00:54:03.579+0000] {processor.py:183} INFO - Processing /home/airflow/.local/lib/python3.12/site-packages/airflow/example_dags/example_bash_operator.py took 2.201 seconds
[2024-07-04T00:54:58.756+0000] {processor.py:161} INFO - Started process (PID=127) to work on /home/airflow/.local/lib/python3.12/site-packages/airflow/example_dags/example_bash_operator.py
[2024-07-04T00:54:58.759+0000] {processor.py:830} INFO - Processing file /home/airflow/.local/lib/python3.12/site-packages/airflow/example_dags/example_bash_operator.py for tasks to queue
[2024-07-04T00:54:58.765+0000] {logging_mixin.py:188} INFO - [2024-07-04T00:54:58.764+0000] {dagbag.py:545} INFO - Filling up the DagBag from /home/airflow/.local/lib/python3.12/site-packages/airflow/example_dags/example_bash_operator.py
[2024-07-04T00:54:58.809+0000] {processor.py:840} INFO - DAG(s) 'example_bash_operator' retrieved from /home/airflow/.local/lib/python3.12/site-packages/airflow/example_dags/example_bash_operator.py
[2024-07-04T00:54:58.913+0000] {logging_mixin.py:188} INFO - [2024-07-04T00:54:58.912+0000] {dag.py:3096} INFO - Sync 1 DAGs
[2024-07-04T00:54:58.996+0000] {logging_mixin.py:188} INFO - [2024-07-04T00:54:58.995+0000] {dag.py:3954} INFO - Setting next_dagrun for example_bash_operator to 2024-07-03 00:00:00+00:00, run_after=2024-07-04 00:00:00+00:00
[2024-07-04T00:54:59.106+0000] {processor.py:183} INFO - Processing /home/airflow/.local/lib/python3.12/site-packages/airflow/example_dags/example_bash_operator.py took 0.369 seconds
[2024-07-04T00:55:31.491+0000] {processor.py:161} INFO - Started process (PID=187) to work on /home/airflow/.local/lib/python3.12/site-packages/airflow/example_dags/example_bash_operator.py
[2024-07-04T00:55:31.493+0000] {processor.py:830} INFO - Processing file /home/airflow/.local/lib/python3.12/site-packages/airflow/example_dags/example_bash_operator.py for tasks to queue
[2024-07-04T00:55:31.498+0000] {logging_mixin.py:188} INFO - [2024-07-04T00:55:31.497+0000] {dagbag.py:545} INFO - Filling up the DagBag from /home/airflow/.local/lib/python3.12/site-packages/airflow/example_dags/example_bash_operator.py
[2024-07-04T00:55:31.526+0000] {processor.py:840} INFO - DAG(s) 'example_bash_operator' retrieved from /home/airflow/.local/lib/python3.12/site-packages/airflow/example_dags/example_bash_operator.py
[2024-07-04T00:55:31.603+0000] {logging_mixin.py:188} INFO - [2024-07-04T00:55:31.603+0000] {dag.py:3096} INFO - Sync 1 DAGs
[2024-07-04T00:55:31.669+0000] {logging_mixin.py:188} INFO - [2024-07-04T00:55:31.669+0000] {dag.py:3954} INFO - Setting next_dagrun for example_bash_operator to 2024-07-03 00:00:00+00:00, run_after=2024-07-04 00:00:00+00:00
[2024-07-04T00:55:31.722+0000] {processor.py:183} INFO - Processing /home/airflow/.local/lib/python3.12/site-packages/airflow/example_dags/example_bash_operator.py took 0.243 seconds
[2024-07-04T00:56:03.433+0000] {processor.py:161} INFO - Started process (PID=247) to work on /home/airflow/.local/lib/python3.12/site-packages/airflow/example_dags/example_bash_operator.py
[2024-07-04T00:56:03.435+0000] {processor.py:830} INFO - Processing file /home/airflow/.local/lib/python3.12/site-packages/airflow/example_dags/example_bash_operator.py for tasks to queue
[2024-07-04T00:56:03.439+0000] {logging_mixin.py:188} INFO - [2024-07-04T00:56:03.439+0000] {dagbag.py:545} INFO - Filling up the DagBag from /home/airflow/.local/lib/python3.12/site-packages/airflow/example_dags/example_bash_operator.py
[2024-07-04T00:56:03.463+0000] {processor.py:840} INFO - DAG(s) 'example_bash_operator' retrieved from /home/airflow/.local/lib/python3.12/site-packages/airflow/example_dags/example_bash_operator.py
[2024-07-04T00:56:03.521+0000] {logging_mixin.py:188} INFO - [2024-07-04T00:56:03.521+0000] {dag.py:3096} INFO - Sync 1 DAGs
[2024-07-04T00:56:03.587+0000] {logging_mixin.py:188} INFO - [2024-07-04T00:56:03.586+0000] {dag.py:3954} INFO - Setting next_dagrun for example_bash_operator to 2024-07-03 00:00:00+00:00, run_after=2024-07-04 00:00:00+00:00
[2024-07-04T00:56:03.661+0000] {processor.py:183} INFO - Processing /home/airflow/.local/lib/python3.12/site-packages/airflow/example_dags/example_bash_operator.py took 0.238 seconds
[2024-07-04T00:56:40.837+0000] {processor.py:161} INFO - Started process (PID=305) to work on /home/airflow/.local/lib/python3.12/site-packages/airflow/example_dags/example_bash_operator.py
[2024-07-04T00:56:40.839+0000] {processor.py:830} INFO - Processing file /home/airflow/.local/lib/python3.12/site-packages/airflow/example_dags/example_bash_operator.py for tasks to queue
[2024-07-04T00:56:40.844+0000] {logging_mixin.py:188} INFO - [2024-07-04T00:56:40.843+0000] {dagbag.py:545} INFO - Filling up the DagBag from /home/airflow/.local/lib/python3.12/site-packages/airflow/example_dags/example_bash_operator.py
[2024-07-04T00:56:40.867+0000] {processor.py:840} INFO - DAG(s) 'example_bash_operator' retrieved from /home/airflow/.local/lib/python3.12/site-packages/airflow/example_dags/example_bash_operator.py
[2024-07-04T00:56:40.946+0000] {logging_mixin.py:188} INFO - [2024-07-04T00:56:40.946+0000] {dag.py:3096} INFO - Sync 1 DAGs
[2024-07-04T00:56:41.031+0000] {logging_mixin.py:188} INFO - [2024-07-04T00:56:41.030+0000] {dag.py:3954} INFO - Setting next_dagrun for example_bash_operator to 2024-07-03 00:00:00+00:00, run_after=2024-07-04 00:00:00+00:00
[2024-07-04T00:56:41.137+0000] {processor.py:183} INFO - Processing /home/airflow/.local/lib/python3.12/site-packages/airflow/example_dags/example_bash_operator.py took 0.314 seconds
[2024-07-04T00:57:13.887+0000] {processor.py:161} INFO - Started process (PID=365) to work on /home/airflow/.local/lib/python3.12/site-packages/airflow/example_dags/example_bash_operator.py
[2024-07-04T00:57:13.891+0000] {processor.py:830} INFO - Processing file /home/airflow/.local/lib/python3.12/site-packages/airflow/example_dags/example_bash_operator.py for tasks to queue
[2024-07-04T00:57:13.898+0000] {logging_mixin.py:188} INFO - [2024-07-04T00:57:13.897+0000] {dagbag.py:545} INFO - Filling up the DagBag from /home/airflow/.local/lib/python3.12/site-packages/airflow/example_dags/example_bash_operator.py
[2024-07-04T00:57:13.942+0000] {processor.py:840} INFO - DAG(s) 'example_bash_operator' retrieved from /home/airflow/.local/lib/python3.12/site-packages/airflow/example_dags/example_bash_operator.py
[2024-07-04T00:57:14.117+0000] {logging_mixin.py:188} INFO - [2024-07-04T00:57:14.116+0000] {dag.py:3096} INFO - Sync 1 DAGs
[2024-07-04T00:57:14.261+0000] {logging_mixin.py:188} INFO - [2024-07-04T00:57:14.260+0000] {dag.py:3954} INFO - Setting next_dagrun for example_bash_operator to 2024-07-03 00:00:00+00:00, run_after=2024-07-04 00:00:00+00:00
[2024-07-04T00:57:14.336+0000] {processor.py:183} INFO - Processing /home/airflow/.local/lib/python3.12/site-packages/airflow/example_dags/example_bash_operator.py took 0.465 seconds
[2024-07-04T00:57:59.407+0000] {processor.py:161} INFO - Started process (PID=426) to work on /home/airflow/.local/lib/python3.12/site-packages/airflow/example_dags/example_bash_operator.py
[2024-07-04T00:57:59.437+0000] {processor.py:830} INFO - Processing file /home/airflow/.local/lib/python3.12/site-packages/airflow/example_dags/example_bash_operator.py for tasks to queue
[2024-07-04T00:58:00.434+0000] {logging_mixin.py:188} INFO - [2024-07-04T00:58:00.433+0000] {dagbag.py:545} INFO - Filling up the DagBag from /home/airflow/.local/lib/python3.12/site-packages/airflow/example_dags/example_bash_operator.py
[2024-07-04T00:58:02.041+0000] {processor.py:840} INFO - DAG(s) 'example_bash_operator' retrieved from /home/airflow/.local/lib/python3.12/site-packages/airflow/example_dags/example_bash_operator.py
[2024-07-04T00:58:02.183+0000] {logging_mixin.py:188} INFO - [2024-07-04T00:58:02.183+0000] {dag.py:3096} INFO - Sync 1 DAGs
[2024-07-04T00:58:03.635+0000] {logging_mixin.py:188} INFO - [2024-07-04T00:58:03.635+0000] {dag.py:3954} INFO - Setting next_dagrun for example_bash_operator to 2024-07-03 00:00:00+00:00, run_after=2024-07-04 00:00:00+00:00
[2024-07-04T00:58:03.837+0000] {processor.py:183} INFO - Processing /home/airflow/.local/lib/python3.12/site-packages/airflow/example_dags/example_bash_operator.py took 4.439 seconds
[2024-07-04T00:58:38.061+0000] {processor.py:161} INFO - Started process (PID=491) to work on /home/airflow/.local/lib/python3.12/site-packages/airflow/example_dags/example_bash_operator.py
[2024-07-04T00:58:38.184+0000] {processor.py:830} INFO - Processing file /home/airflow/.local/lib/python3.12/site-packages/airflow/example_dags/example_bash_operator.py for tasks to queue
[2024-07-04T00:58:38.485+0000] {logging_mixin.py:188} INFO - [2024-07-04T00:58:38.464+0000] {dagbag.py:545} INFO - Filling up the DagBag from /home/airflow/.local/lib/python3.12/site-packages/airflow/example_dags/example_bash_operator.py
[2024-07-04T00:58:39.746+0000] {processor.py:840} INFO - DAG(s) 'example_bash_operator' retrieved from /home/airflow/.local/lib/python3.12/site-packages/airflow/example_dags/example_bash_operator.py
[2024-07-04T00:58:41.275+0000] {logging_mixin.py:188} INFO - [2024-07-04T00:58:41.274+0000] {dag.py:3096} INFO - Sync 1 DAGs
[2024-07-04T00:58:41.702+0000] {logging_mixin.py:188} INFO - [2024-07-04T00:58:41.700+0000] {dag.py:3954} INFO - Setting next_dagrun for example_bash_operator to 2024-07-03 00:00:00+00:00, run_after=2024-07-04 00:00:00+00:00
[2024-07-04T00:58:44.215+0000] {processor.py:183} INFO - Processing /home/airflow/.local/lib/python3.12/site-packages/airflow/example_dags/example_bash_operator.py took 7.132 seconds
[2024-07-04T00:59:18.716+0000] {processor.py:161} INFO - Started process (PID=551) to work on /home/airflow/.local/lib/python3.12/site-packages/airflow/example_dags/example_bash_operator.py
[2024-07-04T00:59:18.719+0000] {processor.py:830} INFO - Processing file /home/airflow/.local/lib/python3.12/site-packages/airflow/example_dags/example_bash_operator.py for tasks to queue
[2024-07-04T00:59:18.724+0000] {logging_mixin.py:188} INFO - [2024-07-04T00:59:18.723+0000] {dagbag.py:545} INFO - Filling up the DagBag from /home/airflow/.local/lib/python3.12/site-packages/airflow/example_dags/example_bash_operator.py
[2024-07-04T00:59:18.758+0000] {processor.py:840} INFO - DAG(s) 'example_bash_operator' retrieved from /home/airflow/.local/lib/python3.12/site-packages/airflow/example_dags/example_bash_operator.py
[2024-07-04T00:59:18.836+0000] {logging_mixin.py:188} INFO - [2024-07-04T00:59:18.835+0000] {dag.py:3096} INFO - Sync 1 DAGs
[2024-07-04T00:59:18.901+0000] {logging_mixin.py:188} INFO - [2024-07-04T00:59:18.901+0000] {dag.py:3954} INFO - Setting next_dagrun for example_bash_operator to 2024-07-03 00:00:00+00:00, run_after=2024-07-04 00:00:00+00:00
[2024-07-04T00:59:18.976+0000] {processor.py:183} INFO - Processing /home/airflow/.local/lib/python3.12/site-packages/airflow/example_dags/example_bash_operator.py took 0.277 seconds
[2024-07-04T01:03:26.367+0000] {processor.py:161} INFO - Started process (PID=704) to work on /home/airflow/.local/lib/python3.12/site-packages/airflow/example_dags/example_bash_operator.py
[2024-07-04T01:03:26.370+0000] {processor.py:830} INFO - Processing file /home/airflow/.local/lib/python3.12/site-packages/airflow/example_dags/example_bash_operator.py for tasks to queue
[2024-07-04T01:03:26.373+0000] {logging_mixin.py:188} INFO - [2024-07-04T01:03:26.372+0000] {dagbag.py:545} INFO - Filling up the DagBag from /home/airflow/.local/lib/python3.12/site-packages/airflow/example_dags/example_bash_operator.py
[2024-07-04T01:03:26.478+0000] {processor.py:840} INFO - DAG(s) 'example_bash_operator' retrieved from /home/airflow/.local/lib/python3.12/site-packages/airflow/example_dags/example_bash_operator.py
[2024-07-04T01:03:26.700+0000] {logging_mixin.py:188} INFO - [2024-07-04T01:03:26.698+0000] {dag.py:3096} INFO - Sync 1 DAGs
[2024-07-04T01:03:26.812+0000] {logging_mixin.py:188} INFO - [2024-07-04T01:03:26.811+0000] {dag.py:3954} INFO - Setting next_dagrun for example_bash_operator to 2024-07-03 00:00:00+00:00, run_after=2024-07-04 00:00:00+00:00
[2024-07-04T01:03:26.887+0000] {processor.py:183} INFO - Processing /home/airflow/.local/lib/python3.12/site-packages/airflow/example_dags/example_bash_operator.py took 0.540 seconds
