[2024-07-04T00:00:33.808+0000] {processor.py:161} INFO - Started process (PID=5008) to work on /home/airflow/.local/lib/python3.12/site-packages/airflow/example_dags/tutorial.py
[2024-07-04T00:00:33.810+0000] {processor.py:830} INFO - Processing file /home/airflow/.local/lib/python3.12/site-packages/airflow/example_dags/tutorial.py for tasks to queue
[2024-07-04T00:00:33.813+0000] {logging_mixin.py:188} INFO - [2024-07-04T00:00:33.811+0000] {dagbag.py:545} INFO - Filling up the DagBag from /home/airflow/.local/lib/python3.12/site-packages/airflow/example_dags/tutorial.py
[2024-07-04T00:00:34.031+0000] {processor.py:840} INFO - DAG(s) 'tutorial' retrieved from /home/airflow/.local/lib/python3.12/site-packages/airflow/example_dags/tutorial.py
[2024-07-04T00:00:35.151+0000] {logging_mixin.py:188} INFO - [2024-07-04T00:00:35.147+0000] {dag.py:3096} INFO - Sync 1 DAGs
[2024-07-04T00:00:35.241+0000] {logging_mixin.py:188} INFO - [2024-07-04T00:00:35.240+0000] {dag.py:3954} INFO - Setting next_dagrun for tutorial to 2024-07-03 00:00:00+00:00, run_after=2024-07-04 00:00:00+00:00
[2024-07-04T00:00:35.474+0000] {processor.py:183} INFO - Processing /home/airflow/.local/lib/python3.12/site-packages/airflow/example_dags/tutorial.py took 1.731 seconds
[2024-07-04T00:04:15.576+0000] {processor.py:161} INFO - Started process (PID=5092) to work on /home/airflow/.local/lib/python3.12/site-packages/airflow/example_dags/tutorial.py
[2024-07-04T00:04:15.585+0000] {processor.py:830} INFO - Processing file /home/airflow/.local/lib/python3.12/site-packages/airflow/example_dags/tutorial.py for tasks to queue
[2024-07-04T00:04:15.588+0000] {logging_mixin.py:188} INFO - [2024-07-04T00:04:15.586+0000] {dagbag.py:545} INFO - Filling up the DagBag from /home/airflow/.local/lib/python3.12/site-packages/airflow/example_dags/tutorial.py
[2024-07-04T00:04:15.626+0000] {processor.py:840} INFO - DAG(s) 'tutorial' retrieved from /home/airflow/.local/lib/python3.12/site-packages/airflow/example_dags/tutorial.py
[2024-07-04T00:04:15.724+0000] {logging_mixin.py:188} INFO - [2024-07-04T00:04:15.723+0000] {dag.py:3096} INFO - Sync 1 DAGs
[2024-07-04T00:04:15.803+0000] {logging_mixin.py:188} INFO - [2024-07-04T00:04:15.802+0000] {dag.py:3954} INFO - Setting next_dagrun for tutorial to 2024-07-03 00:00:00+00:00, run_after=2024-07-04 00:00:00+00:00
[2024-07-04T00:04:15.867+0000] {processor.py:183} INFO - Processing /home/airflow/.local/lib/python3.12/site-packages/airflow/example_dags/tutorial.py took 0.316 seconds
[2024-07-04T00:14:44.495+0000] {processor.py:161} INFO - Started process (PID=89) to work on /home/airflow/.local/lib/python3.12/site-packages/airflow/example_dags/tutorial.py
[2024-07-04T00:14:44.541+0000] {processor.py:830} INFO - Processing file /home/airflow/.local/lib/python3.12/site-packages/airflow/example_dags/tutorial.py for tasks to queue
[2024-07-04T00:14:44.638+0000] {logging_mixin.py:188} INFO - [2024-07-04T00:14:44.628+0000] {dagbag.py:545} INFO - Filling up the DagBag from /home/airflow/.local/lib/python3.12/site-packages/airflow/example_dags/tutorial.py
[2024-07-04T00:14:45.001+0000] {processor.py:840} INFO - DAG(s) 'tutorial' retrieved from /home/airflow/.local/lib/python3.12/site-packages/airflow/example_dags/tutorial.py
[2024-07-04T00:14:46.267+0000] {logging_mixin.py:188} INFO - [2024-07-04T00:14:46.264+0000] {dag.py:3096} INFO - Sync 1 DAGs
[2024-07-04T00:14:46.671+0000] {logging_mixin.py:188} INFO - [2024-07-04T00:14:46.670+0000] {dag.py:3954} INFO - Setting next_dagrun for tutorial to 2024-07-03 00:00:00+00:00, run_after=2024-07-04 00:00:00+00:00
[2024-07-04T00:14:47.064+0000] {processor.py:183} INFO - Processing /home/airflow/.local/lib/python3.12/site-packages/airflow/example_dags/tutorial.py took 2.931 seconds
[2024-07-04T00:15:20.835+0000] {processor.py:161} INFO - Started process (PID=149) to work on /home/airflow/.local/lib/python3.12/site-packages/airflow/example_dags/tutorial.py
[2024-07-04T00:15:20.852+0000] {processor.py:830} INFO - Processing file /home/airflow/.local/lib/python3.12/site-packages/airflow/example_dags/tutorial.py for tasks to queue
[2024-07-04T00:15:20.883+0000] {logging_mixin.py:188} INFO - [2024-07-04T00:15:20.868+0000] {dagbag.py:545} INFO - Filling up the DagBag from /home/airflow/.local/lib/python3.12/site-packages/airflow/example_dags/tutorial.py
[2024-07-04T00:15:20.967+0000] {processor.py:840} INFO - DAG(s) 'tutorial' retrieved from /home/airflow/.local/lib/python3.12/site-packages/airflow/example_dags/tutorial.py
[2024-07-04T00:15:21.130+0000] {logging_mixin.py:188} INFO - [2024-07-04T00:15:21.129+0000] {dag.py:3096} INFO - Sync 1 DAGs
[2024-07-04T00:15:21.276+0000] {logging_mixin.py:188} INFO - [2024-07-04T00:15:21.275+0000] {dag.py:3954} INFO - Setting next_dagrun for tutorial to 2024-07-03 00:00:00+00:00, run_after=2024-07-04 00:00:00+00:00
[2024-07-04T00:15:21.402+0000] {processor.py:183} INFO - Processing /home/airflow/.local/lib/python3.12/site-packages/airflow/example_dags/tutorial.py took 0.617 seconds
[2024-07-04T00:15:53.982+0000] {processor.py:161} INFO - Started process (PID=209) to work on /home/airflow/.local/lib/python3.12/site-packages/airflow/example_dags/tutorial.py
[2024-07-04T00:15:53.985+0000] {processor.py:830} INFO - Processing file /home/airflow/.local/lib/python3.12/site-packages/airflow/example_dags/tutorial.py for tasks to queue
[2024-07-04T00:15:53.990+0000] {logging_mixin.py:188} INFO - [2024-07-04T00:15:53.989+0000] {dagbag.py:545} INFO - Filling up the DagBag from /home/airflow/.local/lib/python3.12/site-packages/airflow/example_dags/tutorial.py
[2024-07-04T00:15:54.007+0000] {processor.py:840} INFO - DAG(s) 'tutorial' retrieved from /home/airflow/.local/lib/python3.12/site-packages/airflow/example_dags/tutorial.py
[2024-07-04T00:15:54.073+0000] {logging_mixin.py:188} INFO - [2024-07-04T00:15:54.072+0000] {dag.py:3096} INFO - Sync 1 DAGs
[2024-07-04T00:15:54.122+0000] {logging_mixin.py:188} INFO - [2024-07-04T00:15:54.122+0000] {dag.py:3954} INFO - Setting next_dagrun for tutorial to 2024-07-03 00:00:00+00:00, run_after=2024-07-04 00:00:00+00:00
[2024-07-04T00:15:54.330+0000] {processor.py:183} INFO - Processing /home/airflow/.local/lib/python3.12/site-packages/airflow/example_dags/tutorial.py took 0.362 seconds
[2024-07-04T00:16:58.270+0000] {processor.py:161} INFO - Started process (PID=275) to work on /home/airflow/.local/lib/python3.12/site-packages/airflow/example_dags/tutorial.py
[2024-07-04T00:16:58.273+0000] {processor.py:830} INFO - Processing file /home/airflow/.local/lib/python3.12/site-packages/airflow/example_dags/tutorial.py for tasks to queue
[2024-07-04T00:16:58.279+0000] {logging_mixin.py:188} INFO - [2024-07-04T00:16:58.278+0000] {dagbag.py:545} INFO - Filling up the DagBag from /home/airflow/.local/lib/python3.12/site-packages/airflow/example_dags/tutorial.py
[2024-07-04T00:16:58.297+0000] {processor.py:840} INFO - DAG(s) 'tutorial' retrieved from /home/airflow/.local/lib/python3.12/site-packages/airflow/example_dags/tutorial.py
[2024-07-04T00:16:58.382+0000] {logging_mixin.py:188} INFO - [2024-07-04T00:16:58.381+0000] {dag.py:3096} INFO - Sync 1 DAGs
[2024-07-04T00:16:58.505+0000] {logging_mixin.py:188} INFO - [2024-07-04T00:16:58.503+0000] {dag.py:3954} INFO - Setting next_dagrun for tutorial to 2024-07-03 00:00:00+00:00, run_after=2024-07-04 00:00:00+00:00
[2024-07-04T00:16:58.637+0000] {processor.py:183} INFO - Processing /home/airflow/.local/lib/python3.12/site-packages/airflow/example_dags/tutorial.py took 0.385 seconds
[2024-07-04T00:17:30.762+0000] {processor.py:161} INFO - Started process (PID=334) to work on /home/airflow/.local/lib/python3.12/site-packages/airflow/example_dags/tutorial.py
[2024-07-04T00:17:30.774+0000] {processor.py:830} INFO - Processing file /home/airflow/.local/lib/python3.12/site-packages/airflow/example_dags/tutorial.py for tasks to queue
[2024-07-04T00:17:30.802+0000] {logging_mixin.py:188} INFO - [2024-07-04T00:17:30.799+0000] {dagbag.py:545} INFO - Filling up the DagBag from /home/airflow/.local/lib/python3.12/site-packages/airflow/example_dags/tutorial.py
[2024-07-04T00:17:30.892+0000] {processor.py:840} INFO - DAG(s) 'tutorial' retrieved from /home/airflow/.local/lib/python3.12/site-packages/airflow/example_dags/tutorial.py
[2024-07-04T00:17:31.310+0000] {logging_mixin.py:188} INFO - [2024-07-04T00:17:31.309+0000] {dag.py:3096} INFO - Sync 1 DAGs
[2024-07-04T00:17:34.393+0000] {logging_mixin.py:188} INFO - [2024-07-04T00:17:34.392+0000] {dag.py:3954} INFO - Setting next_dagrun for tutorial to 2024-07-03 00:00:00+00:00, run_after=2024-07-04 00:00:00+00:00
[2024-07-04T00:17:34.622+0000] {processor.py:183} INFO - Processing /home/airflow/.local/lib/python3.12/site-packages/airflow/example_dags/tutorial.py took 3.930 seconds
[2024-07-04T00:18:04.896+0000] {processor.py:161} INFO - Started process (PID=392) to work on /home/airflow/.local/lib/python3.12/site-packages/airflow/example_dags/tutorial.py
[2024-07-04T00:18:04.899+0000] {processor.py:830} INFO - Processing file /home/airflow/.local/lib/python3.12/site-packages/airflow/example_dags/tutorial.py for tasks to queue
[2024-07-04T00:18:04.905+0000] {logging_mixin.py:188} INFO - [2024-07-04T00:18:04.904+0000] {dagbag.py:545} INFO - Filling up the DagBag from /home/airflow/.local/lib/python3.12/site-packages/airflow/example_dags/tutorial.py
[2024-07-04T00:18:04.927+0000] {processor.py:840} INFO - DAG(s) 'tutorial' retrieved from /home/airflow/.local/lib/python3.12/site-packages/airflow/example_dags/tutorial.py
[2024-07-04T00:18:04.988+0000] {logging_mixin.py:188} INFO - [2024-07-04T00:18:04.988+0000] {dag.py:3096} INFO - Sync 1 DAGs
[2024-07-04T00:18:05.039+0000] {logging_mixin.py:188} INFO - [2024-07-04T00:18:05.039+0000] {dag.py:3954} INFO - Setting next_dagrun for tutorial to 2024-07-03 00:00:00+00:00, run_after=2024-07-04 00:00:00+00:00
[2024-07-04T00:18:05.106+0000] {processor.py:183} INFO - Processing /home/airflow/.local/lib/python3.12/site-packages/airflow/example_dags/tutorial.py took 0.229 seconds
[2024-07-04T00:18:42.920+0000] {processor.py:161} INFO - Started process (PID=448) to work on /home/airflow/.local/lib/python3.12/site-packages/airflow/example_dags/tutorial.py
[2024-07-04T00:18:43.002+0000] {processor.py:830} INFO - Processing file /home/airflow/.local/lib/python3.12/site-packages/airflow/example_dags/tutorial.py for tasks to queue
[2024-07-04T00:18:43.021+0000] {logging_mixin.py:188} INFO - [2024-07-04T00:18:43.018+0000] {dagbag.py:545} INFO - Filling up the DagBag from /home/airflow/.local/lib/python3.12/site-packages/airflow/example_dags/tutorial.py
[2024-07-04T00:18:43.091+0000] {processor.py:840} INFO - DAG(s) 'tutorial' retrieved from /home/airflow/.local/lib/python3.12/site-packages/airflow/example_dags/tutorial.py
[2024-07-04T00:18:43.322+0000] {logging_mixin.py:188} INFO - [2024-07-04T00:18:43.320+0000] {dag.py:3096} INFO - Sync 1 DAGs
[2024-07-04T00:18:43.636+0000] {logging_mixin.py:188} INFO - [2024-07-04T00:18:43.633+0000] {dag.py:3954} INFO - Setting next_dagrun for tutorial to 2024-07-03 00:00:00+00:00, run_after=2024-07-04 00:00:00+00:00
[2024-07-04T00:18:44.085+0000] {processor.py:183} INFO - Processing /home/airflow/.local/lib/python3.12/site-packages/airflow/example_dags/tutorial.py took 1.184 seconds
[2024-07-04T00:54:20.242+0000] {processor.py:161} INFO - Started process (PID=83) to work on /home/airflow/.local/lib/python3.12/site-packages/airflow/example_dags/tutorial.py
[2024-07-04T00:54:20.249+0000] {processor.py:830} INFO - Processing file /home/airflow/.local/lib/python3.12/site-packages/airflow/example_dags/tutorial.py for tasks to queue
[2024-07-04T00:54:20.254+0000] {logging_mixin.py:188} INFO - [2024-07-04T00:54:20.253+0000] {dagbag.py:545} INFO - Filling up the DagBag from /home/airflow/.local/lib/python3.12/site-packages/airflow/example_dags/tutorial.py
[2024-07-04T00:54:20.288+0000] {processor.py:840} INFO - DAG(s) 'tutorial' retrieved from /home/airflow/.local/lib/python3.12/site-packages/airflow/example_dags/tutorial.py
[2024-07-04T00:54:21.229+0000] {logging_mixin.py:188} INFO - [2024-07-04T00:54:21.215+0000] {dag.py:3096} INFO - Sync 1 DAGs
[2024-07-04T00:54:21.641+0000] {logging_mixin.py:188} INFO - [2024-07-04T00:54:21.640+0000] {dag.py:3954} INFO - Setting next_dagrun for tutorial to 2024-07-03 00:00:00+00:00, run_after=2024-07-04 00:00:00+00:00
[2024-07-04T00:54:21.841+0000] {processor.py:183} INFO - Processing /home/airflow/.local/lib/python3.12/site-packages/airflow/example_dags/tutorial.py took 1.621 seconds
[2024-07-04T00:55:03.701+0000] {processor.py:161} INFO - Started process (PID=143) to work on /home/airflow/.local/lib/python3.12/site-packages/airflow/example_dags/tutorial.py
[2024-07-04T00:55:03.704+0000] {processor.py:830} INFO - Processing file /home/airflow/.local/lib/python3.12/site-packages/airflow/example_dags/tutorial.py for tasks to queue
[2024-07-04T00:55:03.708+0000] {logging_mixin.py:188} INFO - [2024-07-04T00:55:03.707+0000] {dagbag.py:545} INFO - Filling up the DagBag from /home/airflow/.local/lib/python3.12/site-packages/airflow/example_dags/tutorial.py
[2024-07-04T00:55:03.723+0000] {processor.py:840} INFO - DAG(s) 'tutorial' retrieved from /home/airflow/.local/lib/python3.12/site-packages/airflow/example_dags/tutorial.py
[2024-07-04T00:55:03.865+0000] {logging_mixin.py:188} INFO - [2024-07-04T00:55:03.864+0000] {dag.py:3096} INFO - Sync 1 DAGs
[2024-07-04T00:55:03.929+0000] {logging_mixin.py:188} INFO - [2024-07-04T00:55:03.929+0000] {dag.py:3954} INFO - Setting next_dagrun for tutorial to 2024-07-03 00:00:00+00:00, run_after=2024-07-04 00:00:00+00:00
[2024-07-04T00:55:04.115+0000] {processor.py:183} INFO - Processing /home/airflow/.local/lib/python3.12/site-packages/airflow/example_dags/tutorial.py took 0.429 seconds
[2024-07-04T00:55:35.047+0000] {processor.py:161} INFO - Started process (PID=203) to work on /home/airflow/.local/lib/python3.12/site-packages/airflow/example_dags/tutorial.py
[2024-07-04T00:55:35.053+0000] {processor.py:830} INFO - Processing file /home/airflow/.local/lib/python3.12/site-packages/airflow/example_dags/tutorial.py for tasks to queue
[2024-07-04T00:55:35.076+0000] {logging_mixin.py:188} INFO - [2024-07-04T00:55:35.071+0000] {dagbag.py:545} INFO - Filling up the DagBag from /home/airflow/.local/lib/python3.12/site-packages/airflow/example_dags/tutorial.py
[2024-07-04T00:55:35.111+0000] {processor.py:840} INFO - DAG(s) 'tutorial' retrieved from /home/airflow/.local/lib/python3.12/site-packages/airflow/example_dags/tutorial.py
[2024-07-04T00:55:35.176+0000] {logging_mixin.py:188} INFO - [2024-07-04T00:55:35.175+0000] {dag.py:3096} INFO - Sync 1 DAGs
[2024-07-04T00:55:35.232+0000] {logging_mixin.py:188} INFO - [2024-07-04T00:55:35.232+0000] {dag.py:3954} INFO - Setting next_dagrun for tutorial to 2024-07-03 00:00:00+00:00, run_after=2024-07-04 00:00:00+00:00
[2024-07-04T00:55:35.275+0000] {processor.py:183} INFO - Processing /home/airflow/.local/lib/python3.12/site-packages/airflow/example_dags/tutorial.py took 0.272 seconds
[2024-07-04T00:56:06.049+0000] {processor.py:161} INFO - Started process (PID=263) to work on /home/airflow/.local/lib/python3.12/site-packages/airflow/example_dags/tutorial.py
[2024-07-04T00:56:06.052+0000] {processor.py:830} INFO - Processing file /home/airflow/.local/lib/python3.12/site-packages/airflow/example_dags/tutorial.py for tasks to queue
[2024-07-04T00:56:06.057+0000] {logging_mixin.py:188} INFO - [2024-07-04T00:56:06.056+0000] {dagbag.py:545} INFO - Filling up the DagBag from /home/airflow/.local/lib/python3.12/site-packages/airflow/example_dags/tutorial.py
[2024-07-04T00:56:06.072+0000] {processor.py:840} INFO - DAG(s) 'tutorial' retrieved from /home/airflow/.local/lib/python3.12/site-packages/airflow/example_dags/tutorial.py
[2024-07-04T00:56:06.118+0000] {logging_mixin.py:188} INFO - [2024-07-04T00:56:06.117+0000] {dag.py:3096} INFO - Sync 1 DAGs
[2024-07-04T00:56:06.179+0000] {logging_mixin.py:188} INFO - [2024-07-04T00:56:06.178+0000] {dag.py:3954} INFO - Setting next_dagrun for tutorial to 2024-07-03 00:00:00+00:00, run_after=2024-07-04 00:00:00+00:00
[2024-07-04T00:56:06.254+0000] {processor.py:183} INFO - Processing /home/airflow/.local/lib/python3.12/site-packages/airflow/example_dags/tutorial.py took 0.217 seconds
[2024-07-04T00:56:43.846+0000] {processor.py:161} INFO - Started process (PID=321) to work on /home/airflow/.local/lib/python3.12/site-packages/airflow/example_dags/tutorial.py
[2024-07-04T00:56:43.848+0000] {processor.py:830} INFO - Processing file /home/airflow/.local/lib/python3.12/site-packages/airflow/example_dags/tutorial.py for tasks to queue
[2024-07-04T00:56:43.852+0000] {logging_mixin.py:188} INFO - [2024-07-04T00:56:43.851+0000] {dagbag.py:545} INFO - Filling up the DagBag from /home/airflow/.local/lib/python3.12/site-packages/airflow/example_dags/tutorial.py
[2024-07-04T00:56:43.864+0000] {processor.py:840} INFO - DAG(s) 'tutorial' retrieved from /home/airflow/.local/lib/python3.12/site-packages/airflow/example_dags/tutorial.py
[2024-07-04T00:56:43.911+0000] {logging_mixin.py:188} INFO - [2024-07-04T00:56:43.911+0000] {dag.py:3096} INFO - Sync 1 DAGs
[2024-07-04T00:56:43.968+0000] {logging_mixin.py:188} INFO - [2024-07-04T00:56:43.968+0000] {dag.py:3954} INFO - Setting next_dagrun for tutorial to 2024-07-03 00:00:00+00:00, run_after=2024-07-04 00:00:00+00:00
[2024-07-04T00:56:44.043+0000] {processor.py:183} INFO - Processing /home/airflow/.local/lib/python3.12/site-packages/airflow/example_dags/tutorial.py took 0.207 seconds
[2024-07-04T00:57:26.908+0000] {processor.py:161} INFO - Started process (PID=381) to work on /home/airflow/.local/lib/python3.12/site-packages/airflow/example_dags/tutorial.py
[2024-07-04T00:57:27.184+0000] {processor.py:830} INFO - Processing file /home/airflow/.local/lib/python3.12/site-packages/airflow/example_dags/tutorial.py for tasks to queue
[2024-07-04T00:57:27.188+0000] {logging_mixin.py:188} INFO - [2024-07-04T00:57:27.187+0000] {dagbag.py:545} INFO - Filling up the DagBag from /home/airflow/.local/lib/python3.12/site-packages/airflow/example_dags/tutorial.py
[2024-07-04T00:57:27.196+0000] {processor.py:840} INFO - DAG(s) 'tutorial' retrieved from /home/airflow/.local/lib/python3.12/site-packages/airflow/example_dags/tutorial.py
[2024-07-04T00:57:27.532+0000] {logging_mixin.py:188} INFO - [2024-07-04T00:57:27.531+0000] {dag.py:3096} INFO - Sync 1 DAGs
[2024-07-04T00:57:27.899+0000] {logging_mixin.py:188} INFO - [2024-07-04T00:57:27.899+0000] {dag.py:3954} INFO - Setting next_dagrun for tutorial to 2024-07-03 00:00:00+00:00, run_after=2024-07-04 00:00:00+00:00
[2024-07-04T00:57:32.952+0000] {processor.py:183} INFO - Processing /home/airflow/.local/lib/python3.12/site-packages/airflow/example_dags/tutorial.py took 6.052 seconds
[2024-07-04T00:58:09.415+0000] {processor.py:161} INFO - Started process (PID=449) to work on /home/airflow/.local/lib/python3.12/site-packages/airflow/example_dags/tutorial.py
[2024-07-04T00:58:09.417+0000] {processor.py:830} INFO - Processing file /home/airflow/.local/lib/python3.12/site-packages/airflow/example_dags/tutorial.py for tasks to queue
[2024-07-04T00:58:09.423+0000] {logging_mixin.py:188} INFO - [2024-07-04T00:58:09.422+0000] {dagbag.py:545} INFO - Filling up the DagBag from /home/airflow/.local/lib/python3.12/site-packages/airflow/example_dags/tutorial.py
[2024-07-04T00:58:09.453+0000] {processor.py:840} INFO - DAG(s) 'tutorial' retrieved from /home/airflow/.local/lib/python3.12/site-packages/airflow/example_dags/tutorial.py
[2024-07-04T00:58:09.591+0000] {logging_mixin.py:188} INFO - [2024-07-04T00:58:09.590+0000] {dag.py:3096} INFO - Sync 1 DAGs
[2024-07-04T00:58:09.687+0000] {logging_mixin.py:188} INFO - [2024-07-04T00:58:09.687+0000] {dag.py:3954} INFO - Setting next_dagrun for tutorial to 2024-07-03 00:00:00+00:00, run_after=2024-07-04 00:00:00+00:00
[2024-07-04T00:58:09.737+0000] {processor.py:183} INFO - Processing /home/airflow/.local/lib/python3.12/site-packages/airflow/example_dags/tutorial.py took 0.339 seconds
[2024-07-04T00:59:08.203+0000] {processor.py:161} INFO - Started process (PID=518) to work on /home/airflow/.local/lib/python3.12/site-packages/airflow/example_dags/tutorial.py
[2024-07-04T00:59:08.208+0000] {processor.py:830} INFO - Processing file /home/airflow/.local/lib/python3.12/site-packages/airflow/example_dags/tutorial.py for tasks to queue
[2024-07-04T00:59:08.217+0000] {logging_mixin.py:188} INFO - [2024-07-04T00:59:08.216+0000] {dagbag.py:545} INFO - Filling up the DagBag from /home/airflow/.local/lib/python3.12/site-packages/airflow/example_dags/tutorial.py
[2024-07-04T00:59:08.245+0000] {processor.py:840} INFO - DAG(s) 'tutorial' retrieved from /home/airflow/.local/lib/python3.12/site-packages/airflow/example_dags/tutorial.py
[2024-07-04T00:59:08.355+0000] {logging_mixin.py:188} INFO - [2024-07-04T00:59:08.353+0000] {dag.py:3096} INFO - Sync 1 DAGs
[2024-07-04T00:59:08.447+0000] {logging_mixin.py:188} INFO - [2024-07-04T00:59:08.446+0000] {dag.py:3954} INFO - Setting next_dagrun for tutorial to 2024-07-03 00:00:00+00:00, run_after=2024-07-04 00:00:00+00:00
[2024-07-04T00:59:08.558+0000] {processor.py:183} INFO - Processing /home/airflow/.local/lib/python3.12/site-packages/airflow/example_dags/tutorial.py took 0.383 seconds
[2024-07-04T00:59:44.889+0000] {processor.py:161} INFO - Started process (PID=578) to work on /home/airflow/.local/lib/python3.12/site-packages/airflow/example_dags/tutorial.py
[2024-07-04T00:59:44.922+0000] {processor.py:830} INFO - Processing file /home/airflow/.local/lib/python3.12/site-packages/airflow/example_dags/tutorial.py for tasks to queue
[2024-07-04T00:59:44.943+0000] {logging_mixin.py:188} INFO - [2024-07-04T00:59:44.941+0000] {dagbag.py:545} INFO - Filling up the DagBag from /home/airflow/.local/lib/python3.12/site-packages/airflow/example_dags/tutorial.py
[2024-07-04T00:59:45.040+0000] {processor.py:840} INFO - DAG(s) 'tutorial' retrieved from /home/airflow/.local/lib/python3.12/site-packages/airflow/example_dags/tutorial.py
[2024-07-04T00:59:45.247+0000] {logging_mixin.py:188} INFO - [2024-07-04T00:59:45.246+0000] {dag.py:3096} INFO - Sync 1 DAGs
[2024-07-04T00:59:45.556+0000] {logging_mixin.py:188} INFO - [2024-07-04T00:59:45.555+0000] {dag.py:3954} INFO - Setting next_dagrun for tutorial to 2024-07-03 00:00:00+00:00, run_after=2024-07-04 00:00:00+00:00
[2024-07-04T00:59:46.027+0000] {processor.py:183} INFO - Processing /home/airflow/.local/lib/python3.12/site-packages/airflow/example_dags/tutorial.py took 1.182 seconds
[2024-07-04T01:04:00.083+0000] {processor.py:161} INFO - Started process (PID=720) to work on /home/airflow/.local/lib/python3.12/site-packages/airflow/example_dags/tutorial.py
[2024-07-04T01:04:00.087+0000] {processor.py:830} INFO - Processing file /home/airflow/.local/lib/python3.12/site-packages/airflow/example_dags/tutorial.py for tasks to queue
[2024-07-04T01:04:00.090+0000] {logging_mixin.py:188} INFO - [2024-07-04T01:04:00.089+0000] {dagbag.py:545} INFO - Filling up the DagBag from /home/airflow/.local/lib/python3.12/site-packages/airflow/example_dags/tutorial.py
[2024-07-04T01:04:00.111+0000] {processor.py:840} INFO - DAG(s) 'tutorial' retrieved from /home/airflow/.local/lib/python3.12/site-packages/airflow/example_dags/tutorial.py
[2024-07-04T01:04:17.876+0000] {logging_mixin.py:188} INFO - [2024-07-04T01:04:17.875+0000] {dag.py:3096} INFO - Sync 1 DAGs
[2024-07-04T01:04:18.054+0000] {logging_mixin.py:188} INFO - [2024-07-04T01:04:18.054+0000] {dag.py:3954} INFO - Setting next_dagrun for tutorial to 2024-07-03 00:00:00+00:00, run_after=2024-07-04 00:00:00+00:00
[2024-07-04T01:04:18.129+0000] {processor.py:183} INFO - Processing /home/airflow/.local/lib/python3.12/site-packages/airflow/example_dags/tutorial.py took 18.069 seconds
