[2024-07-03T23:24:30.199+0000] {local_task_job_runner.py:120} INFO - ::group::Pre task execution logs
[2024-07-03T23:24:30.286+0000] {taskinstance.py:2076} INFO - Dependencies all met for dep_context=non-requeueable deps ti=<TaskInstance: exchange_rate_dag.run_script scheduled__2024-03-26T00:00:00+00:00 [queued]>
[2024-07-03T23:24:30.317+0000] {taskinstance.py:2076} INFO - Dependencies all met for dep_context=requeueable deps ti=<TaskInstance: exchange_rate_dag.run_script scheduled__2024-03-26T00:00:00+00:00 [queued]>
[2024-07-03T23:24:30.319+0000] {taskinstance.py:2306} INFO - Starting attempt 2 of 2
[2024-07-03T23:24:30.374+0000] {taskinstance.py:2330} INFO - Executing <Task(PythonOperator): run_script> on 2024-03-26 00:00:00+00:00
[2024-07-03T23:24:30.401+0000] {warnings.py:112} WARNING - /home/***/.local/lib/python3.12/site-packages/***/task/task_runner/standard_task_runner.py:61: DeprecationWarning: This process (pid=746) is multi-threaded, use of fork() may lead to deadlocks in the child.
  pid = os.fork()

[2024-07-03T23:24:30.406+0000] {standard_task_runner.py:63} INFO - Started process 749 to run task
[2024-07-03T23:24:30.407+0000] {standard_task_runner.py:90} INFO - Running: ['***', 'tasks', 'run', 'exchange_rate_dag', 'run_script', 'scheduled__2024-03-26T00:00:00+00:00', '--job-id', '95', '--raw', '--subdir', 'DAGS_FOLDER/my_dag.py', '--cfg-path', '/tmp/tmp8o2o5n1y']
[2024-07-03T23:24:30.420+0000] {standard_task_runner.py:91} INFO - Job 95: Subtask run_script
[2024-07-03T23:24:30.603+0000] {task_command.py:426} INFO - Running <TaskInstance: exchange_rate_dag.run_script scheduled__2024-03-26T00:00:00+00:00 [running]> on host 0b7358cba041
[2024-07-03T23:24:30.919+0000] {taskinstance.py:2648} INFO - Exporting env vars: AIRFLOW_CTX_DAG_OWNER='juan_ml' AIRFLOW_CTX_DAG_ID='exchange_rate_dag' AIRFLOW_CTX_TASK_ID='run_script' AIRFLOW_CTX_EXECUTION_DATE='2024-03-26T00:00:00+00:00' AIRFLOW_CTX_TRY_NUMBER='2' AIRFLOW_CTX_DAG_RUN_ID='scheduled__2024-03-26T00:00:00+00:00'
[2024-07-03T23:24:30.938+0000] {taskinstance.py:430} INFO - ::endgroup::
[2024-07-03T23:24:30.957+0000] {logging_mixin.py:188} INFO - All credentials are set properly.
[2024-07-03T23:24:30.968+0000] {logging_mixin.py:188} INFO - Error al crear la tabla en Redshift: invalid literal for int() with base 10: 'None'
[2024-07-03T23:24:31.748+0000] {logging_mixin.py:188} INFO - Error al realizar la solicitud a la API: 401 Client Error: Unauthorized for url: https://api.apilayer.com/exchangerates_data/latest?symbols=EUR,USD,CNY&base=ARS
[2024-07-03T23:24:31.754+0000] {python.py:237} INFO - Done. Returned value was: None
[2024-07-03T23:24:31.757+0000] {taskinstance.py:441} INFO - ::group::Post task execution logs
[2024-07-03T23:24:31.784+0000] {taskinstance.py:1206} INFO - Marking task as SUCCESS. dag_id=exchange_rate_dag, task_id=run_script, run_id=scheduled__2024-03-26T00:00:00+00:00, execution_date=20240326T000000, start_date=20240703T232430, end_date=20240703T232431
[2024-07-03T23:24:31.884+0000] {local_task_job_runner.py:240} INFO - Task exited with return code 0
[2024-07-03T23:24:31.942+0000] {taskinstance.py:3503} INFO - 0 downstream tasks scheduled from follow-on schedule check
[2024-07-03T23:24:31.948+0000] {local_task_job_runner.py:222} INFO - ::endgroup::
[2024-07-05T01:36:38.450+0000] {local_task_job_runner.py:120} INFO - ::group::Pre task execution logs
[2024-07-05T01:36:38.575+0000] {taskinstance.py:2076} INFO - Dependencies all met for dep_context=non-requeueable deps ti=<TaskInstance: exchange_rate_dag.run_script scheduled__2024-03-26T00:00:00+00:00 [queued]>
[2024-07-05T01:36:38.628+0000] {taskinstance.py:2076} INFO - Dependencies all met for dep_context=requeueable deps ti=<TaskInstance: exchange_rate_dag.run_script scheduled__2024-03-26T00:00:00+00:00 [queued]>
[2024-07-05T01:36:38.629+0000] {taskinstance.py:2306} INFO - Starting attempt 2 of 2
[2024-07-05T01:36:38.692+0000] {taskinstance.py:2330} INFO - Executing <Task(PythonOperator): run_script> on 2024-03-26 00:00:00+00:00
[2024-07-05T01:36:38.715+0000] {warnings.py:112} WARNING - /home/***/.local/lib/python3.12/site-packages/***/task/task_runner/standard_task_runner.py:61: DeprecationWarning: This process (pid=199) is multi-threaded, use of fork() may lead to deadlocks in the child.
  pid = os.fork()

[2024-07-05T01:36:38.724+0000] {standard_task_runner.py:90} INFO - Running: ['***', 'tasks', 'run', 'exchange_rate_dag', 'run_script', 'scheduled__2024-03-26T00:00:00+00:00', '--job-id', '61', '--raw', '--subdir', 'DAGS_FOLDER/my_dag.py', '--cfg-path', '/tmp/tmpdq0q34w9']
[2024-07-05T01:36:38.729+0000] {standard_task_runner.py:63} INFO - Started process 211 to run task
[2024-07-05T01:36:38.730+0000] {standard_task_runner.py:91} INFO - Job 61: Subtask run_script
[2024-07-05T01:36:38.985+0000] {task_command.py:426} INFO - Running <TaskInstance: exchange_rate_dag.run_script scheduled__2024-03-26T00:00:00+00:00 [running]> on host e26a552f405a
[2024-07-05T01:36:39.558+0000] {taskinstance.py:2648} INFO - Exporting env vars: AIRFLOW_CTX_DAG_OWNER='juan_ml' AIRFLOW_CTX_DAG_ID='exchange_rate_dag' AIRFLOW_CTX_TASK_ID='run_script' AIRFLOW_CTX_EXECUTION_DATE='2024-03-26T00:00:00+00:00' AIRFLOW_CTX_TRY_NUMBER='2' AIRFLOW_CTX_DAG_RUN_ID='scheduled__2024-03-26T00:00:00+00:00'
[2024-07-05T01:36:39.591+0000] {taskinstance.py:430} INFO - ::endgroup::
[2024-07-05T01:36:39.598+0000] {logging_mixin.py:188} INFO - All credentials are set properly.
[2024-07-05T01:36:39.615+0000] {logging_mixin.py:188} INFO - Error al crear la tabla en Redshift: invalid literal for int() with base 10: 'None'
[2024-07-05T01:36:41.086+0000] {logging_mixin.py:188} INFO - Error al realizar la solicitud a la API: 401 Client Error: Unauthorized for url: https://api.apilayer.com/exchangerates_data/latest?symbols=EUR,USD,CNY&base=ARS
[2024-07-05T01:36:41.094+0000] {python.py:237} INFO - Done. Returned value was: None
[2024-07-05T01:36:41.098+0000] {taskinstance.py:441} INFO - ::group::Post task execution logs
[2024-07-05T01:36:41.126+0000] {taskinstance.py:1206} INFO - Marking task as SUCCESS. dag_id=exchange_rate_dag, task_id=run_script, run_id=scheduled__2024-03-26T00:00:00+00:00, execution_date=20240326T000000, start_date=20240705T013638, end_date=20240705T013641
[2024-07-05T01:36:41.232+0000] {local_task_job_runner.py:240} INFO - Task exited with return code 0
[2024-07-05T01:36:41.409+0000] {taskinstance.py:3503} INFO - 0 downstream tasks scheduled from follow-on schedule check
[2024-07-05T01:36:41.420+0000] {local_task_job_runner.py:222} INFO - ::endgroup::
