[2024-07-03T22:17:25.203+0000] {local_task_job_runner.py:120} INFO - ::group::Pre task execution logs
[2024-07-03T22:17:25.410+0000] {taskinstance.py:2076} INFO - Dependencies all met for dep_context=non-requeueable deps ti=<TaskInstance: exchange_rate_dag.run_script scheduled__2024-03-25T00:00:00+00:00 [queued]>
[2024-07-03T22:17:25.451+0000] {taskinstance.py:2076} INFO - Dependencies all met for dep_context=requeueable deps ti=<TaskInstance: exchange_rate_dag.run_script scheduled__2024-03-25T00:00:00+00:00 [queued]>
[2024-07-03T22:17:25.453+0000] {taskinstance.py:2306} INFO - Starting attempt 1 of 2
[2024-07-03T22:17:25.518+0000] {taskinstance.py:2330} INFO - Executing <Task(PythonOperator): run_script> on 2024-03-25 00:00:00+00:00
[2024-07-03T22:17:25.547+0000] {warnings.py:112} WARNING - /home/***/.local/lib/python3.12/site-packages/***/task/task_runner/standard_task_runner.py:61: DeprecationWarning: This process (pid=288) is multi-threaded, use of fork() may lead to deadlocks in the child.
  pid = os.fork()

[2024-07-03T22:17:25.552+0000] {standard_task_runner.py:63} INFO - Started process 304 to run task
[2024-07-03T22:17:25.552+0000] {standard_task_runner.py:90} INFO - Running: ['***', 'tasks', 'run', 'exchange_rate_dag', 'run_script', 'scheduled__2024-03-25T00:00:00+00:00', '--job-id', '124', '--raw', '--subdir', 'DAGS_FOLDER/my_dag.py', '--cfg-path', '/tmp/tmpr1okd39m']
[2024-07-03T22:17:25.555+0000] {standard_task_runner.py:91} INFO - Job 124: Subtask run_script
[2024-07-03T22:17:25.803+0000] {task_command.py:426} INFO - Running <TaskInstance: exchange_rate_dag.run_script scheduled__2024-03-25T00:00:00+00:00 [running]> on host bab0a72648e8
[2024-07-03T22:17:26.350+0000] {taskinstance.py:2648} INFO - Exporting env vars: AIRFLOW_CTX_DAG_OWNER='juan_ml' AIRFLOW_CTX_DAG_ID='exchange_rate_dag' AIRFLOW_CTX_TASK_ID='run_script' AIRFLOW_CTX_EXECUTION_DATE='2024-03-25T00:00:00+00:00' AIRFLOW_CTX_TRY_NUMBER='1' AIRFLOW_CTX_DAG_RUN_ID='scheduled__2024-03-25T00:00:00+00:00'
[2024-07-03T22:17:26.355+0000] {taskinstance.py:430} INFO - ::endgroup::
[2024-07-03T22:17:26.364+0000] {logging_mixin.py:188} INFO - All credentials are set properly.
[2024-07-03T22:17:26.368+0000] {logging_mixin.py:188} INFO - Error al crear la tabla en Redshift: invalid literal for int() with base 10: 'None'
[2024-07-03T22:17:27.405+0000] {logging_mixin.py:188} INFO - Error al realizar la solicitud a la API: 401 Client Error: Unauthorized for url: https://api.apilayer.com/exchangerates_data/latest?symbols=EUR,USD,CNY&base=ARS
[2024-07-03T22:17:27.418+0000] {python.py:237} INFO - Done. Returned value was: None
[2024-07-03T22:17:27.428+0000] {taskinstance.py:441} INFO - ::group::Post task execution logs
[2024-07-03T22:17:27.459+0000] {taskinstance.py:1206} INFO - Marking task as SUCCESS. dag_id=exchange_rate_dag, task_id=run_script, run_id=scheduled__2024-03-25T00:00:00+00:00, execution_date=20240325T000000, start_date=20240703T221725, end_date=20240703T221727
[2024-07-03T22:17:27.747+0000] {local_task_job_runner.py:240} INFO - Task exited with return code 0
[2024-07-03T22:17:27.803+0000] {taskinstance.py:3503} INFO - 0 downstream tasks scheduled from follow-on schedule check
[2024-07-03T22:17:27.820+0000] {local_task_job_runner.py:222} INFO - ::endgroup::
[2024-07-05T01:32:26.090+0000] {local_task_job_runner.py:120} INFO - ::group::Pre task execution logs
[2024-07-05T01:32:26.214+0000] {taskinstance.py:2076} INFO - Dependencies all met for dep_context=non-requeueable deps ti=<TaskInstance: exchange_rate_dag.run_script scheduled__2024-03-25T00:00:00+00:00 [queued]>
[2024-07-05T01:32:26.264+0000] {taskinstance.py:2076} INFO - Dependencies all met for dep_context=requeueable deps ti=<TaskInstance: exchange_rate_dag.run_script scheduled__2024-03-25T00:00:00+00:00 [queued]>
[2024-07-05T01:32:26.266+0000] {taskinstance.py:2306} INFO - Starting attempt 1 of 2
[2024-07-05T01:32:26.343+0000] {taskinstance.py:2330} INFO - Executing <Task(PythonOperator): run_script> on 2024-03-25 00:00:00+00:00
[2024-07-05T01:32:26.367+0000] {warnings.py:112} WARNING - /home/***/.local/lib/python3.12/site-packages/***/task/task_runner/standard_task_runner.py:61: DeprecationWarning: This process (pid=104) is multi-threaded, use of fork() may lead to deadlocks in the child.
  pid = os.fork()

[2024-07-05T01:32:26.373+0000] {standard_task_runner.py:63} INFO - Started process 147 to run task
[2024-07-05T01:32:26.372+0000] {standard_task_runner.py:90} INFO - Running: ['***', 'tasks', 'run', 'exchange_rate_dag', 'run_script', 'scheduled__2024-03-25T00:00:00+00:00', '--job-id', '47', '--raw', '--subdir', 'DAGS_FOLDER/my_dag.py', '--cfg-path', '/tmp/tmpgi5jjj2u']
[2024-07-05T01:32:26.396+0000] {standard_task_runner.py:91} INFO - Job 47: Subtask run_script
[2024-07-05T01:32:26.769+0000] {task_command.py:426} INFO - Running <TaskInstance: exchange_rate_dag.run_script scheduled__2024-03-25T00:00:00+00:00 [running]> on host e26a552f405a
[2024-07-05T01:32:27.450+0000] {taskinstance.py:2648} INFO - Exporting env vars: AIRFLOW_CTX_DAG_OWNER='juan_ml' AIRFLOW_CTX_DAG_ID='exchange_rate_dag' AIRFLOW_CTX_TASK_ID='run_script' AIRFLOW_CTX_EXECUTION_DATE='2024-03-25T00:00:00+00:00' AIRFLOW_CTX_TRY_NUMBER='1' AIRFLOW_CTX_DAG_RUN_ID='scheduled__2024-03-25T00:00:00+00:00'
[2024-07-05T01:32:27.454+0000] {taskinstance.py:430} INFO - ::endgroup::
[2024-07-05T01:32:27.465+0000] {logging_mixin.py:188} INFO - All credentials are set properly.
[2024-07-05T01:32:27.479+0000] {logging_mixin.py:188} INFO - Error al crear la tabla en Redshift: invalid literal for int() with base 10: 'None'
[2024-07-05T01:32:28.667+0000] {logging_mixin.py:188} INFO - Error al realizar la solicitud a la API: 401 Client Error: Unauthorized for url: https://api.apilayer.com/exchangerates_data/latest?symbols=EUR,USD,CNY&base=ARS
[2024-07-05T01:32:28.685+0000] {python.py:237} INFO - Done. Returned value was: None
[2024-07-05T01:32:28.689+0000] {taskinstance.py:441} INFO - ::group::Post task execution logs
[2024-07-05T01:32:28.771+0000] {taskinstance.py:1206} INFO - Marking task as SUCCESS. dag_id=exchange_rate_dag, task_id=run_script, run_id=scheduled__2024-03-25T00:00:00+00:00, execution_date=20240325T000000, start_date=20240705T013226, end_date=20240705T013228
[2024-07-05T01:32:29.373+0000] {local_task_job_runner.py:240} INFO - Task exited with return code 0
[2024-07-05T01:32:29.485+0000] {taskinstance.py:3503} INFO - 0 downstream tasks scheduled from follow-on schedule check
[2024-07-05T01:32:29.501+0000] {local_task_job_runner.py:222} INFO - ::endgroup::
