[2024-07-03T22:04:27.723+0000] {local_task_job_runner.py:120} INFO - ::group::Pre task execution logs
[2024-07-03T22:04:27.916+0000] {taskinstance.py:2076} INFO - Dependencies all met for dep_context=non-requeueable deps ti=<TaskInstance: exchange_rate_dag.run_script scheduled__2024-02-19T00:00:00+00:00 [queued]>
[2024-07-03T22:04:27.959+0000] {taskinstance.py:2076} INFO - Dependencies all met for dep_context=requeueable deps ti=<TaskInstance: exchange_rate_dag.run_script scheduled__2024-02-19T00:00:00+00:00 [queued]>
[2024-07-03T22:04:27.961+0000] {taskinstance.py:2306} INFO - Starting attempt 1 of 2
[2024-07-03T22:04:28.018+0000] {taskinstance.py:2330} INFO - Executing <Task(PythonOperator): run_script> on 2024-02-19 00:00:00+00:00
[2024-07-03T22:04:28.060+0000] {warnings.py:112} WARNING - /home/***/.local/lib/python3.12/site-packages/***/task/task_runner/standard_task_runner.py:61: DeprecationWarning: This process (pid=116) is multi-threaded, use of fork() may lead to deadlocks in the child.
  pid = os.fork()

[2024-07-03T22:04:28.065+0000] {standard_task_runner.py:63} INFO - Started process 125 to run task
[2024-07-03T22:04:28.070+0000] {standard_task_runner.py:90} INFO - Running: ['***', 'tasks', 'run', 'exchange_rate_dag', 'run_script', 'scheduled__2024-02-19T00:00:00+00:00', '--job-id', '94', '--raw', '--subdir', 'DAGS_FOLDER/my_dag.py', '--cfg-path', '/tmp/tmpsepotpxl']
[2024-07-03T22:04:28.075+0000] {standard_task_runner.py:91} INFO - Job 94: Subtask run_script
[2024-07-03T22:04:28.316+0000] {task_command.py:426} INFO - Running <TaskInstance: exchange_rate_dag.run_script scheduled__2024-02-19T00:00:00+00:00 [running]> on host bab0a72648e8
[2024-07-03T22:04:30.338+0000] {taskinstance.py:2648} INFO - Exporting env vars: AIRFLOW_CTX_DAG_OWNER='juan_ml' AIRFLOW_CTX_DAG_ID='exchange_rate_dag' AIRFLOW_CTX_TASK_ID='run_script' AIRFLOW_CTX_EXECUTION_DATE='2024-02-19T00:00:00+00:00' AIRFLOW_CTX_TRY_NUMBER='1' AIRFLOW_CTX_DAG_RUN_ID='scheduled__2024-02-19T00:00:00+00:00'
[2024-07-03T22:04:30.352+0000] {taskinstance.py:430} INFO - ::endgroup::
[2024-07-03T22:04:30.356+0000] {logging_mixin.py:188} INFO - All credentials are set properly.
[2024-07-03T22:04:30.359+0000] {logging_mixin.py:188} INFO - Error al crear la tabla en Redshift: invalid literal for int() with base 10: 'None'
[2024-07-03T22:04:36.459+0000] {logging_mixin.py:188} INFO - Error al realizar la solicitud a la API: 401 Client Error: Unauthorized for url: https://api.apilayer.com/exchangerates_data/latest?symbols=EUR,USD,CNY&base=ARS
[2024-07-03T22:04:36.485+0000] {python.py:237} INFO - Done. Returned value was: None
[2024-07-03T22:04:36.487+0000] {taskinstance.py:441} INFO - ::group::Post task execution logs
[2024-07-03T22:04:37.087+0000] {taskinstance.py:1206} INFO - Marking task as SUCCESS. dag_id=exchange_rate_dag, task_id=run_script, run_id=scheduled__2024-02-19T00:00:00+00:00, execution_date=20240219T000000, start_date=20240703T220427, end_date=20240703T220437
[2024-07-03T22:04:37.241+0000] {local_task_job_runner.py:240} INFO - Task exited with return code 0
[2024-07-03T22:04:37.328+0000] {taskinstance.py:3503} INFO - 0 downstream tasks scheduled from follow-on schedule check
[2024-07-03T22:04:37.336+0000] {local_task_job_runner.py:222} INFO - ::endgroup::
[2024-07-03T22:48:28.400+0000] {local_task_job_runner.py:120} INFO - ::group::Pre task execution logs
[2024-07-03T22:48:28.503+0000] {taskinstance.py:2076} INFO - Dependencies all met for dep_context=non-requeueable deps ti=<TaskInstance: exchange_rate_dag.run_script scheduled__2024-02-19T00:00:00+00:00 [queued]>
[2024-07-03T22:48:28.525+0000] {taskinstance.py:2076} INFO - Dependencies all met for dep_context=requeueable deps ti=<TaskInstance: exchange_rate_dag.run_script scheduled__2024-02-19T00:00:00+00:00 [queued]>
[2024-07-03T22:48:28.527+0000] {taskinstance.py:2306} INFO - Starting attempt 1 of 2
[2024-07-03T22:48:28.562+0000] {taskinstance.py:2330} INFO - Executing <Task(PythonOperator): run_script> on 2024-02-19 00:00:00+00:00
[2024-07-03T22:48:28.579+0000] {warnings.py:112} WARNING - /home/***/.local/lib/python3.12/site-packages/***/task/task_runner/standard_task_runner.py:61: DeprecationWarning: This process (pid=128) is multi-threaded, use of fork() may lead to deadlocks in the child.
  pid = os.fork()

[2024-07-03T22:48:28.582+0000] {standard_task_runner.py:63} INFO - Started process 134 to run task
[2024-07-03T22:48:28.587+0000] {standard_task_runner.py:90} INFO - Running: ['***', 'tasks', 'run', 'exchange_rate_dag', 'run_script', 'scheduled__2024-02-19T00:00:00+00:00', '--job-id', '19', '--raw', '--subdir', 'DAGS_FOLDER/my_dag.py', '--cfg-path', '/tmp/tmph4g610e6']
[2024-07-03T22:48:28.591+0000] {standard_task_runner.py:91} INFO - Job 19: Subtask run_script
[2024-07-03T22:48:28.726+0000] {task_command.py:426} INFO - Running <TaskInstance: exchange_rate_dag.run_script scheduled__2024-02-19T00:00:00+00:00 [running]> on host 0b7358cba041
[2024-07-03T22:48:29.017+0000] {taskinstance.py:2648} INFO - Exporting env vars: AIRFLOW_CTX_DAG_OWNER='juan_ml' AIRFLOW_CTX_DAG_ID='exchange_rate_dag' AIRFLOW_CTX_TASK_ID='run_script' AIRFLOW_CTX_EXECUTION_DATE='2024-02-19T00:00:00+00:00' AIRFLOW_CTX_TRY_NUMBER='1' AIRFLOW_CTX_DAG_RUN_ID='scheduled__2024-02-19T00:00:00+00:00'
[2024-07-03T22:48:29.021+0000] {taskinstance.py:430} INFO - ::endgroup::
[2024-07-03T22:48:29.025+0000] {logging_mixin.py:188} INFO - All credentials are set properly.
[2024-07-03T22:48:29.027+0000] {logging_mixin.py:188} INFO - Error al crear la tabla en Redshift: invalid literal for int() with base 10: 'None'
[2024-07-03T22:48:29.599+0000] {logging_mixin.py:188} INFO - Error al realizar la solicitud a la API: 401 Client Error: Unauthorized for url: https://api.apilayer.com/exchangerates_data/latest?symbols=EUR,USD,CNY&base=ARS
[2024-07-03T22:48:29.605+0000] {python.py:237} INFO - Done. Returned value was: None
[2024-07-03T22:48:29.610+0000] {taskinstance.py:441} INFO - ::group::Post task execution logs
[2024-07-03T22:48:29.645+0000] {taskinstance.py:1206} INFO - Marking task as SUCCESS. dag_id=exchange_rate_dag, task_id=run_script, run_id=scheduled__2024-02-19T00:00:00+00:00, execution_date=20240219T000000, start_date=20240703T224828, end_date=20240703T224829
[2024-07-03T22:48:29.766+0000] {local_task_job_runner.py:240} INFO - Task exited with return code 0
[2024-07-03T22:48:29.829+0000] {taskinstance.py:3503} INFO - 0 downstream tasks scheduled from follow-on schedule check
[2024-07-03T22:48:29.833+0000] {local_task_job_runner.py:222} INFO - ::endgroup::
[2024-07-04T01:38:00.432+0000] {local_task_job_runner.py:120} INFO - ::group::Pre task execution logs
[2024-07-04T01:38:00.476+0000] {taskinstance.py:2076} INFO - Dependencies all met for dep_context=non-requeueable deps ti=<TaskInstance: exchange_rate_dag.run_script scheduled__2024-02-19T00:00:00+00:00 [queued]>
[2024-07-04T01:38:00.491+0000] {taskinstance.py:2076} INFO - Dependencies all met for dep_context=requeueable deps ti=<TaskInstance: exchange_rate_dag.run_script scheduled__2024-02-19T00:00:00+00:00 [queued]>
[2024-07-04T01:38:00.492+0000] {taskinstance.py:2306} INFO - Starting attempt 1 of 2
[2024-07-04T01:38:00.548+0000] {taskinstance.py:2330} INFO - Executing <Task(PythonOperator): run_script> on 2024-02-19 00:00:00+00:00
[2024-07-04T01:38:00.566+0000] {warnings.py:112} WARNING - /home/***/.local/lib/python3.12/site-packages/***/task/task_runner/standard_task_runner.py:61: DeprecationWarning: This process (pid=354) is multi-threaded, use of fork() may lead to deadlocks in the child.
  pid = os.fork()

[2024-07-04T01:38:00.570+0000] {standard_task_runner.py:63} INFO - Started process 356 to run task
[2024-07-04T01:38:00.570+0000] {standard_task_runner.py:90} INFO - Running: ['***', 'tasks', 'run', 'exchange_rate_dag', 'run_script', 'scheduled__2024-02-19T00:00:00+00:00', '--job-id', '20', '--raw', '--subdir', 'DAGS_FOLDER/my_dag.py', '--cfg-path', '/tmp/tmphl0ksg3k']
[2024-07-04T01:38:00.573+0000] {standard_task_runner.py:91} INFO - Job 20: Subtask run_script
[2024-07-04T01:38:00.698+0000] {task_command.py:426} INFO - Running <TaskInstance: exchange_rate_dag.run_script scheduled__2024-02-19T00:00:00+00:00 [running]> on host e26a552f405a
[2024-07-04T01:38:01.036+0000] {taskinstance.py:2648} INFO - Exporting env vars: AIRFLOW_CTX_DAG_OWNER='juan_ml' AIRFLOW_CTX_DAG_ID='exchange_rate_dag' AIRFLOW_CTX_TASK_ID='run_script' AIRFLOW_CTX_EXECUTION_DATE='2024-02-19T00:00:00+00:00' AIRFLOW_CTX_TRY_NUMBER='1' AIRFLOW_CTX_DAG_RUN_ID='scheduled__2024-02-19T00:00:00+00:00'
[2024-07-04T01:38:01.039+0000] {taskinstance.py:430} INFO - ::endgroup::
[2024-07-04T01:38:01.042+0000] {logging_mixin.py:188} INFO - All credentials are set properly.
[2024-07-04T01:38:01.043+0000] {logging_mixin.py:188} INFO - Error al crear la tabla en Redshift: invalid literal for int() with base 10: 'None'
[2024-07-04T01:38:01.502+0000] {logging_mixin.py:188} INFO - Error al realizar la solicitud a la API: 401 Client Error: Unauthorized for url: https://api.apilayer.com/exchangerates_data/latest?symbols=EUR,USD,CNY&base=ARS
[2024-07-04T01:38:01.506+0000] {python.py:237} INFO - Done. Returned value was: None
[2024-07-04T01:38:01.509+0000] {taskinstance.py:441} INFO - ::group::Post task execution logs
[2024-07-04T01:38:01.526+0000] {taskinstance.py:1206} INFO - Marking task as SUCCESS. dag_id=exchange_rate_dag, task_id=run_script, run_id=scheduled__2024-02-19T00:00:00+00:00, execution_date=20240219T000000, start_date=20240704T013800, end_date=20240704T013801
[2024-07-04T01:38:01.638+0000] {local_task_job_runner.py:240} INFO - Task exited with return code 0
[2024-07-04T01:38:01.676+0000] {taskinstance.py:3503} INFO - 0 downstream tasks scheduled from follow-on schedule check
[2024-07-04T01:38:01.725+0000] {local_task_job_runner.py:222} INFO - ::endgroup::
