[2024-07-03T23:19:23.076+0000] {local_task_job_runner.py:120} INFO - ::group::Pre task execution logs
[2024-07-03T23:19:23.213+0000] {taskinstance.py:2076} INFO - Dependencies all met for dep_context=non-requeueable deps ti=<TaskInstance: exchange_rate_dag.run_script scheduled__2024-05-10T00:00:00+00:00 [queued]>
[2024-07-03T23:19:23.253+0000] {taskinstance.py:2076} INFO - Dependencies all met for dep_context=requeueable deps ti=<TaskInstance: exchange_rate_dag.run_script scheduled__2024-05-10T00:00:00+00:00 [queued]>
[2024-07-03T23:19:23.255+0000] {taskinstance.py:2306} INFO - Starting attempt 1 of 2
[2024-07-03T23:19:23.407+0000] {taskinstance.py:2330} INFO - Executing <Task(PythonOperator): run_script> on 2024-05-10 00:00:00+00:00
[2024-07-03T23:19:23.462+0000] {warnings.py:112} WARNING - /home/***/.local/lib/python3.12/site-packages/***/task/task_runner/standard_task_runner.py:61: DeprecationWarning: This process (pid=624) is multi-threaded, use of fork() may lead to deadlocks in the child.
  pid = os.fork()

[2024-07-03T23:19:23.478+0000] {standard_task_runner.py:63} INFO - Started process 629 to run task
[2024-07-03T23:19:23.482+0000] {standard_task_runner.py:90} INFO - Running: ['***', 'tasks', 'run', 'exchange_rate_dag', 'run_script', 'scheduled__2024-05-10T00:00:00+00:00', '--job-id', '81', '--raw', '--subdir', 'DAGS_FOLDER/my_dag.py', '--cfg-path', '/tmp/tmp0ao9272d']
[2024-07-03T23:19:23.490+0000] {standard_task_runner.py:91} INFO - Job 81: Subtask run_script
[2024-07-03T23:19:23.757+0000] {task_command.py:426} INFO - Running <TaskInstance: exchange_rate_dag.run_script scheduled__2024-05-10T00:00:00+00:00 [running]> on host 0b7358cba041
[2024-07-03T23:19:24.451+0000] {taskinstance.py:2648} INFO - Exporting env vars: AIRFLOW_CTX_DAG_OWNER='juan_ml' AIRFLOW_CTX_DAG_ID='exchange_rate_dag' AIRFLOW_CTX_TASK_ID='run_script' AIRFLOW_CTX_EXECUTION_DATE='2024-05-10T00:00:00+00:00' AIRFLOW_CTX_TRY_NUMBER='1' AIRFLOW_CTX_DAG_RUN_ID='scheduled__2024-05-10T00:00:00+00:00'
[2024-07-03T23:19:24.471+0000] {taskinstance.py:430} INFO - ::endgroup::
[2024-07-03T23:19:24.488+0000] {logging_mixin.py:188} INFO - All credentials are set properly.
[2024-07-03T23:19:24.504+0000] {logging_mixin.py:188} INFO - Error al crear la tabla en Redshift: invalid literal for int() with base 10: 'None'
[2024-07-03T23:19:25.598+0000] {logging_mixin.py:188} INFO - Error al realizar la solicitud a la API: 401 Client Error: Unauthorized for url: https://api.apilayer.com/exchangerates_data/latest?symbols=EUR,USD,CNY&base=ARS
[2024-07-03T23:19:25.622+0000] {python.py:237} INFO - Done. Returned value was: None
[2024-07-03T23:19:25.677+0000] {taskinstance.py:441} INFO - ::group::Post task execution logs
[2024-07-03T23:19:25.767+0000] {taskinstance.py:1206} INFO - Marking task as SUCCESS. dag_id=exchange_rate_dag, task_id=run_script, run_id=scheduled__2024-05-10T00:00:00+00:00, execution_date=20240510T000000, start_date=20240703T231923, end_date=20240703T231925
[2024-07-03T23:19:26.450+0000] {local_task_job_runner.py:240} INFO - Task exited with return code 0
[2024-07-03T23:19:26.597+0000] {taskinstance.py:3503} INFO - 0 downstream tasks scheduled from follow-on schedule check
[2024-07-03T23:19:26.617+0000] {local_task_job_runner.py:222} INFO - ::endgroup::
