[2024-07-03T22:48:10.177+0000] {local_task_job_runner.py:120} INFO - ::group::Pre task execution logs
[2024-07-03T22:48:10.250+0000] {taskinstance.py:2076} INFO - Dependencies all met for dep_context=non-requeueable deps ti=<TaskInstance: exchange_rate_dag.run_script scheduled__2024-02-11T00:00:00+00:00 [queued]>
[2024-07-03T22:48:10.290+0000] {taskinstance.py:2076} INFO - Dependencies all met for dep_context=requeueable deps ti=<TaskInstance: exchange_rate_dag.run_script scheduled__2024-02-11T00:00:00+00:00 [queued]>
[2024-07-03T22:48:10.293+0000] {taskinstance.py:2306} INFO - Starting attempt 1 of 2
[2024-07-03T22:48:10.356+0000] {taskinstance.py:2330} INFO - Executing <Task(PythonOperator): run_script> on 2024-02-11 00:00:00+00:00
[2024-07-03T22:48:10.384+0000] {warnings.py:112} WARNING - /home/***/.local/lib/python3.12/site-packages/***/task/task_runner/standard_task_runner.py:61: DeprecationWarning: This process (pid=108) is multi-threaded, use of fork() may lead to deadlocks in the child.
  pid = os.fork()

[2024-07-03T22:48:10.388+0000] {standard_task_runner.py:63} INFO - Started process 116 to run task
[2024-07-03T22:48:10.391+0000] {standard_task_runner.py:90} INFO - Running: ['***', 'tasks', 'run', 'exchange_rate_dag', 'run_script', 'scheduled__2024-02-11T00:00:00+00:00', '--job-id', '15', '--raw', '--subdir', 'DAGS_FOLDER/my_dag.py', '--cfg-path', '/tmp/tmp6g6l1mw8']
[2024-07-03T22:48:10.400+0000] {standard_task_runner.py:91} INFO - Job 15: Subtask run_script
[2024-07-03T22:48:10.719+0000] {task_command.py:426} INFO - Running <TaskInstance: exchange_rate_dag.run_script scheduled__2024-02-11T00:00:00+00:00 [running]> on host 0b7358cba041
[2024-07-03T22:48:11.117+0000] {taskinstance.py:2648} INFO - Exporting env vars: AIRFLOW_CTX_DAG_OWNER='juan_ml' AIRFLOW_CTX_DAG_ID='exchange_rate_dag' AIRFLOW_CTX_TASK_ID='run_script' AIRFLOW_CTX_EXECUTION_DATE='2024-02-11T00:00:00+00:00' AIRFLOW_CTX_TRY_NUMBER='1' AIRFLOW_CTX_DAG_RUN_ID='scheduled__2024-02-11T00:00:00+00:00'
[2024-07-03T22:48:11.127+0000] {taskinstance.py:430} INFO - ::endgroup::
[2024-07-03T22:48:11.131+0000] {logging_mixin.py:188} INFO - All credentials are set properly.
[2024-07-03T22:48:11.135+0000] {logging_mixin.py:188} INFO - Error al crear la tabla en Redshift: invalid literal for int() with base 10: 'None'
[2024-07-03T22:48:11.935+0000] {logging_mixin.py:188} INFO - Error al realizar la solicitud a la API: 401 Client Error: Unauthorized for url: https://api.apilayer.com/exchangerates_data/latest?symbols=EUR,USD,CNY&base=ARS
[2024-07-03T22:48:11.947+0000] {python.py:237} INFO - Done. Returned value was: None
[2024-07-03T22:48:11.957+0000] {taskinstance.py:441} INFO - ::group::Post task execution logs
[2024-07-03T22:48:12.015+0000] {taskinstance.py:1206} INFO - Marking task as SUCCESS. dag_id=exchange_rate_dag, task_id=run_script, run_id=scheduled__2024-02-11T00:00:00+00:00, execution_date=20240211T000000, start_date=20240703T224810, end_date=20240703T224812
[2024-07-03T22:48:12.147+0000] {local_task_job_runner.py:240} INFO - Task exited with return code 0
[2024-07-03T22:48:12.197+0000] {local_task_job_runner.py:222} INFO - ::endgroup::
[2024-07-04T01:36:31.182+0000] {local_task_job_runner.py:120} INFO - ::group::Pre task execution logs
[2024-07-04T01:36:31.230+0000] {taskinstance.py:2076} INFO - Dependencies all met for dep_context=non-requeueable deps ti=<TaskInstance: exchange_rate_dag.run_script scheduled__2024-02-11T00:00:00+00:00 [queued]>
[2024-07-04T01:36:31.260+0000] {taskinstance.py:2076} INFO - Dependencies all met for dep_context=requeueable deps ti=<TaskInstance: exchange_rate_dag.run_script scheduled__2024-02-11T00:00:00+00:00 [queued]>
[2024-07-04T01:36:31.262+0000] {taskinstance.py:2306} INFO - Starting attempt 1 of 2
[2024-07-04T01:36:31.331+0000] {taskinstance.py:2330} INFO - Executing <Task(PythonOperator): run_script> on 2024-02-11 00:00:00+00:00
[2024-07-04T01:36:31.347+0000] {warnings.py:112} WARNING - /home/***/.local/lib/python3.12/site-packages/***/task/task_runner/standard_task_runner.py:61: DeprecationWarning: This process (pid=309) is multi-threaded, use of fork() may lead to deadlocks in the child.
  pid = os.fork()

[2024-07-04T01:36:31.351+0000] {standard_task_runner.py:63} INFO - Started process 311 to run task
[2024-07-04T01:36:31.350+0000] {standard_task_runner.py:90} INFO - Running: ['***', 'tasks', 'run', 'exchange_rate_dag', 'run_script', 'scheduled__2024-02-11T00:00:00+00:00', '--job-id', '12', '--raw', '--subdir', 'DAGS_FOLDER/my_dag.py', '--cfg-path', '/tmp/tmpxxklpwp0']
[2024-07-04T01:36:31.353+0000] {standard_task_runner.py:91} INFO - Job 12: Subtask run_script
[2024-07-04T01:36:31.482+0000] {task_command.py:426} INFO - Running <TaskInstance: exchange_rate_dag.run_script scheduled__2024-02-11T00:00:00+00:00 [running]> on host e26a552f405a
[2024-07-04T01:36:31.731+0000] {taskinstance.py:2648} INFO - Exporting env vars: AIRFLOW_CTX_DAG_OWNER='juan_ml' AIRFLOW_CTX_DAG_ID='exchange_rate_dag' AIRFLOW_CTX_TASK_ID='run_script' AIRFLOW_CTX_EXECUTION_DATE='2024-02-11T00:00:00+00:00' AIRFLOW_CTX_TRY_NUMBER='1' AIRFLOW_CTX_DAG_RUN_ID='scheduled__2024-02-11T00:00:00+00:00'
[2024-07-04T01:36:31.734+0000] {taskinstance.py:430} INFO - ::endgroup::
[2024-07-04T01:36:31.736+0000] {logging_mixin.py:188} INFO - All credentials are set properly.
[2024-07-04T01:36:31.737+0000] {logging_mixin.py:188} INFO - Error al crear la tabla en Redshift: invalid literal for int() with base 10: 'None'
[2024-07-04T01:36:32.388+0000] {logging_mixin.py:188} INFO - Error al realizar la solicitud a la API: 401 Client Error: Unauthorized for url: https://api.apilayer.com/exchangerates_data/latest?symbols=EUR,USD,CNY&base=ARS
[2024-07-04T01:36:32.391+0000] {python.py:237} INFO - Done. Returned value was: None
[2024-07-04T01:36:32.393+0000] {taskinstance.py:441} INFO - ::group::Post task execution logs
[2024-07-04T01:36:32.405+0000] {taskinstance.py:1206} INFO - Marking task as SUCCESS. dag_id=exchange_rate_dag, task_id=run_script, run_id=scheduled__2024-02-11T00:00:00+00:00, execution_date=20240211T000000, start_date=20240704T013631, end_date=20240704T013632
[2024-07-04T01:36:32.493+0000] {local_task_job_runner.py:240} INFO - Task exited with return code 0
[2024-07-04T01:36:32.522+0000] {taskinstance.py:3503} INFO - 0 downstream tasks scheduled from follow-on schedule check
[2024-07-04T01:36:32.568+0000] {local_task_job_runner.py:222} INFO - ::endgroup::
