[2024-07-03T22:05:01.587+0000] {local_task_job_runner.py:120} INFO - ::group::Pre task execution logs
[2024-07-03T22:05:02.642+0000] {taskinstance.py:2076} INFO - Dependencies all met for dep_context=non-requeueable deps ti=<TaskInstance: exchange_rate_dag.run_script scheduled__2024-02-26T00:00:00+00:00 [queued]>
[2024-07-03T22:05:02.661+0000] {taskinstance.py:2076} INFO - Dependencies all met for dep_context=requeueable deps ti=<TaskInstance: exchange_rate_dag.run_script scheduled__2024-02-26T00:00:00+00:00 [queued]>
[2024-07-03T22:05:02.753+0000] {taskinstance.py:2306} INFO - Starting attempt 1 of 2
[2024-07-03T22:05:03.188+0000] {taskinstance.py:2330} INFO - Executing <Task(PythonOperator): run_script> on 2024-02-26 00:00:00+00:00
[2024-07-03T22:05:03.240+0000] {standard_task_runner.py:90} INFO - Running: ['***', 'tasks', 'run', 'exchange_rate_dag', 'run_script', 'scheduled__2024-02-26T00:00:00+00:00', '--job-id', '100', '--raw', '--subdir', 'DAGS_FOLDER/my_dag.py', '--cfg-path', '/tmp/tmphf612ww4']
[2024-07-03T22:05:03.243+0000] {standard_task_runner.py:91} INFO - Job 100: Subtask run_script
[2024-07-03T22:05:03.320+0000] {warnings.py:112} WARNING - /home/***/.local/lib/python3.12/site-packages/***/task/task_runner/standard_task_runner.py:61: DeprecationWarning: This process (pid=135) is multi-threaded, use of fork() may lead to deadlocks in the child.
  pid = os.fork()

[2024-07-03T22:05:03.323+0000] {standard_task_runner.py:63} INFO - Started process 148 to run task
[2024-07-03T22:05:04.530+0000] {task_command.py:426} INFO - Running <TaskInstance: exchange_rate_dag.run_script scheduled__2024-02-26T00:00:00+00:00 [running]> on host bab0a72648e8
[2024-07-03T22:05:19.802+0000] {taskinstance.py:2648} INFO - Exporting env vars: AIRFLOW_CTX_DAG_OWNER='juan_ml' AIRFLOW_CTX_DAG_ID='exchange_rate_dag' AIRFLOW_CTX_TASK_ID='run_script' AIRFLOW_CTX_EXECUTION_DATE='2024-02-26T00:00:00+00:00' AIRFLOW_CTX_TRY_NUMBER='1' AIRFLOW_CTX_DAG_RUN_ID='scheduled__2024-02-26T00:00:00+00:00'
[2024-07-03T22:05:19.817+0000] {taskinstance.py:430} INFO - ::endgroup::
[2024-07-03T22:05:19.821+0000] {logging_mixin.py:188} INFO - All credentials are set properly.
[2024-07-03T22:05:19.824+0000] {logging_mixin.py:188} INFO - Error al crear la tabla en Redshift: invalid literal for int() with base 10: 'None'
[2024-07-03T22:05:20.862+0000] {logging_mixin.py:188} INFO - Error al realizar la solicitud a la API: 401 Client Error: Unauthorized for url: https://api.apilayer.com/exchangerates_data/latest?symbols=EUR,USD,CNY&base=ARS
[2024-07-03T22:05:20.867+0000] {python.py:237} INFO - Done. Returned value was: None
[2024-07-03T22:05:20.871+0000] {taskinstance.py:441} INFO - ::group::Post task execution logs
[2024-07-03T22:05:20.957+0000] {taskinstance.py:1206} INFO - Marking task as SUCCESS. dag_id=exchange_rate_dag, task_id=run_script, run_id=scheduled__2024-02-26T00:00:00+00:00, execution_date=20240226T000000, start_date=20240703T220502, end_date=20240703T220520
[2024-07-03T22:05:21.445+0000] {local_task_job_runner.py:240} INFO - Task exited with return code 0
[2024-07-03T22:05:21.528+0000] {taskinstance.py:3503} INFO - 0 downstream tasks scheduled from follow-on schedule check
[2024-07-03T22:05:21.540+0000] {local_task_job_runner.py:222} INFO - ::endgroup::
[2024-07-03T22:50:46.512+0000] {local_task_job_runner.py:120} INFO - ::group::Pre task execution logs
[2024-07-03T22:50:46.741+0000] {taskinstance.py:2076} INFO - Dependencies all met for dep_context=non-requeueable deps ti=<TaskInstance: exchange_rate_dag.run_script scheduled__2024-02-26T00:00:00+00:00 [queued]>
[2024-07-03T22:50:46.792+0000] {taskinstance.py:2076} INFO - Dependencies all met for dep_context=requeueable deps ti=<TaskInstance: exchange_rate_dag.run_script scheduled__2024-02-26T00:00:00+00:00 [queued]>
[2024-07-03T22:50:46.793+0000] {taskinstance.py:2306} INFO - Starting attempt 1 of 2
[2024-07-03T22:50:46.847+0000] {taskinstance.py:2330} INFO - Executing <Task(PythonOperator): run_script> on 2024-02-26 00:00:00+00:00
[2024-07-03T22:50:46.873+0000] {warnings.py:112} WARNING - /home/***/.local/lib/python3.12/site-packages/***/task/task_runner/standard_task_runner.py:61: DeprecationWarning: This process (pid=163) is multi-threaded, use of fork() may lead to deadlocks in the child.
  pid = os.fork()

[2024-07-03T22:50:46.877+0000] {standard_task_runner.py:63} INFO - Started process 180 to run task
[2024-07-03T22:50:46.879+0000] {standard_task_runner.py:90} INFO - Running: ['***', 'tasks', 'run', 'exchange_rate_dag', 'run_script', 'scheduled__2024-02-26T00:00:00+00:00', '--job-id', '28', '--raw', '--subdir', 'DAGS_FOLDER/my_dag.py', '--cfg-path', '/tmp/tmpg06qk53d']
[2024-07-03T22:50:46.886+0000] {standard_task_runner.py:91} INFO - Job 28: Subtask run_script
[2024-07-03T22:50:47.080+0000] {task_command.py:426} INFO - Running <TaskInstance: exchange_rate_dag.run_script scheduled__2024-02-26T00:00:00+00:00 [running]> on host 0b7358cba041
[2024-07-03T22:50:47.402+0000] {taskinstance.py:2648} INFO - Exporting env vars: AIRFLOW_CTX_DAG_OWNER='juan_ml' AIRFLOW_CTX_DAG_ID='exchange_rate_dag' AIRFLOW_CTX_TASK_ID='run_script' AIRFLOW_CTX_EXECUTION_DATE='2024-02-26T00:00:00+00:00' AIRFLOW_CTX_TRY_NUMBER='1' AIRFLOW_CTX_DAG_RUN_ID='scheduled__2024-02-26T00:00:00+00:00'
[2024-07-03T22:50:47.410+0000] {taskinstance.py:430} INFO - ::endgroup::
[2024-07-03T22:50:47.421+0000] {logging_mixin.py:188} INFO - All credentials are set properly.
[2024-07-03T22:50:47.428+0000] {logging_mixin.py:188} INFO - Error al crear la tabla en Redshift: invalid literal for int() with base 10: 'None'
[2024-07-03T22:50:48.600+0000] {logging_mixin.py:188} INFO - Error al realizar la solicitud a la API: 401 Client Error: Unauthorized for url: https://api.apilayer.com/exchangerates_data/latest?symbols=EUR,USD,CNY&base=ARS
[2024-07-03T22:50:48.616+0000] {python.py:237} INFO - Done. Returned value was: None
[2024-07-03T22:50:48.621+0000] {taskinstance.py:441} INFO - ::group::Post task execution logs
[2024-07-03T22:50:48.667+0000] {taskinstance.py:1206} INFO - Marking task as SUCCESS. dag_id=exchange_rate_dag, task_id=run_script, run_id=scheduled__2024-02-26T00:00:00+00:00, execution_date=20240226T000000, start_date=20240703T225046, end_date=20240703T225048
[2024-07-03T22:50:48.761+0000] {local_task_job_runner.py:240} INFO - Task exited with return code 0
[2024-07-03T22:50:48.837+0000] {taskinstance.py:3503} INFO - 0 downstream tasks scheduled from follow-on schedule check
[2024-07-03T22:50:48.842+0000] {local_task_job_runner.py:222} INFO - ::endgroup::
