[2024-07-03T22:05:34.936+0000] {local_task_job_runner.py:120} INFO - ::group::Pre task execution logs
[2024-07-03T22:05:35.026+0000] {taskinstance.py:2076} INFO - Dependencies all met for dep_context=non-requeueable deps ti=<TaskInstance: exchange_rate_dag.run_script scheduled__2024-02-28T00:00:00+00:00 [queued]>
[2024-07-03T22:05:35.070+0000] {taskinstance.py:2076} INFO - Dependencies all met for dep_context=requeueable deps ti=<TaskInstance: exchange_rate_dag.run_script scheduled__2024-02-28T00:00:00+00:00 [queued]>
[2024-07-03T22:05:35.077+0000] {taskinstance.py:2306} INFO - Starting attempt 1 of 2
[2024-07-03T22:05:35.225+0000] {taskinstance.py:2330} INFO - Executing <Task(PythonOperator): run_script> on 2024-02-28 00:00:00+00:00
[2024-07-03T22:05:35.265+0000] {standard_task_runner.py:90} INFO - Running: ['***', 'tasks', 'run', 'exchange_rate_dag', 'run_script', 'scheduled__2024-02-28T00:00:00+00:00', '--job-id', '105', '--raw', '--subdir', 'DAGS_FOLDER/my_dag.py', '--cfg-path', '/tmp/tmpvkoh39bo']
[2024-07-03T22:05:35.276+0000] {standard_task_runner.py:91} INFO - Job 105: Subtask run_script
[2024-07-03T22:05:35.298+0000] {warnings.py:112} WARNING - /home/***/.local/lib/python3.12/site-packages/***/task/task_runner/standard_task_runner.py:61: DeprecationWarning: This process (pid=151) is multi-threaded, use of fork() may lead to deadlocks in the child.
  pid = os.fork()

[2024-07-03T22:05:35.301+0000] {standard_task_runner.py:63} INFO - Started process 159 to run task
[2024-07-03T22:05:35.514+0000] {task_command.py:426} INFO - Running <TaskInstance: exchange_rate_dag.run_script scheduled__2024-02-28T00:00:00+00:00 [running]> on host bab0a72648e8
[2024-07-03T22:05:35.986+0000] {taskinstance.py:2648} INFO - Exporting env vars: AIRFLOW_CTX_DAG_OWNER='juan_ml' AIRFLOW_CTX_DAG_ID='exchange_rate_dag' AIRFLOW_CTX_TASK_ID='run_script' AIRFLOW_CTX_EXECUTION_DATE='2024-02-28T00:00:00+00:00' AIRFLOW_CTX_TRY_NUMBER='1' AIRFLOW_CTX_DAG_RUN_ID='scheduled__2024-02-28T00:00:00+00:00'
[2024-07-03T22:05:35.990+0000] {taskinstance.py:430} INFO - ::endgroup::
[2024-07-03T22:05:35.993+0000] {logging_mixin.py:188} INFO - All credentials are set properly.
[2024-07-03T22:05:36.003+0000] {logging_mixin.py:188} INFO - Error al crear la tabla en Redshift: invalid literal for int() with base 10: 'None'
[2024-07-03T22:05:37.192+0000] {logging_mixin.py:188} INFO - Error al realizar la solicitud a la API: 401 Client Error: Unauthorized for url: https://api.apilayer.com/exchangerates_data/latest?symbols=EUR,USD,CNY&base=ARS
[2024-07-03T22:05:37.195+0000] {python.py:237} INFO - Done. Returned value was: None
[2024-07-03T22:05:37.197+0000] {taskinstance.py:441} INFO - ::group::Post task execution logs
[2024-07-03T22:05:37.222+0000] {taskinstance.py:1206} INFO - Marking task as SUCCESS. dag_id=exchange_rate_dag, task_id=run_script, run_id=scheduled__2024-02-28T00:00:00+00:00, execution_date=20240228T000000, start_date=20240703T220535, end_date=20240703T220537
[2024-07-03T22:05:37.292+0000] {local_task_job_runner.py:240} INFO - Task exited with return code 0
[2024-07-03T22:05:37.374+0000] {taskinstance.py:3503} INFO - 0 downstream tasks scheduled from follow-on schedule check
[2024-07-03T22:05:37.378+0000] {local_task_job_runner.py:222} INFO - ::endgroup::
[2024-07-03T22:50:50.803+0000] {local_task_job_runner.py:120} INFO - ::group::Pre task execution logs
[2024-07-03T22:50:51.055+0000] {taskinstance.py:2076} INFO - Dependencies all met for dep_context=non-requeueable deps ti=<TaskInstance: exchange_rate_dag.run_script scheduled__2024-02-28T00:00:00+00:00 [queued]>
[2024-07-03T22:50:51.178+0000] {taskinstance.py:2076} INFO - Dependencies all met for dep_context=requeueable deps ti=<TaskInstance: exchange_rate_dag.run_script scheduled__2024-02-28T00:00:00+00:00 [queued]>
[2024-07-03T22:50:51.179+0000] {taskinstance.py:2306} INFO - Starting attempt 1 of 2
[2024-07-03T22:50:51.284+0000] {taskinstance.py:2330} INFO - Executing <Task(PythonOperator): run_script> on 2024-02-28 00:00:00+00:00
[2024-07-03T22:50:51.329+0000] {warnings.py:112} WARNING - /home/***/.local/lib/python3.12/site-packages/***/task/task_runner/standard_task_runner.py:61: DeprecationWarning: This process (pid=170) is multi-threaded, use of fork() may lead to deadlocks in the child.
  pid = os.fork()

[2024-07-03T22:50:51.334+0000] {standard_task_runner.py:63} INFO - Started process 182 to run task
[2024-07-03T22:50:51.330+0000] {standard_task_runner.py:90} INFO - Running: ['***', 'tasks', 'run', 'exchange_rate_dag', 'run_script', 'scheduled__2024-02-28T00:00:00+00:00', '--job-id', '30', '--raw', '--subdir', 'DAGS_FOLDER/my_dag.py', '--cfg-path', '/tmp/tmp3la8v6ct']
[2024-07-03T22:50:51.344+0000] {standard_task_runner.py:91} INFO - Job 30: Subtask run_script
[2024-07-03T22:50:51.931+0000] {task_command.py:426} INFO - Running <TaskInstance: exchange_rate_dag.run_script scheduled__2024-02-28T00:00:00+00:00 [running]> on host 0b7358cba041
[2024-07-03T22:50:52.192+0000] {taskinstance.py:2648} INFO - Exporting env vars: AIRFLOW_CTX_DAG_OWNER='juan_ml' AIRFLOW_CTX_DAG_ID='exchange_rate_dag' AIRFLOW_CTX_TASK_ID='run_script' AIRFLOW_CTX_EXECUTION_DATE='2024-02-28T00:00:00+00:00' AIRFLOW_CTX_TRY_NUMBER='1' AIRFLOW_CTX_DAG_RUN_ID='scheduled__2024-02-28T00:00:00+00:00'
[2024-07-03T22:50:52.195+0000] {taskinstance.py:430} INFO - ::endgroup::
[2024-07-03T22:50:52.197+0000] {logging_mixin.py:188} INFO - All credentials are set properly.
[2024-07-03T22:50:52.198+0000] {logging_mixin.py:188} INFO - Error al crear la tabla en Redshift: invalid literal for int() with base 10: 'None'
[2024-07-03T22:50:56.910+0000] {logging_mixin.py:188} INFO - Error al realizar la solicitud a la API: 401 Client Error: Unauthorized for url: https://api.apilayer.com/exchangerates_data/latest?symbols=EUR,USD,CNY&base=ARS
[2024-07-03T22:50:56.914+0000] {python.py:237} INFO - Done. Returned value was: None
[2024-07-03T22:50:56.917+0000] {taskinstance.py:441} INFO - ::group::Post task execution logs
[2024-07-03T22:50:56.939+0000] {taskinstance.py:1206} INFO - Marking task as SUCCESS. dag_id=exchange_rate_dag, task_id=run_script, run_id=scheduled__2024-02-28T00:00:00+00:00, execution_date=20240228T000000, start_date=20240703T225051, end_date=20240703T225056
[2024-07-03T22:50:56.992+0000] {local_task_job_runner.py:240} INFO - Task exited with return code 0
[2024-07-03T22:50:57.023+0000] {taskinstance.py:3503} INFO - 0 downstream tasks scheduled from follow-on schedule check
[2024-07-03T22:50:57.026+0000] {local_task_job_runner.py:222} INFO - ::endgroup::
