[2024-07-03T22:05:01.586+0000] {local_task_job_runner.py:120} INFO - ::group::Pre task execution logs
[2024-07-03T22:05:02.721+0000] {taskinstance.py:2076} INFO - Dependencies all met for dep_context=non-requeueable deps ti=<TaskInstance: exchange_rate_dag.run_script scheduled__2024-02-24T00:00:00+00:00 [queued]>
[2024-07-03T22:05:02.732+0000] {taskinstance.py:2076} INFO - Dependencies all met for dep_context=requeueable deps ti=<TaskInstance: exchange_rate_dag.run_script scheduled__2024-02-24T00:00:00+00:00 [queued]>
[2024-07-03T22:05:02.850+0000] {taskinstance.py:2306} INFO - Starting attempt 1 of 2
[2024-07-03T22:05:03.368+0000] {taskinstance.py:2330} INFO - Executing <Task(PythonOperator): run_script> on 2024-02-24 00:00:00+00:00
[2024-07-03T22:05:03.382+0000] {warnings.py:112} WARNING - /home/***/.local/lib/python3.12/site-packages/***/task/task_runner/standard_task_runner.py:61: DeprecationWarning: This process (pid=131) is multi-threaded, use of fork() may lead to deadlocks in the child.
  pid = os.fork()

[2024-07-03T22:05:03.385+0000] {standard_task_runner.py:63} INFO - Started process 150 to run task
[2024-07-03T22:05:03.385+0000] {standard_task_runner.py:90} INFO - Running: ['***', 'tasks', 'run', 'exchange_rate_dag', 'run_script', 'scheduled__2024-02-24T00:00:00+00:00', '--job-id', '103', '--raw', '--subdir', 'DAGS_FOLDER/my_dag.py', '--cfg-path', '/tmp/tmpiem1drd8']
[2024-07-03T22:05:03.387+0000] {standard_task_runner.py:91} INFO - Job 103: Subtask run_script
[2024-07-03T22:05:04.559+0000] {task_command.py:426} INFO - Running <TaskInstance: exchange_rate_dag.run_script scheduled__2024-02-24T00:00:00+00:00 [running]> on host bab0a72648e8
[2024-07-03T22:05:16.639+0000] {standard_task_runner.py:110} ERROR - Failed to execute job 103 for task run_script ((psycopg2.OperationalError) could not translate host name "postgres" to address: Temporary failure in name resolution

(Background on this error at: https://sqlalche.me/e/14/e3q8); 150)
[2024-07-03T22:05:19.670+0000] {local_task_job_runner.py:240} INFO - Task exited with return code 1
[2024-07-03T22:05:19.762+0000] {taskinstance.py:3503} INFO - 0 downstream tasks scheduled from follow-on schedule check
[2024-07-03T22:05:19.771+0000] {local_task_job_runner.py:222} INFO - ::endgroup::
[2024-07-03T22:50:35.883+0000] {local_task_job_runner.py:120} INFO - ::group::Pre task execution logs
[2024-07-03T22:50:36.075+0000] {taskinstance.py:2076} INFO - Dependencies all met for dep_context=non-requeueable deps ti=<TaskInstance: exchange_rate_dag.run_script scheduled__2024-02-24T00:00:00+00:00 [queued]>
[2024-07-03T22:50:36.126+0000] {taskinstance.py:2076} INFO - Dependencies all met for dep_context=requeueable deps ti=<TaskInstance: exchange_rate_dag.run_script scheduled__2024-02-24T00:00:00+00:00 [queued]>
[2024-07-03T22:50:36.129+0000] {taskinstance.py:2306} INFO - Starting attempt 1 of 2
[2024-07-03T22:50:36.312+0000] {taskinstance.py:2330} INFO - Executing <Task(PythonOperator): run_script> on 2024-02-24 00:00:00+00:00
[2024-07-03T22:50:36.412+0000] {warnings.py:112} WARNING - /home/***/.local/lib/python3.12/site-packages/***/task/task_runner/standard_task_runner.py:61: DeprecationWarning: This process (pid=161) is multi-threaded, use of fork() may lead to deadlocks in the child.
  pid = os.fork()

[2024-07-03T22:50:36.435+0000] {standard_task_runner.py:63} INFO - Started process 169 to run task
[2024-07-03T22:50:36.434+0000] {standard_task_runner.py:90} INFO - Running: ['***', 'tasks', 'run', 'exchange_rate_dag', 'run_script', 'scheduled__2024-02-24T00:00:00+00:00', '--job-id', '26', '--raw', '--subdir', 'DAGS_FOLDER/my_dag.py', '--cfg-path', '/tmp/tmpuwnz9tx1']
[2024-07-03T22:50:36.449+0000] {standard_task_runner.py:91} INFO - Job 26: Subtask run_script
[2024-07-03T22:50:36.838+0000] {task_command.py:426} INFO - Running <TaskInstance: exchange_rate_dag.run_script scheduled__2024-02-24T00:00:00+00:00 [running]> on host 0b7358cba041
[2024-07-03T22:50:37.598+0000] {taskinstance.py:2648} INFO - Exporting env vars: AIRFLOW_CTX_DAG_OWNER='juan_ml' AIRFLOW_CTX_DAG_ID='exchange_rate_dag' AIRFLOW_CTX_TASK_ID='run_script' AIRFLOW_CTX_EXECUTION_DATE='2024-02-24T00:00:00+00:00' AIRFLOW_CTX_TRY_NUMBER='1' AIRFLOW_CTX_DAG_RUN_ID='scheduled__2024-02-24T00:00:00+00:00'
[2024-07-03T22:50:37.616+0000] {taskinstance.py:430} INFO - ::endgroup::
[2024-07-03T22:50:37.623+0000] {logging_mixin.py:188} INFO - All credentials are set properly.
[2024-07-03T22:50:37.630+0000] {logging_mixin.py:188} INFO - Error al crear la tabla en Redshift: invalid literal for int() with base 10: 'None'
[2024-07-03T22:50:38.587+0000] {logging_mixin.py:188} INFO - Error al realizar la solicitud a la API: 401 Client Error: Unauthorized for url: https://api.apilayer.com/exchangerates_data/latest?symbols=EUR,USD,CNY&base=ARS
[2024-07-03T22:50:38.593+0000] {python.py:237} INFO - Done. Returned value was: None
[2024-07-03T22:50:38.604+0000] {taskinstance.py:441} INFO - ::group::Post task execution logs
[2024-07-03T22:50:38.650+0000] {taskinstance.py:1206} INFO - Marking task as SUCCESS. dag_id=exchange_rate_dag, task_id=run_script, run_id=scheduled__2024-02-24T00:00:00+00:00, execution_date=20240224T000000, start_date=20240703T225036, end_date=20240703T225038
[2024-07-03T22:50:38.926+0000] {local_task_job_runner.py:240} INFO - Task exited with return code 0
[2024-07-03T22:50:39.008+0000] {local_task_job_runner.py:222} INFO - ::endgroup::
