[2024-07-03T22:06:08.297+0000] {local_task_job_runner.py:120} INFO - ::group::Pre task execution logs
[2024-07-03T22:06:08.413+0000] {taskinstance.py:2076} INFO - Dependencies all met for dep_context=non-requeueable deps ti=<TaskInstance: exchange_rate_dag.run_script scheduled__2024-03-04T00:00:00+00:00 [queued]>
[2024-07-03T22:06:08.503+0000] {taskinstance.py:2076} INFO - Dependencies all met for dep_context=requeueable deps ti=<TaskInstance: exchange_rate_dag.run_script scheduled__2024-03-04T00:00:00+00:00 [queued]>
[2024-07-03T22:06:08.513+0000] {taskinstance.py:2306} INFO - Starting attempt 1 of 2
[2024-07-03T22:06:08.604+0000] {taskinstance.py:2330} INFO - Executing <Task(PythonOperator): run_script> on 2024-03-04 00:00:00+00:00
[2024-07-03T22:06:08.634+0000] {warnings.py:112} WARNING - /home/***/.local/lib/python3.12/site-packages/***/task/task_runner/standard_task_runner.py:61: DeprecationWarning: This process (pid=164) is multi-threaded, use of fork() may lead to deadlocks in the child.
  pid = os.fork()

[2024-07-03T22:06:08.649+0000] {standard_task_runner.py:63} INFO - Started process 181 to run task
[2024-07-03T22:06:08.647+0000] {standard_task_runner.py:90} INFO - Running: ['***', 'tasks', 'run', 'exchange_rate_dag', 'run_script', 'scheduled__2024-03-04T00:00:00+00:00', '--job-id', '108', '--raw', '--subdir', 'DAGS_FOLDER/my_dag.py', '--cfg-path', '/tmp/tmpbdf_snnq']
[2024-07-03T22:06:08.653+0000] {standard_task_runner.py:91} INFO - Job 108: Subtask run_script
[2024-07-03T22:06:08.972+0000] {task_command.py:426} INFO - Running <TaskInstance: exchange_rate_dag.run_script scheduled__2024-03-04T00:00:00+00:00 [running]> on host bab0a72648e8
[2024-07-03T22:06:09.460+0000] {taskinstance.py:2648} INFO - Exporting env vars: AIRFLOW_CTX_DAG_OWNER='juan_ml' AIRFLOW_CTX_DAG_ID='exchange_rate_dag' AIRFLOW_CTX_TASK_ID='run_script' AIRFLOW_CTX_EXECUTION_DATE='2024-03-04T00:00:00+00:00' AIRFLOW_CTX_TRY_NUMBER='1' AIRFLOW_CTX_DAG_RUN_ID='scheduled__2024-03-04T00:00:00+00:00'
[2024-07-03T22:06:09.469+0000] {taskinstance.py:430} INFO - ::endgroup::
[2024-07-03T22:06:09.473+0000] {logging_mixin.py:188} INFO - All credentials are set properly.
[2024-07-03T22:06:09.477+0000] {logging_mixin.py:188} INFO - Error al crear la tabla en Redshift: invalid literal for int() with base 10: 'None'
[2024-07-03T22:06:10.630+0000] {logging_mixin.py:188} INFO - Error al realizar la solicitud a la API: 401 Client Error: Unauthorized for url: https://api.apilayer.com/exchangerates_data/latest?symbols=EUR,USD,CNY&base=ARS
[2024-07-03T22:06:10.649+0000] {python.py:237} INFO - Done. Returned value was: None
[2024-07-03T22:06:10.656+0000] {taskinstance.py:441} INFO - ::group::Post task execution logs
[2024-07-03T22:06:10.715+0000] {taskinstance.py:1206} INFO - Marking task as SUCCESS. dag_id=exchange_rate_dag, task_id=run_script, run_id=scheduled__2024-03-04T00:00:00+00:00, execution_date=20240304T000000, start_date=20240703T220608, end_date=20240703T220610
[2024-07-03T22:06:11.173+0000] {local_task_job_runner.py:240} INFO - Task exited with return code 0
[2024-07-03T22:06:11.219+0000] {taskinstance.py:3503} INFO - 0 downstream tasks scheduled from follow-on schedule check
[2024-07-03T22:06:11.281+0000] {local_task_job_runner.py:222} INFO - ::endgroup::
[2024-07-04T01:39:19.931+0000] {local_task_job_runner.py:120} INFO - ::group::Pre task execution logs
[2024-07-04T01:39:19.969+0000] {taskinstance.py:2076} INFO - Dependencies all met for dep_context=non-requeueable deps ti=<TaskInstance: exchange_rate_dag.run_script scheduled__2024-03-04T00:00:00+00:00 [queued]>
[2024-07-04T01:39:19.981+0000] {taskinstance.py:2076} INFO - Dependencies all met for dep_context=requeueable deps ti=<TaskInstance: exchange_rate_dag.run_script scheduled__2024-03-04T00:00:00+00:00 [queued]>
[2024-07-04T01:39:19.982+0000] {taskinstance.py:2306} INFO - Starting attempt 1 of 2
[2024-07-04T01:39:20.005+0000] {taskinstance.py:2330} INFO - Executing <Task(PythonOperator): run_script> on 2024-03-04 00:00:00+00:00
[2024-07-04T01:39:20.018+0000] {warnings.py:112} WARNING - /home/***/.local/lib/python3.12/site-packages/***/task/task_runner/standard_task_runner.py:61: DeprecationWarning: This process (pid=410) is multi-threaded, use of fork() may lead to deadlocks in the child.
  pid = os.fork()

[2024-07-04T01:39:20.020+0000] {standard_task_runner.py:63} INFO - Started process 412 to run task
[2024-07-04T01:39:20.020+0000] {standard_task_runner.py:90} INFO - Running: ['***', 'tasks', 'run', 'exchange_rate_dag', 'run_script', 'scheduled__2024-03-04T00:00:00+00:00', '--job-id', '34', '--raw', '--subdir', 'DAGS_FOLDER/my_dag.py', '--cfg-path', '/tmp/tmpeot09irj']
[2024-07-04T01:39:20.022+0000] {standard_task_runner.py:91} INFO - Job 34: Subtask run_script
[2024-07-04T01:39:20.094+0000] {task_command.py:426} INFO - Running <TaskInstance: exchange_rate_dag.run_script scheduled__2024-03-04T00:00:00+00:00 [running]> on host e26a552f405a
[2024-07-04T01:39:20.231+0000] {taskinstance.py:2648} INFO - Exporting env vars: AIRFLOW_CTX_DAG_OWNER='juan_ml' AIRFLOW_CTX_DAG_ID='exchange_rate_dag' AIRFLOW_CTX_TASK_ID='run_script' AIRFLOW_CTX_EXECUTION_DATE='2024-03-04T00:00:00+00:00' AIRFLOW_CTX_TRY_NUMBER='1' AIRFLOW_CTX_DAG_RUN_ID='scheduled__2024-03-04T00:00:00+00:00'
[2024-07-04T01:39:20.233+0000] {taskinstance.py:430} INFO - ::endgroup::
[2024-07-04T01:39:20.235+0000] {logging_mixin.py:188} INFO - All credentials are set properly.
[2024-07-04T01:39:20.236+0000] {logging_mixin.py:188} INFO - Error al crear la tabla en Redshift: invalid literal for int() with base 10: 'None'
[2024-07-04T01:39:20.962+0000] {logging_mixin.py:188} INFO - Error al realizar la solicitud a la API: 401 Client Error: Unauthorized for url: https://api.apilayer.com/exchangerates_data/latest?symbols=EUR,USD,CNY&base=ARS
[2024-07-04T01:39:20.965+0000] {python.py:237} INFO - Done. Returned value was: None
[2024-07-04T01:39:20.967+0000] {taskinstance.py:441} INFO - ::group::Post task execution logs
[2024-07-04T01:39:20.983+0000] {taskinstance.py:1206} INFO - Marking task as SUCCESS. dag_id=exchange_rate_dag, task_id=run_script, run_id=scheduled__2024-03-04T00:00:00+00:00, execution_date=20240304T000000, start_date=20240704T013919, end_date=20240704T013920
[2024-07-04T01:39:21.040+0000] {local_task_job_runner.py:240} INFO - Task exited with return code 0
[2024-07-04T01:39:21.066+0000] {taskinstance.py:3503} INFO - 0 downstream tasks scheduled from follow-on schedule check
[2024-07-04T01:39:21.069+0000] {local_task_job_runner.py:222} INFO - ::endgroup::
