[2024-07-03T22:48:22.915+0000] {local_task_job_runner.py:120} INFO - ::group::Pre task execution logs
[2024-07-03T22:48:23.044+0000] {taskinstance.py:2076} INFO - Dependencies all met for dep_context=non-requeueable deps ti=<TaskInstance: exchange_rate_dag.run_script scheduled__2024-02-13T00:00:00+00:00 [queued]>
[2024-07-03T22:48:23.133+0000] {taskinstance.py:2076} INFO - Dependencies all met for dep_context=requeueable deps ti=<TaskInstance: exchange_rate_dag.run_script scheduled__2024-02-13T00:00:00+00:00 [queued]>
[2024-07-03T22:48:23.135+0000] {taskinstance.py:2306} INFO - Starting attempt 1 of 2
[2024-07-03T22:48:23.209+0000] {taskinstance.py:2330} INFO - Executing <Task(PythonOperator): run_script> on 2024-02-13 00:00:00+00:00
[2024-07-03T22:48:23.259+0000] {warnings.py:112} WARNING - /home/***/.local/lib/python3.12/site-packages/***/task/task_runner/standard_task_runner.py:61: DeprecationWarning: This process (pid=117) is multi-threaded, use of fork() may lead to deadlocks in the child.
  pid = os.fork()

[2024-07-03T22:48:23.260+0000] {standard_task_runner.py:90} INFO - Running: ['***', 'tasks', 'run', 'exchange_rate_dag', 'run_script', 'scheduled__2024-02-13T00:00:00+00:00', '--job-id', '17', '--raw', '--subdir', 'DAGS_FOLDER/my_dag.py', '--cfg-path', '/tmp/tmpmpr_a2o0']
[2024-07-03T22:48:23.265+0000] {standard_task_runner.py:63} INFO - Started process 130 to run task
[2024-07-03T22:48:23.266+0000] {standard_task_runner.py:91} INFO - Job 17: Subtask run_script
[2024-07-03T22:48:23.520+0000] {task_command.py:426} INFO - Running <TaskInstance: exchange_rate_dag.run_script scheduled__2024-02-13T00:00:00+00:00 [running]> on host 0b7358cba041
[2024-07-03T22:48:23.857+0000] {taskinstance.py:2648} INFO - Exporting env vars: AIRFLOW_CTX_DAG_OWNER='juan_ml' AIRFLOW_CTX_DAG_ID='exchange_rate_dag' AIRFLOW_CTX_TASK_ID='run_script' AIRFLOW_CTX_EXECUTION_DATE='2024-02-13T00:00:00+00:00' AIRFLOW_CTX_TRY_NUMBER='1' AIRFLOW_CTX_DAG_RUN_ID='scheduled__2024-02-13T00:00:00+00:00'
[2024-07-03T22:48:23.864+0000] {taskinstance.py:430} INFO - ::endgroup::
[2024-07-03T22:48:23.868+0000] {logging_mixin.py:188} INFO - All credentials are set properly.
[2024-07-03T22:48:23.872+0000] {logging_mixin.py:188} INFO - Error al crear la tabla en Redshift: invalid literal for int() with base 10: 'None'
[2024-07-03T22:48:24.548+0000] {logging_mixin.py:188} INFO - Error al realizar la solicitud a la API: 401 Client Error: Unauthorized for url: https://api.apilayer.com/exchangerates_data/latest?symbols=EUR,USD,CNY&base=ARS
[2024-07-03T22:48:24.555+0000] {python.py:237} INFO - Done. Returned value was: None
[2024-07-03T22:48:24.562+0000] {taskinstance.py:441} INFO - ::group::Post task execution logs
[2024-07-03T22:48:24.601+0000] {taskinstance.py:1206} INFO - Marking task as SUCCESS. dag_id=exchange_rate_dag, task_id=run_script, run_id=scheduled__2024-02-13T00:00:00+00:00, execution_date=20240213T000000, start_date=20240703T224823, end_date=20240703T224824
[2024-07-03T22:48:24.713+0000] {local_task_job_runner.py:240} INFO - Task exited with return code 0
[2024-07-03T22:48:24.794+0000] {taskinstance.py:3503} INFO - 0 downstream tasks scheduled from follow-on schedule check
[2024-07-03T22:48:24.817+0000] {local_task_job_runner.py:222} INFO - ::endgroup::
[2024-07-04T01:36:46.035+0000] {local_task_job_runner.py:120} INFO - ::group::Pre task execution logs
[2024-07-04T01:36:46.400+0000] {taskinstance.py:2076} INFO - Dependencies all met for dep_context=non-requeueable deps ti=<TaskInstance: exchange_rate_dag.run_script scheduled__2024-02-13T00:00:00+00:00 [queued]>
[2024-07-04T01:36:46.418+0000] {taskinstance.py:2076} INFO - Dependencies all met for dep_context=requeueable deps ti=<TaskInstance: exchange_rate_dag.run_script scheduled__2024-02-13T00:00:00+00:00 [queued]>
[2024-07-04T01:36:46.419+0000] {taskinstance.py:2306} INFO - Starting attempt 1 of 2
[2024-07-04T01:36:49.418+0000] {taskinstance.py:2330} INFO - Executing <Task(PythonOperator): run_script> on 2024-02-13 00:00:00+00:00
[2024-07-04T01:36:49.712+0000] {warnings.py:112} WARNING - /home/***/.local/lib/python3.12/site-packages/***/task/task_runner/standard_task_runner.py:61: DeprecationWarning: This process (pid=322) is multi-threaded, use of fork() may lead to deadlocks in the child.
  pid = os.fork()

[2024-07-04T01:36:49.715+0000] {standard_task_runner.py:63} INFO - Started process 324 to run task
[2024-07-04T01:36:49.716+0000] {standard_task_runner.py:90} INFO - Running: ['***', 'tasks', 'run', 'exchange_rate_dag', 'run_script', 'scheduled__2024-02-13T00:00:00+00:00', '--job-id', '14', '--raw', '--subdir', 'DAGS_FOLDER/my_dag.py', '--cfg-path', '/tmp/tmpswj7ac00']
[2024-07-04T01:36:49.718+0000] {standard_task_runner.py:91} INFO - Job 14: Subtask run_script
[2024-07-04T01:36:51.606+0000] {task_command.py:426} INFO - Running <TaskInstance: exchange_rate_dag.run_script scheduled__2024-02-13T00:00:00+00:00 [running]> on host e26a552f405a
[2024-07-04T01:36:52.101+0000] {taskinstance.py:2648} INFO - Exporting env vars: AIRFLOW_CTX_DAG_OWNER='juan_ml' AIRFLOW_CTX_DAG_ID='exchange_rate_dag' AIRFLOW_CTX_TASK_ID='run_script' AIRFLOW_CTX_EXECUTION_DATE='2024-02-13T00:00:00+00:00' AIRFLOW_CTX_TRY_NUMBER='1' AIRFLOW_CTX_DAG_RUN_ID='scheduled__2024-02-13T00:00:00+00:00'
[2024-07-04T01:36:52.108+0000] {taskinstance.py:430} INFO - ::endgroup::
[2024-07-04T01:36:52.110+0000] {logging_mixin.py:188} INFO - All credentials are set properly.
[2024-07-04T01:36:52.112+0000] {logging_mixin.py:188} INFO - Error al crear la tabla en Redshift: invalid literal for int() with base 10: 'None'
[2024-07-04T01:36:53.840+0000] {logging_mixin.py:188} INFO - Error al realizar la solicitud a la API: 401 Client Error: Unauthorized for url: https://api.apilayer.com/exchangerates_data/latest?symbols=EUR,USD,CNY&base=ARS
[2024-07-04T01:36:53.846+0000] {python.py:237} INFO - Done. Returned value was: None
[2024-07-04T01:36:53.851+0000] {taskinstance.py:441} INFO - ::group::Post task execution logs
[2024-07-04T01:36:53.876+0000] {taskinstance.py:1206} INFO - Marking task as SUCCESS. dag_id=exchange_rate_dag, task_id=run_script, run_id=scheduled__2024-02-13T00:00:00+00:00, execution_date=20240213T000000, start_date=20240704T013646, end_date=20240704T013653
[2024-07-04T01:36:53.970+0000] {local_task_job_runner.py:240} INFO - Task exited with return code 0
[2024-07-04T01:36:54.014+0000] {taskinstance.py:3503} INFO - 0 downstream tasks scheduled from follow-on schedule check
[2024-07-04T01:36:54.021+0000] {local_task_job_runner.py:222} INFO - ::endgroup::
