[2024-07-03T22:48:34.303+0000] {local_task_job_runner.py:120} INFO - ::group::Pre task execution logs
[2024-07-03T22:48:34.371+0000] {taskinstance.py:2076} INFO - Dependencies all met for dep_context=non-requeueable deps ti=<TaskInstance: exchange_rate_dag.run_script scheduled__2024-02-16T00:00:00+00:00 [queued]>
[2024-07-03T22:48:34.396+0000] {taskinstance.py:2076} INFO - Dependencies all met for dep_context=requeueable deps ti=<TaskInstance: exchange_rate_dag.run_script scheduled__2024-02-16T00:00:00+00:00 [queued]>
[2024-07-03T22:48:34.627+0000] {taskinstance.py:2306} INFO - Starting attempt 1 of 2
[2024-07-03T22:48:34.772+0000] {taskinstance.py:2330} INFO - Executing <Task(PythonOperator): run_script> on 2024-02-16 00:00:00+00:00
[2024-07-03T22:48:34.791+0000] {warnings.py:112} WARNING - /home/***/.local/lib/python3.12/site-packages/***/task/task_runner/standard_task_runner.py:61: DeprecationWarning: This process (pid=122) is multi-threaded, use of fork() may lead to deadlocks in the child.
  pid = os.fork()

[2024-07-03T22:48:34.796+0000] {standard_task_runner.py:63} INFO - Started process 146 to run task
[2024-07-03T22:48:34.794+0000] {standard_task_runner.py:90} INFO - Running: ['***', 'tasks', 'run', 'exchange_rate_dag', 'run_script', 'scheduled__2024-02-16T00:00:00+00:00', '--job-id', '23', '--raw', '--subdir', 'DAGS_FOLDER/my_dag.py', '--cfg-path', '/tmp/tmpjarnf_kq']
[2024-07-03T22:48:34.797+0000] {standard_task_runner.py:91} INFO - Job 23: Subtask run_script
[2024-07-03T22:48:36.284+0000] {task_command.py:426} INFO - Running <TaskInstance: exchange_rate_dag.run_script scheduled__2024-02-16T00:00:00+00:00 [running]> on host 0b7358cba041
[2024-07-03T22:48:39.050+0000] {taskinstance.py:2648} INFO - Exporting env vars: AIRFLOW_CTX_DAG_OWNER='juan_ml' AIRFLOW_CTX_DAG_ID='exchange_rate_dag' AIRFLOW_CTX_TASK_ID='run_script' AIRFLOW_CTX_EXECUTION_DATE='2024-02-16T00:00:00+00:00' AIRFLOW_CTX_TRY_NUMBER='1' AIRFLOW_CTX_DAG_RUN_ID='scheduled__2024-02-16T00:00:00+00:00'
[2024-07-03T22:48:39.058+0000] {taskinstance.py:430} INFO - ::endgroup::
[2024-07-03T22:48:39.061+0000] {logging_mixin.py:188} INFO - All credentials are set properly.
[2024-07-03T22:48:39.066+0000] {logging_mixin.py:188} INFO - Error al crear la tabla en Redshift: invalid literal for int() with base 10: 'None'
[2024-07-03T22:48:50.390+0000] {logging_mixin.py:188} INFO - Error al realizar la solicitud a la API: HTTPSConnectionPool(host='api.apilayer.com', port=443): Max retries exceeded with url: /exchangerates_data/latest?symbols=EUR,USD,CNY&base=ARS (Caused by NameResolutionError("<urllib3.connection.HTTPSConnection object at 0x7f7c8e5520c0>: Failed to resolve 'api.apilayer.com' ([Errno -3] Temporary failure in name resolution)"))
[2024-07-03T22:48:50.473+0000] {python.py:237} INFO - Done. Returned value was: None
[2024-07-03T22:48:50.475+0000] {taskinstance.py:441} INFO - ::group::Post task execution logs
[2024-07-03T22:49:33.509+0000] {taskinstance.py:1206} INFO - Marking task as SUCCESS. dag_id=exchange_rate_dag, task_id=run_script, run_id=scheduled__2024-02-16T00:00:00+00:00, execution_date=20240216T000000, start_date=20240703T224834, end_date=20240703T224933
[2024-07-03T22:49:34.003+0000] {local_task_job_runner.py:240} INFO - Task exited with return code 0
[2024-07-03T22:49:34.301+0000] {taskinstance.py:3503} INFO - 0 downstream tasks scheduled from follow-on schedule check
[2024-07-03T22:49:34.319+0000] {local_task_job_runner.py:222} INFO - ::endgroup::
[2024-07-04T01:37:32.758+0000] {local_task_job_runner.py:120} INFO - ::group::Pre task execution logs
[2024-07-04T01:37:32.792+0000] {taskinstance.py:2076} INFO - Dependencies all met for dep_context=non-requeueable deps ti=<TaskInstance: exchange_rate_dag.run_script scheduled__2024-02-16T00:00:00+00:00 [queued]>
[2024-07-04T01:37:32.804+0000] {taskinstance.py:2076} INFO - Dependencies all met for dep_context=requeueable deps ti=<TaskInstance: exchange_rate_dag.run_script scheduled__2024-02-16T00:00:00+00:00 [queued]>
[2024-07-04T01:37:32.805+0000] {taskinstance.py:2306} INFO - Starting attempt 1 of 2
[2024-07-04T01:37:33.039+0000] {taskinstance.py:2330} INFO - Executing <Task(PythonOperator): run_script> on 2024-02-16 00:00:00+00:00
[2024-07-04T01:37:33.051+0000] {warnings.py:112} WARNING - /home/***/.local/lib/python3.12/site-packages/***/task/task_runner/standard_task_runner.py:61: DeprecationWarning: This process (pid=338) is multi-threaded, use of fork() may lead to deadlocks in the child.
  pid = os.fork()

[2024-07-04T01:37:33.054+0000] {standard_task_runner.py:63} INFO - Started process 340 to run task
[2024-07-04T01:37:33.054+0000] {standard_task_runner.py:90} INFO - Running: ['***', 'tasks', 'run', 'exchange_rate_dag', 'run_script', 'scheduled__2024-02-16T00:00:00+00:00', '--job-id', '17', '--raw', '--subdir', 'DAGS_FOLDER/my_dag.py', '--cfg-path', '/tmp/tmp0gfwd_op']
[2024-07-04T01:37:33.056+0000] {standard_task_runner.py:91} INFO - Job 17: Subtask run_script
[2024-07-04T01:37:33.812+0000] {task_command.py:426} INFO - Running <TaskInstance: exchange_rate_dag.run_script scheduled__2024-02-16T00:00:00+00:00 [running]> on host e26a552f405a
[2024-07-04T01:37:34.107+0000] {taskinstance.py:2648} INFO - Exporting env vars: AIRFLOW_CTX_DAG_OWNER='juan_ml' AIRFLOW_CTX_DAG_ID='exchange_rate_dag' AIRFLOW_CTX_TASK_ID='run_script' AIRFLOW_CTX_EXECUTION_DATE='2024-02-16T00:00:00+00:00' AIRFLOW_CTX_TRY_NUMBER='1' AIRFLOW_CTX_DAG_RUN_ID='scheduled__2024-02-16T00:00:00+00:00'
[2024-07-04T01:37:34.110+0000] {taskinstance.py:430} INFO - ::endgroup::
[2024-07-04T01:37:34.111+0000] {logging_mixin.py:188} INFO - All credentials are set properly.
[2024-07-04T01:37:34.112+0000] {logging_mixin.py:188} INFO - Error al crear la tabla en Redshift: invalid literal for int() with base 10: 'None'
[2024-07-04T01:37:35.137+0000] {logging_mixin.py:188} INFO - Error al realizar la solicitud a la API: 401 Client Error: Unauthorized for url: https://api.apilayer.com/exchangerates_data/latest?symbols=EUR,USD,CNY&base=ARS
[2024-07-04T01:37:35.141+0000] {python.py:237} INFO - Done. Returned value was: None
[2024-07-04T01:37:35.143+0000] {taskinstance.py:441} INFO - ::group::Post task execution logs
[2024-07-04T01:37:35.155+0000] {taskinstance.py:1206} INFO - Marking task as SUCCESS. dag_id=exchange_rate_dag, task_id=run_script, run_id=scheduled__2024-02-16T00:00:00+00:00, execution_date=20240216T000000, start_date=20240704T013732, end_date=20240704T013735
[2024-07-04T01:37:35.239+0000] {local_task_job_runner.py:240} INFO - Task exited with return code 0
[2024-07-04T01:37:35.263+0000] {taskinstance.py:3503} INFO - 0 downstream tasks scheduled from follow-on schedule check
[2024-07-04T01:37:35.301+0000] {local_task_job_runner.py:222} INFO - ::endgroup::
