[2024-07-04T00:00:14.285+0000] {processor.py:161} INFO - Started process (PID=5002) to work on /opt/airflow/dags/my_dag.py
[2024-07-04T00:00:14.295+0000] {processor.py:830} INFO - Processing file /opt/airflow/dags/my_dag.py for tasks to queue
[2024-07-04T00:00:14.302+0000] {logging_mixin.py:188} INFO - [2024-07-04T00:00:14.299+0000] {dagbag.py:545} INFO - Filling up the DagBag from /opt/airflow/dags/my_dag.py
[2024-07-04T00:00:29.341+0000] {processor.py:840} INFO - DAG(s) 'exchange_rate_dag' retrieved from /opt/airflow/dags/my_dag.py
[2024-07-04T00:00:29.911+0000] {logging_mixin.py:188} INFO - [2024-07-04T00:00:29.895+0000] {dag.py:3096} INFO - Sync 1 DAGs
[2024-07-04T00:00:30.667+0000] {logging_mixin.py:188} INFO - [2024-07-04T00:00:30.660+0000] {dag.py:3954} INFO - Setting next_dagrun for exchange_rate_dag to 2024-07-04 00:00:00+00:00, run_after=2024-07-05 00:00:00+00:00
[2024-07-04T00:00:30.863+0000] {processor.py:183} INFO - Processing /opt/airflow/dags/my_dag.py took 16.656 seconds
[2024-07-04T00:01:05.282+0000] {processor.py:161} INFO - Started process (PID=5059) to work on /opt/airflow/dags/my_dag.py
[2024-07-04T00:01:05.285+0000] {processor.py:830} INFO - Processing file /opt/airflow/dags/my_dag.py for tasks to queue
[2024-07-04T00:01:05.288+0000] {logging_mixin.py:188} INFO - [2024-07-04T00:01:05.287+0000] {dagbag.py:545} INFO - Filling up the DagBag from /opt/airflow/dags/my_dag.py
[2024-07-04T00:03:47.618+0000] {logging_mixin.py:188} INFO - [2024-07-04T00:01:51.847+0000] {timeout.py:68} ERROR - Process timed out, PID: 5059
[2024-07-04T00:13:45.918+0000] {processor.py:161} INFO - Started process (PID=55) to work on /opt/airflow/dags/my_dag.py
[2024-07-04T00:13:45.951+0000] {processor.py:830} INFO - Processing file /opt/airflow/dags/my_dag.py for tasks to queue
[2024-07-04T00:13:46.355+0000] {logging_mixin.py:188} INFO - [2024-07-04T00:13:46.344+0000] {dagbag.py:545} INFO - Filling up the DagBag from /opt/airflow/dags/my_dag.py
[2024-07-04T00:13:56.932+0000] {processor.py:840} INFO - DAG(s) 'exchange_rate_dag' retrieved from /opt/airflow/dags/my_dag.py
[2024-07-04T00:14:04.490+0000] {logging_mixin.py:188} INFO - [2024-07-04T00:14:04.479+0000] {dag.py:3096} INFO - Sync 1 DAGs
[2024-07-04T00:14:04.727+0000] {logging_mixin.py:188} INFO - [2024-07-04T00:14:04.725+0000] {dag.py:3954} INFO - Setting next_dagrun for exchange_rate_dag to 2024-07-04 00:00:00+00:00, run_after=2024-07-05 00:00:00+00:00
[2024-07-04T00:14:05.151+0000] {processor.py:183} INFO - Processing /opt/airflow/dags/my_dag.py took 19.387 seconds
[2024-07-04T00:15:07.834+0000] {processor.py:161} INFO - Started process (PID=126) to work on /opt/airflow/dags/my_dag.py
[2024-07-04T00:15:07.838+0000] {processor.py:830} INFO - Processing file /opt/airflow/dags/my_dag.py for tasks to queue
[2024-07-04T00:15:07.844+0000] {logging_mixin.py:188} INFO - [2024-07-04T00:15:07.843+0000] {dagbag.py:545} INFO - Filling up the DagBag from /opt/airflow/dags/my_dag.py
[2024-07-04T00:15:09.852+0000] {processor.py:840} INFO - DAG(s) 'exchange_rate_dag' retrieved from /opt/airflow/dags/my_dag.py
[2024-07-04T00:15:10.040+0000] {logging_mixin.py:188} INFO - [2024-07-04T00:15:10.035+0000] {dag.py:3096} INFO - Sync 1 DAGs
[2024-07-04T00:15:10.199+0000] {logging_mixin.py:188} INFO - [2024-07-04T00:15:10.192+0000] {dag.py:3954} INFO - Setting next_dagrun for exchange_rate_dag to 2024-07-04 00:00:00+00:00, run_after=2024-07-05 00:00:00+00:00
[2024-07-04T00:15:10.344+0000] {processor.py:183} INFO - Processing /opt/airflow/dags/my_dag.py took 2.576 seconds
[2024-07-04T00:15:40.692+0000] {processor.py:161} INFO - Started process (PID=185) to work on /opt/airflow/dags/my_dag.py
[2024-07-04T00:15:40.704+0000] {processor.py:830} INFO - Processing file /opt/airflow/dags/my_dag.py for tasks to queue
[2024-07-04T00:15:40.714+0000] {logging_mixin.py:188} INFO - [2024-07-04T00:15:40.713+0000] {dagbag.py:545} INFO - Filling up the DagBag from /opt/airflow/dags/my_dag.py
[2024-07-04T00:15:43.267+0000] {processor.py:840} INFO - DAG(s) 'exchange_rate_dag' retrieved from /opt/airflow/dags/my_dag.py
[2024-07-04T00:15:43.298+0000] {logging_mixin.py:188} INFO - [2024-07-04T00:15:43.297+0000] {dag.py:3096} INFO - Sync 1 DAGs
[2024-07-04T00:15:43.341+0000] {logging_mixin.py:188} INFO - [2024-07-04T00:15:43.341+0000] {dag.py:3954} INFO - Setting next_dagrun for exchange_rate_dag to 2024-07-04 00:00:00+00:00, run_after=2024-07-05 00:00:00+00:00
[2024-07-04T00:15:43.578+0000] {processor.py:183} INFO - Processing /opt/airflow/dags/my_dag.py took 2.923 seconds
[2024-07-04T00:16:20.759+0000] {processor.py:161} INFO - Started process (PID=245) to work on /opt/airflow/dags/my_dag.py
[2024-07-04T00:16:20.762+0000] {processor.py:830} INFO - Processing file /opt/airflow/dags/my_dag.py for tasks to queue
[2024-07-04T00:16:20.775+0000] {logging_mixin.py:188} INFO - [2024-07-04T00:16:20.774+0000] {dagbag.py:545} INFO - Filling up the DagBag from /opt/airflow/dags/my_dag.py
[2024-07-04T00:16:35.409+0000] {processor.py:840} INFO - DAG(s) 'exchange_rate_dag' retrieved from /opt/airflow/dags/my_dag.py
[2024-07-04T00:16:35.601+0000] {logging_mixin.py:188} INFO - [2024-07-04T00:16:35.599+0000] {dag.py:3096} INFO - Sync 1 DAGs
[2024-07-04T00:16:35.757+0000] {logging_mixin.py:188} INFO - [2024-07-04T00:16:35.757+0000] {dag.py:3954} INFO - Setting next_dagrun for exchange_rate_dag to 2024-07-04 00:00:00+00:00, run_after=2024-07-05 00:00:00+00:00
[2024-07-04T00:16:38.801+0000] {processor.py:183} INFO - Processing /opt/airflow/dags/my_dag.py took 18.056 seconds
[2024-07-04T00:17:11.620+0000] {processor.py:161} INFO - Started process (PID=303) to work on /opt/airflow/dags/my_dag.py
[2024-07-04T00:17:11.623+0000] {processor.py:830} INFO - Processing file /opt/airflow/dags/my_dag.py for tasks to queue
[2024-07-04T00:17:11.627+0000] {logging_mixin.py:188} INFO - [2024-07-04T00:17:11.626+0000] {dagbag.py:545} INFO - Filling up the DagBag from /opt/airflow/dags/my_dag.py
[2024-07-04T00:17:13.307+0000] {processor.py:840} INFO - DAG(s) 'exchange_rate_dag' retrieved from /opt/airflow/dags/my_dag.py
[2024-07-04T00:17:13.348+0000] {logging_mixin.py:188} INFO - [2024-07-04T00:17:13.346+0000] {dag.py:3096} INFO - Sync 1 DAGs
[2024-07-04T00:17:13.393+0000] {logging_mixin.py:188} INFO - [2024-07-04T00:17:13.393+0000] {dag.py:3954} INFO - Setting next_dagrun for exchange_rate_dag to 2024-07-04 00:00:00+00:00, run_after=2024-07-05 00:00:00+00:00
[2024-07-04T00:17:13.480+0000] {processor.py:183} INFO - Processing /opt/airflow/dags/my_dag.py took 1.872 seconds
[2024-07-04T00:17:48.605+0000] {processor.py:161} INFO - Started process (PID=355) to work on /opt/airflow/dags/my_dag.py
[2024-07-04T00:17:49.343+0000] {processor.py:830} INFO - Processing file /opt/airflow/dags/my_dag.py for tasks to queue
[2024-07-04T00:17:49.347+0000] {logging_mixin.py:188} INFO - [2024-07-04T00:17:49.347+0000] {dagbag.py:545} INFO - Filling up the DagBag from /opt/airflow/dags/my_dag.py
[2024-07-04T00:17:59.004+0000] {processor.py:840} INFO - DAG(s) 'exchange_rate_dag' retrieved from /opt/airflow/dags/my_dag.py
[2024-07-04T00:17:59.071+0000] {logging_mixin.py:188} INFO - [2024-07-04T00:17:59.070+0000] {dag.py:3096} INFO - Sync 1 DAGs
[2024-07-04T00:17:59.150+0000] {logging_mixin.py:188} INFO - [2024-07-04T00:17:59.149+0000] {dag.py:3954} INFO - Setting next_dagrun for exchange_rate_dag to 2024-07-04 00:00:00+00:00, run_after=2024-07-05 00:00:00+00:00
[2024-07-04T00:17:59.234+0000] {processor.py:183} INFO - Processing /opt/airflow/dags/my_dag.py took 10.641 seconds
[2024-07-04T00:18:30.284+0000] {processor.py:161} INFO - Started process (PID=421) to work on /opt/airflow/dags/my_dag.py
[2024-07-04T00:18:30.324+0000] {processor.py:830} INFO - Processing file /opt/airflow/dags/my_dag.py for tasks to queue
[2024-07-04T00:18:30.356+0000] {logging_mixin.py:188} INFO - [2024-07-04T00:18:30.355+0000] {dagbag.py:545} INFO - Filling up the DagBag from /opt/airflow/dags/my_dag.py
[2024-07-04T00:18:35.646+0000] {processor.py:840} INFO - DAG(s) 'exchange_rate_dag' retrieved from /opt/airflow/dags/my_dag.py
[2024-07-04T00:18:35.702+0000] {logging_mixin.py:188} INFO - [2024-07-04T00:18:35.699+0000] {dag.py:3096} INFO - Sync 1 DAGs
[2024-07-04T00:18:35.893+0000] {logging_mixin.py:188} INFO - [2024-07-04T00:18:35.891+0000] {dag.py:3954} INFO - Setting next_dagrun for exchange_rate_dag to 2024-07-04 00:00:00+00:00, run_after=2024-07-05 00:00:00+00:00
[2024-07-04T00:18:36.445+0000] {processor.py:183} INFO - Processing /opt/airflow/dags/my_dag.py took 6.275 seconds
[2024-07-04T00:19:08.333+0000] {processor.py:161} INFO - Started process (PID=480) to work on /opt/airflow/dags/my_dag.py
[2024-07-04T00:19:08.377+0000] {processor.py:830} INFO - Processing file /opt/airflow/dags/my_dag.py for tasks to queue
[2024-07-04T00:19:08.382+0000] {logging_mixin.py:188} INFO - [2024-07-04T00:19:08.380+0000] {dagbag.py:545} INFO - Filling up the DagBag from /opt/airflow/dags/my_dag.py
[2024-07-04T00:19:10.535+0000] {processor.py:840} INFO - DAG(s) 'exchange_rate_dag' retrieved from /opt/airflow/dags/my_dag.py
[2024-07-04T00:19:10.570+0000] {logging_mixin.py:188} INFO - [2024-07-04T00:19:10.570+0000] {dag.py:3096} INFO - Sync 1 DAGs
[2024-07-04T00:19:10.628+0000] {logging_mixin.py:188} INFO - [2024-07-04T00:19:10.628+0000] {dag.py:3954} INFO - Setting next_dagrun for exchange_rate_dag to 2024-07-04 00:00:00+00:00, run_after=2024-07-05 00:00:00+00:00
[2024-07-04T00:19:10.910+0000] {processor.py:183} INFO - Processing /opt/airflow/dags/my_dag.py took 2.594 seconds
[2024-07-04T00:53:36.183+0000] {processor.py:161} INFO - Started process (PID=49) to work on /opt/airflow/dags/my_dag.py
[2024-07-04T00:53:36.221+0000] {processor.py:830} INFO - Processing file /opt/airflow/dags/my_dag.py for tasks to queue
[2024-07-04T00:53:36.364+0000] {logging_mixin.py:188} INFO - [2024-07-04T00:53:36.336+0000] {dagbag.py:545} INFO - Filling up the DagBag from /opt/airflow/dags/my_dag.py
[2024-07-04T00:53:56.898+0000] {processor.py:840} INFO - DAG(s) 'exchange_rate_dag' retrieved from /opt/airflow/dags/my_dag.py
[2024-07-04T00:54:02.929+0000] {logging_mixin.py:188} INFO - [2024-07-04T00:54:02.928+0000] {override.py:1829} INFO - Created Permission View: can edit on DAG:exchange_rate_dag
[2024-07-04T00:54:02.964+0000] {logging_mixin.py:188} INFO - [2024-07-04T00:54:02.964+0000] {override.py:1829} INFO - Created Permission View: can delete on DAG:exchange_rate_dag
[2024-07-04T00:54:03.074+0000] {logging_mixin.py:188} INFO - [2024-07-04T00:54:03.073+0000] {override.py:1829} INFO - Created Permission View: can read on DAG:exchange_rate_dag
[2024-07-04T00:54:03.082+0000] {logging_mixin.py:188} INFO - [2024-07-04T00:54:03.078+0000] {dag.py:3096} INFO - Sync 1 DAGs
[2024-07-04T00:54:03.177+0000] {logging_mixin.py:188} INFO - [2024-07-04T00:54:03.175+0000] {dag.py:3118} INFO - Creating ORM DAG for exchange_rate_dag
[2024-07-04T00:54:03.257+0000] {logging_mixin.py:188} INFO - [2024-07-04T00:54:03.256+0000] {dag.py:3954} INFO - Setting next_dagrun for exchange_rate_dag to 2024-01-01 00:00:00+00:00, run_after=2024-01-02 00:00:00+00:00
[2024-07-04T00:54:03.362+0000] {processor.py:183} INFO - Processing /opt/airflow/dags/my_dag.py took 27.449 seconds
[2024-07-04T00:54:54.915+0000] {processor.py:161} INFO - Started process (PID=121) to work on /opt/airflow/dags/my_dag.py
[2024-07-04T00:54:54.918+0000] {processor.py:830} INFO - Processing file /opt/airflow/dags/my_dag.py for tasks to queue
[2024-07-04T00:54:54.923+0000] {logging_mixin.py:188} INFO - [2024-07-04T00:54:54.922+0000] {dagbag.py:545} INFO - Filling up the DagBag from /opt/airflow/dags/my_dag.py
[2024-07-04T00:54:58.161+0000] {processor.py:840} INFO - DAG(s) 'exchange_rate_dag' retrieved from /opt/airflow/dags/my_dag.py
[2024-07-04T00:54:58.209+0000] {logging_mixin.py:188} INFO - [2024-07-04T00:54:58.208+0000] {dag.py:3096} INFO - Sync 1 DAGs
[2024-07-04T00:54:58.253+0000] {logging_mixin.py:188} INFO - [2024-07-04T00:54:58.252+0000] {dag.py:3954} INFO - Setting next_dagrun for exchange_rate_dag to 2024-01-01 00:00:00+00:00, run_after=2024-01-02 00:00:00+00:00
[2024-07-04T00:54:58.303+0000] {processor.py:183} INFO - Processing /opt/airflow/dags/my_dag.py took 3.405 seconds
[2024-07-04T00:55:28.905+0000] {processor.py:161} INFO - Started process (PID=181) to work on /opt/airflow/dags/my_dag.py
[2024-07-04T00:55:28.909+0000] {processor.py:830} INFO - Processing file /opt/airflow/dags/my_dag.py for tasks to queue
[2024-07-04T00:55:28.952+0000] {logging_mixin.py:188} INFO - [2024-07-04T00:55:28.950+0000] {dagbag.py:545} INFO - Filling up the DagBag from /opt/airflow/dags/my_dag.py
[2024-07-04T00:55:30.892+0000] {processor.py:840} INFO - DAG(s) 'exchange_rate_dag' retrieved from /opt/airflow/dags/my_dag.py
[2024-07-04T00:55:31.017+0000] {logging_mixin.py:188} INFO - [2024-07-04T00:55:31.016+0000] {dag.py:3096} INFO - Sync 1 DAGs
[2024-07-04T00:55:31.122+0000] {logging_mixin.py:188} INFO - [2024-07-04T00:55:31.122+0000] {dag.py:3954} INFO - Setting next_dagrun for exchange_rate_dag to 2024-01-01 00:00:00+00:00, run_after=2024-01-02 00:00:00+00:00
[2024-07-04T00:55:31.191+0000] {processor.py:183} INFO - Processing /opt/airflow/dags/my_dag.py took 2.362 seconds
[2024-07-04T00:56:02.508+0000] {processor.py:161} INFO - Started process (PID=243) to work on /opt/airflow/dags/my_dag.py
[2024-07-04T00:56:02.511+0000] {processor.py:830} INFO - Processing file /opt/airflow/dags/my_dag.py for tasks to queue
[2024-07-04T00:56:02.518+0000] {logging_mixin.py:188} INFO - [2024-07-04T00:56:02.517+0000] {dagbag.py:545} INFO - Filling up the DagBag from /opt/airflow/dags/my_dag.py
[2024-07-04T00:56:03.720+0000] {processor.py:840} INFO - DAG(s) 'exchange_rate_dag' retrieved from /opt/airflow/dags/my_dag.py
[2024-07-04T00:56:03.763+0000] {logging_mixin.py:188} INFO - [2024-07-04T00:56:03.762+0000] {dag.py:3096} INFO - Sync 1 DAGs
[2024-07-04T00:56:03.810+0000] {logging_mixin.py:188} INFO - [2024-07-04T00:56:03.809+0000] {dag.py:3954} INFO - Setting next_dagrun for exchange_rate_dag to 2024-01-01 00:00:00+00:00, run_after=2024-01-02 00:00:00+00:00
[2024-07-04T00:56:03.860+0000] {processor.py:183} INFO - Processing /opt/airflow/dags/my_dag.py took 1.366 seconds
[2024-07-04T00:56:40.119+0000] {processor.py:161} INFO - Started process (PID=301) to work on /opt/airflow/dags/my_dag.py
[2024-07-04T00:56:40.122+0000] {processor.py:830} INFO - Processing file /opt/airflow/dags/my_dag.py for tasks to queue
[2024-07-04T00:56:40.126+0000] {logging_mixin.py:188} INFO - [2024-07-04T00:56:40.125+0000] {dagbag.py:545} INFO - Filling up the DagBag from /opt/airflow/dags/my_dag.py
[2024-07-04T00:56:42.438+0000] {processor.py:840} INFO - DAG(s) 'exchange_rate_dag' retrieved from /opt/airflow/dags/my_dag.py
[2024-07-04T00:56:42.472+0000] {logging_mixin.py:188} INFO - [2024-07-04T00:56:42.471+0000] {dag.py:3096} INFO - Sync 1 DAGs
[2024-07-04T00:56:42.506+0000] {logging_mixin.py:188} INFO - [2024-07-04T00:56:42.505+0000] {dag.py:3954} INFO - Setting next_dagrun for exchange_rate_dag to 2024-01-01 00:00:00+00:00, run_after=2024-01-02 00:00:00+00:00
[2024-07-04T00:56:42.550+0000] {processor.py:183} INFO - Processing /opt/airflow/dags/my_dag.py took 2.447 seconds
[2024-07-04T00:57:12.666+0000] {processor.py:161} INFO - Started process (PID=362) to work on /opt/airflow/dags/my_dag.py
[2024-07-04T00:57:12.669+0000] {processor.py:830} INFO - Processing file /opt/airflow/dags/my_dag.py for tasks to queue
[2024-07-04T00:57:12.674+0000] {logging_mixin.py:188} INFO - [2024-07-04T00:57:12.673+0000] {dagbag.py:545} INFO - Filling up the DagBag from /opt/airflow/dags/my_dag.py
[2024-07-04T00:57:16.556+0000] {processor.py:840} INFO - DAG(s) 'exchange_rate_dag' retrieved from /opt/airflow/dags/my_dag.py
[2024-07-04T00:57:16.813+0000] {logging_mixin.py:188} INFO - [2024-07-04T00:57:16.813+0000] {dag.py:3096} INFO - Sync 1 DAGs
[2024-07-04T00:57:16.839+0000] {logging_mixin.py:188} INFO - [2024-07-04T00:57:16.839+0000] {dag.py:3954} INFO - Setting next_dagrun for exchange_rate_dag to 2024-01-01 00:00:00+00:00, run_after=2024-01-02 00:00:00+00:00
[2024-07-04T00:57:17.143+0000] {processor.py:183} INFO - Processing /opt/airflow/dags/my_dag.py took 4.494 seconds
[2024-07-04T00:57:50.085+0000] {processor.py:161} INFO - Started process (PID=423) to work on /opt/airflow/dags/my_dag.py
[2024-07-04T00:57:50.654+0000] {processor.py:830} INFO - Processing file /opt/airflow/dags/my_dag.py for tasks to queue
[2024-07-04T00:57:50.966+0000] {logging_mixin.py:188} INFO - [2024-07-04T00:57:50.965+0000] {dagbag.py:545} INFO - Filling up the DagBag from /opt/airflow/dags/my_dag.py
[2024-07-04T00:58:07.565+0000] {processor.py:840} INFO - DAG(s) 'exchange_rate_dag' retrieved from /opt/airflow/dags/my_dag.py
[2024-07-04T00:58:07.635+0000] {logging_mixin.py:188} INFO - [2024-07-04T00:58:07.634+0000] {dag.py:3096} INFO - Sync 1 DAGs
[2024-07-04T00:58:07.754+0000] {logging_mixin.py:188} INFO - [2024-07-04T00:58:07.753+0000] {dag.py:3954} INFO - Setting next_dagrun for exchange_rate_dag to 2024-01-01 00:00:00+00:00, run_after=2024-01-02 00:00:00+00:00
[2024-07-04T00:58:07.824+0000] {processor.py:183} INFO - Processing /opt/airflow/dags/my_dag.py took 17.758 seconds
[2024-07-04T00:58:46.576+0000] {processor.py:161} INFO - Started process (PID=496) to work on /opt/airflow/dags/my_dag.py
[2024-07-04T00:58:46.584+0000] {processor.py:830} INFO - Processing file /opt/airflow/dags/my_dag.py for tasks to queue
[2024-07-04T00:58:46.609+0000] {logging_mixin.py:188} INFO - [2024-07-04T00:58:46.607+0000] {dagbag.py:545} INFO - Filling up the DagBag from /opt/airflow/dags/my_dag.py
[2024-07-04T00:59:06.722+0000] {processor.py:840} INFO - DAG(s) 'exchange_rate_dag' retrieved from /opt/airflow/dags/my_dag.py
[2024-07-04T00:59:06.837+0000] {logging_mixin.py:188} INFO - [2024-07-04T00:59:06.835+0000] {dag.py:3096} INFO - Sync 1 DAGs
[2024-07-04T00:59:06.956+0000] {logging_mixin.py:188} INFO - [2024-07-04T00:59:06.955+0000] {dag.py:3954} INFO - Setting next_dagrun for exchange_rate_dag to 2024-01-01 00:00:00+00:00, run_after=2024-01-02 00:00:00+00:00
[2024-07-04T00:59:07.061+0000] {processor.py:183} INFO - Processing /opt/airflow/dags/my_dag.py took 20.537 seconds
[2024-07-04T00:59:40.366+0000] {processor.py:161} INFO - Started process (PID=572) to work on /opt/airflow/dags/my_dag.py
[2024-07-04T00:59:40.457+0000] {processor.py:830} INFO - Processing file /opt/airflow/dags/my_dag.py for tasks to queue
[2024-07-04T00:59:40.467+0000] {logging_mixin.py:188} INFO - [2024-07-04T00:59:40.466+0000] {dagbag.py:545} INFO - Filling up the DagBag from /opt/airflow/dags/my_dag.py
[2024-07-04T00:59:45.233+0000] {processor.py:840} INFO - DAG(s) 'exchange_rate_dag' retrieved from /opt/airflow/dags/my_dag.py
[2024-07-04T00:59:45.459+0000] {logging_mixin.py:188} INFO - [2024-07-04T00:59:45.458+0000] {dag.py:3096} INFO - Sync 1 DAGs
[2024-07-04T00:59:45.904+0000] {logging_mixin.py:188} INFO - [2024-07-04T00:59:45.903+0000] {dag.py:3954} INFO - Setting next_dagrun for exchange_rate_dag to 2024-01-02 00:00:00+00:00, run_after=2024-01-03 00:00:00+00:00
[2024-07-04T00:59:46.097+0000] {processor.py:183} INFO - Processing /opt/airflow/dags/my_dag.py took 5.757 seconds
[2024-07-04T01:02:31.621+0000] {processor.py:161} INFO - Started process (PID=692) to work on /opt/airflow/dags/my_dag.py
[2024-07-04T01:02:31.625+0000] {processor.py:830} INFO - Processing file /opt/airflow/dags/my_dag.py for tasks to queue
[2024-07-04T01:02:31.629+0000] {logging_mixin.py:188} INFO - [2024-07-04T01:02:31.628+0000] {dagbag.py:545} INFO - Filling up the DagBag from /opt/airflow/dags/my_dag.py
