[2024-07-03T22:06:24.178+0000] {local_task_job_runner.py:120} INFO - ::group::Pre task execution logs
[2024-07-03T22:06:24.233+0000] {taskinstance.py:2076} INFO - Dependencies all met for dep_context=non-requeueable deps ti=<TaskInstance: exchange_rate_dag.run_script scheduled__2024-03-09T00:00:00+00:00 [queued]>
[2024-07-03T22:06:24.248+0000] {taskinstance.py:2076} INFO - Dependencies all met for dep_context=requeueable deps ti=<TaskInstance: exchange_rate_dag.run_script scheduled__2024-03-09T00:00:00+00:00 [queued]>
[2024-07-03T22:06:24.266+0000] {taskinstance.py:2306} INFO - Starting attempt 1 of 2
[2024-07-03T22:06:24.335+0000] {taskinstance.py:2330} INFO - Executing <Task(PythonOperator): run_script> on 2024-03-09 00:00:00+00:00
[2024-07-03T22:06:24.348+0000] {standard_task_runner.py:90} INFO - Running: ['***', 'tasks', 'run', 'exchange_rate_dag', 'run_script', 'scheduled__2024-03-09T00:00:00+00:00', '--job-id', '114', '--raw', '--subdir', 'DAGS_FOLDER/my_dag.py', '--cfg-path', '/tmp/tmpkxjrnbxw']
[2024-07-03T22:06:24.351+0000] {standard_task_runner.py:91} INFO - Job 114: Subtask run_script
[2024-07-03T22:06:24.409+0000] {warnings.py:112} WARNING - /home/***/.local/lib/python3.12/site-packages/***/task/task_runner/standard_task_runner.py:61: DeprecationWarning: This process (pid=185) is multi-threaded, use of fork() may lead to deadlocks in the child.
  pid = os.fork()

[2024-07-03T22:06:24.411+0000] {standard_task_runner.py:63} INFO - Started process 190 to run task
[2024-07-03T22:06:24.599+0000] {task_command.py:426} INFO - Running <TaskInstance: exchange_rate_dag.run_script scheduled__2024-03-09T00:00:00+00:00 [running]> on host bab0a72648e8
[2024-07-03T22:06:25.374+0000] {taskinstance.py:2648} INFO - Exporting env vars: AIRFLOW_CTX_DAG_OWNER='juan_ml' AIRFLOW_CTX_DAG_ID='exchange_rate_dag' AIRFLOW_CTX_TASK_ID='run_script' AIRFLOW_CTX_EXECUTION_DATE='2024-03-09T00:00:00+00:00' AIRFLOW_CTX_TRY_NUMBER='1' AIRFLOW_CTX_DAG_RUN_ID='scheduled__2024-03-09T00:00:00+00:00'
[2024-07-03T22:06:25.378+0000] {taskinstance.py:430} INFO - ::endgroup::
[2024-07-03T22:06:25.380+0000] {logging_mixin.py:188} INFO - All credentials are set properly.
[2024-07-03T22:06:25.382+0000] {logging_mixin.py:188} INFO - Error al crear la tabla en Redshift: invalid literal for int() with base 10: 'None'
[2024-07-03T22:06:27.337+0000] {logging_mixin.py:188} INFO - Error al realizar la solicitud a la API: 401 Client Error: Unauthorized for url: https://api.apilayer.com/exchangerates_data/latest?symbols=EUR,USD,CNY&base=ARS
[2024-07-03T22:06:27.340+0000] {python.py:237} INFO - Done. Returned value was: None
[2024-07-03T22:06:27.343+0000] {taskinstance.py:441} INFO - ::group::Post task execution logs
[2024-07-03T22:06:27.356+0000] {taskinstance.py:1206} INFO - Marking task as SUCCESS. dag_id=exchange_rate_dag, task_id=run_script, run_id=scheduled__2024-03-09T00:00:00+00:00, execution_date=20240309T000000, start_date=20240703T220624, end_date=20240703T220627
[2024-07-03T22:06:27.648+0000] {local_task_job_runner.py:240} INFO - Task exited with return code 0
[2024-07-03T22:06:27.676+0000] {taskinstance.py:3503} INFO - 0 downstream tasks scheduled from follow-on schedule check
[2024-07-03T22:06:27.810+0000] {local_task_job_runner.py:222} INFO - ::endgroup::
[2024-07-03T23:03:56.443+0000] {local_task_job_runner.py:120} INFO - ::group::Pre task execution logs
[2024-07-03T23:03:57.318+0000] {taskinstance.py:2076} INFO - Dependencies all met for dep_context=non-requeueable deps ti=<TaskInstance: exchange_rate_dag.run_script scheduled__2024-03-09T00:00:00+00:00 [queued]>
[2024-07-03T23:03:57.422+0000] {taskinstance.py:2076} INFO - Dependencies all met for dep_context=requeueable deps ti=<TaskInstance: exchange_rate_dag.run_script scheduled__2024-03-09T00:00:00+00:00 [queued]>
[2024-07-03T23:03:57.439+0000] {taskinstance.py:2306} INFO - Starting attempt 1 of 2
[2024-07-03T23:03:58.414+0000] {taskinstance.py:2330} INFO - Executing <Task(PythonOperator): run_script> on 2024-03-09 00:00:00+00:00
[2024-07-03T23:03:58.630+0000] {warnings.py:112} WARNING - /home/***/.local/lib/python3.12/site-packages/***/task/task_runner/standard_task_runner.py:61: DeprecationWarning: This process (pid=295) is multi-threaded, use of fork() may lead to deadlocks in the child.
  pid = os.fork()

[2024-07-03T23:03:58.927+0000] {standard_task_runner.py:63} INFO - Started process 323 to run task
[2024-07-03T23:03:59.277+0000] {standard_task_runner.py:90} INFO - Running: ['***', 'tasks', 'run', 'exchange_rate_dag', 'run_script', 'scheduled__2024-03-09T00:00:00+00:00', '--job-id', '44', '--raw', '--subdir', 'DAGS_FOLDER/my_dag.py', '--cfg-path', '/tmp/tmpbawi_77z']
[2024-07-03T23:03:59.295+0000] {standard_task_runner.py:91} INFO - Job 44: Subtask run_script
[2024-07-03T23:04:03.011+0000] {task_command.py:426} INFO - Running <TaskInstance: exchange_rate_dag.run_script scheduled__2024-03-09T00:00:00+00:00 [running]> on host 0b7358cba041
[2024-07-03T23:04:05.749+0000] {taskinstance.py:2648} INFO - Exporting env vars: AIRFLOW_CTX_DAG_OWNER='juan_ml' AIRFLOW_CTX_DAG_ID='exchange_rate_dag' AIRFLOW_CTX_TASK_ID='run_script' AIRFLOW_CTX_EXECUTION_DATE='2024-03-09T00:00:00+00:00' AIRFLOW_CTX_TRY_NUMBER='1' AIRFLOW_CTX_DAG_RUN_ID='scheduled__2024-03-09T00:00:00+00:00'
[2024-07-03T23:04:05.775+0000] {taskinstance.py:430} INFO - ::endgroup::
[2024-07-03T23:04:05.795+0000] {logging_mixin.py:188} INFO - All credentials are set properly.
[2024-07-03T23:04:05.818+0000] {logging_mixin.py:188} INFO - Error al crear la tabla en Redshift: invalid literal for int() with base 10: 'None'
[2024-07-03T23:04:07.893+0000] {logging_mixin.py:188} INFO - Error al realizar la solicitud a la API: 401 Client Error: Unauthorized for url: https://api.apilayer.com/exchangerates_data/latest?symbols=EUR,USD,CNY&base=ARS
[2024-07-03T23:04:07.912+0000] {python.py:237} INFO - Done. Returned value was: None
[2024-07-03T23:04:07.936+0000] {taskinstance.py:441} INFO - ::group::Post task execution logs
[2024-07-03T23:04:08.120+0000] {taskinstance.py:1206} INFO - Marking task as SUCCESS. dag_id=exchange_rate_dag, task_id=run_script, run_id=scheduled__2024-03-09T00:00:00+00:00, execution_date=20240309T000000, start_date=20240703T230357, end_date=20240703T230408
[2024-07-03T23:04:08.347+0000] {local_task_job_runner.py:240} INFO - Task exited with return code 0
[2024-07-03T23:04:08.386+0000] {local_task_job_runner.py:222} INFO - ::endgroup::
